[1.528s] Invoking command in '/home/alix.degironde/Public/tello-ros2/workspace/src/controller': DEBUGINFOD_URLS=https://debuginfod.ubuntu.com HISTTIMEFORMAT=%F %T PS1=(ven_IROS) \[\e]0;\u@\h: \w\a\]${debian_chroot:+($debian_chroot)}\[\033[01;32m\]\u@\h\[\033[00m\]:\[\033[01;34m\]\w\[\033[00m\]\$ PYTHONPATH=/home/alix.degironde/Public/tello-ros2/workspace/build/controller/prefix_override:/usr/lib/python3/dist-packages/colcon_core/task/python/colcon_distutils_commands:/home/alix.degironde/Public/tello-ros2/workspace/install/controller/lib/python3.12/site-packages:/home/alix.degironde/Public/tello-ros2/workspace/install/tello_msg/lib/python3.12/site-packages:/home/alix.degironde/Public/tello-ros2/workspace/build/tello:/home/alix.degironde/Public/tello-ros2/workspace/install/tello/lib/python3.12/site-packages:/home/alix.degironde/Public/tello-ros2/workspace/build/controller:/home/alix.degironde/Public/tello-ros2/workspace/install/controller/lib/python3.12/site-packages:/opt/ros/jazzy/lib/python3.12/site-packages VIRTUAL_ENV_PROMPT=(ven_IROS) /usr/bin/python3 -W ignore:setup.py install is deprecated -W ignore:easy_install command is deprecated setup.py egg_info --egg-base ../../build/controller build --build-base /home/alix.degironde/Public/tello-ros2/workspace/build/controller/build install --record /home/alix.degironde/Public/tello-ros2/workspace/build/controller/install.log --single-version-externally-managed install_data
[2.057s] running egg_info
[2.104s] writing ../../build/controller/controller.egg-info/PKG-INFO
[2.104s] writing dependency_links to ../../build/controller/controller.egg-info/dependency_links.txt
[2.104s] writing entry points to ../../build/controller/controller.egg-info/entry_points.txt
[2.105s] writing requirements to ../../build/controller/controller.egg-info/requires.txt
[2.105s] writing top-level names to ../../build/controller/controller.egg-info/top_level.txt
[2.200s] reading manifest file '../../build/controller/controller.egg-info/SOURCES.txt'
[2.200s] adding license file 'LICENSE'
[2.201s] writing manifest file '../../build/controller/controller.egg-info/SOURCES.txt'
[2.201s] running build
[2.202s] running build_py
[2.202s] copying controller/spielberg.py -> /home/alix.degironde/Public/tello-ros2/workspace/build/controller/build/lib/controller
[2.202s] running install
[2.210s] running install_lib
[2.258s] copying /home/alix.degironde/Public/tello-ros2/workspace/build/controller/build/lib/controller/spielberg.py -> /home/alix.degironde/Public/tello-ros2/workspace/install/controller/lib/python3.12/site-packages/controller
[2.259s] byte-compiling /home/alix.degironde/Public/tello-ros2/workspace/install/controller/lib/python3.12/site-packages/controller/spielberg.py to spielberg.cpython-312.pyc
[2.260s] running install_data
[2.261s] running install_egg_info
[2.309s] removing '/home/alix.degironde/Public/tello-ros2/workspace/install/controller/lib/python3.12/site-packages/controller-0.0.0-py3.12.egg-info' (and everything under it)
[2.310s] Copying ../../build/controller/controller.egg-info to /home/alix.degironde/Public/tello-ros2/workspace/install/controller/lib/python3.12/site-packages/controller-0.0.0-py3.12.egg-info
[2.311s] running install_scripts
[2.590s] Installing manual_control script to /home/alix.degironde/Public/tello-ros2/workspace/install/controller/lib/controller
[2.590s] Installing qr_code_follower script to /home/alix.degironde/Public/tello-ros2/workspace/install/controller/lib/controller
[2.591s] Installing qr_code_reader script to /home/alix.degironde/Public/tello-ros2/workspace/install/controller/lib/controller
[2.591s] Installing spielberg script to /home/alix.degironde/Public/tello-ros2/workspace/install/controller/lib/controller
[2.591s] Installing surveillance script to /home/alix.degironde/Public/tello-ros2/workspace/install/controller/lib/controller
[2.591s] Installing tello_behaviour script to /home/alix.degironde/Public/tello-ros2/workspace/install/controller/lib/controller
[2.591s] writing list of installed files to '/home/alix.degironde/Public/tello-ros2/workspace/build/controller/install.log'
[2.629s] Invoked command in '/home/alix.degironde/Public/tello-ros2/workspace/src/controller' returned '0': DEBUGINFOD_URLS=https://debuginfod.ubuntu.com HISTTIMEFORMAT=%F %T PS1=(ven_IROS) \[\e]0;\u@\h: \w\a\]${debian_chroot:+($debian_chroot)}\[\033[01;32m\]\u@\h\[\033[00m\]:\[\033[01;34m\]\w\[\033[00m\]\$ PYTHONPATH=/home/alix.degironde/Public/tello-ros2/workspace/build/controller/prefix_override:/usr/lib/python3/dist-packages/colcon_core/task/python/colcon_distutils_commands:/home/alix.degironde/Public/tello-ros2/workspace/install/controller/lib/python3.12/site-packages:/home/alix.degironde/Public/tello-ros2/workspace/install/tello_msg/lib/python3.12/site-packages:/home/alix.degironde/Public/tello-ros2/workspace/build/tello:/home/alix.degironde/Public/tello-ros2/workspace/install/tello/lib/python3.12/site-packages:/home/alix.degironde/Public/tello-ros2/workspace/build/controller:/home/alix.degironde/Public/tello-ros2/workspace/install/controller/lib/python3.12/site-packages:/opt/ros/jazzy/lib/python3.12/site-packages VIRTUAL_ENV_PROMPT=(ven_IROS) /usr/bin/python3 -W ignore:setup.py install is deprecated -W ignore:easy_install command is deprecated setup.py egg_info --egg-base ../../build/controller build --build-base /home/alix.degironde/Public/tello-ros2/workspace/build/controller/build install --record /home/alix.degironde/Public/tello-ros2/workspace/build/controller/install.log --single-version-externally-managed install_data
