running develop
Removing /home/alix.degironde/Public/tello-ros2/workspace/install/controller/lib/python3.12/site-packages/controller.egg-link (link to .)
running egg_info
writing ../../build/controller/controller.egg-info/PKG-INFO
writing dependency_links to ../../build/controller/controller.egg-info/dependency_links.txt
writing entry points to ../../build/controller/controller.egg-info/entry_points.txt
writing requirements to ../../build/controller/controller.egg-info/requires.txt
writing top-level names to ../../build/controller/controller.egg-info/top_level.txt
reading manifest file '../../build/controller/controller.egg-info/SOURCES.txt'
adding license file 'LICENSE'
writing manifest file '../../build/controller/controller.egg-info/SOURCES.txt'
running build
running build_py
running install
running install_lib
creating /home/alix.degironde/Public/tello-ros2/workspace/install/controller/lib/python3.12/site-packages/controller
copying /home/alix.degironde/Public/tello-ros2/workspace/build/controller/build/lib/controller/qr_code_follower.py -> /home/alix.degironde/Public/tello-ros2/workspace/install/controller/lib/python3.12/site-packages/controller
copying /home/alix.degironde/Public/tello-ros2/workspace/build/controller/build/lib/controller/spielberg_old.py -> /home/alix.degironde/Public/tello-ros2/workspace/install/controller/lib/python3.12/site-packages/controller
copying /home/alix.degironde/Public/tello-ros2/workspace/build/controller/build/lib/controller/qr_code_reader.py -> /home/alix.degironde/Public/tello-ros2/workspace/install/controller/lib/python3.12/site-packages/controller
copying /home/alix.degironde/Public/tello-ros2/workspace/build/controller/build/lib/controller/tello_behaviour.py -> /home/alix.degironde/Public/tello-ros2/workspace/install/controller/lib/python3.12/site-packages/controller
copying /home/alix.degironde/Public/tello-ros2/workspace/build/controller/build/lib/controller/surveillance.py -> /home/alix.degironde/Public/tello-ros2/workspace/install/controller/lib/python3.12/site-packages/controller
copying /home/alix.degironde/Public/tello-ros2/workspace/build/controller/build/lib/controller/__init__.py -> /home/alix.degironde/Public/tello-ros2/workspace/install/controller/lib/python3.12/site-packages/controller
copying /home/alix.degironde/Public/tello-ros2/workspace/build/controller/build/lib/controller/spielberg.py -> /home/alix.degironde/Public/tello-ros2/workspace/install/controller/lib/python3.12/site-packages/controller
copying /home/alix.degironde/Public/tello-ros2/workspace/build/controller/build/lib/controller/manual_control.py -> /home/alix.degironde/Public/tello-ros2/workspace/install/controller/lib/python3.12/site-packages/controller
byte-compiling /home/alix.degironde/Public/tello-ros2/workspace/install/controller/lib/python3.12/site-packages/controller/qr_code_follower.py to qr_code_follower.cpython-312.pyc
byte-compiling /home/alix.degironde/Public/tello-ros2/workspace/install/controller/lib/python3.12/site-packages/controller/spielberg_old.py to spielberg_old.cpython-312.pyc
byte-compiling /home/alix.degironde/Public/tello-ros2/workspace/install/controller/lib/python3.12/site-packages/controller/qr_code_reader.py to qr_code_reader.cpython-312.pyc
byte-compiling /home/alix.degironde/Public/tello-ros2/workspace/install/controller/lib/python3.12/site-packages/controller/tello_behaviour.py to tello_behaviour.cpython-312.pyc
byte-compiling /home/alix.degironde/Public/tello-ros2/workspace/install/controller/lib/python3.12/site-packages/controller/surveillance.py to surveillance.cpython-312.pyc
byte-compiling /home/alix.degironde/Public/tello-ros2/workspace/install/controller/lib/python3.12/site-packages/controller/__init__.py to __init__.cpython-312.pyc
byte-compiling /home/alix.degironde/Public/tello-ros2/workspace/install/controller/lib/python3.12/site-packages/controller/spielberg.py to spielberg.cpython-312.pyc
byte-compiling /home/alix.degironde/Public/tello-ros2/workspace/install/controller/lib/python3.12/site-packages/controller/manual_control.py to manual_control.cpython-312.pyc
running install_data
copying resource/controller -> /home/alix.degironde/Public/tello-ros2/workspace/install/controller/share/ament_index/resource_index/packages
copying package.xml -> /home/alix.degironde/Public/tello-ros2/workspace/install/controller/share/controller
running install_egg_info
Copying ../../build/controller/controller.egg-info to /home/alix.degironde/Public/tello-ros2/workspace/install/controller/lib/python3.12/site-packages/controller-0.0.0-py3.12.egg-info
running install_scripts
Installing manual_control script to /home/alix.degironde/Public/tello-ros2/workspace/install/controller/lib/controller
Installing qr_code_follower script to /home/alix.degironde/Public/tello-ros2/workspace/install/controller/lib/controller
Installing qr_code_reader script to /home/alix.degironde/Public/tello-ros2/workspace/install/controller/lib/controller
Installing spielberg script to /home/alix.degironde/Public/tello-ros2/workspace/install/controller/lib/controller
Installing surveillance script to /home/alix.degironde/Public/tello-ros2/workspace/install/controller/lib/controller
Installing tello_behaviour script to /home/alix.degironde/Public/tello-ros2/workspace/install/controller/lib/controller
writing list of installed files to '/home/alix.degironde/Public/tello-ros2/workspace/build/controller/install.log'
