-- Found OpenCV version 4.6.0
-- Found ament_cmake: 2.5.4 (/opt/ros/jazzy/share/ament_cmake/cmake)
-- Override CMake install command with custom implementation using symlinks instead of copying resources
-- Found rclcpp: 28.1.13 (/opt/ros/jazzy/share/rclcpp/cmake)
-- Found rosidl_generator_c: 4.6.6 (/opt/ros/jazzy/share/rosidl_generator_c/cmake)
-- Found rosidl_generator_cpp: 4.6.6 (/opt/ros/jazzy/share/rosidl_generator_cpp/cmake)
-- Using all available rosidl_typesupport_c: rosidl_typesupport_fastrtps_c;rosidl_typesupport_introspection_c
-- Using all available rosidl_typesupport_cpp: rosidl_typesupport_fastrtps_cpp;rosidl_typesupport_introspection_cpp
-- Found rmw_implementation_cmake: 7.3.2 (/opt/ros/jazzy/share/rmw_implementation_cmake/cmake)
-- Found rmw_cyclonedds_cpp: 2.2.3 (/opt/ros/jazzy/share/rmw_cyclonedds_cpp/cmake)
-- Using RMW implementation 'rmw_cyclonedds_cpp' as default
-- Found std_msgs: 5.3.6 (/opt/ros/jazzy/share/std_msgs/cmake)
-- Found geometry_msgs: 5.3.6 (/opt/ros/jazzy/share/geometry_msgs/cmake)
-- Configuring done (1.0s)
-- Generating done (0.0s)
-- Build files have been written to: /home/alix.degironde/Public/tello-ros2/workspace/build/tello_control
[100%] Built target tello_control
-- Install configuration: ""
-- Execute custom install script
-- Up-to-date symlink: /home/alix.degironde/Public/tello-ros2/workspace/install/tello_control/lib/tello_control/tello_control
-- Up-to-date symlink: /home/alix.degironde/Public/tello-ros2/workspace/install/tello_control/share/ament_index/resource_index/package_run_dependencies/tello_control
-- Up-to-date symlink: /home/alix.degironde/Public/tello-ros2/workspace/install/tello_control/share/ament_index/resource_index/parent_prefix_path/tello_control
-- Up-to-date symlink: /home/alix.degironde/Public/tello-ros2/workspace/install/tello_control/share/tello_control/environment/ament_prefix_path.sh
-- Up-to-date symlink: /home/alix.degironde/Public/tello-ros2/workspace/install/tello_control/share/tello_control/environment/ament_prefix_path.dsv
-- Up-to-date symlink: /home/alix.degironde/Public/tello-ros2/workspace/install/tello_control/share/tello_control/environment/path.sh
-- Up-to-date symlink: /home/alix.degironde/Public/tello-ros2/workspace/install/tello_control/share/tello_control/environment/path.dsv
-- Up-to-date symlink: /home/alix.degironde/Public/tello-ros2/workspace/install/tello_control/share/tello_control/local_setup.bash
-- Up-to-date symlink: /home/alix.degironde/Public/tello-ros2/workspace/install/tello_control/share/tello_control/local_setup.sh
-- Up-to-date symlink: /home/alix.degironde/Public/tello-ros2/workspace/install/tello_control/share/tello_control/local_setup.zsh
-- Up-to-date symlink: /home/alix.degironde/Public/tello-ros2/workspace/install/tello_control/share/tello_control/local_setup.dsv
-- Symlinking: /home/alix.degironde/Public/tello-ros2/workspace/install/tello_control/share/tello_control/package.dsv
-- Up-to-date symlink: /home/alix.degironde/Public/tello-ros2/workspace/install/tello_control/share/ament_index/resource_index/packages/tello_control
-- Up-to-date symlink: /home/alix.degironde/Public/tello-ros2/workspace/install/tello_control/share/tello_control/cmake/tello_controlConfig.cmake
-- Up-to-date symlink: /home/alix.degironde/Public/tello-ros2/workspace/install/tello_control/share/tello_control/cmake/tello_controlConfig-version.cmake
-- Up-to-date symlink: /home/alix.degironde/Public/tello-ros2/workspace/install/tello_control/share/tello_control/package.xml
