[2.575s] Invoking command in '/home/alix.degironde/Public/tello-ros2/workspace/src/controller': DEBUGINFOD_URLS=https://debuginfod.ubuntu.com HISTTIMEFORMAT=%F %T PS1=(ven_IROS) \[\e]0;\u@\h: \w\a\]${debian_chroot:+($debian_chroot)}\[\033[01;32m\]\u@\h\[\033[00m\]:\[\033[01;34m\]\w\[\033[00m\]\$ PYTHONPATH=/home/alix.degironde/Public/tello-ros2/workspace/build/controller/prefix_override:/usr/lib/python3/dist-packages/colcon_core/task/python/colcon_distutils_commands:/home/alix.degironde/Public/tello-ros2/workspace/install/controller/lib/python3.12/site-packages:${PYTHONPATH} VIRTUAL_ENV_PROMPT=(ven_IROS) /usr/bin/python3 -W ignore:setup.py install is deprecated -W ignore:easy_install command is deprecated setup.py egg_info --egg-base ../../build/controller build --build-base /home/alix.degironde/Public/tello-ros2/workspace/build/controller/build install --record /home/alix.degironde/Public/tello-ros2/workspace/build/controller/install.log --single-version-externally-managed install_data
[3.142s] running egg_info
[3.192s] writing ../../build/controller/controller.egg-info/PKG-INFO
[3.194s] writing dependency_links to ../../build/controller/controller.egg-info/dependency_links.txt
[3.194s] writing entry points to ../../build/controller/controller.egg-info/entry_points.txt
[3.194s] writing requirements to ../../build/controller/controller.egg-info/requires.txt
[3.194s] writing top-level names to ../../build/controller/controller.egg-info/top_level.txt
[3.295s] reading manifest file '../../build/controller/controller.egg-info/SOURCES.txt'
[3.295s] adding license file 'LICENSE'
[3.299s] writing manifest file '../../build/controller/controller.egg-info/SOURCES.txt'
[3.299s] running build
[3.299s] running build_py
[3.300s] copying controller/spielberg.py -> /home/alix.degironde/Public/tello-ros2/workspace/build/controller/build/lib/controller
[3.300s] running install
[3.305s] running install_lib
[3.354s] copying /home/alix.degironde/Public/tello-ros2/workspace/build/controller/build/lib/controller/spielberg.py -> /home/alix.degironde/Public/tello-ros2/workspace/install/controller/lib/python3.12/site-packages/controller
[3.354s] byte-compiling /home/alix.degironde/Public/tello-ros2/workspace/install/controller/lib/python3.12/site-packages/controller/spielberg.py to spielberg.cpython-312.pyc
[3.356s] running install_data
[3.356s] running install_egg_info
[3.404s] removing '/home/alix.degironde/Public/tello-ros2/workspace/install/controller/lib/python3.12/site-packages/controller-0.0.0-py3.12.egg-info' (and everything under it)
[3.405s] Copying ../../build/controller/controller.egg-info to /home/alix.degironde/Public/tello-ros2/workspace/install/controller/lib/python3.12/site-packages/controller-0.0.0-py3.12.egg-info
[3.406s] running install_scripts
[3.705s] Installing manual_control script to /home/alix.degironde/Public/tello-ros2/workspace/install/controller/lib/controller
[3.705s] Installing qr_code_follower script to /home/alix.degironde/Public/tello-ros2/workspace/install/controller/lib/controller
[3.705s] Installing qr_code_reader script to /home/alix.degironde/Public/tello-ros2/workspace/install/controller/lib/controller
[3.705s] Installing spielberg script to /home/alix.degironde/Public/tello-ros2/workspace/install/controller/lib/controller
[3.705s] Installing surveillance script to /home/alix.degironde/Public/tello-ros2/workspace/install/controller/lib/controller
[3.705s] Installing tello_behaviour script to /home/alix.degironde/Public/tello-ros2/workspace/install/controller/lib/controller
[3.709s] writing list of installed files to '/home/alix.degironde/Public/tello-ros2/workspace/build/controller/install.log'
[3.768s] Invoked command in '/home/alix.degironde/Public/tello-ros2/workspace/src/controller' returned '0': DEBUGINFOD_URLS=https://debuginfod.ubuntu.com HISTTIMEFORMAT=%F %T PS1=(ven_IROS) \[\e]0;\u@\h: \w\a\]${debian_chroot:+($debian_chroot)}\[\033[01;32m\]\u@\h\[\033[00m\]:\[\033[01;34m\]\w\[\033[00m\]\$ PYTHONPATH=/home/alix.degironde/Public/tello-ros2/workspace/build/controller/prefix_override:/usr/lib/python3/dist-packages/colcon_core/task/python/colcon_distutils_commands:/home/alix.degironde/Public/tello-ros2/workspace/install/controller/lib/python3.12/site-packages:${PYTHONPATH} VIRTUAL_ENV_PROMPT=(ven_IROS) /usr/bin/python3 -W ignore:setup.py install is deprecated -W ignore:easy_install command is deprecated setup.py egg_info --egg-base ../../build/controller build --build-base /home/alix.degironde/Public/tello-ros2/workspace/build/controller/build install --record /home/alix.degironde/Public/tello-ros2/workspace/build/controller/install.log --single-version-externally-managed install_data
