[1.817s] Invoking command in '/home/alix.degironde/Public/tello-ros2/workspace/build/controller': DEBUGINFOD_URLS=https://debuginfod.ubuntu.com HISTTIMEFORMAT=%F %T PYTHONPATH=/home/alix.degironde/Public/tello-ros2/workspace/build/controller/prefix_override:/usr/lib/python3/dist-packages/colcon_core/task/python/colcon_distutils_commands:/home/alix.degironde/Public/tello-ros2/workspace/install/controller/lib/python3.12/site-packages:/home/alix.degironde/Public/tello-ros2/workspace/install/tello_msg/lib/python3.12/site-packages:/home/alix.degironde/Public/tello-ros2/workspace/build/controller:/home/alix.degironde/Public/tello-ros2/workspace/install/tello/lib/python3.12/site-packages:/home/alix.degironde/Public/tello-ros2/workspace/install/controller/lib/python3.12/site-packages:/opt/ros/jazzy/lib/python3.12/site-packages VIRTUAL_ENV_PROMPT=(ven_IROS) /usr/bin/python3 -W ignore:setup.py install is deprecated -W ignore:easy_install command is deprecated setup.py develop --editable --build-directory /home/alix.degironde/Public/tello-ros2/workspace/build/controller/build --no-deps symlink_data
[2.525s] running develop
[3.046s] running egg_info
[3.096s] writing controller.egg-info/PKG-INFO
[3.096s] writing dependency_links to controller.egg-info/dependency_links.txt
[3.096s] writing entry points to controller.egg-info/entry_points.txt
[3.097s] writing requirements to controller.egg-info/requires.txt
[3.097s] writing top-level names to controller.egg-info/top_level.txt
[3.206s] reading manifest file 'controller.egg-info/SOURCES.txt'
[3.207s] writing manifest file 'controller.egg-info/SOURCES.txt'
[3.262s] running build_ext
[3.262s] Creating /home/alix.degironde/Public/tello-ros2/workspace/install/controller/lib/python3.12/site-packages/controller.egg-link (link to .)
[3.263s] Installing manual_control script to /home/alix.degironde/Public/tello-ros2/workspace/install/controller/lib/controller
[3.263s] Installing qr_code_follower script to /home/alix.degironde/Public/tello-ros2/workspace/install/controller/lib/controller
[3.263s] Installing qr_code_reader script to /home/alix.degironde/Public/tello-ros2/workspace/install/controller/lib/controller
[3.264s] Installing spielberg script to /home/alix.degironde/Public/tello-ros2/workspace/install/controller/lib/controller
[3.264s] Installing surveillance script to /home/alix.degironde/Public/tello-ros2/workspace/install/controller/lib/controller
[3.264s] Installing tello_behaviour script to /home/alix.degironde/Public/tello-ros2/workspace/install/controller/lib/controller
[3.264s] 
[3.264s] Installed /home/alix.degironde/Public/tello-ros2/workspace/build/controller
[3.265s] running symlink_data
[3.344s] Invoked command in '/home/alix.degironde/Public/tello-ros2/workspace/build/controller' returned '0': DEBUGINFOD_URLS=https://debuginfod.ubuntu.com HISTTIMEFORMAT=%F %T PYTHONPATH=/home/alix.degironde/Public/tello-ros2/workspace/build/controller/prefix_override:/usr/lib/python3/dist-packages/colcon_core/task/python/colcon_distutils_commands:/home/alix.degironde/Public/tello-ros2/workspace/install/controller/lib/python3.12/site-packages:/home/alix.degironde/Public/tello-ros2/workspace/install/tello_msg/lib/python3.12/site-packages:/home/alix.degironde/Public/tello-ros2/workspace/build/controller:/home/alix.degironde/Public/tello-ros2/workspace/install/tello/lib/python3.12/site-packages:/home/alix.degironde/Public/tello-ros2/workspace/install/controller/lib/python3.12/site-packages:/opt/ros/jazzy/lib/python3.12/site-packages VIRTUAL_ENV_PROMPT=(ven_IROS) /usr/bin/python3 -W ignore:setup.py install is deprecated -W ignore:easy_install command is deprecated setup.py develop --editable --build-directory /home/alix.degironde/Public/tello-ros2/workspace/build/controller/build --no-deps symlink_data
