running egg_info
writing ../../build/controller/controller.egg-info/PKG-INFO
writing dependency_links to ../../build/controller/controller.egg-info/dependency_links.txt
writing entry points to ../../build/controller/controller.egg-info/entry_points.txt
writing requirements to ../../build/controller/controller.egg-info/requires.txt
writing top-level names to ../../build/controller/controller.egg-info/top_level.txt
reading manifest file '../../build/controller/controller.egg-info/SOURCES.txt'
adding license file 'LICENSE'
writing manifest file '../../build/controller/controller.egg-info/SOURCES.txt'
running build
running build_py
copying controller/tello_behaviour.py -> /home/alix.degironde/Public/tello-ros2/workspace/build/controller/build/lib/controller
copying controller/spielberg.py -> /home/alix.degironde/Public/tello-ros2/workspace/build/controller/build/lib/controller
running install
running install_lib
copying /home/alix.degironde/Public/tello-ros2/workspace/build/controller/build/lib/controller/tello_behaviour.py -> /home/alix.degironde/Public/tello-ros2/workspace/install/controller/lib/python3.12/site-packages/controller
copying /home/alix.degironde/Public/tello-ros2/workspace/build/controller/build/lib/controller/spielberg.py -> /home/alix.degironde/Public/tello-ros2/workspace/install/controller/lib/python3.12/site-packages/controller
byte-compiling /home/alix.degironde/Public/tello-ros2/workspace/install/controller/lib/python3.12/site-packages/controller/tello_behaviour.py to tello_behaviour.cpython-312.pyc
byte-compiling /home/alix.degironde/Public/tello-ros2/workspace/install/controller/lib/python3.12/site-packages/controller/spielberg.py to spielberg.cpython-312.pyc
running install_data
running install_egg_info
removing '/home/alix.degironde/Public/tello-ros2/workspace/install/controller/lib/python3.12/site-packages/controller-0.0.0-py3.12.egg-info' (and everything under it)
Copying ../../build/controller/controller.egg-info to /home/alix.degironde/Public/tello-ros2/workspace/install/controller/lib/python3.12/site-packages/controller-0.0.0-py3.12.egg-info
running install_scripts
Installing manual_control script to /home/alix.degironde/Public/tello-ros2/workspace/install/controller/lib/controller
Installing qr_code_follower script to /home/alix.degironde/Public/tello-ros2/workspace/install/controller/lib/controller
Installing qr_code_reader script to /home/alix.degironde/Public/tello-ros2/workspace/install/controller/lib/controller
Installing spielberg script to /home/alix.degironde/Public/tello-ros2/workspace/install/controller/lib/controller
Installing surveillance script to /home/alix.degironde/Public/tello-ros2/workspace/install/controller/lib/controller
Installing tello_behaviour script to /home/alix.degironde/Public/tello-ros2/workspace/install/controller/lib/controller
writing list of installed files to '/home/alix.degironde/Public/tello-ros2/workspace/build/controller/install.log'
