running develop
running egg_info
writing controller.egg-info/PKG-INFO
writing dependency_links to controller.egg-info/dependency_links.txt
writing entry points to controller.egg-info/entry_points.txt
writing requirements to controller.egg-info/requires.txt
writing top-level names to controller.egg-info/top_level.txt
reading manifest file 'controller.egg-info/SOURCES.txt'
writing manifest file 'controller.egg-info/SOURCES.txt'
running build_ext
Creating /home/alix.degironde/Public/tello-ros2/workspace/install/controller/lib/python3.12/site-packages/controller.egg-link (link to .)
Installing manual_control script to /home/alix.degironde/Public/tello-ros2/workspace/install/controller/lib/controller
Installing qr_code_follower script to /home/alix.degironde/Public/tello-ros2/workspace/install/controller/lib/controller
Installing qr_code_reader script to /home/alix.degironde/Public/tello-ros2/workspace/install/controller/lib/controller
Installing spielberg script to /home/alix.degironde/Public/tello-ros2/workspace/install/controller/lib/controller
Installing surveillance script to /home/alix.degironde/Public/tello-ros2/workspace/install/controller/lib/controller
Installing tello_behaviour script to /home/alix.degironde/Public/tello-ros2/workspace/install/controller/lib/controller

Installed /home/alix.degironde/Public/tello-ros2/workspace/build/controller
running symlink_data
symbolically linking /home/alix.degironde/Public/tello-ros2/workspace/build/controller/resource/controller -> /home/alix.degironde/Public/tello-ros2/workspace/install/controller/share/ament_index/resource_index/packages
symbolically linking /home/alix.degironde/Public/tello-ros2/workspace/build/controller/package.xml -> /home/alix.degironde/Public/tello-ros2/workspace/install/controller/share/controller
