[1.528s] Invoking command in '/home/alix.degironde/Public/tello-ros2/workspace/build/controller': DEBUGINFOD_URLS=https://debuginfod.ubuntu.com HISTTIMEFORMAT=%F %T PS1=(ven_IROS) \[\e]0;\u@\h: \w\a\]${debian_chroot:+($debian_chroot)}\[\033[01;32m\]\u@\h\[\033[00m\]:\[\033[01;34m\]\w\[\033[00m\]\$ PYTHONPATH=/home/alix.degironde/Public/tello-ros2/workspace/build/controller/prefix_override:/usr/lib/python3/dist-packages/colcon_core/task/python/colcon_distutils_commands:/home/alix.degironde/Public/tello-ros2/workspace/install/controller/lib/python3.12/site-packages:/home/alix.degironde/Public/tello-ros2/workspace/install/tello_msg/lib/python3.12/site-packages:/home/alix.degironde/Public/tello-ros2/workspace/install/controller/lib/python3.12/site-packages:/opt/ros/jazzy/lib/python3.12/site-packages VIRTUAL_ENV_PROMPT=(ven_IROS) /usr/bin/python3 -W ignore:setup.py install is deprecated -W ignore:easy_install command is deprecated setup.py develop --editable --build-directory /home/alix.degironde/Public/tello-ros2/workspace/build/controller/build --no-deps symlink_data --force
[2.128s] running develop
[2.610s] running egg_info
[2.662s] writing controller.egg-info/PKG-INFO
[2.663s] writing dependency_links to controller.egg-info/dependency_links.txt
[2.663s] writing entry points to controller.egg-info/entry_points.txt
[2.663s] writing requirements to controller.egg-info/requires.txt
[2.663s] writing top-level names to controller.egg-info/top_level.txt
[2.767s] reading manifest file 'controller.egg-info/SOURCES.txt'
[2.768s] writing manifest file 'controller.egg-info/SOURCES.txt'
[2.818s] running build_ext
[2.818s] Creating /home/alix.degironde/Public/tello-ros2/workspace/install/controller/lib/python3.12/site-packages/controller.egg-link (link to .)
[2.819s] Installing manual_control script to /home/alix.degironde/Public/tello-ros2/workspace/install/controller/lib/controller
[2.819s] Installing qr_code_follower script to /home/alix.degironde/Public/tello-ros2/workspace/install/controller/lib/controller
[2.819s] Installing qr_code_reader script to /home/alix.degironde/Public/tello-ros2/workspace/install/controller/lib/controller
[2.820s] Installing spielberg script to /home/alix.degironde/Public/tello-ros2/workspace/install/controller/lib/controller
[2.820s] Installing surveillance script to /home/alix.degironde/Public/tello-ros2/workspace/install/controller/lib/controller
[2.820s] Installing tello_behaviour script to /home/alix.degironde/Public/tello-ros2/workspace/install/controller/lib/controller
[2.820s] 
[2.820s] Installed /home/alix.degironde/Public/tello-ros2/workspace/build/controller
[2.820s] running symlink_data
[2.821s] symbolically linking /home/alix.degironde/Public/tello-ros2/workspace/build/controller/resource/controller -> /home/alix.degironde/Public/tello-ros2/workspace/install/controller/share/ament_index/resource_index/packages
[2.821s] symbolically linking /home/alix.degironde/Public/tello-ros2/workspace/build/controller/package.xml -> /home/alix.degironde/Public/tello-ros2/workspace/install/controller/share/controller
[2.885s] Invoked command in '/home/alix.degironde/Public/tello-ros2/workspace/build/controller' returned '0': DEBUGINFOD_URLS=https://debuginfod.ubuntu.com HISTTIMEFORMAT=%F %T PS1=(ven_IROS) \[\e]0;\u@\h: \w\a\]${debian_chroot:+($debian_chroot)}\[\033[01;32m\]\u@\h\[\033[00m\]:\[\033[01;34m\]\w\[\033[00m\]\$ PYTHONPATH=/home/alix.degironde/Public/tello-ros2/workspace/build/controller/prefix_override:/usr/lib/python3/dist-packages/colcon_core/task/python/colcon_distutils_commands:/home/alix.degironde/Public/tello-ros2/workspace/install/controller/lib/python3.12/site-packages:/home/alix.degironde/Public/tello-ros2/workspace/install/tello_msg/lib/python3.12/site-packages:/home/alix.degironde/Public/tello-ros2/workspace/install/controller/lib/python3.12/site-packages:/opt/ros/jazzy/lib/python3.12/site-packages VIRTUAL_ENV_PROMPT=(ven_IROS) /usr/bin/python3 -W ignore:setup.py install is deprecated -W ignore:easy_install command is deprecated setup.py develop --editable --build-directory /home/alix.degironde/Public/tello-ros2/workspace/build/controller/build --no-deps symlink_data --force
