[0.415s] Invoking command in '/home/alix.degironde/Public/tello-ros2/workspace/build/tello_msg': CMAKE_PREFIX_PATH=${CMAKE_PREFIX_PATH}:/home/alix.degironde/Public/tello-ros2/workspace/install/tello:/home/alix.degironde/Public/tello-ros2/workspace/install/controller:/opt/ros/jazzy DEBUGINFOD_URLS=https://debuginfod.ubuntu.com HISTTIMEFORMAT=%F %T /usr/bin/cmake --build /home/alix.degironde/Public/tello-ros2/workspace/build/tello_msg -- -j4 -l4
[0.501s] [  1%] Built target tello_msg__rosidl_generator_type_description
[0.514s] [  1%] Built target ament_cmake_python_copy_tello_msg
[0.552s] [ 23%] Built target tello_msg__rosidl_generator_c
[0.562s] [ 25%] Built target tello_msg__cpp
[0.605s] [ 34%] Built target tello_msg__rosidl_typesupport_introspection_c
[0.627s] [ 43%] Built target tello_msg__rosidl_typesupport_fastrtps_c
[0.629s] [ 53%] Built target tello_msg__rosidl_typesupport_c
[0.648s] [ 62%] Built target tello_msg__rosidl_typesupport_fastrtps_cpp
[0.674s] [ 71%] Built target tello_msg__rosidl_typesupport_cpp
[0.679s] [ 81%] Built target tello_msg__rosidl_typesupport_introspection_cpp
[0.712s] [ 81%] Built target tello_msg
[0.742s] [ 82%] Built target tello_msg__py
[0.778s] [ 90%] Built target tello_msg__rosidl_generator_py
[0.822s] [ 93%] Built target tello_msg_s__rosidl_typesupport_fastrtps_c
[0.827s] [ 96%] Built target tello_msg_s__rosidl_typesupport_introspection_c
[0.827s] [100%] Built target tello_msg_s__rosidl_typesupport_c
[0.961s] running egg_info
[1.011s] writing tello_msg.egg-info/PKG-INFO
[1.012s] writing dependency_links to tello_msg.egg-info/dependency_links.txt
[1.012s] writing top-level names to tello_msg.egg-info/top_level.txt
[1.157s] reading manifest file 'tello_msg.egg-info/SOURCES.txt'
[1.158s] writing manifest file 'tello_msg.egg-info/SOURCES.txt'
[1.202s] [100%] Built target ament_cmake_python_build_tello_msg_egg
[1.220s] Invoked command in '/home/alix.degironde/Public/tello-ros2/workspace/build/tello_msg' returned '0': CMAKE_PREFIX_PATH=${CMAKE_PREFIX_PATH}:/home/alix.degironde/Public/tello-ros2/workspace/install/tello:/home/alix.degironde/Public/tello-ros2/workspace/install/controller:/opt/ros/jazzy DEBUGINFOD_URLS=https://debuginfod.ubuntu.com HISTTIMEFORMAT=%F %T /usr/bin/cmake --build /home/alix.degironde/Public/tello-ros2/workspace/build/tello_msg -- -j4 -l4
[1.222s] Invoking command in '/home/alix.degironde/Public/tello-ros2/workspace/build/tello_msg': CMAKE_PREFIX_PATH=${CMAKE_PREFIX_PATH}:/home/alix.degironde/Public/tello-ros2/workspace/install/tello:/home/alix.degironde/Public/tello-ros2/workspace/install/controller:/opt/ros/jazzy DEBUGINFOD_URLS=https://debuginfod.ubuntu.com HISTTIMEFORMAT=%F %T /usr/bin/cmake --install /home/alix.degironde/Public/tello-ros2/workspace/build/tello_msg
[1.233s] -- Install configuration: ""
[1.233s] -- Up-to-date: /home/alix.degironde/Public/tello-ros2/workspace/install/tello_msg/share/ament_index/resource_index/rosidl_interfaces/tello_msg
[1.236s] -- Up-to-date: /home/alix.degironde/Public/tello-ros2/workspace/install/tello_msg/share/tello_msg/msg/TelloStatus.json
[1.236s] -- Up-to-date: /home/alix.degironde/Public/tello-ros2/workspace/install/tello_msg/share/tello_msg/msg/TelloID.json
[1.236s] -- Up-to-date: /home/alix.degironde/Public/tello-ros2/workspace/install/tello_msg/share/tello_msg/msg/TelloWifiConfig.json
[1.236s] -- Up-to-date: /home/alix.degironde/Public/tello-ros2/workspace/install/tello_msg/share/tello_msg/srv/DroneMode.json
[1.236s] -- Up-to-date: /home/alix.degironde/Public/tello-ros2/workspace/install/tello_msg/include/tello_msg/tello_msg
[1.236s] -- Up-to-date: /home/alix.degironde/Public/tello-ros2/workspace/install/tello_msg/include/tello_msg/tello_msg/msg
[1.237s] -- Up-to-date: /home/alix.degironde/Public/tello-ros2/workspace/install/tello_msg/include/tello_msg/tello_msg/msg/rosidl_generator_c__visibility_control.h
[1.237s] -- Up-to-date: /home/alix.degironde/Public/tello-ros2/workspace/install/tello_msg/include/tello_msg/tello_msg/msg/detail
[1.237s] -- Up-to-date: /home/alix.degironde/Public/tello-ros2/workspace/install/tello_msg/include/tello_msg/tello_msg/msg/detail/tello_wifi_config__functions.c
[1.237s] -- Up-to-date: /home/alix.degironde/Public/tello-ros2/workspace/install/tello_msg/include/tello_msg/tello_msg/msg/detail/tello_status__struct.h
[1.237s] -- Up-to-date: /home/alix.degironde/Public/tello-ros2/workspace/install/tello_msg/include/tello_msg/tello_msg/msg/detail/tello_wifi_config__struct.h
[1.237s] -- Up-to-date: /home/alix.degironde/Public/tello-ros2/workspace/install/tello_msg/include/tello_msg/tello_msg/msg/detail/tello_wifi_config__description.c
[1.237s] -- Installing: /home/alix.degironde/Public/tello-ros2/workspace/install/tello_msg/include/tello_msg/tello_msg/msg/detail/tello_status__type_support.c
[1.238s] -- Installing: /home/alix.degironde/Public/tello-ros2/workspace/install/tello_msg/include/tello_msg/tello_msg/msg/detail/tello_wifi_config__type_support.c
[1.238s] -- Up-to-date: /home/alix.degironde/Public/tello-ros2/workspace/install/tello_msg/include/tello_msg/tello_msg/msg/detail/tello_status__functions.c
[1.238s] -- Up-to-date: /home/alix.degironde/Public/tello-ros2/workspace/install/tello_msg/include/tello_msg/tello_msg/msg/detail/tello_status__type_support.h
[1.238s] -- Up-to-date: /home/alix.degironde/Public/tello-ros2/workspace/install/tello_msg/include/tello_msg/tello_msg/msg/detail/tello_wifi_config__functions.h
[1.238s] -- Up-to-date: /home/alix.degironde/Public/tello-ros2/workspace/install/tello_msg/include/tello_msg/tello_msg/msg/detail/tello_id__struct.h
[1.238s] -- Up-to-date: /home/alix.degironde/Public/tello-ros2/workspace/install/tello_msg/include/tello_msg/tello_msg/msg/detail/tello_id__description.c
[1.238s] -- Up-to-date: /home/alix.degironde/Public/tello-ros2/workspace/install/tello_msg/include/tello_msg/tello_msg/msg/detail/tello_id__type_support.h
[1.238s] -- Up-to-date: /home/alix.degironde/Public/tello-ros2/workspace/install/tello_msg/include/tello_msg/tello_msg/msg/detail/tello_status__description.c
[1.238s] -- Up-to-date: /home/alix.degironde/Public/tello-ros2/workspace/install/tello_msg/include/tello_msg/tello_msg/msg/detail/tello_status__functions.h
[1.239s] -- Up-to-date: /home/alix.degironde/Public/tello-ros2/workspace/install/tello_msg/include/tello_msg/tello_msg/msg/detail/tello_id__functions.h
[1.239s] -- Up-to-date: /home/alix.degironde/Public/tello-ros2/workspace/install/tello_msg/include/tello_msg/tello_msg/msg/detail/tello_wifi_config__type_support.h
[1.239s] -- Installing: /home/alix.degironde/Public/tello-ros2/workspace/install/tello_msg/include/tello_msg/tello_msg/msg/detail/tello_id__type_support.c
[1.239s] -- Up-to-date: /home/alix.degironde/Public/tello-ros2/workspace/install/tello_msg/include/tello_msg/tello_msg/msg/detail/tello_id__functions.c
[1.239s] -- Up-to-date: /home/alix.degironde/Public/tello-ros2/workspace/install/tello_msg/include/tello_msg/tello_msg/msg/tello_id.h
[1.239s] -- Up-to-date: /home/alix.degironde/Public/tello-ros2/workspace/install/tello_msg/include/tello_msg/tello_msg/msg/tello_status.h
[1.239s] -- Up-to-date: /home/alix.degironde/Public/tello-ros2/workspace/install/tello_msg/include/tello_msg/tello_msg/msg/tello_wifi_config.h
[1.239s] -- Up-to-date: /home/alix.degironde/Public/tello-ros2/workspace/install/tello_msg/include/tello_msg/tello_msg/srv
[1.239s] -- Up-to-date: /home/alix.degironde/Public/tello-ros2/workspace/install/tello_msg/include/tello_msg/tello_msg/srv/drone_mode.h
[1.240s] -- Up-to-date: /home/alix.degironde/Public/tello-ros2/workspace/install/tello_msg/include/tello_msg/tello_msg/srv/detail
[1.240s] -- Up-to-date: /home/alix.degironde/Public/tello-ros2/workspace/install/tello_msg/include/tello_msg/tello_msg/srv/detail/drone_mode__type_support.h
[1.243s] -- Up-to-date: /home/alix.degironde/Public/tello-ros2/workspace/install/tello_msg/include/tello_msg/tello_msg/srv/detail/drone_mode__description.c
[1.243s] -- Installing: /home/alix.degironde/Public/tello-ros2/workspace/install/tello_msg/include/tello_msg/tello_msg/srv/detail/drone_mode__type_support.c
[1.243s] -- Up-to-date: /home/alix.degironde/Public/tello-ros2/workspace/install/tello_msg/include/tello_msg/tello_msg/srv/detail/drone_mode__functions.c
[1.243s] -- Up-to-date: /home/alix.degironde/Public/tello-ros2/workspace/install/tello_msg/include/tello_msg/tello_msg/srv/detail/drone_mode__functions.h
[1.243s] -- Up-to-date: /home/alix.degironde/Public/tello-ros2/workspace/install/tello_msg/include/tello_msg/tello_msg/srv/detail/drone_mode__struct.h
[1.243s] -- Up-to-date: /home/alix.degironde/Public/tello-ros2/workspace/install/tello_msg/share/tello_msg/environment/library_path.sh
[1.244s] -- Up-to-date: /home/alix.degironde/Public/tello-ros2/workspace/install/tello_msg/share/tello_msg/environment/library_path.dsv
[1.244s] -- Up-to-date: /home/alix.degironde/Public/tello-ros2/workspace/install/tello_msg/lib/libtello_msg__rosidl_generator_c.so
[1.244s] -- Up-to-date: /home/alix.degironde/Public/tello-ros2/workspace/install/tello_msg/include/tello_msg/tello_msg
[1.244s] -- Up-to-date: /home/alix.degironde/Public/tello-ros2/workspace/install/tello_msg/include/tello_msg/tello_msg/msg
[1.244s] -- Up-to-date: /home/alix.degironde/Public/tello-ros2/workspace/install/tello_msg/include/tello_msg/tello_msg/msg/rosidl_typesupport_fastrtps_c__visibility_control.h
[1.244s] -- Up-to-date: /home/alix.degironde/Public/tello-ros2/workspace/install/tello_msg/include/tello_msg/tello_msg/msg/detail
[1.244s] -- Up-to-date: /home/alix.degironde/Public/tello-ros2/workspace/install/tello_msg/include/tello_msg/tello_msg/msg/detail/tello_wifi_config__rosidl_typesupport_fastrtps_c.h
[1.244s] -- Up-to-date: /home/alix.degironde/Public/tello-ros2/workspace/install/tello_msg/include/tello_msg/tello_msg/msg/detail/tello_id__rosidl_typesupport_fastrtps_c.h
[1.244s] -- Up-to-date: /home/alix.degironde/Public/tello-ros2/workspace/install/tello_msg/include/tello_msg/tello_msg/msg/detail/tello_status__rosidl_typesupport_fastrtps_c.h
[1.245s] -- Up-to-date: /home/alix.degironde/Public/tello-ros2/workspace/install/tello_msg/include/tello_msg/tello_msg/srv
[1.245s] -- Up-to-date: /home/alix.degironde/Public/tello-ros2/workspace/install/tello_msg/include/tello_msg/tello_msg/srv/detail
[1.245s] -- Up-to-date: /home/alix.degironde/Public/tello-ros2/workspace/install/tello_msg/include/tello_msg/tello_msg/srv/detail/drone_mode__rosidl_typesupport_fastrtps_c.h
[1.245s] -- Up-to-date: /home/alix.degironde/Public/tello-ros2/workspace/install/tello_msg/lib/libtello_msg__rosidl_typesupport_fastrtps_c.so
[1.245s] -- Up-to-date: /home/alix.degironde/Public/tello-ros2/workspace/install/tello_msg/include/tello_msg/tello_msg
[1.245s] -- Up-to-date: /home/alix.degironde/Public/tello-ros2/workspace/install/tello_msg/include/tello_msg/tello_msg/msg
[1.245s] -- Up-to-date: /home/alix.degironde/Public/tello-ros2/workspace/install/tello_msg/include/tello_msg/tello_msg/msg/detail
[1.245s] -- Up-to-date: /home/alix.degironde/Public/tello-ros2/workspace/install/tello_msg/include/tello_msg/tello_msg/msg/detail/tello_id__rosidl_typesupport_introspection_c.h
[1.245s] -- Installing: /home/alix.degironde/Public/tello-ros2/workspace/install/tello_msg/include/tello_msg/tello_msg/msg/detail/tello_status__type_support.c
[1.245s] -- Installing: /home/alix.degironde/Public/tello-ros2/workspace/install/tello_msg/include/tello_msg/tello_msg/msg/detail/tello_wifi_config__type_support.c
[1.249s] -- Up-to-date: /home/alix.degironde/Public/tello-ros2/workspace/install/tello_msg/include/tello_msg/tello_msg/msg/detail/tello_status__rosidl_typesupport_introspection_c.h
[1.249s] -- Up-to-date: /home/alix.degironde/Public/tello-ros2/workspace/install/tello_msg/include/tello_msg/tello_msg/msg/detail/tello_wifi_config__rosidl_typesupport_introspection_c.h
[1.249s] -- Installing: /home/alix.degironde/Public/tello-ros2/workspace/install/tello_msg/include/tello_msg/tello_msg/msg/detail/tello_id__type_support.c
[1.249s] -- Up-to-date: /home/alix.degironde/Public/tello-ros2/workspace/install/tello_msg/include/tello_msg/tello_msg/msg/rosidl_typesupport_introspection_c__visibility_control.h
[1.249s] -- Up-to-date: /home/alix.degironde/Public/tello-ros2/workspace/install/tello_msg/include/tello_msg/tello_msg/srv
[1.249s] -- Up-to-date: /home/alix.degironde/Public/tello-ros2/workspace/install/tello_msg/include/tello_msg/tello_msg/srv/detail
[1.250s] -- Up-to-date: /home/alix.degironde/Public/tello-ros2/workspace/install/tello_msg/include/tello_msg/tello_msg/srv/detail/drone_mode__rosidl_typesupport_introspection_c.h
[1.250s] -- Installing: /home/alix.degironde/Public/tello-ros2/workspace/install/tello_msg/include/tello_msg/tello_msg/srv/detail/drone_mode__type_support.c
[1.250s] -- Up-to-date: /home/alix.degironde/Public/tello-ros2/workspace/install/tello_msg/lib/libtello_msg__rosidl_typesupport_introspection_c.so
[1.250s] -- Up-to-date: /home/alix.degironde/Public/tello-ros2/workspace/install/tello_msg/lib/libtello_msg__rosidl_typesupport_c.so
[1.250s] -- Up-to-date: /home/alix.degironde/Public/tello-ros2/workspace/install/tello_msg/include/tello_msg/tello_msg
[1.250s] -- Up-to-date: /home/alix.degironde/Public/tello-ros2/workspace/install/tello_msg/include/tello_msg/tello_msg/msg
[1.250s] -- Up-to-date: /home/alix.degironde/Public/tello-ros2/workspace/install/tello_msg/include/tello_msg/tello_msg/msg/tello_wifi_config.hpp
[1.250s] -- Up-to-date: /home/alix.degironde/Public/tello-ros2/workspace/install/tello_msg/include/tello_msg/tello_msg/msg/detail
[1.250s] -- Up-to-date: /home/alix.degironde/Public/tello-ros2/workspace/install/tello_msg/include/tello_msg/tello_msg/msg/detail/tello_wifi_config__struct.hpp
[1.251s] -- Up-to-date: /home/alix.degironde/Public/tello-ros2/workspace/install/tello_msg/include/tello_msg/tello_msg/msg/detail/tello_id__builder.hpp
[1.251s] -- Up-to-date: /home/alix.degironde/Public/tello-ros2/workspace/install/tello_msg/include/tello_msg/tello_msg/msg/detail/tello_status__struct.hpp
[1.251s] -- Up-to-date: /home/alix.degironde/Public/tello-ros2/workspace/install/tello_msg/include/tello_msg/tello_msg/msg/detail/tello_id__struct.hpp
[1.251s] -- Up-to-date: /home/alix.degironde/Public/tello-ros2/workspace/install/tello_msg/include/tello_msg/tello_msg/msg/detail/tello_status__type_support.hpp
[1.251s] -- Up-to-date: /home/alix.degironde/Public/tello-ros2/workspace/install/tello_msg/include/tello_msg/tello_msg/msg/detail/tello_wifi_config__type_support.hpp
[1.251s] -- Up-to-date: /home/alix.degironde/Public/tello-ros2/workspace/install/tello_msg/include/tello_msg/tello_msg/msg/detail/tello_id__traits.hpp
[1.251s] -- Up-to-date: /home/alix.degironde/Public/tello-ros2/workspace/install/tello_msg/include/tello_msg/tello_msg/msg/detail/tello_status__builder.hpp
[1.251s] -- Up-to-date: /home/alix.degironde/Public/tello-ros2/workspace/install/tello_msg/include/tello_msg/tello_msg/msg/detail/tello_status__traits.hpp
[1.251s] -- Up-to-date: /home/alix.degironde/Public/tello-ros2/workspace/install/tello_msg/include/tello_msg/tello_msg/msg/detail/tello_id__type_support.hpp
[1.251s] -- Up-to-date: /home/alix.degironde/Public/tello-ros2/workspace/install/tello_msg/include/tello_msg/tello_msg/msg/detail/tello_wifi_config__builder.hpp
[1.252s] -- Up-to-date: /home/alix.degironde/Public/tello-ros2/workspace/install/tello_msg/include/tello_msg/tello_msg/msg/detail/tello_wifi_config__traits.hpp
[1.255s] -- Up-to-date: /home/alix.degironde/Public/tello-ros2/workspace/install/tello_msg/include/tello_msg/tello_msg/msg/tello_id.hpp
[1.255s] -- Up-to-date: /home/alix.degironde/Public/tello-ros2/workspace/install/tello_msg/include/tello_msg/tello_msg/msg/tello_status.hpp
[1.255s] -- Up-to-date: /home/alix.degironde/Public/tello-ros2/workspace/install/tello_msg/include/tello_msg/tello_msg/msg/rosidl_generator_cpp__visibility_control.hpp
[1.255s] -- Up-to-date: /home/alix.degironde/Public/tello-ros2/workspace/install/tello_msg/include/tello_msg/tello_msg/srv
[1.255s] -- Up-to-date: /home/alix.degironde/Public/tello-ros2/workspace/install/tello_msg/include/tello_msg/tello_msg/srv/detail
[1.255s] -- Up-to-date: /home/alix.degironde/Public/tello-ros2/workspace/install/tello_msg/include/tello_msg/tello_msg/srv/detail/drone_mode__struct.hpp
[1.255s] -- Up-to-date: /home/alix.degironde/Public/tello-ros2/workspace/install/tello_msg/include/tello_msg/tello_msg/srv/detail/drone_mode__type_support.hpp
[1.256s] -- Up-to-date: /home/alix.degironde/Public/tello-ros2/workspace/install/tello_msg/include/tello_msg/tello_msg/srv/detail/drone_mode__builder.hpp
[1.256s] -- Up-to-date: /home/alix.degironde/Public/tello-ros2/workspace/install/tello_msg/include/tello_msg/tello_msg/srv/detail/drone_mode__traits.hpp
[1.256s] -- Up-to-date: /home/alix.degironde/Public/tello-ros2/workspace/install/tello_msg/include/tello_msg/tello_msg/srv/drone_mode.hpp
[1.256s] -- Up-to-date: /home/alix.degironde/Public/tello-ros2/workspace/install/tello_msg/include/tello_msg/tello_msg
[1.256s] -- Up-to-date: /home/alix.degironde/Public/tello-ros2/workspace/install/tello_msg/include/tello_msg/tello_msg/msg
[1.256s] -- Up-to-date: /home/alix.degironde/Public/tello-ros2/workspace/install/tello_msg/include/tello_msg/tello_msg/msg/rosidl_typesupport_fastrtps_cpp__visibility_control.h
[1.256s] -- Up-to-date: /home/alix.degironde/Public/tello-ros2/workspace/install/tello_msg/include/tello_msg/tello_msg/msg/detail
[1.256s] -- Up-to-date: /home/alix.degironde/Public/tello-ros2/workspace/install/tello_msg/include/tello_msg/tello_msg/msg/detail/tello_wifi_config__rosidl_typesupport_fastrtps_cpp.hpp
[1.256s] -- Up-to-date: /home/alix.degironde/Public/tello-ros2/workspace/install/tello_msg/include/tello_msg/tello_msg/msg/detail/tello_status__rosidl_typesupport_fastrtps_cpp.hpp
[1.257s] -- Up-to-date: /home/alix.degironde/Public/tello-ros2/workspace/install/tello_msg/include/tello_msg/tello_msg/msg/detail/tello_id__rosidl_typesupport_fastrtps_cpp.hpp
[1.257s] -- Up-to-date: /home/alix.degironde/Public/tello-ros2/workspace/install/tello_msg/include/tello_msg/tello_msg/msg/detail/dds_fastrtps
[1.260s] -- Up-to-date: /home/alix.degironde/Public/tello-ros2/workspace/install/tello_msg/include/tello_msg/tello_msg/srv
[1.260s] -- Up-to-date: /home/alix.degironde/Public/tello-ros2/workspace/install/tello_msg/include/tello_msg/tello_msg/srv/detail
[1.260s] -- Up-to-date: /home/alix.degironde/Public/tello-ros2/workspace/install/tello_msg/include/tello_msg/tello_msg/srv/detail/drone_mode__rosidl_typesupport_fastrtps_cpp.hpp
[1.260s] -- Up-to-date: /home/alix.degironde/Public/tello-ros2/workspace/install/tello_msg/include/tello_msg/tello_msg/srv/detail/dds_fastrtps
[1.260s] -- Up-to-date: /home/alix.degironde/Public/tello-ros2/workspace/install/tello_msg/lib/libtello_msg__rosidl_typesupport_fastrtps_cpp.so
[1.260s] -- Up-to-date: /home/alix.degironde/Public/tello-ros2/workspace/install/tello_msg/include/tello_msg/tello_msg
[1.260s] -- Up-to-date: /home/alix.degironde/Public/tello-ros2/workspace/install/tello_msg/include/tello_msg/tello_msg/msg
[1.261s] -- Up-to-date: /home/alix.degironde/Public/tello-ros2/workspace/install/tello_msg/include/tello_msg/tello_msg/msg/detail
[1.261s] -- Up-to-date: /home/alix.degironde/Public/tello-ros2/workspace/install/tello_msg/include/tello_msg/tello_msg/msg/detail/tello_wifi_config__rosidl_typesupport_introspection_cpp.hpp
[1.261s] -- Up-to-date: /home/alix.degironde/Public/tello-ros2/workspace/install/tello_msg/include/tello_msg/tello_msg/msg/detail/tello_wifi_config__type_support.cpp
[1.261s] -- Up-to-date: /home/alix.degironde/Public/tello-ros2/workspace/install/tello_msg/include/tello_msg/tello_msg/msg/detail/tello_status__type_support.cpp
[1.261s] -- Up-to-date: /home/alix.degironde/Public/tello-ros2/workspace/install/tello_msg/include/tello_msg/tello_msg/msg/detail/tello_status__rosidl_typesupport_introspection_cpp.hpp
[1.261s] -- Up-to-date: /home/alix.degironde/Public/tello-ros2/workspace/install/tello_msg/include/tello_msg/tello_msg/msg/detail/tello_id__rosidl_typesupport_introspection_cpp.hpp
[1.261s] -- Up-to-date: /home/alix.degironde/Public/tello-ros2/workspace/install/tello_msg/include/tello_msg/tello_msg/msg/detail/tello_id__type_support.cpp
[1.261s] -- Up-to-date: /home/alix.degironde/Public/tello-ros2/workspace/install/tello_msg/include/tello_msg/tello_msg/srv
[1.261s] -- Up-to-date: /home/alix.degironde/Public/tello-ros2/workspace/install/tello_msg/include/tello_msg/tello_msg/srv/detail
[1.262s] -- Up-to-date: /home/alix.degironde/Public/tello-ros2/workspace/install/tello_msg/include/tello_msg/tello_msg/srv/detail/drone_mode__rosidl_typesupport_introspection_cpp.hpp
[1.262s] -- Up-to-date: /home/alix.degironde/Public/tello-ros2/workspace/install/tello_msg/include/tello_msg/tello_msg/srv/detail/drone_mode__type_support.cpp
[1.262s] -- Up-to-date: /home/alix.degironde/Public/tello-ros2/workspace/install/tello_msg/lib/libtello_msg__rosidl_typesupport_introspection_cpp.so
[1.262s] -- Up-to-date: /home/alix.degironde/Public/tello-ros2/workspace/install/tello_msg/lib/libtello_msg__rosidl_typesupport_cpp.so
[1.262s] -- Up-to-date: /home/alix.degironde/Public/tello-ros2/workspace/install/tello_msg/share/tello_msg/environment/pythonpath.sh
[1.262s] -- Up-to-date: /home/alix.degironde/Public/tello-ros2/workspace/install/tello_msg/share/tello_msg/environment/pythonpath.dsv
[1.262s] -- Up-to-date: /home/alix.degironde/Public/tello-ros2/workspace/install/tello_msg/lib/python3.12/site-packages/tello_msg-0.0.1-py3.12.egg-info
[1.262s] -- Installing: /home/alix.degironde/Public/tello-ros2/workspace/install/tello_msg/lib/python3.12/site-packages/tello_msg-0.0.1-py3.12.egg-info/dependency_links.txt
[1.262s] -- Installing: /home/alix.degironde/Public/tello-ros2/workspace/install/tello_msg/lib/python3.12/site-packages/tello_msg-0.0.1-py3.12.egg-info/SOURCES.txt
[1.263s] -- Installing: /home/alix.degironde/Public/tello-ros2/workspace/install/tello_msg/lib/python3.12/site-packages/tello_msg-0.0.1-py3.12.egg-info/top_level.txt
[1.263s] -- Installing: /home/alix.degironde/Public/tello-ros2/workspace/install/tello_msg/lib/python3.12/site-packages/tello_msg-0.0.1-py3.12.egg-info/PKG-INFO
[1.263s] -- Up-to-date: /home/alix.degironde/Public/tello-ros2/workspace/install/tello_msg/lib/python3.12/site-packages/tello_msg
[1.263s] -- Up-to-date: /home/alix.degironde/Public/tello-ros2/workspace/install/tello_msg/lib/python3.12/site-packages/tello_msg/_tello_msg_s.ep.rosidl_typesupport_introspection_c.c
[1.263s] -- Up-to-date: /home/alix.degironde/Public/tello-ros2/workspace/install/tello_msg/lib/python3.12/site-packages/tello_msg/_tello_msg_s.ep.rosidl_typesupport_c.c
[1.263s] -- Up-to-date: /home/alix.degironde/Public/tello-ros2/workspace/install/tello_msg/lib/python3.12/site-packages/tello_msg/msg
[1.263s] -- Up-to-date: /home/alix.degironde/Public/tello-ros2/workspace/install/tello_msg/lib/python3.12/site-packages/tello_msg/msg/_tello_id.py
[1.263s] -- Up-to-date: /home/alix.degironde/Public/tello-ros2/workspace/install/tello_msg/lib/python3.12/site-packages/tello_msg/msg/_tello_wifi_config.py
[1.263s] -- Up-to-date: /home/alix.degironde/Public/tello-ros2/workspace/install/tello_msg/lib/python3.12/site-packages/tello_msg/msg/__init__.py
[1.263s] -- Up-to-date: /home/alix.degironde/Public/tello-ros2/workspace/install/tello_msg/lib/python3.12/site-packages/tello_msg/msg/_tello_id_s.c
[1.264s] -- Up-to-date: /home/alix.degironde/Public/tello-ros2/workspace/install/tello_msg/lib/python3.12/site-packages/tello_msg/msg/_tello_status.py
[1.267s] -- Up-to-date: /home/alix.degironde/Public/tello-ros2/workspace/install/tello_msg/lib/python3.12/site-packages/tello_msg/msg/_tello_status_s.c
[1.267s] -- Up-to-date: /home/alix.degironde/Public/tello-ros2/workspace/install/tello_msg/lib/python3.12/site-packages/tello_msg/msg/_tello_wifi_config_s.c
[1.267s] -- Up-to-date: /home/alix.degironde/Public/tello-ros2/workspace/install/tello_msg/lib/python3.12/site-packages/tello_msg/tello_msg_s__rosidl_typesupport_fastrtps_c.so
[1.267s] -- Up-to-date: /home/alix.degironde/Public/tello-ros2/workspace/install/tello_msg/lib/python3.12/site-packages/tello_msg/srv
[1.267s] -- Up-to-date: /home/alix.degironde/Public/tello-ros2/workspace/install/tello_msg/lib/python3.12/site-packages/tello_msg/srv/__init__.py
[1.267s] -- Up-to-date: /home/alix.degironde/Public/tello-ros2/workspace/install/tello_msg/lib/python3.12/site-packages/tello_msg/srv/_drone_mode_s.c
[1.267s] -- Up-to-date: /home/alix.degironde/Public/tello-ros2/workspace/install/tello_msg/lib/python3.12/site-packages/tello_msg/srv/_drone_mode.py
[1.268s] -- Up-to-date: /home/alix.degironde/Public/tello-ros2/workspace/install/tello_msg/lib/python3.12/site-packages/tello_msg/tello_msg_s__rosidl_typesupport_introspection_c.so
[1.268s] -- Up-to-date: /home/alix.degironde/Public/tello-ros2/workspace/install/tello_msg/lib/python3.12/site-packages/tello_msg/tello_msg_s__rosidl_typesupport_c.so
[1.268s] -- Up-to-date: /home/alix.degironde/Public/tello-ros2/workspace/install/tello_msg/lib/python3.12/site-packages/tello_msg/__init__.py
[1.268s] -- Up-to-date: /home/alix.degironde/Public/tello-ros2/workspace/install/tello_msg/lib/python3.12/site-packages/tello_msg/_tello_msg_s.ep.rosidl_typesupport_fastrtps_c.c
[1.296s] Listing '/home/alix.degironde/Public/tello-ros2/workspace/install/tello_msg/lib/python3.12/site-packages/tello_msg'...
[1.296s] Listing '/home/alix.degironde/Public/tello-ros2/workspace/install/tello_msg/lib/python3.12/site-packages/tello_msg/msg'...
[1.296s] Listing '/home/alix.degironde/Public/tello-ros2/workspace/install/tello_msg/lib/python3.12/site-packages/tello_msg/srv'...
[1.305s] -- Up-to-date: /home/alix.degironde/Public/tello-ros2/workspace/install/tello_msg/lib/python3.12/site-packages/tello_msg/tello_msg_s__rosidl_typesupport_fastrtps_c.so
[1.306s] -- Up-to-date: /home/alix.degironde/Public/tello-ros2/workspace/install/tello_msg/lib/python3.12/site-packages/tello_msg/tello_msg_s__rosidl_typesupport_introspection_c.so
[1.306s] -- Up-to-date: /home/alix.degironde/Public/tello-ros2/workspace/install/tello_msg/lib/python3.12/site-packages/tello_msg/tello_msg_s__rosidl_typesupport_c.so
[1.306s] -- Up-to-date: /home/alix.degironde/Public/tello-ros2/workspace/install/tello_msg/lib/libtello_msg__rosidl_generator_py.so
[1.307s] -- Up-to-date: /home/alix.degironde/Public/tello-ros2/workspace/install/tello_msg/share/tello_msg/msg/TelloStatus.idl
[1.308s] -- Up-to-date: /home/alix.degironde/Public/tello-ros2/workspace/install/tello_msg/share/tello_msg/msg/TelloID.idl
[1.308s] -- Up-to-date: /home/alix.degironde/Public/tello-ros2/workspace/install/tello_msg/share/tello_msg/msg/TelloWifiConfig.idl
[1.308s] -- Up-to-date: /home/alix.degironde/Public/tello-ros2/workspace/install/tello_msg/share/tello_msg/srv/DroneMode.idl
[1.308s] -- Up-to-date: /home/alix.degironde/Public/tello-ros2/workspace/install/tello_msg/share/tello_msg/msg/TelloStatus.msg
[1.308s] -- Up-to-date: /home/alix.degironde/Public/tello-ros2/workspace/install/tello_msg/share/tello_msg/msg/TelloID.msg
[1.308s] -- Up-to-date: /home/alix.degironde/Public/tello-ros2/workspace/install/tello_msg/share/tello_msg/msg/TelloWifiConfig.msg
[1.309s] -- Up-to-date: /home/alix.degironde/Public/tello-ros2/workspace/install/tello_msg/share/tello_msg/srv/DroneMode.srv
[1.309s] -- Up-to-date: /home/alix.degironde/Public/tello-ros2/workspace/install/tello_msg/share/ament_index/resource_index/package_run_dependencies/tello_msg
[1.309s] -- Up-to-date: /home/alix.degironde/Public/tello-ros2/workspace/install/tello_msg/share/ament_index/resource_index/parent_prefix_path/tello_msg
[1.309s] -- Up-to-date: /home/alix.degironde/Public/tello-ros2/workspace/install/tello_msg/share/tello_msg/environment/ament_prefix_path.sh
[1.309s] -- Up-to-date: /home/alix.degironde/Public/tello-ros2/workspace/install/tello_msg/share/tello_msg/environment/ament_prefix_path.dsv
[1.309s] -- Up-to-date: /home/alix.degironde/Public/tello-ros2/workspace/install/tello_msg/share/tello_msg/environment/path.sh
[1.309s] -- Up-to-date: /home/alix.degironde/Public/tello-ros2/workspace/install/tello_msg/share/tello_msg/environment/path.dsv
[1.309s] -- Up-to-date: /home/alix.degironde/Public/tello-ros2/workspace/install/tello_msg/share/tello_msg/local_setup.bash
[1.309s] -- Up-to-date: /home/alix.degironde/Public/tello-ros2/workspace/install/tello_msg/share/tello_msg/local_setup.sh
[1.310s] -- Up-to-date: /home/alix.degironde/Public/tello-ros2/workspace/install/tello_msg/share/tello_msg/local_setup.zsh
[1.310s] -- Up-to-date: /home/alix.degironde/Public/tello-ros2/workspace/install/tello_msg/share/tello_msg/local_setup.dsv
[1.310s] -- Installing: /home/alix.degironde/Public/tello-ros2/workspace/install/tello_msg/share/tello_msg/package.dsv
[1.312s] -- Up-to-date: /home/alix.degironde/Public/tello-ros2/workspace/install/tello_msg/share/ament_index/resource_index/packages/tello_msg
[1.312s] -- Up-to-date: /home/alix.degironde/Public/tello-ros2/workspace/install/tello_msg/share/tello_msg/cmake/export_tello_msg__rosidl_generator_cExport.cmake
[1.312s] -- Up-to-date: /home/alix.degironde/Public/tello-ros2/workspace/install/tello_msg/share/tello_msg/cmake/export_tello_msg__rosidl_generator_cExport-noconfig.cmake
[1.313s] -- Up-to-date: /home/alix.degironde/Public/tello-ros2/workspace/install/tello_msg/share/tello_msg/cmake/export_tello_msg__rosidl_typesupport_fastrtps_cExport.cmake
[1.313s] -- Up-to-date: /home/alix.degironde/Public/tello-ros2/workspace/install/tello_msg/share/tello_msg/cmake/export_tello_msg__rosidl_typesupport_fastrtps_cExport-noconfig.cmake
[1.313s] -- Up-to-date: /home/alix.degironde/Public/tello-ros2/workspace/install/tello_msg/share/tello_msg/cmake/tello_msg__rosidl_typesupport_introspection_cExport.cmake
[1.313s] -- Up-to-date: /home/alix.degironde/Public/tello-ros2/workspace/install/tello_msg/share/tello_msg/cmake/tello_msg__rosidl_typesupport_introspection_cExport-noconfig.cmake
[1.313s] -- Up-to-date: /home/alix.degironde/Public/tello-ros2/workspace/install/tello_msg/share/tello_msg/cmake/tello_msg__rosidl_typesupport_cExport.cmake
[1.313s] -- Up-to-date: /home/alix.degironde/Public/tello-ros2/workspace/install/tello_msg/share/tello_msg/cmake/tello_msg__rosidl_typesupport_cExport-noconfig.cmake
[1.313s] -- Up-to-date: /home/alix.degironde/Public/tello-ros2/workspace/install/tello_msg/share/tello_msg/cmake/export_tello_msg__rosidl_generator_cppExport.cmake
[1.313s] -- Up-to-date: /home/alix.degironde/Public/tello-ros2/workspace/install/tello_msg/share/tello_msg/cmake/export_tello_msg__rosidl_typesupport_fastrtps_cppExport.cmake
[1.314s] -- Up-to-date: /home/alix.degironde/Public/tello-ros2/workspace/install/tello_msg/share/tello_msg/cmake/export_tello_msg__rosidl_typesupport_fastrtps_cppExport-noconfig.cmake
[1.314s] -- Up-to-date: /home/alix.degironde/Public/tello-ros2/workspace/install/tello_msg/share/tello_msg/cmake/tello_msg__rosidl_typesupport_introspection_cppExport.cmake
[1.314s] -- Up-to-date: /home/alix.degironde/Public/tello-ros2/workspace/install/tello_msg/share/tello_msg/cmake/tello_msg__rosidl_typesupport_introspection_cppExport-noconfig.cmake
[1.314s] -- Up-to-date: /home/alix.degironde/Public/tello-ros2/workspace/install/tello_msg/share/tello_msg/cmake/tello_msg__rosidl_typesupport_cppExport.cmake
[1.314s] -- Up-to-date: /home/alix.degironde/Public/tello-ros2/workspace/install/tello_msg/share/tello_msg/cmake/tello_msg__rosidl_typesupport_cppExport-noconfig.cmake
[1.314s] -- Up-to-date: /home/alix.degironde/Public/tello-ros2/workspace/install/tello_msg/share/tello_msg/cmake/export_tello_msg__rosidl_generator_pyExport.cmake
[1.314s] -- Up-to-date: /home/alix.degironde/Public/tello-ros2/workspace/install/tello_msg/share/tello_msg/cmake/export_tello_msg__rosidl_generator_pyExport-noconfig.cmake
[1.314s] -- Up-to-date: /home/alix.degironde/Public/tello-ros2/workspace/install/tello_msg/share/tello_msg/cmake/rosidl_cmake-extras.cmake
[1.314s] -- Up-to-date: /home/alix.degironde/Public/tello-ros2/workspace/install/tello_msg/share/tello_msg/cmake/ament_cmake_export_dependencies-extras.cmake
[1.315s] -- Up-to-date: /home/alix.degironde/Public/tello-ros2/workspace/install/tello_msg/share/tello_msg/cmake/ament_cmake_export_include_directories-extras.cmake
[1.315s] -- Up-to-date: /home/alix.degironde/Public/tello-ros2/workspace/install/tello_msg/share/tello_msg/cmake/ament_cmake_export_libraries-extras.cmake
[1.315s] -- Up-to-date: /home/alix.degironde/Public/tello-ros2/workspace/install/tello_msg/share/tello_msg/cmake/ament_cmake_export_targets-extras.cmake
[1.315s] -- Up-to-date: /home/alix.degironde/Public/tello-ros2/workspace/install/tello_msg/share/tello_msg/cmake/rosidl_cmake_export_typesupport_targets-extras.cmake
[1.315s] -- Up-to-date: /home/alix.degironde/Public/tello-ros2/workspace/install/tello_msg/share/tello_msg/cmake/rosidl_cmake_export_typesupport_libraries-extras.cmake
[1.315s] -- Up-to-date: /home/alix.degironde/Public/tello-ros2/workspace/install/tello_msg/share/tello_msg/cmake/tello_msgConfig.cmake
[1.315s] -- Up-to-date: /home/alix.degironde/Public/tello-ros2/workspace/install/tello_msg/share/tello_msg/cmake/tello_msgConfig-version.cmake
[1.315s] -- Up-to-date: /home/alix.degironde/Public/tello-ros2/workspace/install/tello_msg/share/tello_msg/package.xml
[1.357s] Invoked command in '/home/alix.degironde/Public/tello-ros2/workspace/build/tello_msg' returned '0': CMAKE_PREFIX_PATH=${CMAKE_PREFIX_PATH}:/home/alix.degironde/Public/tello-ros2/workspace/install/tello:/home/alix.degironde/Public/tello-ros2/workspace/install/controller:/opt/ros/jazzy DEBUGINFOD_URLS=https://debuginfod.ubuntu.com HISTTIMEFORMAT=%F %T /usr/bin/cmake --install /home/alix.degironde/Public/tello-ros2/workspace/build/tello_msg
