[1.700s] Invoking command in '/home/alix.degironde/Public/tello-ros2/workspace/src/controller': DEBUGINFOD_URLS=https://debuginfod.ubuntu.com HISTTIMEFORMAT=%F %T PS1=(ven_IROS) \[\e]0;\u@\h: \w\a\]${debian_chroot:+($debian_chroot)}\[\033[01;32m\]\u@\h\[\033[00m\]:\[\033[01;34m\]\w\[\033[00m\]\$ PYTHONPATH=/home/alix.degironde/Public/tello-ros2/workspace/build/controller/prefix_override:/usr/lib/python3/dist-packages/colcon_core/task/python/colcon_distutils_commands:/home/alix.degironde/Public/tello-ros2/workspace/install/controller/lib/python3.12/site-packages:${PYTHONPATH} VIRTUAL_ENV_PROMPT=(ven_IROS) /usr/bin/python3 -W ignore:setup.py install is deprecated -W ignore:easy_install command is deprecated setup.py egg_info --egg-base ../../build/controller build --build-base /home/alix.degironde/Public/tello-ros2/workspace/build/controller/build install --record /home/alix.degironde/Public/tello-ros2/workspace/build/controller/install.log --single-version-externally-managed install_data
[2.215s] running egg_info
[2.216s] creating ../../build/controller/controller.egg-info
[2.263s] writing ../../build/controller/controller.egg-info/PKG-INFO
[2.263s] writing dependency_links to ../../build/controller/controller.egg-info/dependency_links.txt
[2.263s] writing requirements to ../../build/controller/controller.egg-info/requires.txt
[2.263s] writing top-level names to ../../build/controller/controller.egg-info/top_level.txt
[2.263s] writing manifest file '../../build/controller/controller.egg-info/SOURCES.txt'
[2.358s] reading manifest file '../../build/controller/controller.egg-info/SOURCES.txt'
[2.359s] adding license file 'LICENSE'
[2.359s] writing manifest file '../../build/controller/controller.egg-info/SOURCES.txt'
[2.359s] running build
[2.359s] running build_py
[2.360s] creating /home/alix.degironde/Public/tello-ros2/workspace/build/controller/build
[2.360s] creating /home/alix.degironde/Public/tello-ros2/workspace/build/controller/build/lib
[2.360s] creating /home/alix.degironde/Public/tello-ros2/workspace/build/controller/build/lib/controller
[2.360s] copying controller/__init__.py -> /home/alix.degironde/Public/tello-ros2/workspace/build/controller/build/lib/controller
[2.361s] copying controller/manual_control.py -> /home/alix.degironde/Public/tello-ros2/workspace/build/controller/build/lib/controller
[2.361s] running install
[2.368s] running install_lib
[2.416s] creating /home/alix.degironde/Public/tello-ros2/workspace/install/controller/lib/python3.12/site-packages/controller
[2.416s] copying /home/alix.degironde/Public/tello-ros2/workspace/build/controller/build/lib/controller/__init__.py -> /home/alix.degironde/Public/tello-ros2/workspace/install/controller/lib/python3.12/site-packages/controller
[2.417s] copying /home/alix.degironde/Public/tello-ros2/workspace/build/controller/build/lib/controller/manual_control.py -> /home/alix.degironde/Public/tello-ros2/workspace/install/controller/lib/python3.12/site-packages/controller
[2.417s] byte-compiling /home/alix.degironde/Public/tello-ros2/workspace/install/controller/lib/python3.12/site-packages/controller/__init__.py to __init__.cpython-312.pyc
[2.417s] byte-compiling /home/alix.degironde/Public/tello-ros2/workspace/install/controller/lib/python3.12/site-packages/controller/manual_control.py to manual_control.cpython-312.pyc
[2.418s] running install_data
[2.418s] creating /home/alix.degironde/Public/tello-ros2/workspace/install/controller/share/ament_index
[2.419s] creating /home/alix.degironde/Public/tello-ros2/workspace/install/controller/share/ament_index/resource_index
[2.419s] creating /home/alix.degironde/Public/tello-ros2/workspace/install/controller/share/ament_index/resource_index/packages
[2.419s] copying resource/controller -> /home/alix.degironde/Public/tello-ros2/workspace/install/controller/share/ament_index/resource_index/packages
[2.419s] copying package.xml -> /home/alix.degironde/Public/tello-ros2/workspace/install/controller/share/controller
[2.419s] running install_egg_info
[2.469s] Copying ../../build/controller/controller.egg-info to /home/alix.degironde/Public/tello-ros2/workspace/install/controller/lib/python3.12/site-packages/controller-0.0.0-py3.12.egg-info
[2.470s] running install_scripts
[2.749s] writing list of installed files to '/home/alix.degironde/Public/tello-ros2/workspace/build/controller/install.log'
[2.786s] Invoked command in '/home/alix.degironde/Public/tello-ros2/workspace/src/controller' returned '0': DEBUGINFOD_URLS=https://debuginfod.ubuntu.com HISTTIMEFORMAT=%F %T PS1=(ven_IROS) \[\e]0;\u@\h: \w\a\]${debian_chroot:+($debian_chroot)}\[\033[01;32m\]\u@\h\[\033[00m\]:\[\033[01;34m\]\w\[\033[00m\]\$ PYTHONPATH=/home/alix.degironde/Public/tello-ros2/workspace/build/controller/prefix_override:/usr/lib/python3/dist-packages/colcon_core/task/python/colcon_distutils_commands:/home/alix.degironde/Public/tello-ros2/workspace/install/controller/lib/python3.12/site-packages:${PYTHONPATH} VIRTUAL_ENV_PROMPT=(ven_IROS) /usr/bin/python3 -W ignore:setup.py install is deprecated -W ignore:easy_install command is deprecated setup.py egg_info --egg-base ../../build/controller build --build-base /home/alix.degironde/Public/tello-ros2/workspace/build/controller/build install --record /home/alix.degironde/Public/tello-ros2/workspace/build/controller/install.log --single-version-externally-managed install_data
