[1.700s] Invoking command in '/home/alix.degironde/Public/tello-ros2/workspace/src/controller': DEBUGINFOD_URLS=https://debuginfod.ubuntu.com HISTTIMEFORMAT=%F %T PS1=(ven_IROS) \[\e]0;\u@\h: \w\a\]${debian_chroot:+($debian_chroot)}\[\033[01;32m\]\u@\h\[\033[00m\]:\[\033[01;34m\]\w\[\033[00m\]\$ PYTHONPATH=/home/alix.degironde/Public/tello-ros2/workspace/build/controller/prefix_override:/usr/lib/python3/dist-packages/colcon_core/task/python/colcon_distutils_commands:/home/alix.degironde/Public/tello-ros2/workspace/install/controller/lib/python3.12/site-packages:${PYTHONPATH} VIRTUAL_ENV_PROMPT=(ven_IROS) /usr/bin/python3 -W ignore:setup.py install is deprecated -W ignore:easy_install command is deprecated setup.py egg_info --egg-base ../../build/controller build --build-base /home/alix.degironde/Public/tello-ros2/workspace/build/controller/build install --record /home/alix.degironde/Public/tello-ros2/workspace/build/controller/install.log --single-version-externally-managed install_data
[2.249s] running egg_info
[2.297s] writing ../../build/controller/controller.egg-info/PKG-INFO
[2.298s] writing dependency_links to ../../build/controller/controller.egg-info/dependency_links.txt
[2.298s] writing entry points to ../../build/controller/controller.egg-info/entry_points.txt
[2.298s] writing requirements to ../../build/controller/controller.egg-info/requires.txt
[2.298s] writing top-level names to ../../build/controller/controller.egg-info/top_level.txt
[2.398s] reading manifest file '../../build/controller/controller.egg-info/SOURCES.txt'
[2.398s] adding license file 'LICENSE'
[2.399s] writing manifest file '../../build/controller/controller.egg-info/SOURCES.txt'
[2.399s] running build
[2.399s] running build_py
[2.399s] copying controller/qr_code_follower.py -> /home/alix.degironde/Public/tello-ros2/workspace/build/controller/build/lib/controller
[2.400s] running install
[2.408s] running install_lib
[2.458s] copying /home/alix.degironde/Public/tello-ros2/workspace/build/controller/build/lib/controller/qr_code_follower.py -> /home/alix.degironde/Public/tello-ros2/workspace/install/controller/lib/python3.12/site-packages/controller
[2.459s] byte-compiling /home/alix.degironde/Public/tello-ros2/workspace/install/controller/lib/python3.12/site-packages/controller/qr_code_follower.py to qr_code_follower.cpython-312.pyc
[2.462s] running install_data
[2.462s] running install_egg_info
[2.512s] removing '/home/alix.degironde/Public/tello-ros2/workspace/install/controller/lib/python3.12/site-packages/controller-0.0.0-py3.12.egg-info' (and everything under it)
[2.512s] Copying ../../build/controller/controller.egg-info to /home/alix.degironde/Public/tello-ros2/workspace/install/controller/lib/python3.12/site-packages/controller-0.0.0-py3.12.egg-info
[2.513s] running install_scripts
[2.807s] Installing manual_control script to /home/alix.degironde/Public/tello-ros2/workspace/install/controller/lib/controller
[2.807s] Installing qr_code_follower script to /home/alix.degironde/Public/tello-ros2/workspace/install/controller/lib/controller
[2.807s] Installing spielberg script to /home/alix.degironde/Public/tello-ros2/workspace/install/controller/lib/controller
[2.808s] Installing surveillance script to /home/alix.degironde/Public/tello-ros2/workspace/install/controller/lib/controller
[2.808s] Installing tello_behaviour script to /home/alix.degironde/Public/tello-ros2/workspace/install/controller/lib/controller
[2.808s] writing list of installed files to '/home/alix.degironde/Public/tello-ros2/workspace/build/controller/install.log'
[2.861s] Invoked command in '/home/alix.degironde/Public/tello-ros2/workspace/src/controller' returned '0': DEBUGINFOD_URLS=https://debuginfod.ubuntu.com HISTTIMEFORMAT=%F %T PS1=(ven_IROS) \[\e]0;\u@\h: \w\a\]${debian_chroot:+($debian_chroot)}\[\033[01;32m\]\u@\h\[\033[00m\]:\[\033[01;34m\]\w\[\033[00m\]\$ PYTHONPATH=/home/alix.degironde/Public/tello-ros2/workspace/build/controller/prefix_override:/usr/lib/python3/dist-packages/colcon_core/task/python/colcon_distutils_commands:/home/alix.degironde/Public/tello-ros2/workspace/install/controller/lib/python3.12/site-packages:${PYTHONPATH} VIRTUAL_ENV_PROMPT=(ven_IROS) /usr/bin/python3 -W ignore:setup.py install is deprecated -W ignore:easy_install command is deprecated setup.py egg_info --egg-base ../../build/controller build --build-base /home/alix.degironde/Public/tello-ros2/workspace/build/controller/build install --record /home/alix.degironde/Public/tello-ros2/workspace/build/controller/install.log --single-version-externally-managed install_data
