[1.955s] Invoking command in '/home/alix.degironde/Public/tello-ros2/workspace/src/tello': AMENT_PREFIX_PATH=/home/alix.degironde/Public/tello-ros2/workspace/install/tello_msg:${AMENT_PREFIX_PATH} CMAKE_PREFIX_PATH=/home/alix.degironde/Public/tello-ros2/workspace/install/tello_msg:${CMAKE_PREFIX_PATH} DEBUGINFOD_URLS=https://debuginfod.ubuntu.com HISTTIMEFORMAT=%F %T LD_LIBRARY_PATH=/home/alix.degironde/Public/tello-ros2/workspace/install/tello_msg/lib:${LD_LIBRARY_PATH} PS1=(ven_IROS) \[\e]0;\u@\h: \w\a\]${debian_chroot:+($debian_chroot)}\[\033[01;32m\]\u@\h\[\033[00m\]:\[\033[01;34m\]\w\[\033[00m\]\$ PYTHONPATH=/home/alix.degironde/Public/tello-ros2/workspace/build/tello/prefix_override:/usr/lib/python3/dist-packages/colcon_core/task/python/colcon_distutils_commands:/home/alix.degironde/Public/tello-ros2/workspace/install/tello/lib/python3.12/site-packages:/home/alix.degironde/Public/tello-ros2/workspace/install/tello_msg/lib/python3.12/site-packages:${PYTHONPATH} VIRTUAL_ENV_PROMPT=(ven_IROS) /usr/bin/python3 -W ignore:setup.py install is deprecated -W ignore:easy_install command is deprecated setup.py egg_info --egg-base ../../build/tello build --build-base /home/alix.degironde/Public/tello-ros2/workspace/build/tello/build install --record /home/alix.degironde/Public/tello-ros2/workspace/build/tello/install.log --install-scripts $base/lib/tello --single-version-externally-managed install_data
[2.132s] /usr/lib/python3/dist-packages/setuptools/dist.py:744: SetuptoolsDeprecationWarning: Invalid dash-separated options
[2.132s] !!
[2.132s] 
[2.132s]         ********************************************************************************
[2.132s]         Usage of dash-separated 'script-dir' will not be supported in future
[2.132s]         versions. Please use the underscore name 'script_dir' instead.
[2.132s] 
[2.132s]         This deprecation is overdue, please update your project and remove deprecated
[2.133s]         calls to avoid build errors in the future.
[2.133s] 
[2.133s]         See https://setuptools.pypa.io/en/latest/userguide/declarative_config.html for details.
[2.133s]         ********************************************************************************
[2.133s] 
[2.133s] !!
[2.133s]   opt = self.warn_dash_deprecation(opt, section)
[2.461s] running egg_info
[2.507s] writing ../../build/tello/tello.egg-info/PKG-INFO
[2.508s] writing dependency_links to ../../build/tello/tello.egg-info/dependency_links.txt
[2.508s] writing entry points to ../../build/tello/tello.egg-info/entry_points.txt
[2.508s] writing requirements to ../../build/tello/tello.egg-info/requires.txt
[2.508s] writing top-level names to ../../build/tello/tello.egg-info/top_level.txt
[2.600s] reading manifest file '../../build/tello/tello.egg-info/SOURCES.txt'
[2.600s] adding license file 'LICENSE.txt'
[2.601s] writing manifest file '../../build/tello/tello.egg-info/SOURCES.txt'
[2.601s] running build
[2.603s] running build_py
[2.603s] copying tello/node.py -> /home/alix.degironde/Public/tello-ros2/workspace/build/tello/build/lib/tello
[2.603s] running install
[2.610s] running install_lib
[2.657s] copying /home/alix.degironde/Public/tello-ros2/workspace/build/tello/build/lib/tello/node.py -> /home/alix.degironde/Public/tello-ros2/workspace/install/tello/lib/python3.12/site-packages/tello
[2.658s] byte-compiling /home/alix.degironde/Public/tello-ros2/workspace/install/tello/lib/python3.12/site-packages/tello/node.py to node.cpython-312.pyc
[2.662s] running install_data
[2.662s] running install_egg_info
[2.709s] removing '/home/alix.degironde/Public/tello-ros2/workspace/install/tello/lib/python3.12/site-packages/tello-0.1.0-py3.12.egg-info' (and everything under it)
[2.711s] Copying ../../build/tello/tello.egg-info to /home/alix.degironde/Public/tello-ros2/workspace/install/tello/lib/python3.12/site-packages/tello-0.1.0-py3.12.egg-info
[2.711s] running install_scripts
[2.991s] Installing tello script to /home/alix.degironde/Public/tello-ros2/workspace/install/tello/lib/tello
[2.991s] writing list of installed files to '/home/alix.degironde/Public/tello-ros2/workspace/build/tello/install.log'
[3.033s] Invoked command in '/home/alix.degironde/Public/tello-ros2/workspace/src/tello' returned '0': AMENT_PREFIX_PATH=/home/alix.degironde/Public/tello-ros2/workspace/install/tello_msg:${AMENT_PREFIX_PATH} CMAKE_PREFIX_PATH=/home/alix.degironde/Public/tello-ros2/workspace/install/tello_msg:${CMAKE_PREFIX_PATH} DEBUGINFOD_URLS=https://debuginfod.ubuntu.com HISTTIMEFORMAT=%F %T LD_LIBRARY_PATH=/home/alix.degironde/Public/tello-ros2/workspace/install/tello_msg/lib:${LD_LIBRARY_PATH} PS1=(ven_IROS) \[\e]0;\u@\h: \w\a\]${debian_chroot:+($debian_chroot)}\[\033[01;32m\]\u@\h\[\033[00m\]:\[\033[01;34m\]\w\[\033[00m\]\$ PYTHONPATH=/home/alix.degironde/Public/tello-ros2/workspace/build/tello/prefix_override:/usr/lib/python3/dist-packages/colcon_core/task/python/colcon_distutils_commands:/home/alix.degironde/Public/tello-ros2/workspace/install/tello/lib/python3.12/site-packages:/home/alix.degironde/Public/tello-ros2/workspace/install/tello_msg/lib/python3.12/site-packages:${PYTHONPATH} VIRTUAL_ENV_PROMPT=(ven_IROS) /usr/bin/python3 -W ignore:setup.py install is deprecated -W ignore:easy_install command is deprecated setup.py egg_info --egg-base ../../build/tello build --build-base /home/alix.degironde/Public/tello-ros2/workspace/build/tello/build install --record /home/alix.degironde/Public/tello-ros2/workspace/build/tello/install.log --install-scripts $base/lib/tello --single-version-externally-managed install_data
