[1.553s] Invoking command in '/home/alix.degironde/Public/tello-ros2/workspace/src/controller': DEBUGINFOD_URLS=https://debuginfod.ubuntu.com HISTTIMEFORMAT=%F %T PS1=(ven_IROS) \[\e]0;\u@\h: \w\a\]${debian_chroot:+($debian_chroot)}\[\033[01;32m\]\u@\h\[\033[00m\]:\[\033[01;34m\]\w\[\033[00m\]\$ PYTHONPATH=/home/alix.degironde/Public/tello-ros2/workspace/src/build/controller/prefix_override:/usr/lib/python3/dist-packages/colcon_core/task/python/colcon_distutils_commands:/home/alix.degironde/Public/tello-ros2/workspace/src/install/controller/lib/python3.12/site-packages:${PYTHONPATH} VIRTUAL_ENV_PROMPT=(ven_IROS) /usr/bin/python3 -W ignore:setup.py install is deprecated -W ignore:easy_install command is deprecated setup.py egg_info --egg-base ../build/controller build --build-base /home/alix.degironde/Public/tello-ros2/workspace/src/build/controller/build install --record /home/alix.degironde/Public/tello-ros2/workspace/src/build/controller/install.log --single-version-externally-managed install_data
[2.068s] running egg_info
[2.116s] writing ../build/controller/controller.egg-info/PKG-INFO
[2.117s] writing dependency_links to ../build/controller/controller.egg-info/dependency_links.txt
[2.117s] writing entry points to ../build/controller/controller.egg-info/entry_points.txt
[2.118s] writing requirements to ../build/controller/controller.egg-info/requires.txt
[2.118s] writing top-level names to ../build/controller/controller.egg-info/top_level.txt
[2.212s] reading manifest file '../build/controller/controller.egg-info/SOURCES.txt'
[2.213s] adding license file 'LICENSE'
[2.213s] writing manifest file '../build/controller/controller.egg-info/SOURCES.txt'
[2.214s] running build
[2.214s] running build_py
[2.214s] copying controller/spielberg.py -> /home/alix.degironde/Public/tello-ros2/workspace/src/build/controller/build/lib/controller
[2.215s] running install
[2.223s] running install_lib
[2.270s] copying /home/alix.degironde/Public/tello-ros2/workspace/src/build/controller/build/lib/controller/spielberg.py -> /home/alix.degironde/Public/tello-ros2/workspace/src/install/controller/lib/python3.12/site-packages/controller
[2.271s] byte-compiling /home/alix.degironde/Public/tello-ros2/workspace/src/install/controller/lib/python3.12/site-packages/controller/spielberg.py to spielberg.cpython-312.pyc
[2.272s] running install_data
[2.272s] running install_egg_info
[2.320s] removing '/home/alix.degironde/Public/tello-ros2/workspace/src/install/controller/lib/python3.12/site-packages/controller-0.0.0-py3.12.egg-info' (and everything under it)
[2.321s] Copying ../build/controller/controller.egg-info to /home/alix.degironde/Public/tello-ros2/workspace/src/install/controller/lib/python3.12/site-packages/controller-0.0.0-py3.12.egg-info
[2.322s] running install_scripts
[2.600s] Installing manual_control script to /home/alix.degironde/Public/tello-ros2/workspace/src/install/controller/lib/controller
[2.600s] Installing spielberg script to /home/alix.degironde/Public/tello-ros2/workspace/src/install/controller/lib/controller
[2.600s] Installing tello_behaviour script to /home/alix.degironde/Public/tello-ros2/workspace/src/install/controller/lib/controller
[2.600s] writing list of installed files to '/home/alix.degironde/Public/tello-ros2/workspace/src/build/controller/install.log'
[2.644s] Invoked command in '/home/alix.degironde/Public/tello-ros2/workspace/src/controller' returned '0': DEBUGINFOD_URLS=https://debuginfod.ubuntu.com HISTTIMEFORMAT=%F %T PS1=(ven_IROS) \[\e]0;\u@\h: \w\a\]${debian_chroot:+($debian_chroot)}\[\033[01;32m\]\u@\h\[\033[00m\]:\[\033[01;34m\]\w\[\033[00m\]\$ PYTHONPATH=/home/alix.degironde/Public/tello-ros2/workspace/src/build/controller/prefix_override:/usr/lib/python3/dist-packages/colcon_core/task/python/colcon_distutils_commands:/home/alix.degironde/Public/tello-ros2/workspace/src/install/controller/lib/python3.12/site-packages:${PYTHONPATH} VIRTUAL_ENV_PROMPT=(ven_IROS) /usr/bin/python3 -W ignore:setup.py install is deprecated -W ignore:easy_install command is deprecated setup.py egg_info --egg-base ../build/controller build --build-base /home/alix.degironde/Public/tello-ros2/workspace/src/build/controller/build install --record /home/alix.degironde/Public/tello-ros2/workspace/src/build/controller/install.log --single-version-externally-managed install_data
