-- The C compiler identification is GNU 13.3.0
-- The CXX compiler identification is GNU 13.3.0
-- Detecting C compiler ABI info
-- Detecting C compiler ABI info - done
-- Check for working C compiler: /usr/bin/cc - skipped
-- Detecting C compile features
-- Detecting C compile features - done
-- Detecting CXX compiler ABI info
-- Detecting CXX compiler ABI info - done
-- Check for working CXX compiler: /usr/bin/c++ - skipped
-- Detecting CXX compile features
-- Detecting CXX compile features - done
-- Found ament_cmake: 2.5.4 (/opt/ros/jazzy/share/ament_cmake/cmake)
-- Found Python3: /usr/bin/python3 (found version "3.12.3") found components: Interpreter 
-- Found rosidl_default_generators: 1.6.0 (/opt/ros/jazzy/share/rosidl_default_generators/cmake)
-- Using all available rosidl_typesupport_c: rosidl_typesupport_fastrtps_c;rosidl_typesupport_introspection_c
-- Using all available rosidl_typesupport_cpp: rosidl_typesupport_fastrtps_cpp;rosidl_typesupport_introspection_cpp
-- Found rosidl_adapter: 4.6.6 (/opt/ros/jazzy/share/rosidl_adapter/cmake)
-- Found std_msgs: 5.3.6 (/opt/ros/jazzy/share/std_msgs/cmake)
-- Found geometry_msgs: 5.3.6 (/opt/ros/jazzy/share/geometry_msgs/cmake)
-- Found action_msgs: 2.0.3 (/opt/ros/jazzy/share/action_msgs/cmake)
-- Found ament_cmake_cppcheck: 0.17.3 (/opt/ros/jazzy/share/ament_cmake_cppcheck/cmake)
-- Found ament_cmake_cpplint: 0.17.3 (/opt/ros/jazzy/share/ament_cmake_cpplint/cmake)
-- Found ament_cmake_uncrustify: 0.17.3 (/opt/ros/jazzy/share/ament_cmake_uncrustify/cmake)
-- Found ament_cmake_ros: 0.12.0 (/opt/ros/jazzy/share/ament_cmake_ros/cmake)
-- Using all available rosidl_typesupport_c: rosidl_typesupport_fastrtps_c;rosidl_typesupport_introspection_c
-- Using all available rosidl_typesupport_cpp: rosidl_typesupport_fastrtps_cpp;rosidl_typesupport_introspection_cpp
-- Found python_cmake_module: 0.11.1 (/opt/ros/jazzy/share/python_cmake_module/cmake)
-- Found PythonExtra: /usr/bin/python3  
-- Found Python3: /usr/bin/python3 (found version "3.12.3") found components: Interpreter Development NumPy Development.Module Development.Embed 
-- Found ament_cmake_flake8: 0.17.3 (/opt/ros/jazzy/share/ament_cmake_flake8/cmake)
-- Found ament_cmake_pep257: 0.17.3 (/opt/ros/jazzy/share/ament_cmake_pep257/cmake)
-- Configuring done (10.5s)
-- Generating done (0.1s)
-- Build files have been written to: /home/alix.degironde/Public/tello-ros2/workspace/build/tello_msg
[  1%] [34m[1mGenerating type hashes for ROS interfaces[0m
[  1%] Built target tello_msg__rosidl_generator_type_description
[  1%] Built target ament_cmake_python_copy_tello_msg
[  2%] [34m[1mGenerating C code for ROS interfaces[0m
[  4%] [32mBuilding C object CMakeFiles/tello_msg__rosidl_generator_c.dir/rosidl_generator_c/tello_msg/msg/detail/tello_status__description.c.o[0m
[  5%] [32mBuilding C object CMakeFiles/tello_msg__rosidl_generator_c.dir/rosidl_generator_c/tello_msg/msg/detail/tello_status__functions.c.o[0m
[  6%] [32mBuilding C object CMakeFiles/tello_msg__rosidl_generator_c.dir/rosidl_generator_c/tello_msg/msg/detail/tello_status__type_support.c.o[0m
[  8%] [32mBuilding C object CMakeFiles/tello_msg__rosidl_generator_c.dir/rosidl_generator_c/tello_msg/msg/detail/tello_id__description.c.o[0m
[  9%] [32mBuilding C object CMakeFiles/tello_msg__rosidl_generator_c.dir/rosidl_generator_c/tello_msg/msg/detail/tello_id__functions.c.o[0m
[ 10%] [32mBuilding C object CMakeFiles/tello_msg__rosidl_generator_c.dir/rosidl_generator_c/tello_msg/msg/detail/tello_id__type_support.c.o[0m
[ 12%] [32mBuilding C object CMakeFiles/tello_msg__rosidl_generator_c.dir/rosidl_generator_c/tello_msg/msg/detail/tello_wifi_config__description.c.o[0m
[ 13%] [32mBuilding C object CMakeFiles/tello_msg__rosidl_generator_c.dir/rosidl_generator_c/tello_msg/msg/detail/tello_wifi_config__functions.c.o[0m
[ 14%] [32mBuilding C object CMakeFiles/tello_msg__rosidl_generator_c.dir/rosidl_generator_c/tello_msg/msg/detail/tello_wifi_config__type_support.c.o[0m
[ 16%] [32mBuilding C object CMakeFiles/tello_msg__rosidl_generator_c.dir/rosidl_generator_c/tello_msg/srv/detail/drone_mode__description.c.o[0m
[ 17%] [32mBuilding C object CMakeFiles/tello_msg__rosidl_generator_c.dir/rosidl_generator_c/tello_msg/srv/detail/drone_mode__functions.c.o[0m
[ 18%] [32mBuilding C object CMakeFiles/tello_msg__rosidl_generator_c.dir/rosidl_generator_c/tello_msg/srv/detail/drone_mode__type_support.c.o[0m
[ 20%] [32mBuilding C object CMakeFiles/tello_msg__rosidl_generator_c.dir/rosidl_generator_c/tello_msg/action/detail/spielberg__description.c.o[0m
[ 21%] [32mBuilding C object CMakeFiles/tello_msg__rosidl_generator_c.dir/rosidl_generator_c/tello_msg/action/detail/spielberg__functions.c.o[0m
[ 22%] [32mBuilding C object CMakeFiles/tello_msg__rosidl_generator_c.dir/rosidl_generator_c/tello_msg/action/detail/spielberg__type_support.c.o[0m
[ 24%] [32m[1mLinking C shared library libtello_msg__rosidl_generator_c.so[0m
[ 24%] Built target tello_msg__rosidl_generator_c
running egg_info
creating tello_msg.egg-info
writing tello_msg.egg-info/PKG-INFO
writing dependency_links to tello_msg.egg-info/dependency_links.txt
writing top-level names to tello_msg.egg-info/top_level.txt
writing manifest file 'tello_msg.egg-info/SOURCES.txt'
reading manifest file 'tello_msg.egg-info/SOURCES.txt'
writing manifest file 'tello_msg.egg-info/SOURCES.txt'
[ 24%] Built target ament_cmake_python_build_tello_msg_egg
[ 25%] [34m[1mGenerating C introspection for ROS interfaces[0m
[ 27%] [32mBuilding C object CMakeFiles/tello_msg__rosidl_typesupport_introspection_c.dir/rosidl_typesupport_introspection_c/tello_msg/msg/detail/tello_status__type_support.c.o[0m
[ 28%] [32mBuilding C object CMakeFiles/tello_msg__rosidl_typesupport_introspection_c.dir/rosidl_typesupport_introspection_c/tello_msg/msg/detail/tello_id__type_support.c.o[0m
[ 29%] [32mBuilding C object CMakeFiles/tello_msg__rosidl_typesupport_introspection_c.dir/rosidl_typesupport_introspection_c/tello_msg/msg/detail/tello_wifi_config__type_support.c.o[0m
[ 31%] [32mBuilding C object CMakeFiles/tello_msg__rosidl_typesupport_introspection_c.dir/rosidl_typesupport_introspection_c/tello_msg/srv/detail/drone_mode__type_support.c.o[0m
[ 32%] [32mBuilding C object CMakeFiles/tello_msg__rosidl_typesupport_introspection_c.dir/rosidl_typesupport_introspection_c/tello_msg/action/detail/spielberg__type_support.c.o[0m
[ 33%] [32m[1mLinking C shared library libtello_msg__rosidl_typesupport_introspection_c.so[0m
[ 33%] Built target tello_msg__rosidl_typesupport_introspection_c
[ 35%] [34m[1mGenerating C type support dispatch for ROS interfaces[0m
[ 36%] [32mBuilding CXX object CMakeFiles/tello_msg__rosidl_typesupport_c.dir/rosidl_typesupport_c/tello_msg/msg/tello_status__type_support.cpp.o[0m
[ 37%] [32mBuilding CXX object CMakeFiles/tello_msg__rosidl_typesupport_c.dir/rosidl_typesupport_c/tello_msg/msg/tello_id__type_support.cpp.o[0m
[ 39%] [32mBuilding CXX object CMakeFiles/tello_msg__rosidl_typesupport_c.dir/rosidl_typesupport_c/tello_msg/msg/tello_wifi_config__type_support.cpp.o[0m
[ 40%] [32mBuilding CXX object CMakeFiles/tello_msg__rosidl_typesupport_c.dir/rosidl_typesupport_c/tello_msg/srv/drone_mode__type_support.cpp.o[0m
[ 41%] [32mBuilding CXX object CMakeFiles/tello_msg__rosidl_typesupport_c.dir/rosidl_typesupport_c/tello_msg/action/spielberg__type_support.cpp.o[0m
[ 43%] [32m[1mLinking CXX shared library libtello_msg__rosidl_typesupport_c.so[0m
[ 43%] Built target tello_msg__rosidl_typesupport_c
[ 44%] [34m[1mGenerating C type support for eProsima Fast-RTPS[0m
[ 45%] [32mBuilding CXX object CMakeFiles/tello_msg__rosidl_typesupport_fastrtps_c.dir/rosidl_typesupport_fastrtps_c/tello_msg/msg/detail/tello_status__type_support_c.cpp.o[0m
[ 47%] [32mBuilding CXX object CMakeFiles/tello_msg__rosidl_typesupport_fastrtps_c.dir/rosidl_typesupport_fastrtps_c/tello_msg/msg/detail/tello_wifi_config__type_support_c.cpp.o[0m
[ 48%] [32mBuilding CXX object CMakeFiles/tello_msg__rosidl_typesupport_fastrtps_c.dir/rosidl_typesupport_fastrtps_c/tello_msg/srv/detail/drone_mode__type_support_c.cpp.o[0m
[ 50%] [32mBuilding CXX object CMakeFiles/tello_msg__rosidl_typesupport_fastrtps_c.dir/rosidl_typesupport_fastrtps_c/tello_msg/action/detail/spielberg__type_support_c.cpp.o[0m
[ 51%] [32mBuilding CXX object CMakeFiles/tello_msg__rosidl_typesupport_fastrtps_c.dir/rosidl_typesupport_fastrtps_c/tello_msg/msg/detail/tello_id__type_support_c.cpp.o[0m
[ 52%] [32m[1mLinking CXX shared library libtello_msg__rosidl_typesupport_fastrtps_c.so[0m
[ 52%] Built target tello_msg__rosidl_typesupport_fastrtps_c
[ 54%] [34m[1mGenerating C++ code for ROS interfaces[0m
[ 54%] Built target tello_msg__cpp
[ 55%] [34m[1mGenerating C++ type support dispatch for ROS interfaces[0m
