[0.027s] Invoking command in '/home/alix.degironde/Public/tello-ros2/workspace/build/tello_msg': CMAKE_PREFIX_PATH=${CMAKE_PREFIX_PATH}:/opt/ros/jazzy DEBUGINFOD_URLS=https://debuginfod.ubuntu.com HISTTIMEFORMAT=%F %T /usr/bin/cmake /home/alix.degironde/Public/tello-ros2/workspace/src/tello_msg -DCMAKE_INSTALL_PREFIX=/home/alix.degironde/Public/tello-ros2/workspace/install/tello_msg
[0.375s] -- The C compiler identification is GNU 13.3.0
[0.776s] -- The CXX compiler identification is GNU 13.3.0
[0.874s] -- Detecting C compiler ABI info
[1.309s] -- Detecting C compiler ABI info - done
[1.369s] -- Check for working C compiler: /usr/bin/cc - skipped
[1.372s] -- Detecting C compile features
[1.373s] -- Detecting C compile features - done
[1.485s] -- Detecting CXX compiler ABI info
[2.005s] -- Detecting CXX compiler ABI info - done
[2.088s] -- Check for working CXX compiler: /usr/bin/c++ - skipped
[2.088s] -- Detecting CXX compile features
[2.090s] -- Detecting CXX compile features - done
[2.137s] -- Found ament_cmake: 2.5.4 (/opt/ros/jazzy/share/ament_cmake/cmake)
[3.168s] -- Found Python3: /usr/bin/python3 (found version "3.12.3") found components: Interpreter 
[3.439s] -- Found rosidl_default_generators: 1.6.0 (/opt/ros/jazzy/share/rosidl_default_generators/cmake)
[3.451s] -- Using all available rosidl_typesupport_c: rosidl_typesupport_fastrtps_c;rosidl_typesupport_introspection_c
[3.591s] -- Using all available rosidl_typesupport_cpp: rosidl_typesupport_fastrtps_cpp;rosidl_typesupport_introspection_cpp
[3.720s] -- Found rosidl_adapter: 4.6.6 (/opt/ros/jazzy/share/rosidl_adapter/cmake)
[3.728s] -- Found std_msgs: 5.3.6 (/opt/ros/jazzy/share/std_msgs/cmake)
[3.803s] -- Found geometry_msgs: 5.3.6 (/opt/ros/jazzy/share/geometry_msgs/cmake)
[3.829s] -- Found action_msgs: 2.0.3 (/opt/ros/jazzy/share/action_msgs/cmake)
[5.718s] -- Found ament_cmake_cppcheck: 0.17.3 (/opt/ros/jazzy/share/ament_cmake_cppcheck/cmake)
[5.742s] -- Found ament_cmake_cpplint: 0.17.3 (/opt/ros/jazzy/share/ament_cmake_cpplint/cmake)
[5.762s] -- Found ament_cmake_uncrustify: 0.17.3 (/opt/ros/jazzy/share/ament_cmake_uncrustify/cmake)
[5.782s] -- Found ament_cmake_ros: 0.12.0 (/opt/ros/jazzy/share/ament_cmake_ros/cmake)
[7.107s] -- Using all available rosidl_typesupport_c: rosidl_typesupport_fastrtps_c;rosidl_typesupport_introspection_c
[8.937s] -- Using all available rosidl_typesupport_cpp: rosidl_typesupport_fastrtps_cpp;rosidl_typesupport_introspection_cpp
[8.967s] -- Found python_cmake_module: 0.11.1 (/opt/ros/jazzy/share/python_cmake_module/cmake)
[9.475s] -- Found PythonExtra: /usr/bin/python3  
[10.390s] -- Found Python3: /usr/bin/python3 (found version "3.12.3") found components: Interpreter Development NumPy Development.Module Development.Embed 
[10.536s] -- Found ament_cmake_flake8: 0.17.3 (/opt/ros/jazzy/share/ament_cmake_flake8/cmake)
[10.545s] -- Found ament_cmake_pep257: 0.17.3 (/opt/ros/jazzy/share/ament_cmake_pep257/cmake)
[10.559s] -- Configuring done (10.5s)
[10.669s] -- Generating done (0.1s)
[10.686s] -- Build files have been written to: /home/alix.degironde/Public/tello-ros2/workspace/build/tello_msg
[10.723s] Invoked command in '/home/alix.degironde/Public/tello-ros2/workspace/build/tello_msg' returned '0': CMAKE_PREFIX_PATH=${CMAKE_PREFIX_PATH}:/opt/ros/jazzy DEBUGINFOD_URLS=https://debuginfod.ubuntu.com HISTTIMEFORMAT=%F %T /usr/bin/cmake /home/alix.degironde/Public/tello-ros2/workspace/src/tello_msg -DCMAKE_INSTALL_PREFIX=/home/alix.degironde/Public/tello-ros2/workspace/install/tello_msg
[10.723s] Invoking command in '/home/alix.degironde/Public/tello-ros2/workspace/build/tello_msg': CMAKE_PREFIX_PATH=${CMAKE_PREFIX_PATH}:/opt/ros/jazzy DEBUGINFOD_URLS=https://debuginfod.ubuntu.com HISTTIMEFORMAT=%F %T /usr/bin/cmake --build /home/alix.degironde/Public/tello-ros2/workspace/build/tello_msg -- -j4 -l4
[10.907s] [  1%] [34m[1mGenerating type hashes for ROS interfaces[0m
[12.138s] [  1%] Built target tello_msg__rosidl_generator_type_description
[12.222s] [  1%] Built target ament_cmake_python_copy_tello_msg
[12.248s] [  2%] [34m[1mGenerating C code for ROS interfaces[0m
[14.983s] [  4%] [32mBuilding C object CMakeFiles/tello_msg__rosidl_generator_c.dir/rosidl_generator_c/tello_msg/msg/detail/tello_status__description.c.o[0m
[15.066s] [  5%] [32mBuilding C object CMakeFiles/tello_msg__rosidl_generator_c.dir/rosidl_generator_c/tello_msg/msg/detail/tello_status__functions.c.o[0m
[15.193s] [  6%] [32mBuilding C object CMakeFiles/tello_msg__rosidl_generator_c.dir/rosidl_generator_c/tello_msg/msg/detail/tello_status__type_support.c.o[0m
[15.268s] [  8%] [32mBuilding C object CMakeFiles/tello_msg__rosidl_generator_c.dir/rosidl_generator_c/tello_msg/msg/detail/tello_id__description.c.o[0m
[15.348s] [  9%] [32mBuilding C object CMakeFiles/tello_msg__rosidl_generator_c.dir/rosidl_generator_c/tello_msg/msg/detail/tello_id__functions.c.o[0m
[15.486s] [ 10%] [32mBuilding C object CMakeFiles/tello_msg__rosidl_generator_c.dir/rosidl_generator_c/tello_msg/msg/detail/tello_id__type_support.c.o[0m
[15.581s] [ 12%] [32mBuilding C object CMakeFiles/tello_msg__rosidl_generator_c.dir/rosidl_generator_c/tello_msg/msg/detail/tello_wifi_config__description.c.o[0m
[15.659s] [ 13%] [32mBuilding C object CMakeFiles/tello_msg__rosidl_generator_c.dir/rosidl_generator_c/tello_msg/msg/detail/tello_wifi_config__functions.c.o[0m
[15.760s] [ 14%] [32mBuilding C object CMakeFiles/tello_msg__rosidl_generator_c.dir/rosidl_generator_c/tello_msg/msg/detail/tello_wifi_config__type_support.c.o[0m
[15.826s] [ 16%] [32mBuilding C object CMakeFiles/tello_msg__rosidl_generator_c.dir/rosidl_generator_c/tello_msg/srv/detail/drone_mode__description.c.o[0m
[15.917s] [ 17%] [32mBuilding C object CMakeFiles/tello_msg__rosidl_generator_c.dir/rosidl_generator_c/tello_msg/srv/detail/drone_mode__functions.c.o[0m
[16.093s] [ 18%] [32mBuilding C object CMakeFiles/tello_msg__rosidl_generator_c.dir/rosidl_generator_c/tello_msg/srv/detail/drone_mode__type_support.c.o[0m
[16.165s] [ 20%] [32mBuilding C object CMakeFiles/tello_msg__rosidl_generator_c.dir/rosidl_generator_c/tello_msg/action/detail/spielberg__description.c.o[0m
[16.320s] [ 21%] [32mBuilding C object CMakeFiles/tello_msg__rosidl_generator_c.dir/rosidl_generator_c/tello_msg/action/detail/spielberg__functions.c.o[0m
[16.747s] [ 22%] [32mBuilding C object CMakeFiles/tello_msg__rosidl_generator_c.dir/rosidl_generator_c/tello_msg/action/detail/spielberg__type_support.c.o[0m
[16.866s] [ 24%] [32m[1mLinking C shared library libtello_msg__rosidl_generator_c.so[0m
[16.971s] [ 24%] Built target tello_msg__rosidl_generator_c
[17.792s] running egg_info
[17.793s] creating tello_msg.egg-info
[17.854s] writing tello_msg.egg-info/PKG-INFO
[17.855s] writing dependency_links to tello_msg.egg-info/dependency_links.txt
[17.858s] writing top-level names to tello_msg.egg-info/top_level.txt
[17.858s] writing manifest file 'tello_msg.egg-info/SOURCES.txt'
[18.078s] reading manifest file 'tello_msg.egg-info/SOURCES.txt'
[18.079s] writing manifest file 'tello_msg.egg-info/SOURCES.txt'
[18.185s] [ 24%] Built target ament_cmake_python_build_tello_msg_egg
[18.205s] [ 25%] [34m[1mGenerating C introspection for ROS interfaces[0m
[19.447s] [ 27%] [32mBuilding C object CMakeFiles/tello_msg__rosidl_typesupport_introspection_c.dir/rosidl_typesupport_introspection_c/tello_msg/msg/detail/tello_status__type_support.c.o[0m
[19.530s] [ 28%] [32mBuilding C object CMakeFiles/tello_msg__rosidl_typesupport_introspection_c.dir/rosidl_typesupport_introspection_c/tello_msg/msg/detail/tello_id__type_support.c.o[0m
[19.598s] [ 29%] [32mBuilding C object CMakeFiles/tello_msg__rosidl_typesupport_introspection_c.dir/rosidl_typesupport_introspection_c/tello_msg/msg/detail/tello_wifi_config__type_support.c.o[0m
[19.666s] [ 31%] [32mBuilding C object CMakeFiles/tello_msg__rosidl_typesupport_introspection_c.dir/rosidl_typesupport_introspection_c/tello_msg/srv/detail/drone_mode__type_support.c.o[0m
[19.745s] [ 32%] [32mBuilding C object CMakeFiles/tello_msg__rosidl_typesupport_introspection_c.dir/rosidl_typesupport_introspection_c/tello_msg/action/detail/spielberg__type_support.c.o[0m
[19.929s] [ 33%] [32m[1mLinking C shared library libtello_msg__rosidl_typesupport_introspection_c.so[0m
[20.046s] [ 33%] Built target tello_msg__rosidl_typesupport_introspection_c
[20.095s] [ 35%] [34m[1mGenerating C type support dispatch for ROS interfaces[0m
[21.461s] [ 36%] [32mBuilding CXX object CMakeFiles/tello_msg__rosidl_typesupport_c.dir/rosidl_typesupport_c/tello_msg/msg/tello_status__type_support.cpp.o[0m
[21.527s] [ 37%] [32mBuilding CXX object CMakeFiles/tello_msg__rosidl_typesupport_c.dir/rosidl_typesupport_c/tello_msg/msg/tello_id__type_support.cpp.o[0m
[21.606s] [ 39%] [32mBuilding CXX object CMakeFiles/tello_msg__rosidl_typesupport_c.dir/rosidl_typesupport_c/tello_msg/msg/tello_wifi_config__type_support.cpp.o[0m
[21.697s] [ 40%] [32mBuilding CXX object CMakeFiles/tello_msg__rosidl_typesupport_c.dir/rosidl_typesupport_c/tello_msg/srv/drone_mode__type_support.cpp.o[0m
[21.792s] [ 41%] [32mBuilding CXX object CMakeFiles/tello_msg__rosidl_typesupport_c.dir/rosidl_typesupport_c/tello_msg/action/spielberg__type_support.cpp.o[0m
[21.894s] [ 43%] [32m[1mLinking CXX shared library libtello_msg__rosidl_typesupport_c.so[0m
[21.966s] [ 43%] Built target tello_msg__rosidl_typesupport_c
[21.986s] [ 44%] [34m[1mGenerating C type support for eProsima Fast-RTPS[0m
[23.571s] [ 45%] [32mBuilding CXX object CMakeFiles/tello_msg__rosidl_typesupport_fastrtps_c.dir/rosidl_typesupport_fastrtps_c/tello_msg/msg/detail/tello_status__type_support_c.cpp.o[0m
[24.506s] [ 47%] [32mBuilding CXX object CMakeFiles/tello_msg__rosidl_typesupport_fastrtps_c.dir/rosidl_typesupport_fastrtps_c/tello_msg/msg/detail/tello_wifi_config__type_support_c.cpp.o[0m
[25.399s] [ 48%] [32mBuilding CXX object CMakeFiles/tello_msg__rosidl_typesupport_fastrtps_c.dir/rosidl_typesupport_fastrtps_c/tello_msg/srv/detail/drone_mode__type_support_c.cpp.o[0m
[26.330s] [ 50%] [32mBuilding CXX object CMakeFiles/tello_msg__rosidl_typesupport_fastrtps_c.dir/rosidl_typesupport_fastrtps_c/tello_msg/action/detail/spielberg__type_support_c.cpp.o[0m
[27.815s] [ 51%] [32mBuilding CXX object CMakeFiles/tello_msg__rosidl_typesupport_fastrtps_c.dir/rosidl_typesupport_fastrtps_c/tello_msg/msg/detail/tello_id__type_support_c.cpp.o[0m
[28.718s] [ 52%] [32m[1mLinking CXX shared library libtello_msg__rosidl_typesupport_fastrtps_c.so[0m
[28.920s] [ 52%] Built target tello_msg__rosidl_typesupport_fastrtps_c
[28.960s] [ 54%] [34m[1mGenerating C++ code for ROS interfaces[0m
[31.575s] [ 54%] Built target tello_msg__cpp
[31.621s] [ 55%] [34m[1mGenerating C++ type support dispatch for ROS interfaces[0m
[32.423s] Traceback (most recent call last):
[32.423s]   File "/opt/ros/jazzy/lib/rosidl_typesupport_cpp/rosidl_typesupport_cpp", line 28, in <module>
[32.423s]     sys.exit(main())
[32.423s]              ^^^^^^
[32.426s]   File "/opt/ros/jazzy/lib/rosidl_typesupport_cpp/rosidl_typesupport_cpp", line 24, in main
[32.426s]     generate_cpp(args.generator_arguments_file, args.typesupports)
[32.426s]   File "/opt/ros/jazzy/lib/python3.12/site-packages/rosidl_typesupport_cpp/__init__.py", line 28, in generate_cpp
[32.426s]     return generate_files(
[32.445s]            ^^^^^^^^^^^^^^^
[32.446s]   File "/opt/ros/jazzy/lib/python3.12/site-packages/rosidl_pycommon/__init__.py", line 117, in generate_files
[32.447s] gmake[2]: *** Suppression du fichier « rosidl_typesupport_cpp/tello_msg/msg/tello_status__type_support.cpp »
[32.447s]     expand_template(
[32.460s]   File "/opt/ros/jazzy/lib/python3.12/site-packages/rosidl_pycommon/__init__.py", line 193, in expand_template
[32.460s]     interpreter.string(template_content, template_path, locals=data)
[32.461s]   File "/usr/lib/python3/dist-packages/em.py", line 2391, in string
[32.461s]     self.safe(scanner, True, locals)
[32.461s]   File "/usr/lib/python3/dist-packages/em.py", line 2401, in safe
[32.461s]     self.parse(scanner, locals)
[32.461s]   File "/usr/lib/python3/dist-packages/em.py", line 2421, in parse
[32.461s]     token.run(self, locals)
[32.461s]   File "/usr/lib/python3/dist-packages/em.py", line 1547, in run
[32.461s]     self.subrun(info[0][1], interpreter, locals)
[32.478s]   File "/usr/lib/python3/dist-packages/em.py", line 1631, in subrun
[32.482s]     token.run(interpreter, locals)
[32.482s]   File "/usr/lib/python3/dist-packages/em.py", line 1425, in run
[32.482s]     interpreter.execute(self.code, locals)
[32.482s]   File "/usr/lib/python3/dist-packages/em.py", line 2596, in execute
[32.493s]     _exec(statements, self.globals, locals)
[32.493s]   File "<string>", line 2, in <module>
[32.493s]   File "/opt/ros/jazzy/lib/python3.12/site-packages/rosidl_pycommon/__init__.py", line 245, in _expand_template
[32.494s]     interpreter.string(content, template_path, locals=kwargs)
[32.494s]   File "/usr/lib/python3/dist-packages/em.py", line 2391, in string
[32.494s]     self.safe(scanner, True, locals)
[32.494s]   File "/usr/lib/python3/dist-packages/em.py", line 2401, in safe
[32.494s]     self.parse(scanner, locals)
[32.494s]   File "/usr/lib/python3/dist-packages/em.py", line 2421, in parse
[32.494s]     token.run(self, locals)
[32.494s]   File "/usr/lib/python3/dist-packages/em.py", line 1425, in run
[32.495s]     interpreter.execute(self.code, locals)
[32.495s]   File "/usr/lib/python3/dist-packages/em.py", line 2596, in execute
[32.495s]     _exec(statements, self.globals, locals)
[32.495s]   File "<string>", line 2, in <module>
[32.495s]   File "/opt/ros/jazzy/lib/python3.12/site-packages/rosidl_pycommon/__init__.py", line 245, in _expand_template
[32.495s]     interpreter.string(content, template_path, locals=kwargs)
[32.495s]   File "/usr/lib/python3/dist-packages/em.py", line 2391, in string
[32.495s]     self.safe(scanner, True, locals)
[32.502s]   File "/usr/lib/python3/dist-packages/em.py", line 2401, in safe
[32.502s]     self.parse(scanner, locals)
[32.502s]   File "/usr/lib/python3/dist-packages/em.py", line 2417, in parse
[32.503s]     token = scanner.one()
[32.503s]             ^^^^^^^^^^^^^
[32.503s]   File "/usr/lib/python3/dist-packages/em.py", line 1969, in one
[32.503s]     prefix = self.chop(1)
[32.503s]              ^^^^^^^^^^^^
[32.503s]   File "/usr/lib/python3/dist-packages/em.py", line 1724, in chop
[32.503s]     if count > len(self):
[32.503s]                ^^^^^^^^^
[32.504s]   File "/usr/lib/python3/dist-packages/em.py", line 1680, in __len__
[32.504s]     def __len__(self): return len(self.buffer) - self.pointer
[32.508s] 
[32.508s] KeyboardInterrupt
[32.513s] Exception ignored in: <function Interpreter.__del__ at 0x744556e132e0>
[32.513s] Traceback (most recent call last):
[32.513s]   File "/usr/lib/python3/dist-packages/em.py", line 2094, in __del__
[32.514s]   File "/usr/lib/python3/dist-packages/em.py", line 2157, in shutdown
[32.514s]   File "/usr/lib/python3/dist-packages/em.py", line 2647, in finalize
[32.514s]   File "/usr/lib/python3/dist-packages/em.py", line 2200, in push
[32.514s] AttributeError: '_io.TextIOWrapper' object has no attribute 'push'
[32.541s] gmake[2]: *** [CMakeFiles/tello_msg__rosidl_typesupport_cpp.dir/build.make:154: rosidl_typesupport_cpp/tello_msg/msg/tello_status__type_support.cpp] Interrompre
[32.541s] gmake[1]: *** [CMakeFiles/Makefile2:425: CMakeFiles/tello_msg__rosidl_typesupport_cpp.dir/all] Interrompre
[32.543s] gmake: *** [Makefile:146: all] Interrompre
[32.551s] Invoked command in '/home/alix.degironde/Public/tello-ros2/workspace/build/tello_msg' returned '-2': CMAKE_PREFIX_PATH=${CMAKE_PREFIX_PATH}:/opt/ros/jazzy DEBUGINFOD_URLS=https://debuginfod.ubuntu.com HISTTIMEFORMAT=%F %T /usr/bin/cmake --build /home/alix.degironde/Public/tello-ros2/workspace/build/tello_msg -- -j4 -l4
