[0.152s] DEBUG:colcon:Command line arguments: ['/usr/bin/colcon', 'build']
[0.152s] DEBUG:colcon:Parsed command line arguments: Namespace(log_base=None, log_level=None, verb_name='build', build_base='build', install_base='install', merge_install=False, symlink_install=False, test_result_base=None, continue_on_error=False, executor='parallel', parallel_workers=4, event_handlers=None, ignore_user_meta=False, metas=['./colcon.meta'], base_paths=['.'], packages_ignore=None, packages_ignore_regex=None, paths=None, packages_up_to=None, packages_up_to_regex=None, packages_above=None, packages_above_and_dependencies=None, packages_above_depth=None, packages_select_by_dep=None, packages_skip_by_dep=None, packages_skip_up_to=None, packages_select_build_failed=False, packages_skip_build_finished=False, packages_select_test_failures=False, packages_skip_test_passed=False, packages_select=None, packages_skip=None, packages_select_regex=None, packages_skip_regex=None, packages_start=None, packages_end=None, allow_overriding=[], cmake_args=None, cmake_target=None, cmake_target_skip_unavailable=False, cmake_clean_cache=False, cmake_clean_first=False, cmake_force_configure=False, ament_cmake_args=None, catkin_cmake_args=None, catkin_skip_building_tests=False, mixin_files=None, mixin=None, verb_parser=<colcon_mixin.mixin.mixin_argument.MixinArgumentDecorator object at 0x7e9b132f43e0>, verb_extension=<colcon_core.verb.build.BuildVerb object at 0x7e9b132f4140>, main=<bound method BuildVerb.main of <colcon_core.verb.build.BuildVerb object at 0x7e9b132f4140>>, mixin_verb=('build',))
[0.197s] Level 1:colcon.colcon_core.package_discovery:discover_packages(colcon_meta) check parameters
[0.197s] Level 1:colcon.colcon_core.package_discovery:discover_packages(recursive) check parameters
[0.197s] Level 1:colcon.colcon_core.package_discovery:discover_packages(ignore) check parameters
[0.197s] Level 1:colcon.colcon_core.package_discovery:discover_packages(path) check parameters
[0.197s] Level 1:colcon.colcon_core.package_discovery:discover_packages(colcon_meta) discover
[0.197s] Level 1:colcon.colcon_core.package_discovery:discover_packages(recursive) discover
[0.197s] INFO:colcon.colcon_core.package_discovery:Crawling recursively for packages in '/home/alix.degironde/Public/tello-ros2/workspace'
[0.197s] Level 1:colcon.colcon_core.package_identification:_identify(.) by extensions ['ignore', 'ignore_ament_install']
[0.197s] Level 1:colcon.colcon_core.package_identification:_identify(.) by extension 'ignore'
[0.197s] Level 1:colcon.colcon_core.package_identification:_identify(.) by extension 'ignore_ament_install'
[0.198s] Level 1:colcon.colcon_core.package_identification:_identify(.) by extensions ['colcon_pkg']
[0.198s] Level 1:colcon.colcon_core.package_identification:_identify(.) by extension 'colcon_pkg'
[0.198s] Level 1:colcon.colcon_core.package_identification:_identify(.) by extensions ['colcon_meta']
[0.198s] Level 1:colcon.colcon_core.package_identification:_identify(.) by extension 'colcon_meta'
[0.198s] Level 1:colcon.colcon_core.package_identification:_identify(.) by extensions ['ros']
[0.198s] Level 1:colcon.colcon_core.package_identification:_identify(.) by extension 'ros'
[0.227s] Level 1:colcon.colcon_core.package_identification:_identify(.) by extensions ['cmake', 'python']
[0.227s] Level 1:colcon.colcon_core.package_identification:_identify(.) by extension 'cmake'
[0.227s] Level 1:colcon.colcon_core.package_identification:_identify(.) by extension 'python'
[0.227s] Level 1:colcon.colcon_core.package_identification:_identify(.) by extensions ['python_setup_py']
[0.227s] Level 1:colcon.colcon_core.package_identification:_identify(.) by extension 'python_setup_py'
[0.227s] Level 1:colcon.colcon_core.package_identification:_identify(build) by extensions ['ignore', 'ignore_ament_install']
[0.227s] Level 1:colcon.colcon_core.package_identification:_identify(build) by extension 'ignore'
[0.227s] Level 1:colcon.colcon_core.package_identification:_identify(build) ignored
[0.227s] Level 1:colcon.colcon_core.package_identification:_identify(install) by extensions ['ignore', 'ignore_ament_install']
[0.227s] Level 1:colcon.colcon_core.package_identification:_identify(install) by extension 'ignore'
[0.228s] Level 1:colcon.colcon_core.package_identification:_identify(install) ignored
[0.228s] Level 1:colcon.colcon_core.package_identification:_identify(log) by extensions ['ignore', 'ignore_ament_install']
[0.228s] Level 1:colcon.colcon_core.package_identification:_identify(log) by extension 'ignore'
[0.228s] Level 1:colcon.colcon_core.package_identification:_identify(log) ignored
[0.228s] Level 1:colcon.colcon_core.package_identification:_identify(src) by extensions ['ignore', 'ignore_ament_install']
[0.228s] Level 1:colcon.colcon_core.package_identification:_identify(src) by extension 'ignore'
[0.228s] Level 1:colcon.colcon_core.package_identification:_identify(src) by extension 'ignore_ament_install'
[0.228s] Level 1:colcon.colcon_core.package_identification:_identify(src) by extensions ['colcon_pkg']
[0.228s] Level 1:colcon.colcon_core.package_identification:_identify(src) by extension 'colcon_pkg'
[0.228s] Level 1:colcon.colcon_core.package_identification:_identify(src) by extensions ['colcon_meta']
[0.228s] Level 1:colcon.colcon_core.package_identification:_identify(src) by extension 'colcon_meta'
[0.228s] Level 1:colcon.colcon_core.package_identification:_identify(src) by extensions ['ros']
[0.228s] Level 1:colcon.colcon_core.package_identification:_identify(src) by extension 'ros'
[0.229s] Level 1:colcon.colcon_core.package_identification:_identify(src) by extensions ['cmake', 'python']
[0.229s] Level 1:colcon.colcon_core.package_identification:_identify(src) by extension 'cmake'
[0.229s] Level 1:colcon.colcon_core.package_identification:_identify(src) by extension 'python'
[0.229s] Level 1:colcon.colcon_core.package_identification:_identify(src) by extensions ['python_setup_py']
[0.229s] Level 1:colcon.colcon_core.package_identification:_identify(src) by extension 'python_setup_py'
[0.229s] Level 1:colcon.colcon_core.package_identification:_identify(src/controller) by extensions ['ignore', 'ignore_ament_install']
[0.229s] Level 1:colcon.colcon_core.package_identification:_identify(src/controller) by extension 'ignore'
[0.229s] Level 1:colcon.colcon_core.package_identification:_identify(src/controller) by extension 'ignore_ament_install'
[0.229s] Level 1:colcon.colcon_core.package_identification:_identify(src/controller) by extensions ['colcon_pkg']
[0.229s] Level 1:colcon.colcon_core.package_identification:_identify(src/controller) by extension 'colcon_pkg'
[0.229s] Level 1:colcon.colcon_core.package_identification:_identify(src/controller) by extensions ['colcon_meta']
[0.229s] Level 1:colcon.colcon_core.package_identification:_identify(src/controller) by extension 'colcon_meta'
[0.229s] Level 1:colcon.colcon_core.package_identification:_identify(src/controller) by extensions ['ros']
[0.229s] Level 1:colcon.colcon_core.package_identification:_identify(src/controller) by extension 'ros'
[0.233s] DEBUG:colcon.colcon_core.package_identification:Package 'src/controller' with type 'ros.ament_python' and name 'controller'
[0.233s] Level 1:colcon.colcon_core.package_identification:_identify(src/tello) by extensions ['ignore', 'ignore_ament_install']
[0.233s] Level 1:colcon.colcon_core.package_identification:_identify(src/tello) by extension 'ignore'
[0.233s] Level 1:colcon.colcon_core.package_identification:_identify(src/tello) ignored
[0.233s] Level 1:colcon.colcon_core.package_identification:_identify(src/tello_control) by extensions ['ignore', 'ignore_ament_install']
[0.233s] Level 1:colcon.colcon_core.package_identification:_identify(src/tello_control) by extension 'ignore'
[0.233s] Level 1:colcon.colcon_core.package_identification:_identify(src/tello_control) by extension 'ignore_ament_install'
[0.233s] Level 1:colcon.colcon_core.package_identification:_identify(src/tello_control) by extensions ['colcon_pkg']
[0.233s] Level 1:colcon.colcon_core.package_identification:_identify(src/tello_control) by extension 'colcon_pkg'
[0.233s] Level 1:colcon.colcon_core.package_identification:_identify(src/tello_control) by extensions ['colcon_meta']
[0.234s] Level 1:colcon.colcon_core.package_identification:_identify(src/tello_control) by extension 'colcon_meta'
[0.234s] Level 1:colcon.colcon_core.package_identification:_identify(src/tello_control) by extensions ['ros']
[0.234s] Level 1:colcon.colcon_core.package_identification:_identify(src/tello_control) by extension 'ros'
[0.234s] DEBUG:colcon.colcon_core.package_identification:Package 'src/tello_control' with type 'ros.ament_cmake' and name 'tello_control'
[0.234s] Level 1:colcon.colcon_core.package_identification:_identify(src/tello_msg) by extensions ['ignore', 'ignore_ament_install']
[0.234s] Level 1:colcon.colcon_core.package_identification:_identify(src/tello_msg) by extension 'ignore'
[0.234s] Level 1:colcon.colcon_core.package_identification:_identify(src/tello_msg) by extension 'ignore_ament_install'
[0.235s] Level 1:colcon.colcon_core.package_identification:_identify(src/tello_msg) by extensions ['colcon_pkg']
[0.235s] Level 1:colcon.colcon_core.package_identification:_identify(src/tello_msg) by extension 'colcon_pkg'
[0.235s] Level 1:colcon.colcon_core.package_identification:_identify(src/tello_msg) by extensions ['colcon_meta']
[0.235s] Level 1:colcon.colcon_core.package_identification:_identify(src/tello_msg) by extension 'colcon_meta'
[0.235s] Level 1:colcon.colcon_core.package_identification:_identify(src/tello_msg) by extensions ['ros']
[0.235s] Level 1:colcon.colcon_core.package_identification:_identify(src/tello_msg) by extension 'ros'
[0.235s] DEBUG:colcon.colcon_core.package_identification:Package 'src/tello_msg' with type 'ros.ament_cmake' and name 'tello_msg'
[0.236s] Level 1:colcon.colcon_core.package_discovery:discover_packages(recursive) using defaults
[0.236s] Level 1:colcon.colcon_core.package_discovery:discover_packages(ignore) discover
[0.236s] Level 1:colcon.colcon_core.package_discovery:discover_packages(ignore) using defaults
[0.236s] Level 1:colcon.colcon_core.package_discovery:discover_packages(path) discover
[0.236s] Level 1:colcon.colcon_core.package_discovery:discover_packages(path) using defaults
[0.255s] Level 1:colcon.colcon_core.package_discovery:discover_packages(prefix_path) check parameters
[0.255s] Level 1:colcon.colcon_core.package_discovery:discover_packages(prefix_path) discover
[0.260s] DEBUG:colcon.colcon_installed_package_information.package_discovery:Found 481 installed packages in /opt/ros/jazzy
[0.262s] Level 1:colcon.colcon_core.package_discovery:discover_packages(prefix_path) using defaults
[0.348s] Level 5:colcon.colcon_core.verb:set package 'tello_control' build argument 'cmake_args' from command line to 'None'
[0.348s] Level 5:colcon.colcon_core.verb:set package 'tello_control' build argument 'cmake_target' from command line to 'None'
[0.349s] Level 5:colcon.colcon_core.verb:set package 'tello_control' build argument 'cmake_target_skip_unavailable' from command line to 'False'
[0.349s] Level 5:colcon.colcon_core.verb:set package 'tello_control' build argument 'cmake_clean_cache' from command line to 'False'
[0.349s] Level 5:colcon.colcon_core.verb:set package 'tello_control' build argument 'cmake_clean_first' from command line to 'False'
[0.349s] Level 5:colcon.colcon_core.verb:set package 'tello_control' build argument 'cmake_force_configure' from command line to 'False'
[0.349s] Level 5:colcon.colcon_core.verb:set package 'tello_control' build argument 'ament_cmake_args' from command line to 'None'
[0.349s] Level 5:colcon.colcon_core.verb:set package 'tello_control' build argument 'catkin_cmake_args' from command line to 'None'
[0.349s] Level 5:colcon.colcon_core.verb:set package 'tello_control' build argument 'catkin_skip_building_tests' from command line to 'False'
[0.349s] DEBUG:colcon.colcon_core.verb:Building package 'tello_control' with the following arguments: {'ament_cmake_args': None, 'build_base': '/home/alix.degironde/Public/tello-ros2/workspace/build/tello_control', 'catkin_cmake_args': None, 'catkin_skip_building_tests': False, 'cmake_args': None, 'cmake_clean_cache': False, 'cmake_clean_first': False, 'cmake_force_configure': False, 'cmake_target': None, 'cmake_target_skip_unavailable': False, 'install_base': '/home/alix.degironde/Public/tello-ros2/workspace/install/tello_control', 'merge_install': False, 'path': '/home/alix.degironde/Public/tello-ros2/workspace/src/tello_control', 'symlink_install': False, 'test_result_base': None}
[0.349s] Level 5:colcon.colcon_core.verb:set package 'tello_msg' build argument 'cmake_args' from command line to 'None'
[0.349s] Level 5:colcon.colcon_core.verb:set package 'tello_msg' build argument 'cmake_target' from command line to 'None'
[0.349s] Level 5:colcon.colcon_core.verb:set package 'tello_msg' build argument 'cmake_target_skip_unavailable' from command line to 'False'
[0.349s] Level 5:colcon.colcon_core.verb:set package 'tello_msg' build argument 'cmake_clean_cache' from command line to 'False'
[0.349s] Level 5:colcon.colcon_core.verb:set package 'tello_msg' build argument 'cmake_clean_first' from command line to 'False'
[0.349s] Level 5:colcon.colcon_core.verb:set package 'tello_msg' build argument 'cmake_force_configure' from command line to 'False'
[0.349s] Level 5:colcon.colcon_core.verb:set package 'tello_msg' build argument 'ament_cmake_args' from command line to 'None'
[0.349s] Level 5:colcon.colcon_core.verb:set package 'tello_msg' build argument 'catkin_cmake_args' from command line to 'None'
[0.349s] Level 5:colcon.colcon_core.verb:set package 'tello_msg' build argument 'catkin_skip_building_tests' from command line to 'False'
[0.350s] DEBUG:colcon.colcon_core.verb:Building package 'tello_msg' with the following arguments: {'ament_cmake_args': None, 'build_base': '/home/alix.degironde/Public/tello-ros2/workspace/build/tello_msg', 'catkin_cmake_args': None, 'catkin_skip_building_tests': False, 'cmake_args': None, 'cmake_clean_cache': False, 'cmake_clean_first': False, 'cmake_force_configure': False, 'cmake_target': None, 'cmake_target_skip_unavailable': False, 'install_base': '/home/alix.degironde/Public/tello-ros2/workspace/install/tello_msg', 'merge_install': False, 'path': '/home/alix.degironde/Public/tello-ros2/workspace/src/tello_msg', 'symlink_install': False, 'test_result_base': None}
[0.350s] Level 5:colcon.colcon_core.verb:set package 'controller' build argument 'cmake_args' from command line to 'None'
[0.350s] Level 5:colcon.colcon_core.verb:set package 'controller' build argument 'cmake_target' from command line to 'None'
[0.350s] Level 5:colcon.colcon_core.verb:set package 'controller' build argument 'cmake_target_skip_unavailable' from command line to 'False'
[0.350s] Level 5:colcon.colcon_core.verb:set package 'controller' build argument 'cmake_clean_cache' from command line to 'False'
[0.350s] Level 5:colcon.colcon_core.verb:set package 'controller' build argument 'cmake_clean_first' from command line to 'False'
[0.350s] Level 5:colcon.colcon_core.verb:set package 'controller' build argument 'cmake_force_configure' from command line to 'False'
[0.350s] Level 5:colcon.colcon_core.verb:set package 'controller' build argument 'ament_cmake_args' from command line to 'None'
[0.350s] Level 5:colcon.colcon_core.verb:set package 'controller' build argument 'catkin_cmake_args' from command line to 'None'
[0.350s] Level 5:colcon.colcon_core.verb:set package 'controller' build argument 'catkin_skip_building_tests' from command line to 'False'
[0.350s] DEBUG:colcon.colcon_core.verb:Building package 'controller' with the following arguments: {'ament_cmake_args': None, 'build_base': '/home/alix.degironde/Public/tello-ros2/workspace/build/controller', 'catkin_cmake_args': None, 'catkin_skip_building_tests': False, 'cmake_args': None, 'cmake_clean_cache': False, 'cmake_clean_first': False, 'cmake_force_configure': False, 'cmake_target': None, 'cmake_target_skip_unavailable': False, 'install_base': '/home/alix.degironde/Public/tello-ros2/workspace/install/controller', 'merge_install': False, 'path': '/home/alix.degironde/Public/tello-ros2/workspace/src/controller', 'symlink_install': False, 'test_result_base': None}
[0.350s] INFO:colcon.colcon_core.executor:Executing jobs using 'parallel' executor
[0.352s] DEBUG:colcon.colcon_parallel_executor.executor.parallel:run_until_complete
[0.352s] INFO:colcon.colcon_ros.task.ament_cmake.build:Building ROS package in '/home/alix.degironde/Public/tello-ros2/workspace/src/tello_msg' with build type 'ament_cmake'
[0.352s] INFO:colcon.colcon_cmake.task.cmake.build:Building CMake package in '/home/alix.degironde/Public/tello-ros2/workspace/src/tello_msg'
[0.355s] INFO:colcon.colcon_core.plugin_system:Skipping extension 'colcon_core.shell.bat': Not used on non-Windows systems
[0.355s] INFO:colcon.colcon_core.shell:Skip shell extension 'powershell' for command environment: Not usable outside of PowerShell
[0.355s] DEBUG:colcon.colcon_core.shell:Skip shell extension 'dsv' for command environment
[0.362s] INFO:colcon.colcon_ros.task.ament_cmake.build:Building ROS package in '/home/alix.degironde/Public/tello-ros2/workspace/src/tello_control' with build type 'ament_cmake'
[0.362s] INFO:colcon.colcon_cmake.task.cmake.build:Building CMake package in '/home/alix.degironde/Public/tello-ros2/workspace/src/tello_control'
[0.362s] INFO:colcon.colcon_core.shell:Skip shell extension 'powershell' for command environment: Not usable outside of PowerShell
[0.362s] DEBUG:colcon.colcon_core.shell:Skip shell extension 'dsv' for command environment
[0.371s] DEBUG:colcon.colcon_core.event_handler.log_command:Invoking command in '/home/alix.degironde/Public/tello-ros2/workspace/build/tello_msg': CMAKE_PREFIX_PATH=${CMAKE_PREFIX_PATH}:/opt/ros/jazzy DEBUGINFOD_URLS=https://debuginfod.ubuntu.com HISTTIMEFORMAT=%F %T PS1=(ven_IROS) \[\e]0;\u@\h: \w\a\]${debian_chroot:+($debian_chroot)}\[\033[01;32m\]\u@\h\[\033[00m\]:\[\033[01;34m\]\w\[\033[00m\]\$ VIRTUAL_ENV_PROMPT=(ven_IROS) /usr/bin/cmake /home/alix.degironde/Public/tello-ros2/workspace/src/tello_msg -DCMAKE_INSTALL_PREFIX=/home/alix.degironde/Public/tello-ros2/workspace/install/tello_msg
[0.376s] DEBUG:colcon.colcon_core.event_handler.log_command:Invoking command in '/home/alix.degironde/Public/tello-ros2/workspace/build/tello_control': CMAKE_PREFIX_PATH=${CMAKE_PREFIX_PATH}:/opt/ros/jazzy DEBUGINFOD_URLS=https://debuginfod.ubuntu.com HISTTIMEFORMAT=%F %T PS1=(ven_IROS) \[\e]0;\u@\h: \w\a\]${debian_chroot:+($debian_chroot)}\[\033[01;32m\]\u@\h\[\033[00m\]:\[\033[01;34m\]\w\[\033[00m\]\$ VIRTUAL_ENV_PROMPT=(ven_IROS) /usr/bin/cmake /home/alix.degironde/Public/tello-ros2/workspace/src/tello_control -DCMAKE_INSTALL_PREFIX=/home/alix.degironde/Public/tello-ros2/workspace/install/tello_control
[1.146s] DEBUG:colcon.colcon_core.event_handler.log_command:Invoked command in '/home/alix.degironde/Public/tello-ros2/workspace/build/tello_control' returned '0': CMAKE_PREFIX_PATH=${CMAKE_PREFIX_PATH}:/opt/ros/jazzy DEBUGINFOD_URLS=https://debuginfod.ubuntu.com HISTTIMEFORMAT=%F %T PS1=(ven_IROS) \[\e]0;\u@\h: \w\a\]${debian_chroot:+($debian_chroot)}\[\033[01;32m\]\u@\h\[\033[00m\]:\[\033[01;34m\]\w\[\033[00m\]\$ VIRTUAL_ENV_PROMPT=(ven_IROS) /usr/bin/cmake /home/alix.degironde/Public/tello-ros2/workspace/src/tello_control -DCMAKE_INSTALL_PREFIX=/home/alix.degironde/Public/tello-ros2/workspace/install/tello_control
[1.148s] DEBUG:colcon.colcon_core.event_handler.log_command:Invoking command in '/home/alix.degironde/Public/tello-ros2/workspace/build/tello_control': CMAKE_PREFIX_PATH=${CMAKE_PREFIX_PATH}:/opt/ros/jazzy DEBUGINFOD_URLS=https://debuginfod.ubuntu.com HISTTIMEFORMAT=%F %T PS1=(ven_IROS) \[\e]0;\u@\h: \w\a\]${debian_chroot:+($debian_chroot)}\[\033[01;32m\]\u@\h\[\033[00m\]:\[\033[01;34m\]\w\[\033[00m\]\$ VIRTUAL_ENV_PROMPT=(ven_IROS) /usr/bin/cmake --build /home/alix.degironde/Public/tello-ros2/workspace/build/tello_control -- -j4 -l4
[1.238s] DEBUG:colcon.colcon_core.event_handler.log_command:Invoked command in '/home/alix.degironde/Public/tello-ros2/workspace/build/tello_control' returned '0': CMAKE_PREFIX_PATH=${CMAKE_PREFIX_PATH}:/opt/ros/jazzy DEBUGINFOD_URLS=https://debuginfod.ubuntu.com HISTTIMEFORMAT=%F %T PS1=(ven_IROS) \[\e]0;\u@\h: \w\a\]${debian_chroot:+($debian_chroot)}\[\033[01;32m\]\u@\h\[\033[00m\]:\[\033[01;34m\]\w\[\033[00m\]\$ VIRTUAL_ENV_PROMPT=(ven_IROS) /usr/bin/cmake --build /home/alix.degironde/Public/tello-ros2/workspace/build/tello_control -- -j4 -l4
[1.251s] DEBUG:colcon.colcon_core.event_handler.log_command:Invoking command in '/home/alix.degironde/Public/tello-ros2/workspace/build/tello_control': CMAKE_PREFIX_PATH=${CMAKE_PREFIX_PATH}:/opt/ros/jazzy DEBUGINFOD_URLS=https://debuginfod.ubuntu.com HISTTIMEFORMAT=%F %T PS1=(ven_IROS) \[\e]0;\u@\h: \w\a\]${debian_chroot:+($debian_chroot)}\[\033[01;32m\]\u@\h\[\033[00m\]:\[\033[01;34m\]\w\[\033[00m\]\$ VIRTUAL_ENV_PROMPT=(ven_IROS) /usr/bin/cmake --install /home/alix.degironde/Public/tello-ros2/workspace/build/tello_control
[1.279s] Level 1:colcon.colcon_core.environment:create_environment_scripts_only(tello_control)
[1.280s] DEBUG:colcon.colcon_core.event_handler.log_command:Invoked command in '/home/alix.degironde/Public/tello-ros2/workspace/build/tello_control' returned '0': CMAKE_PREFIX_PATH=${CMAKE_PREFIX_PATH}:/opt/ros/jazzy DEBUGINFOD_URLS=https://debuginfod.ubuntu.com HISTTIMEFORMAT=%F %T PS1=(ven_IROS) \[\e]0;\u@\h: \w\a\]${debian_chroot:+($debian_chroot)}\[\033[01;32m\]\u@\h\[\033[00m\]:\[\033[01;34m\]\w\[\033[00m\]\$ VIRTUAL_ENV_PROMPT=(ven_IROS) /usr/bin/cmake --install /home/alix.degironde/Public/tello-ros2/workspace/build/tello_control
[1.282s] Level 1:colcon.colcon_core.environment:checking '/home/alix.degironde/Public/tello-ros2/workspace/install/tello_control' for CMake module files
[1.283s] Level 1:colcon.colcon_core.environment:checking '/home/alix.degironde/Public/tello-ros2/workspace/install/tello_control' for CMake config files
[1.283s] Level 1:colcon.colcon_core.shell:create_environment_hook('tello_control', 'cmake_prefix_path')
[1.283s] INFO:colcon.colcon_core.shell:Creating environment hook '/home/alix.degironde/Public/tello-ros2/workspace/install/tello_control/share/tello_control/hook/cmake_prefix_path.ps1'
[1.284s] INFO:colcon.colcon_core.shell:Creating environment descriptor '/home/alix.degironde/Public/tello-ros2/workspace/install/tello_control/share/tello_control/hook/cmake_prefix_path.dsv'
[1.285s] INFO:colcon.colcon_core.shell:Creating environment hook '/home/alix.degironde/Public/tello-ros2/workspace/install/tello_control/share/tello_control/hook/cmake_prefix_path.sh'
[1.286s] Level 1:colcon.colcon_core.environment:checking '/home/alix.degironde/Public/tello-ros2/workspace/install/tello_control/lib'
[1.286s] Level 1:colcon.colcon_core.environment:checking '/home/alix.degironde/Public/tello-ros2/workspace/install/tello_control/bin'
[1.286s] Level 1:colcon.colcon_core.environment:checking '/home/alix.degironde/Public/tello-ros2/workspace/install/tello_control/lib/pkgconfig/tello_control.pc'
[1.286s] Level 1:colcon.colcon_core.environment:checking '/home/alix.degironde/Public/tello-ros2/workspace/install/tello_control/lib/python3.12/site-packages'
[1.286s] Level 1:colcon.colcon_core.environment:checking '/home/alix.degironde/Public/tello-ros2/workspace/install/tello_control/bin'
[1.287s] INFO:colcon.colcon_core.shell:Creating package script '/home/alix.degironde/Public/tello-ros2/workspace/install/tello_control/share/tello_control/package.ps1'
[1.288s] INFO:colcon.colcon_core.shell:Creating package descriptor '/home/alix.degironde/Public/tello-ros2/workspace/install/tello_control/share/tello_control/package.dsv'
[1.288s] INFO:colcon.colcon_core.shell:Creating package script '/home/alix.degironde/Public/tello-ros2/workspace/install/tello_control/share/tello_control/package.sh'
[1.289s] INFO:colcon.colcon_core.shell:Creating package script '/home/alix.degironde/Public/tello-ros2/workspace/install/tello_control/share/tello_control/package.bash'
[1.289s] INFO:colcon.colcon_core.shell:Creating package script '/home/alix.degironde/Public/tello-ros2/workspace/install/tello_control/share/tello_control/package.zsh'
[1.290s] Level 1:colcon.colcon_core.environment:create_file_with_runtime_dependencies(/home/alix.degironde/Public/tello-ros2/workspace/install/tello_control/share/colcon-core/packages/tello_control)
[1.291s] Level 1:colcon.colcon_core.environment:create_environment_scripts_only(tello_control)
[1.291s] Level 1:colcon.colcon_core.environment:checking '/home/alix.degironde/Public/tello-ros2/workspace/install/tello_control' for CMake module files
[1.307s] Level 1:colcon.colcon_core.environment:checking '/home/alix.degironde/Public/tello-ros2/workspace/install/tello_control' for CMake config files
[1.307s] Level 1:colcon.colcon_core.shell:create_environment_hook('tello_control', 'cmake_prefix_path')
[1.307s] INFO:colcon.colcon_core.shell:Creating environment hook '/home/alix.degironde/Public/tello-ros2/workspace/install/tello_control/share/tello_control/hook/cmake_prefix_path.ps1'
[1.308s] INFO:colcon.colcon_core.shell:Creating environment descriptor '/home/alix.degironde/Public/tello-ros2/workspace/install/tello_control/share/tello_control/hook/cmake_prefix_path.dsv'
[1.308s] INFO:colcon.colcon_core.shell:Creating environment hook '/home/alix.degironde/Public/tello-ros2/workspace/install/tello_control/share/tello_control/hook/cmake_prefix_path.sh'
[1.309s] Level 1:colcon.colcon_core.environment:checking '/home/alix.degironde/Public/tello-ros2/workspace/install/tello_control/lib'
[1.309s] Level 1:colcon.colcon_core.environment:checking '/home/alix.degironde/Public/tello-ros2/workspace/install/tello_control/bin'
[1.309s] Level 1:colcon.colcon_core.environment:checking '/home/alix.degironde/Public/tello-ros2/workspace/install/tello_control/lib/pkgconfig/tello_control.pc'
[1.310s] Level 1:colcon.colcon_core.environment:checking '/home/alix.degironde/Public/tello-ros2/workspace/install/tello_control/lib/python3.12/site-packages'
[1.310s] Level 1:colcon.colcon_core.environment:checking '/home/alix.degironde/Public/tello-ros2/workspace/install/tello_control/bin'
[1.310s] INFO:colcon.colcon_core.shell:Creating package script '/home/alix.degironde/Public/tello-ros2/workspace/install/tello_control/share/tello_control/package.ps1'
[1.311s] INFO:colcon.colcon_core.shell:Creating package descriptor '/home/alix.degironde/Public/tello-ros2/workspace/install/tello_control/share/tello_control/package.dsv'
[1.311s] INFO:colcon.colcon_core.shell:Creating package script '/home/alix.degironde/Public/tello-ros2/workspace/install/tello_control/share/tello_control/package.sh'
[1.312s] INFO:colcon.colcon_core.shell:Creating package script '/home/alix.degironde/Public/tello-ros2/workspace/install/tello_control/share/tello_control/package.bash'
[1.312s] INFO:colcon.colcon_core.shell:Creating package script '/home/alix.degironde/Public/tello-ros2/workspace/install/tello_control/share/tello_control/package.zsh'
[1.313s] Level 1:colcon.colcon_core.environment:create_file_with_runtime_dependencies(/home/alix.degironde/Public/tello-ros2/workspace/install/tello_control/share/colcon-core/packages/tello_control)
[2.336s] DEBUG:colcon.colcon_core.event_handler.log_command:Invoked command in '/home/alix.degironde/Public/tello-ros2/workspace/build/tello_msg' returned '0': CMAKE_PREFIX_PATH=${CMAKE_PREFIX_PATH}:/opt/ros/jazzy DEBUGINFOD_URLS=https://debuginfod.ubuntu.com HISTTIMEFORMAT=%F %T PS1=(ven_IROS) \[\e]0;\u@\h: \w\a\]${debian_chroot:+($debian_chroot)}\[\033[01;32m\]\u@\h\[\033[00m\]:\[\033[01;34m\]\w\[\033[00m\]\$ VIRTUAL_ENV_PROMPT=(ven_IROS) /usr/bin/cmake /home/alix.degironde/Public/tello-ros2/workspace/src/tello_msg -DCMAKE_INSTALL_PREFIX=/home/alix.degironde/Public/tello-ros2/workspace/install/tello_msg
[2.337s] DEBUG:colcon.colcon_core.event_handler.log_command:Invoking command in '/home/alix.degironde/Public/tello-ros2/workspace/build/tello_msg': CMAKE_PREFIX_PATH=${CMAKE_PREFIX_PATH}:/opt/ros/jazzy DEBUGINFOD_URLS=https://debuginfod.ubuntu.com HISTTIMEFORMAT=%F %T PS1=(ven_IROS) \[\e]0;\u@\h: \w\a\]${debian_chroot:+($debian_chroot)}\[\033[01;32m\]\u@\h\[\033[00m\]:\[\033[01;34m\]\w\[\033[00m\]\$ VIRTUAL_ENV_PROMPT=(ven_IROS) /usr/bin/cmake --build /home/alix.degironde/Public/tello-ros2/workspace/build/tello_msg -- -j4 -l4
[2.826s] DEBUG:colcon.colcon_core.event_handler.log_command:Invoked command in '/home/alix.degironde/Public/tello-ros2/workspace/build/tello_msg' returned '0': CMAKE_PREFIX_PATH=${CMAKE_PREFIX_PATH}:/opt/ros/jazzy DEBUGINFOD_URLS=https://debuginfod.ubuntu.com HISTTIMEFORMAT=%F %T PS1=(ven_IROS) \[\e]0;\u@\h: \w\a\]${debian_chroot:+($debian_chroot)}\[\033[01;32m\]\u@\h\[\033[00m\]:\[\033[01;34m\]\w\[\033[00m\]\$ VIRTUAL_ENV_PROMPT=(ven_IROS) /usr/bin/cmake --build /home/alix.degironde/Public/tello-ros2/workspace/build/tello_msg -- -j4 -l4
[2.828s] DEBUG:colcon.colcon_core.event_handler.log_command:Invoking command in '/home/alix.degironde/Public/tello-ros2/workspace/build/tello_msg': CMAKE_PREFIX_PATH=${CMAKE_PREFIX_PATH}:/opt/ros/jazzy DEBUGINFOD_URLS=https://debuginfod.ubuntu.com HISTTIMEFORMAT=%F %T PS1=(ven_IROS) \[\e]0;\u@\h: \w\a\]${debian_chroot:+($debian_chroot)}\[\033[01;32m\]\u@\h\[\033[00m\]:\[\033[01;34m\]\w\[\033[00m\]\$ VIRTUAL_ENV_PROMPT=(ven_IROS) /usr/bin/cmake --install /home/alix.degironde/Public/tello-ros2/workspace/build/tello_msg
[2.939s] Level 1:colcon.colcon_core.environment:create_environment_scripts_only(tello_msg)
[2.940s] Level 1:colcon.colcon_core.environment:checking '/home/alix.degironde/Public/tello-ros2/workspace/install/tello_msg' for CMake module files
[2.940s] DEBUG:colcon.colcon_core.event_handler.log_command:Invoked command in '/home/alix.degironde/Public/tello-ros2/workspace/build/tello_msg' returned '0': CMAKE_PREFIX_PATH=${CMAKE_PREFIX_PATH}:/opt/ros/jazzy DEBUGINFOD_URLS=https://debuginfod.ubuntu.com HISTTIMEFORMAT=%F %T PS1=(ven_IROS) \[\e]0;\u@\h: \w\a\]${debian_chroot:+($debian_chroot)}\[\033[01;32m\]\u@\h\[\033[00m\]:\[\033[01;34m\]\w\[\033[00m\]\$ VIRTUAL_ENV_PROMPT=(ven_IROS) /usr/bin/cmake --install /home/alix.degironde/Public/tello-ros2/workspace/build/tello_msg
[2.941s] Level 1:colcon.colcon_core.environment:checking '/home/alix.degironde/Public/tello-ros2/workspace/install/tello_msg' for CMake config files
[2.943s] Level 1:colcon.colcon_core.shell:create_environment_hook('tello_msg', 'cmake_prefix_path')
[2.943s] INFO:colcon.colcon_core.shell:Creating environment hook '/home/alix.degironde/Public/tello-ros2/workspace/install/tello_msg/share/tello_msg/hook/cmake_prefix_path.ps1'
[2.943s] INFO:colcon.colcon_core.shell:Creating environment descriptor '/home/alix.degironde/Public/tello-ros2/workspace/install/tello_msg/share/tello_msg/hook/cmake_prefix_path.dsv'
[2.944s] INFO:colcon.colcon_core.shell:Creating environment hook '/home/alix.degironde/Public/tello-ros2/workspace/install/tello_msg/share/tello_msg/hook/cmake_prefix_path.sh'
[2.944s] Level 1:colcon.colcon_core.environment:checking '/home/alix.degironde/Public/tello-ros2/workspace/install/tello_msg/lib'
[2.944s] Level 1:colcon.colcon_core.shell:create_environment_hook('tello_msg', 'ld_library_path_lib')
[2.945s] INFO:colcon.colcon_core.shell:Creating environment hook '/home/alix.degironde/Public/tello-ros2/workspace/install/tello_msg/share/tello_msg/hook/ld_library_path_lib.ps1'
[2.945s] INFO:colcon.colcon_core.shell:Creating environment descriptor '/home/alix.degironde/Public/tello-ros2/workspace/install/tello_msg/share/tello_msg/hook/ld_library_path_lib.dsv'
[2.945s] INFO:colcon.colcon_core.shell:Creating environment hook '/home/alix.degironde/Public/tello-ros2/workspace/install/tello_msg/share/tello_msg/hook/ld_library_path_lib.sh'
[2.946s] Level 1:colcon.colcon_core.environment:checking '/home/alix.degironde/Public/tello-ros2/workspace/install/tello_msg/bin'
[2.946s] Level 1:colcon.colcon_core.environment:checking '/home/alix.degironde/Public/tello-ros2/workspace/install/tello_msg/lib/pkgconfig/tello_msg.pc'
[2.946s] Level 1:colcon.colcon_core.environment:checking '/home/alix.degironde/Public/tello-ros2/workspace/install/tello_msg/lib/python3.12/site-packages'
[2.946s] Level 1:colcon.colcon_core.shell:create_environment_hook('tello_msg', 'pythonpath')
[2.946s] INFO:colcon.colcon_core.shell:Creating environment hook '/home/alix.degironde/Public/tello-ros2/workspace/install/tello_msg/share/tello_msg/hook/pythonpath.ps1'
[2.947s] INFO:colcon.colcon_core.shell:Creating environment descriptor '/home/alix.degironde/Public/tello-ros2/workspace/install/tello_msg/share/tello_msg/hook/pythonpath.dsv'
[2.947s] INFO:colcon.colcon_core.shell:Creating environment hook '/home/alix.degironde/Public/tello-ros2/workspace/install/tello_msg/share/tello_msg/hook/pythonpath.sh'
[2.948s] Level 1:colcon.colcon_core.environment:checking '/home/alix.degironde/Public/tello-ros2/workspace/install/tello_msg/bin'
[2.948s] INFO:colcon.colcon_core.shell:Creating package script '/home/alix.degironde/Public/tello-ros2/workspace/install/tello_msg/share/tello_msg/package.ps1'
[2.949s] INFO:colcon.colcon_core.shell:Creating package descriptor '/home/alix.degironde/Public/tello-ros2/workspace/install/tello_msg/share/tello_msg/package.dsv'
[2.950s] INFO:colcon.colcon_core.shell:Creating package script '/home/alix.degironde/Public/tello-ros2/workspace/install/tello_msg/share/tello_msg/package.sh'
[2.950s] INFO:colcon.colcon_core.shell:Creating package script '/home/alix.degironde/Public/tello-ros2/workspace/install/tello_msg/share/tello_msg/package.bash'
[2.950s] INFO:colcon.colcon_core.shell:Creating package script '/home/alix.degironde/Public/tello-ros2/workspace/install/tello_msg/share/tello_msg/package.zsh'
[2.951s] Level 1:colcon.colcon_core.environment:create_file_with_runtime_dependencies(/home/alix.degironde/Public/tello-ros2/workspace/install/tello_msg/share/colcon-core/packages/tello_msg)
[2.951s] Level 1:colcon.colcon_core.environment:create_environment_scripts_only(tello_msg)
[2.952s] Level 1:colcon.colcon_core.environment:checking '/home/alix.degironde/Public/tello-ros2/workspace/install/tello_msg' for CMake module files
[2.952s] Level 1:colcon.colcon_core.environment:checking '/home/alix.degironde/Public/tello-ros2/workspace/install/tello_msg' for CMake config files
[2.954s] Level 1:colcon.colcon_core.shell:create_environment_hook('tello_msg', 'cmake_prefix_path')
[2.954s] INFO:colcon.colcon_core.shell:Creating environment hook '/home/alix.degironde/Public/tello-ros2/workspace/install/tello_msg/share/tello_msg/hook/cmake_prefix_path.ps1'
[2.954s] INFO:colcon.colcon_core.shell:Creating environment descriptor '/home/alix.degironde/Public/tello-ros2/workspace/install/tello_msg/share/tello_msg/hook/cmake_prefix_path.dsv'
[2.955s] INFO:colcon.colcon_core.shell:Creating environment hook '/home/alix.degironde/Public/tello-ros2/workspace/install/tello_msg/share/tello_msg/hook/cmake_prefix_path.sh'
[2.955s] Level 1:colcon.colcon_core.environment:checking '/home/alix.degironde/Public/tello-ros2/workspace/install/tello_msg/lib'
[2.955s] Level 1:colcon.colcon_core.shell:create_environment_hook('tello_msg', 'ld_library_path_lib')
[2.955s] INFO:colcon.colcon_core.shell:Creating environment hook '/home/alix.degironde/Public/tello-ros2/workspace/install/tello_msg/share/tello_msg/hook/ld_library_path_lib.ps1'
[2.956s] INFO:colcon.colcon_core.shell:Creating environment descriptor '/home/alix.degironde/Public/tello-ros2/workspace/install/tello_msg/share/tello_msg/hook/ld_library_path_lib.dsv'
[2.956s] INFO:colcon.colcon_core.shell:Creating environment hook '/home/alix.degironde/Public/tello-ros2/workspace/install/tello_msg/share/tello_msg/hook/ld_library_path_lib.sh'
[2.957s] Level 1:colcon.colcon_core.environment:checking '/home/alix.degironde/Public/tello-ros2/workspace/install/tello_msg/bin'
[2.957s] Level 1:colcon.colcon_core.environment:checking '/home/alix.degironde/Public/tello-ros2/workspace/install/tello_msg/lib/pkgconfig/tello_msg.pc'
[2.957s] Level 1:colcon.colcon_core.environment:checking '/home/alix.degironde/Public/tello-ros2/workspace/install/tello_msg/lib/python3.12/site-packages'
[2.957s] Level 1:colcon.colcon_core.shell:create_environment_hook('tello_msg', 'pythonpath')
[2.957s] INFO:colcon.colcon_core.shell:Creating environment hook '/home/alix.degironde/Public/tello-ros2/workspace/install/tello_msg/share/tello_msg/hook/pythonpath.ps1'
[2.958s] INFO:colcon.colcon_core.shell:Creating environment descriptor '/home/alix.degironde/Public/tello-ros2/workspace/install/tello_msg/share/tello_msg/hook/pythonpath.dsv'
[2.958s] INFO:colcon.colcon_core.shell:Creating environment hook '/home/alix.degironde/Public/tello-ros2/workspace/install/tello_msg/share/tello_msg/hook/pythonpath.sh'
[2.959s] Level 1:colcon.colcon_core.environment:checking '/home/alix.degironde/Public/tello-ros2/workspace/install/tello_msg/bin'
[2.960s] INFO:colcon.colcon_core.shell:Creating package script '/home/alix.degironde/Public/tello-ros2/workspace/install/tello_msg/share/tello_msg/package.ps1'
[2.960s] INFO:colcon.colcon_core.shell:Creating package descriptor '/home/alix.degironde/Public/tello-ros2/workspace/install/tello_msg/share/tello_msg/package.dsv'
[2.961s] INFO:colcon.colcon_core.shell:Creating package script '/home/alix.degironde/Public/tello-ros2/workspace/install/tello_msg/share/tello_msg/package.sh'
[2.962s] INFO:colcon.colcon_core.shell:Creating package script '/home/alix.degironde/Public/tello-ros2/workspace/install/tello_msg/share/tello_msg/package.bash'
[2.963s] INFO:colcon.colcon_core.shell:Creating package script '/home/alix.degironde/Public/tello-ros2/workspace/install/tello_msg/share/tello_msg/package.zsh'
[2.963s] Level 1:colcon.colcon_core.environment:create_file_with_runtime_dependencies(/home/alix.degironde/Public/tello-ros2/workspace/install/tello_msg/share/colcon-core/packages/tello_msg)
[2.963s] INFO:colcon.colcon_ros.task.ament_python.build:Building ROS package in '/home/alix.degironde/Public/tello-ros2/workspace/src/controller' with build type 'ament_python'
[2.963s] Level 1:colcon.colcon_core.shell:create_environment_hook('controller', 'ament_prefix_path')
[2.964s] INFO:colcon.colcon_core.shell:Creating environment hook '/home/alix.degironde/Public/tello-ros2/workspace/install/controller/share/controller/hook/ament_prefix_path.ps1'
[2.965s] INFO:colcon.colcon_core.shell:Creating environment descriptor '/home/alix.degironde/Public/tello-ros2/workspace/install/controller/share/controller/hook/ament_prefix_path.dsv'
[2.965s] INFO:colcon.colcon_core.shell:Creating environment hook '/home/alix.degironde/Public/tello-ros2/workspace/install/controller/share/controller/hook/ament_prefix_path.sh'
[2.966s] INFO:colcon.colcon_core.shell:Skip shell extension 'powershell' for command environment: Not usable outside of PowerShell
[2.966s] DEBUG:colcon.colcon_core.shell:Skip shell extension 'dsv' for command environment
[3.328s] INFO:colcon.colcon_core.task.python.build:Building Python package in '/home/alix.degironde/Public/tello-ros2/workspace/src/controller'
[3.328s] INFO:colcon.colcon_core.shell:Skip shell extension 'powershell' for command environment: Not usable outside of PowerShell
[3.329s] DEBUG:colcon.colcon_core.shell:Skip shell extension 'dsv' for command environment
[4.432s] DEBUG:colcon.colcon_core.event_handler.log_command:Invoking command in '/home/alix.degironde/Public/tello-ros2/workspace/build/controller': AMENT_PREFIX_PATH=/home/alix.degironde/Public/tello-ros2/workspace/install/tello_msg:${AMENT_PREFIX_PATH} CMAKE_PREFIX_PATH=/home/alix.degironde/Public/tello-ros2/workspace/install/tello_msg:${CMAKE_PREFIX_PATH} DEBUGINFOD_URLS=https://debuginfod.ubuntu.com HISTTIMEFORMAT=%F %T LD_LIBRARY_PATH=/home/alix.degironde/Public/tello-ros2/workspace/install/tello_msg/lib:${LD_LIBRARY_PATH} PS1=(ven_IROS) \[\e]0;\u@\h: \w\a\]${debian_chroot:+($debian_chroot)}\[\033[01;32m\]\u@\h\[\033[00m\]:\[\033[01;34m\]\w\[\033[00m\]\$ PYTHONPATH=/home/alix.degironde/Public/tello-ros2/workspace/build/controller/prefix_override:/usr/lib/python3/dist-packages/colcon_core/task/python/colcon_distutils_commands:/home/alix.degironde/Public/tello-ros2/workspace/install/controller/lib/python3.12/site-packages:/home/alix.degironde/Public/tello-ros2/workspace/install/tello_msg/lib/python3.12/site-packages:${PYTHONPATH} VIRTUAL_ENV_PROMPT=(ven_IROS) /usr/bin/python3 -W ignore:setup.py install is deprecated -W ignore:easy_install command is deprecated setup.py develop --uninstall --editable --build-directory /home/alix.degironde/Public/tello-ros2/workspace/build/controller/build
[5.485s] DEBUG:colcon.colcon_core.event_handler.log_command:Invoked command in '/home/alix.degironde/Public/tello-ros2/workspace/build/controller' returned '0': AMENT_PREFIX_PATH=/home/alix.degironde/Public/tello-ros2/workspace/install/tello_msg:${AMENT_PREFIX_PATH} CMAKE_PREFIX_PATH=/home/alix.degironde/Public/tello-ros2/workspace/install/tello_msg:${CMAKE_PREFIX_PATH} DEBUGINFOD_URLS=https://debuginfod.ubuntu.com HISTTIMEFORMAT=%F %T LD_LIBRARY_PATH=/home/alix.degironde/Public/tello-ros2/workspace/install/tello_msg/lib:${LD_LIBRARY_PATH} PS1=(ven_IROS) \[\e]0;\u@\h: \w\a\]${debian_chroot:+($debian_chroot)}\[\033[01;32m\]\u@\h\[\033[00m\]:\[\033[01;34m\]\w\[\033[00m\]\$ PYTHONPATH=/home/alix.degironde/Public/tello-ros2/workspace/build/controller/prefix_override:/usr/lib/python3/dist-packages/colcon_core/task/python/colcon_distutils_commands:/home/alix.degironde/Public/tello-ros2/workspace/install/controller/lib/python3.12/site-packages:/home/alix.degironde/Public/tello-ros2/workspace/install/tello_msg/lib/python3.12/site-packages:${PYTHONPATH} VIRTUAL_ENV_PROMPT=(ven_IROS) /usr/bin/python3 -W ignore:setup.py install is deprecated -W ignore:easy_install command is deprecated setup.py develop --uninstall --editable --build-directory /home/alix.degironde/Public/tello-ros2/workspace/build/controller/build
[5.487s] DEBUG:colcon.colcon_core.event_handler.log_command:Invoking command in '/home/alix.degironde/Public/tello-ros2/workspace/src/controller': AMENT_PREFIX_PATH=/home/alix.degironde/Public/tello-ros2/workspace/install/tello_msg:${AMENT_PREFIX_PATH} CMAKE_PREFIX_PATH=/home/alix.degironde/Public/tello-ros2/workspace/install/tello_msg:${CMAKE_PREFIX_PATH} DEBUGINFOD_URLS=https://debuginfod.ubuntu.com HISTTIMEFORMAT=%F %T LD_LIBRARY_PATH=/home/alix.degironde/Public/tello-ros2/workspace/install/tello_msg/lib:${LD_LIBRARY_PATH} PS1=(ven_IROS) \[\e]0;\u@\h: \w\a\]${debian_chroot:+($debian_chroot)}\[\033[01;32m\]\u@\h\[\033[00m\]:\[\033[01;34m\]\w\[\033[00m\]\$ PYTHONPATH=/home/alix.degironde/Public/tello-ros2/workspace/build/controller/prefix_override:/usr/lib/python3/dist-packages/colcon_core/task/python/colcon_distutils_commands:/home/alix.degironde/Public/tello-ros2/workspace/install/controller/lib/python3.12/site-packages:/home/alix.degironde/Public/tello-ros2/workspace/install/tello_msg/lib/python3.12/site-packages:${PYTHONPATH} VIRTUAL_ENV_PROMPT=(ven_IROS) /usr/bin/python3 -W ignore:setup.py install is deprecated -W ignore:easy_install command is deprecated setup.py egg_info --egg-base ../../build/controller build --build-base /home/alix.degironde/Public/tello-ros2/workspace/build/controller/build install --record /home/alix.degironde/Public/tello-ros2/workspace/build/controller/install.log --single-version-externally-managed install_data --force
[6.555s] Level 1:colcon.colcon_core.environment:checking '/home/alix.degironde/Public/tello-ros2/workspace/install/controller' for CMake module files
[6.557s] DEBUG:colcon.colcon_core.event_handler.log_command:Invoked command in '/home/alix.degironde/Public/tello-ros2/workspace/src/controller' returned '0': AMENT_PREFIX_PATH=/home/alix.degironde/Public/tello-ros2/workspace/install/tello_msg:${AMENT_PREFIX_PATH} CMAKE_PREFIX_PATH=/home/alix.degironde/Public/tello-ros2/workspace/install/tello_msg:${CMAKE_PREFIX_PATH} DEBUGINFOD_URLS=https://debuginfod.ubuntu.com HISTTIMEFORMAT=%F %T LD_LIBRARY_PATH=/home/alix.degironde/Public/tello-ros2/workspace/install/tello_msg/lib:${LD_LIBRARY_PATH} PS1=(ven_IROS) \[\e]0;\u@\h: \w\a\]${debian_chroot:+($debian_chroot)}\[\033[01;32m\]\u@\h\[\033[00m\]:\[\033[01;34m\]\w\[\033[00m\]\$ PYTHONPATH=/home/alix.degironde/Public/tello-ros2/workspace/build/controller/prefix_override:/usr/lib/python3/dist-packages/colcon_core/task/python/colcon_distutils_commands:/home/alix.degironde/Public/tello-ros2/workspace/install/controller/lib/python3.12/site-packages:/home/alix.degironde/Public/tello-ros2/workspace/install/tello_msg/lib/python3.12/site-packages:${PYTHONPATH} VIRTUAL_ENV_PROMPT=(ven_IROS) /usr/bin/python3 -W ignore:setup.py install is deprecated -W ignore:easy_install command is deprecated setup.py egg_info --egg-base ../../build/controller build --build-base /home/alix.degironde/Public/tello-ros2/workspace/build/controller/build install --record /home/alix.degironde/Public/tello-ros2/workspace/build/controller/install.log --single-version-externally-managed install_data --force
[6.557s] Level 1:colcon.colcon_core.environment:checking '/home/alix.degironde/Public/tello-ros2/workspace/install/controller' for CMake config files
[6.558s] Level 1:colcon.colcon_core.environment:checking '/home/alix.degironde/Public/tello-ros2/workspace/install/controller/lib'
[6.558s] Level 1:colcon.colcon_core.environment:checking '/home/alix.degironde/Public/tello-ros2/workspace/install/controller/bin'
[6.558s] Level 1:colcon.colcon_core.environment:checking '/home/alix.degironde/Public/tello-ros2/workspace/install/controller/lib/pkgconfig/controller.pc'
[6.558s] Level 1:colcon.colcon_core.environment:checking '/home/alix.degironde/Public/tello-ros2/workspace/install/controller/lib/python3.12/site-packages'
[6.559s] Level 1:colcon.colcon_core.shell:create_environment_hook('controller', 'pythonpath')
[6.559s] INFO:colcon.colcon_core.shell:Creating environment hook '/home/alix.degironde/Public/tello-ros2/workspace/install/controller/share/controller/hook/pythonpath.ps1'
[6.559s] INFO:colcon.colcon_core.shell:Creating environment descriptor '/home/alix.degironde/Public/tello-ros2/workspace/install/controller/share/controller/hook/pythonpath.dsv'
[6.560s] INFO:colcon.colcon_core.shell:Creating environment hook '/home/alix.degironde/Public/tello-ros2/workspace/install/controller/share/controller/hook/pythonpath.sh'
[6.561s] Level 1:colcon.colcon_core.environment:checking '/home/alix.degironde/Public/tello-ros2/workspace/install/controller/bin'
[6.561s] Level 1:colcon.colcon_core.environment:create_environment_scripts_only(controller)
[6.561s] INFO:colcon.colcon_core.shell:Creating package script '/home/alix.degironde/Public/tello-ros2/workspace/install/controller/share/controller/package.ps1'
[6.562s] INFO:colcon.colcon_core.shell:Creating package descriptor '/home/alix.degironde/Public/tello-ros2/workspace/install/controller/share/controller/package.dsv'
[6.562s] INFO:colcon.colcon_core.shell:Creating package script '/home/alix.degironde/Public/tello-ros2/workspace/install/controller/share/controller/package.sh'
[6.563s] INFO:colcon.colcon_core.shell:Creating package script '/home/alix.degironde/Public/tello-ros2/workspace/install/controller/share/controller/package.bash'
[6.563s] INFO:colcon.colcon_core.shell:Creating package script '/home/alix.degironde/Public/tello-ros2/workspace/install/controller/share/controller/package.zsh'
[6.563s] Level 1:colcon.colcon_core.environment:create_file_with_runtime_dependencies(/home/alix.degironde/Public/tello-ros2/workspace/install/controller/share/colcon-core/packages/controller)
[6.564s] DEBUG:colcon.colcon_parallel_executor.executor.parallel:closing loop
[6.565s] DEBUG:colcon.colcon_parallel_executor.executor.parallel:loop closed
[6.565s] DEBUG:colcon.colcon_parallel_executor.executor.parallel:run_until_complete finished with '0'
[6.565s] DEBUG:colcon.colcon_core.event_reactor:joining thread
[6.577s] INFO:colcon.colcon_core.plugin_system:Skipping extension 'colcon_notification.desktop_notification.terminal_notifier': Not used on non-Darwin systems
[6.577s] INFO:colcon.colcon_core.plugin_system:Skipping extension 'colcon_notification.desktop_notification.win32': Not used on non-Windows systems
[6.577s] INFO:colcon.colcon_notification.desktop_notification:Sending desktop notification using 'notify2'
[6.597s] DEBUG:colcon.colcon_core.event_reactor:joined thread
[6.597s] INFO:colcon.colcon_core.shell:Creating prefix script '/home/alix.degironde/Public/tello-ros2/workspace/install/local_setup.ps1'
[6.598s] INFO:colcon.colcon_core.shell:Creating prefix util module '/home/alix.degironde/Public/tello-ros2/workspace/install/_local_setup_util_ps1.py'
[6.599s] INFO:colcon.colcon_core.shell:Creating prefix chain script '/home/alix.degironde/Public/tello-ros2/workspace/install/setup.ps1'
[6.600s] INFO:colcon.colcon_core.shell:Creating prefix script '/home/alix.degironde/Public/tello-ros2/workspace/install/local_setup.sh'
[6.601s] INFO:colcon.colcon_core.shell:Creating prefix util module '/home/alix.degironde/Public/tello-ros2/workspace/install/_local_setup_util_sh.py'
[6.602s] INFO:colcon.colcon_core.shell:Creating prefix chain script '/home/alix.degironde/Public/tello-ros2/workspace/install/setup.sh'
[6.604s] INFO:colcon.colcon_core.shell:Creating prefix script '/home/alix.degironde/Public/tello-ros2/workspace/install/local_setup.bash'
[6.605s] INFO:colcon.colcon_core.shell:Creating prefix chain script '/home/alix.degironde/Public/tello-ros2/workspace/install/setup.bash'
[6.606s] INFO:colcon.colcon_core.shell:Creating prefix script '/home/alix.degironde/Public/tello-ros2/workspace/install/local_setup.zsh'
[6.606s] INFO:colcon.colcon_core.shell:Creating prefix chain script '/home/alix.degironde/Public/tello-ros2/workspace/install/setup.zsh'
