-- The C compiler identification is GNU 13.3.0
-- The CXX compiler identification is GNU 13.3.0
-- Detecting C compiler ABI info
-- Detecting C compiler ABI info - done
-- Check for working C compiler: /usr/bin/cc - skipped
-- Detecting C compile features
-- Detecting C compile features - done
-- Detecting CXX compiler ABI info
-- Detecting CXX compiler ABI info - done
-- Check for working CXX compiler: /usr/bin/c++ - skipped
-- Detecting CXX compile features
-- Detecting CXX compile features - done
-- Found OpenCV version 4.6.0
-- Found ament_cmake: 2.5.4 (/opt/ros/jazzy/share/ament_cmake/cmake)
-- Found Python3: /usr/bin/python3 (found version "3.12.3") found components: Interpreter 
-- Found rclcpp: 28.1.12 (/opt/ros/jazzy/share/rclcpp/cmake)
-- Found rosidl_generator_c: 4.6.6 (/opt/ros/jazzy/share/rosidl_generator_c/cmake)
-- Found rosidl_generator_cpp: 4.6.6 (/opt/ros/jazzy/share/rosidl_generator_cpp/cmake)
-- Using all available rosidl_typesupport_c: rosidl_typesupport_fastrtps_c;rosidl_typesupport_introspection_c
-- Using all available rosidl_typesupport_cpp: rosidl_typesupport_fastrtps_cpp;rosidl_typesupport_introspection_cpp
-- Found rmw_implementation_cmake: 7.3.2 (/opt/ros/jazzy/share/rmw_implementation_cmake/cmake)
-- Found rmw_cyclonedds_cpp: 2.2.3 (/opt/ros/jazzy/share/rmw_cyclonedds_cpp/cmake)
-- Using RMW implementation 'rmw_cyclonedds_cpp' as default
-- Found std_msgs: 5.3.6 (/opt/ros/jazzy/share/std_msgs/cmake)
-- Found geometry_msgs: 5.3.6 (/opt/ros/jazzy/share/geometry_msgs/cmake)
-- Configuring done (1.5s)
-- Generating done (0.0s)
-- Build files have been written to: /home/alix.degironde/Public/tello-ros2/workspace/build/tello_control
[ 50%] [32mBuilding CXX object CMakeFiles/tello_control.dir/src/main.cpp.o[0m
[100%] [32m[1mLinking CXX executable tello_control[0m
[100%] Built target tello_control
-- Install configuration: ""
-- Installing: /home/alix.degironde/Public/tello-ros2/workspace/install/tello_control/lib/tello_control/tello_control
-- Set non-toolchain portion of runtime path of "/home/alix.degironde/Public/tello-ros2/workspace/install/tello_control/lib/tello_control/tello_control" to ""
-- Installing: /home/alix.degironde/Public/tello-ros2/workspace/install/tello_control/share/ament_index/resource_index/package_run_dependencies/tello_control
-- Installing: /home/alix.degironde/Public/tello-ros2/workspace/install/tello_control/share/ament_index/resource_index/parent_prefix_path/tello_control
-- Installing: /home/alix.degironde/Public/tello-ros2/workspace/install/tello_control/share/tello_control/environment/ament_prefix_path.sh
-- Installing: /home/alix.degironde/Public/tello-ros2/workspace/install/tello_control/share/tello_control/environment/ament_prefix_path.dsv
-- Installing: /home/alix.degironde/Public/tello-ros2/workspace/install/tello_control/share/tello_control/environment/path.sh
-- Installing: /home/alix.degironde/Public/tello-ros2/workspace/install/tello_control/share/tello_control/environment/path.dsv
-- Installing: /home/alix.degironde/Public/tello-ros2/workspace/install/tello_control/share/tello_control/local_setup.bash
-- Installing: /home/alix.degironde/Public/tello-ros2/workspace/install/tello_control/share/tello_control/local_setup.sh
-- Installing: /home/alix.degironde/Public/tello-ros2/workspace/install/tello_control/share/tello_control/local_setup.zsh
-- Installing: /home/alix.degironde/Public/tello-ros2/workspace/install/tello_control/share/tello_control/local_setup.dsv
-- Installing: /home/alix.degironde/Public/tello-ros2/workspace/install/tello_control/share/tello_control/package.dsv
-- Installing: /home/alix.degironde/Public/tello-ros2/workspace/install/tello_control/share/ament_index/resource_index/packages/tello_control
-- Installing: /home/alix.degironde/Public/tello-ros2/workspace/install/tello_control/share/tello_control/cmake/tello_controlConfig.cmake
-- Installing: /home/alix.degironde/Public/tello-ros2/workspace/install/tello_control/share/tello_control/cmake/tello_controlConfig-version.cmake
-- Installing: /home/alix.degironde/Public/tello-ros2/workspace/install/tello_control/share/tello_control/package.xml
