[1.583s] Invoking command in '/home/alix.degironde/Public/tello-ros2/workspace/src/controller': DEBUGINFOD_URLS=https://debuginfod.ubuntu.com HISTTIMEFORMAT=%F %T PYTHONPATH=/home/alix.degironde/Public/tello-ros2/workspace/build/controller/prefix_override:/usr/lib/python3/dist-packages/colcon_core/task/python/colcon_distutils_commands:/home/alix.degironde/Public/tello-ros2/workspace/install/controller/lib/python3.12/site-packages:${PYTHONPATH} /usr/bin/python3 -W ignore:setup.py install is deprecated -W ignore:easy_install command is deprecated setup.py egg_info --egg-base ../../build/controller build --build-base /home/alix.degironde/Public/tello-ros2/workspace/build/controller/build install --record /home/alix.degironde/Public/tello-ros2/workspace/build/controller/install.log --single-version-externally-managed install_data
[2.126s] running egg_info
[2.174s] writing ../../build/controller/controller.egg-info/PKG-INFO
[2.174s] writing dependency_links to ../../build/controller/controller.egg-info/dependency_links.txt
[2.174s] writing entry points to ../../build/controller/controller.egg-info/entry_points.txt
[2.174s] writing requirements to ../../build/controller/controller.egg-info/requires.txt
[2.175s] writing top-level names to ../../build/controller/controller.egg-info/top_level.txt
[2.274s] reading manifest file '../../build/controller/controller.egg-info/SOURCES.txt'
[2.274s] adding license file 'LICENSE'
[2.275s] writing manifest file '../../build/controller/controller.egg-info/SOURCES.txt'
[2.275s] running build
[2.276s] running build_py
[2.276s] copying controller/manual_control.py -> /home/alix.degironde/Public/tello-ros2/workspace/build/controller/build/lib/controller
[2.276s] running install
[2.284s] running install_lib
[2.336s] copying /home/alix.degironde/Public/tello-ros2/workspace/build/controller/build/lib/controller/manual_control.py -> /home/alix.degironde/Public/tello-ros2/workspace/install/controller/lib/python3.12/site-packages/controller
[2.337s] byte-compiling /home/alix.degironde/Public/tello-ros2/workspace/install/controller/lib/python3.12/site-packages/controller/manual_control.py to manual_control.cpython-312.pyc
[2.341s] running install_data
[2.341s] running install_egg_info
[2.390s] removing '/home/alix.degironde/Public/tello-ros2/workspace/install/controller/lib/python3.12/site-packages/controller-0.0.0-py3.12.egg-info' (and everything under it)
[2.390s] Copying ../../build/controller/controller.egg-info to /home/alix.degironde/Public/tello-ros2/workspace/install/controller/lib/python3.12/site-packages/controller-0.0.0-py3.12.egg-info
[2.391s] running install_scripts
[2.681s] Installing manual_control script to /home/alix.degironde/Public/tello-ros2/workspace/install/controller/lib/controller
[2.681s] Installing tello_behaviour script to /home/alix.degironde/Public/tello-ros2/workspace/install/controller/lib/controller
[2.682s] writing list of installed files to '/home/alix.degironde/Public/tello-ros2/workspace/build/controller/install.log'
[2.733s] Invoked command in '/home/alix.degironde/Public/tello-ros2/workspace/src/controller' returned '0': DEBUGINFOD_URLS=https://debuginfod.ubuntu.com HISTTIMEFORMAT=%F %T PYTHONPATH=/home/alix.degironde/Public/tello-ros2/workspace/build/controller/prefix_override:/usr/lib/python3/dist-packages/colcon_core/task/python/colcon_distutils_commands:/home/alix.degironde/Public/tello-ros2/workspace/install/controller/lib/python3.12/site-packages:${PYTHONPATH} /usr/bin/python3 -W ignore:setup.py install is deprecated -W ignore:easy_install command is deprecated setup.py egg_info --egg-base ../../build/controller build --build-base /home/alix.degironde/Public/tello-ros2/workspace/build/controller/build install --record /home/alix.degironde/Public/tello-ros2/workspace/build/controller/install.log --single-version-externally-managed install_data
