[0.039s] Invoking command in '/home/alix.degironde/Public/tello-ros2/workspace/build/tello_control': CMAKE_PREFIX_PATH=${CMAKE_PREFIX_PATH}:/home/alix.degironde/Public/tello-ros2/workspace/install/tello:/home/alix.degironde/Public/tello-ros2/workspace/install/controller:/opt/ros/jazzy DEBUGINFOD_URLS=https://debuginfod.ubuntu.com HISTTIMEFORMAT=%F %T PS1=(ven_IROS) \[\e]0;\u@\h: \w\a\]${debian_chroot:+($debian_chroot)}\[\033[01;32m\]\u@\h\[\033[00m\]:\[\033[01;34m\]\w\[\033[00m\]\$ VIRTUAL_ENV_PROMPT=(ven_IROS) /usr/bin/cmake --build /home/alix.degironde/Public/tello-ros2/workspace/build/tello_control -- -j4 -l4
[0.112s] [100%] Built target tello_control
[0.126s] Invoked command in '/home/alix.degironde/Public/tello-ros2/workspace/build/tello_control' returned '0': CMAKE_PREFIX_PATH=${CMAKE_PREFIX_PATH}:/home/alix.degironde/Public/tello-ros2/workspace/install/tello:/home/alix.degironde/Public/tello-ros2/workspace/install/controller:/opt/ros/jazzy DEBUGINFOD_URLS=https://debuginfod.ubuntu.com HISTTIMEFORMAT=%F %T PS1=(ven_IROS) \[\e]0;\u@\h: \w\a\]${debian_chroot:+($debian_chroot)}\[\033[01;32m\]\u@\h\[\033[00m\]:\[\033[01;34m\]\w\[\033[00m\]\$ VIRTUAL_ENV_PROMPT=(ven_IROS) /usr/bin/cmake --build /home/alix.degironde/Public/tello-ros2/workspace/build/tello_control -- -j4 -l4
[0.138s] Invoking command in '/home/alix.degironde/Public/tello-ros2/workspace/build/tello_control': CMAKE_PREFIX_PATH=${CMAKE_PREFIX_PATH}:/home/alix.degironde/Public/tello-ros2/workspace/install/tello:/home/alix.degironde/Public/tello-ros2/workspace/install/controller:/opt/ros/jazzy DEBUGINFOD_URLS=https://debuginfod.ubuntu.com HISTTIMEFORMAT=%F %T PS1=(ven_IROS) \[\e]0;\u@\h: \w\a\]${debian_chroot:+($debian_chroot)}\[\033[01;32m\]\u@\h\[\033[00m\]:\[\033[01;34m\]\w\[\033[00m\]\$ VIRTUAL_ENV_PROMPT=(ven_IROS) /usr/bin/cmake --install /home/alix.degironde/Public/tello-ros2/workspace/build/tello_control
[0.148s] -- Install configuration: ""
[0.148s] -- Execute custom install script
[0.149s] -- Up-to-date symlink: /home/alix.degironde/Public/tello-ros2/workspace/install/tello_control/lib/tello_control/tello_control
[0.150s] -- Up-to-date symlink: /home/alix.degironde/Public/tello-ros2/workspace/install/tello_control/share/ament_index/resource_index/package_run_dependencies/tello_control
[0.150s] -- Up-to-date symlink: /home/alix.degironde/Public/tello-ros2/workspace/install/tello_control/share/ament_index/resource_index/parent_prefix_path/tello_control
[0.150s] -- Up-to-date symlink: /home/alix.degironde/Public/tello-ros2/workspace/install/tello_control/share/tello_control/environment/ament_prefix_path.sh
[0.150s] -- Up-to-date symlink: /home/alix.degironde/Public/tello-ros2/workspace/install/tello_control/share/tello_control/environment/ament_prefix_path.dsv
[0.151s] -- Up-to-date symlink: /home/alix.degironde/Public/tello-ros2/workspace/install/tello_control/share/tello_control/environment/path.sh
[0.151s] -- Up-to-date symlink: /home/alix.degironde/Public/tello-ros2/workspace/install/tello_control/share/tello_control/environment/path.dsv
[0.151s] -- Up-to-date symlink: /home/alix.degironde/Public/tello-ros2/workspace/install/tello_control/share/tello_control/local_setup.bash
[0.151s] -- Up-to-date symlink: /home/alix.degironde/Public/tello-ros2/workspace/install/tello_control/share/tello_control/local_setup.sh
[0.152s] -- Up-to-date symlink: /home/alix.degironde/Public/tello-ros2/workspace/install/tello_control/share/tello_control/local_setup.zsh
[0.152s] -- Up-to-date symlink: /home/alix.degironde/Public/tello-ros2/workspace/install/tello_control/share/tello_control/local_setup.dsv
[0.152s] -- Symlinking: /home/alix.degironde/Public/tello-ros2/workspace/install/tello_control/share/tello_control/package.dsv
[0.163s] -- Up-to-date symlink: /home/alix.degironde/Public/tello-ros2/workspace/install/tello_control/share/ament_index/resource_index/packages/tello_control
[0.163s] -- Up-to-date symlink: /home/alix.degironde/Public/tello-ros2/workspace/install/tello_control/share/tello_control/cmake/tello_controlConfig.cmake
[0.163s] -- Up-to-date symlink: /home/alix.degironde/Public/tello-ros2/workspace/install/tello_control/share/tello_control/cmake/tello_controlConfig-version.cmake
[0.163s] -- Up-to-date symlink: /home/alix.degironde/Public/tello-ros2/workspace/install/tello_control/share/tello_control/package.xml
[0.166s] Invoked command in '/home/alix.degironde/Public/tello-ros2/workspace/build/tello_control' returned '0': CMAKE_PREFIX_PATH=${CMAKE_PREFIX_PATH}:/home/alix.degironde/Public/tello-ros2/workspace/install/tello:/home/alix.degironde/Public/tello-ros2/workspace/install/controller:/opt/ros/jazzy DEBUGINFOD_URLS=https://debuginfod.ubuntu.com HISTTIMEFORMAT=%F %T PS1=(ven_IROS) \[\e]0;\u@\h: \w\a\]${debian_chroot:+($debian_chroot)}\[\033[01;32m\]\u@\h\[\033[00m\]:\[\033[01;34m\]\w\[\033[00m\]\$ VIRTUAL_ENV_PROMPT=(ven_IROS) /usr/bin/cmake --install /home/alix.degironde/Public/tello-ros2/workspace/build/tello_control
