/home/alix.degironde/Public/tello-ros2/workspace/install/controller/lib/python3.12/site-packages/controller/qr_code_follower.py
/home/alix.degironde/Public/tello-ros2/workspace/install/controller/lib/python3.12/site-packages/controller/spielberg_old.py
/home/alix.degironde/Public/tello-ros2/workspace/install/controller/lib/python3.12/site-packages/controller/qr_code_reader.py
/home/alix.degironde/Public/tello-ros2/workspace/install/controller/lib/python3.12/site-packages/controller/tello_behaviour.py
/home/alix.degironde/Public/tello-ros2/workspace/install/controller/lib/python3.12/site-packages/controller/surveillance.py
/home/alix.degironde/Public/tello-ros2/workspace/install/controller/lib/python3.12/site-packages/controller/__init__.py
/home/alix.degironde/Public/tello-ros2/workspace/install/controller/lib/python3.12/site-packages/controller/spielberg.py
/home/alix.degironde/Public/tello-ros2/workspace/install/controller/lib/python3.12/site-packages/controller/manual_control.py
/home/alix.degironde/Public/tello-ros2/workspace/install/controller/lib/python3.12/site-packages/controller/__pycache__/qr_code_follower.cpython-312.pyc
/home/alix.degironde/Public/tello-ros2/workspace/install/controller/lib/python3.12/site-packages/controller/__pycache__/spielberg_old.cpython-312.pyc
/home/alix.degironde/Public/tello-ros2/workspace/install/controller/lib/python3.12/site-packages/controller/__pycache__/qr_code_reader.cpython-312.pyc
/home/alix.degironde/Public/tello-ros2/workspace/install/controller/lib/python3.12/site-packages/controller/__pycache__/tello_behaviour.cpython-312.pyc
/home/alix.degironde/Public/tello-ros2/workspace/install/controller/lib/python3.12/site-packages/controller/__pycache__/surveillance.cpython-312.pyc
/home/alix.degironde/Public/tello-ros2/workspace/install/controller/lib/python3.12/site-packages/controller/__pycache__/__init__.cpython-312.pyc
/home/alix.degironde/Public/tello-ros2/workspace/install/controller/lib/python3.12/site-packages/controller/__pycache__/spielberg.cpython-312.pyc
/home/alix.degironde/Public/tello-ros2/workspace/install/controller/lib/python3.12/site-packages/controller/__pycache__/manual_control.cpython-312.pyc
/home/alix.degironde/Public/tello-ros2/workspace/install/controller/share/ament_index/resource_index/packages/controller
/home/alix.degironde/Public/tello-ros2/workspace/install/controller/share/controller/package.xml
/home/alix.degironde/Public/tello-ros2/workspace/install/controller/share/controller/action
/home/alix.degironde/Public/tello-ros2/workspace/install/controller/lib/python3.12/site-packages/controller-0.0.0-py3.12.egg-info/dependency_links.txt
/home/alix.degironde/Public/tello-ros2/workspace/install/controller/lib/python3.12/site-packages/controller-0.0.0-py3.12.egg-info/zip-safe
/home/alix.degironde/Public/tello-ros2/workspace/install/controller/lib/python3.12/site-packages/controller-0.0.0-py3.12.egg-info/SOURCES.txt
/home/alix.degironde/Public/tello-ros2/workspace/install/controller/lib/python3.12/site-packages/controller-0.0.0-py3.12.egg-info/entry_points.txt
/home/alix.degironde/Public/tello-ros2/workspace/install/controller/lib/python3.12/site-packages/controller-0.0.0-py3.12.egg-info/top_level.txt
/home/alix.degironde/Public/tello-ros2/workspace/install/controller/lib/python3.12/site-packages/controller-0.0.0-py3.12.egg-info/requires.txt
/home/alix.degironde/Public/tello-ros2/workspace/install/controller/lib/python3.12/site-packages/controller-0.0.0-py3.12.egg-info/PKG-INFO
/home/alix.degironde/Public/tello-ros2/workspace/install/controller/lib/controller/manual_control
/home/alix.degironde/Public/tello-ros2/workspace/install/controller/lib/controller/qr_code_follower
/home/alix.degironde/Public/tello-ros2/workspace/install/controller/lib/controller/qr_code_reader
/home/alix.degironde/Public/tello-ros2/workspace/install/controller/lib/controller/spielberg
/home/alix.degironde/Public/tello-ros2/workspace/install/controller/lib/controller/surveillance
/home/alix.degironde/Public/tello-ros2/workspace/install/controller/lib/controller/tello_behaviour
