[0.019s] Invoking command in '/home/alix.degironde/Public/tello-ros2/workspace/build/tello_msg': CMAKE_PREFIX_PATH=${CMAKE_PREFIX_PATH}:/opt/ros/jazzy DEBUGINFOD_URLS=https://debuginfod.ubuntu.com HISTTIMEFORMAT=%F %T PS1=(ven_IROS) \[\e]0;\u@\h: \w\a\]${debian_chroot:+($debian_chroot)}\[\033[01;32m\]\u@\h\[\033[00m\]:\[\033[01;34m\]\w\[\033[00m\]\$ VIRTUAL_ENV_PROMPT=(ven_IROS) /usr/bin/cmake /home/alix.degironde/Public/tello-ros2/workspace/src/tello_msg -DCMAKE_INSTALL_PREFIX=/home/alix.degironde/Public/tello-ros2/workspace/install/tello_msg
[0.039s] -- Found ament_cmake: 2.5.4 (/opt/ros/jazzy/share/ament_cmake/cmake)
[0.062s] -- Found Python3: /home/alix.degironde/Public/ven_IROS/bin/python3 (found version "3.12.3") found components: Interpreter 
[0.152s] -- Override CMake install command with custom implementation using symlinks instead of copying resources
[0.162s] -- Found rosidl_default_generators: 1.6.0 (/opt/ros/jazzy/share/rosidl_default_generators/cmake)
[0.165s] -- Using all available rosidl_typesupport_c: rosidl_typesupport_fastrtps_c;rosidl_typesupport_introspection_c
[0.220s] -- Using all available rosidl_typesupport_cpp: rosidl_typesupport_fastrtps_cpp;rosidl_typesupport_introspection_cpp
[0.261s] -- Found rosidl_adapter: 4.6.6 (/opt/ros/jazzy/share/rosidl_adapter/cmake)
[0.263s] -- Found std_msgs: 5.3.6 (/opt/ros/jazzy/share/std_msgs/cmake)
[0.301s] -- Found geometry_msgs: 5.3.6 (/opt/ros/jazzy/share/geometry_msgs/cmake)
[0.321s] -- Found action_msgs: 2.0.3 (/opt/ros/jazzy/share/action_msgs/cmake)
[0.890s] -- Found ament_cmake_cppcheck: 0.17.3 (/opt/ros/jazzy/share/ament_cmake_cppcheck/cmake)
[0.891s] -- Found ament_cmake_cpplint: 0.17.3 (/opt/ros/jazzy/share/ament_cmake_cpplint/cmake)
[0.892s] -- Found ament_cmake_uncrustify: 0.17.3 (/opt/ros/jazzy/share/ament_cmake_uncrustify/cmake)
[0.893s] -- Found ament_cmake_ros: 0.12.0 (/opt/ros/jazzy/share/ament_cmake_ros/cmake)
[1.145s] -- Using all available rosidl_typesupport_c: rosidl_typesupport_fastrtps_c;rosidl_typesupport_introspection_c
[1.485s] -- Using all available rosidl_typesupport_cpp: rosidl_typesupport_fastrtps_cpp;rosidl_typesupport_introspection_cpp
[1.488s] -- Found python_cmake_module: 0.11.1 (/opt/ros/jazzy/share/python_cmake_module/cmake)
[1.804s] -- Found Python3: /home/alix.degironde/Public/ven_IROS/bin/python3 (found version "3.12.3") found components: Interpreter Development NumPy Development.Module Development.Embed 
[1.871s] -- Found ament_cmake_flake8: 0.17.3 (/opt/ros/jazzy/share/ament_cmake_flake8/cmake)
[1.872s] -- Found ament_cmake_pep257: 0.17.3 (/opt/ros/jazzy/share/ament_cmake_pep257/cmake)
[1.885s] -- Configuring done (1.9s)
[1.954s] -- Generating done (0.1s)
[1.971s] -- Build files have been written to: /home/alix.degironde/Public/tello-ros2/workspace/build/tello_msg
[1.983s] Invoked command in '/home/alix.degironde/Public/tello-ros2/workspace/build/tello_msg' returned '0': CMAKE_PREFIX_PATH=${CMAKE_PREFIX_PATH}:/opt/ros/jazzy DEBUGINFOD_URLS=https://debuginfod.ubuntu.com HISTTIMEFORMAT=%F %T PS1=(ven_IROS) \[\e]0;\u@\h: \w\a\]${debian_chroot:+($debian_chroot)}\[\033[01;32m\]\u@\h\[\033[00m\]:\[\033[01;34m\]\w\[\033[00m\]\$ VIRTUAL_ENV_PROMPT=(ven_IROS) /usr/bin/cmake /home/alix.degironde/Public/tello-ros2/workspace/src/tello_msg -DCMAKE_INSTALL_PREFIX=/home/alix.degironde/Public/tello-ros2/workspace/install/tello_msg
[1.985s] Invoking command in '/home/alix.degironde/Public/tello-ros2/workspace/build/tello_msg': CMAKE_PREFIX_PATH=${CMAKE_PREFIX_PATH}:/opt/ros/jazzy DEBUGINFOD_URLS=https://debuginfod.ubuntu.com HISTTIMEFORMAT=%F %T PS1=(ven_IROS) \[\e]0;\u@\h: \w\a\]${debian_chroot:+($debian_chroot)}\[\033[01;32m\]\u@\h\[\033[00m\]:\[\033[01;34m\]\w\[\033[00m\]\$ VIRTUAL_ENV_PROMPT=(ven_IROS) /usr/bin/cmake --build /home/alix.degironde/Public/tello-ros2/workspace/build/tello_msg -- -j4 -l4
[2.054s] [  1%] Built target tello_msg__rosidl_generator_type_description
[2.066s] [  1%] Built target ament_cmake_python_symlink_tello_msg
[2.080s] [  2%] Built target tello_msg__cpp
[2.093s] [ 26%] Built target tello_msg__rosidl_generator_c
[2.130s] [ 35%] Built target tello_msg__rosidl_typesupport_introspection_c
[2.138s] [ 45%] Built target tello_msg__rosidl_typesupport_fastrtps_c
[2.144s] [ 54%] Built target tello_msg__rosidl_typesupport_cpp
[2.188s] [ 64%] Built target tello_msg__rosidl_typesupport_fastrtps_cpp
[2.189s] [ 73%] Built target tello_msg__rosidl_typesupport_c
[2.201s] [ 83%] Built target tello_msg__rosidl_typesupport_introspection_cpp
[2.232s] [ 83%] Built target tello_msg
[2.260s] [ 84%] Built target tello_msg__py
[2.297s] [ 92%] Built target tello_msg__rosidl_generator_py
[2.335s] [ 95%] Built target tello_msg_s__rosidl_typesupport_fastrtps_c
[2.339s] [ 97%] Built target tello_msg_s__rosidl_typesupport_introspection_c
[2.340s] running egg_info
[2.342s] [100%] Built target tello_msg_s__rosidl_typesupport_c
[2.361s] writing tello_msg.egg-info/PKG-INFO
[2.361s] writing dependency_links to tello_msg.egg-info/dependency_links.txt
[2.361s] writing top-level names to tello_msg.egg-info/top_level.txt
[2.419s] reading manifest file 'tello_msg.egg-info/SOURCES.txt'
[2.420s] writing manifest file 'tello_msg.egg-info/SOURCES.txt'
[2.459s] [100%] Built target ament_cmake_python_build_tello_msg_egg
[2.474s] Invoked command in '/home/alix.degironde/Public/tello-ros2/workspace/build/tello_msg' returned '0': CMAKE_PREFIX_PATH=${CMAKE_PREFIX_PATH}:/opt/ros/jazzy DEBUGINFOD_URLS=https://debuginfod.ubuntu.com HISTTIMEFORMAT=%F %T PS1=(ven_IROS) \[\e]0;\u@\h: \w\a\]${debian_chroot:+($debian_chroot)}\[\033[01;32m\]\u@\h\[\033[00m\]:\[\033[01;34m\]\w\[\033[00m\]\$ VIRTUAL_ENV_PROMPT=(ven_IROS) /usr/bin/cmake --build /home/alix.degironde/Public/tello-ros2/workspace/build/tello_msg -- -j4 -l4
[2.475s] Invoking command in '/home/alix.degironde/Public/tello-ros2/workspace/build/tello_msg': CMAKE_PREFIX_PATH=${CMAKE_PREFIX_PATH}:/opt/ros/jazzy DEBUGINFOD_URLS=https://debuginfod.ubuntu.com HISTTIMEFORMAT=%F %T PS1=(ven_IROS) \[\e]0;\u@\h: \w\a\]${debian_chroot:+($debian_chroot)}\[\033[01;32m\]\u@\h\[\033[00m\]:\[\033[01;34m\]\w\[\033[00m\]\$ VIRTUAL_ENV_PROMPT=(ven_IROS) /usr/bin/cmake --install /home/alix.degironde/Public/tello-ros2/workspace/build/tello_msg
[2.486s] -- Install configuration: ""
[2.486s] -- Execute custom install script
[2.487s] -- Up-to-date symlink: /home/alix.degironde/Public/tello-ros2/workspace/install/tello_msg/share/ament_index/resource_index/rosidl_interfaces/tello_msg
[2.487s] -- Up-to-date symlink: /home/alix.degironde/Public/tello-ros2/workspace/install/tello_msg/share/tello_msg/msg/TelloStatus.json
[2.487s] -- Up-to-date symlink: /home/alix.degironde/Public/tello-ros2/workspace/install/tello_msg/share/tello_msg/msg/TelloID.json
[2.488s] -- Up-to-date symlink: /home/alix.degironde/Public/tello-ros2/workspace/install/tello_msg/share/tello_msg/msg/TelloWifiConfig.json
[2.488s] -- Up-to-date symlink: /home/alix.degironde/Public/tello-ros2/workspace/install/tello_msg/share/tello_msg/srv/DroneMode.json
[2.488s] -- Up-to-date symlink: /home/alix.degironde/Public/tello-ros2/workspace/install/tello_msg/share/tello_msg/srv/Surveillance.json
[2.488s] -- Up-to-date symlink: /home/alix.degironde/Public/tello-ros2/workspace/install/tello_msg/share/tello_msg/action/Spielberg.json
[2.489s] -- Up-to-date symlink: /home/alix.degironde/Public/tello-ros2/workspace/install/tello_msg/include/tello_msg/tello_msg/action/detail/spielberg__functions.h
[2.489s] -- Up-to-date symlink: /home/alix.degironde/Public/tello-ros2/workspace/install/tello_msg/include/tello_msg/tello_msg/action/detail/spielberg__struct.h
[2.489s] -- Up-to-date symlink: /home/alix.degironde/Public/tello-ros2/workspace/install/tello_msg/include/tello_msg/tello_msg/action/detail/spielberg__type_support.h
[2.490s] -- Up-to-date symlink: /home/alix.degironde/Public/tello-ros2/workspace/install/tello_msg/include/tello_msg/tello_msg/action/spielberg.h
[2.490s] -- Up-to-date symlink: /home/alix.degironde/Public/tello-ros2/workspace/install/tello_msg/include/tello_msg/tello_msg/msg/detail/tello_id__functions.h
[2.490s] -- Up-to-date symlink: /home/alix.degironde/Public/tello-ros2/workspace/install/tello_msg/include/tello_msg/tello_msg/msg/detail/tello_id__struct.h
[2.490s] -- Up-to-date symlink: /home/alix.degironde/Public/tello-ros2/workspace/install/tello_msg/include/tello_msg/tello_msg/msg/detail/tello_id__type_support.h
[2.490s] -- Up-to-date symlink: /home/alix.degironde/Public/tello-ros2/workspace/install/tello_msg/include/tello_msg/tello_msg/msg/detail/tello_status__functions.h
[2.490s] -- Up-to-date symlink: /home/alix.degironde/Public/tello-ros2/workspace/install/tello_msg/include/tello_msg/tello_msg/msg/detail/tello_status__struct.h
[2.491s] -- Up-to-date symlink: /home/alix.degironde/Public/tello-ros2/workspace/install/tello_msg/include/tello_msg/tello_msg/msg/detail/tello_status__type_support.h
[2.491s] -- Up-to-date symlink: /home/alix.degironde/Public/tello-ros2/workspace/install/tello_msg/include/tello_msg/tello_msg/msg/detail/tello_wifi_config__functions.h
[2.491s] -- Up-to-date symlink: /home/alix.degironde/Public/tello-ros2/workspace/install/tello_msg/include/tello_msg/tello_msg/msg/detail/tello_wifi_config__struct.h
[2.491s] -- Up-to-date symlink: /home/alix.degironde/Public/tello-ros2/workspace/install/tello_msg/include/tello_msg/tello_msg/msg/detail/tello_wifi_config__type_support.h
[2.491s] -- Up-to-date symlink: /home/alix.degironde/Public/tello-ros2/workspace/install/tello_msg/include/tello_msg/tello_msg/msg/rosidl_generator_c__visibility_control.h
[2.491s] -- Up-to-date symlink: /home/alix.degironde/Public/tello-ros2/workspace/install/tello_msg/include/tello_msg/tello_msg/msg/tello_id.h
[2.492s] -- Up-to-date symlink: /home/alix.degironde/Public/tello-ros2/workspace/install/tello_msg/include/tello_msg/tello_msg/msg/tello_status.h
[2.492s] -- Up-to-date symlink: /home/alix.degironde/Public/tello-ros2/workspace/install/tello_msg/include/tello_msg/tello_msg/msg/tello_wifi_config.h
[2.492s] -- Up-to-date symlink: /home/alix.degironde/Public/tello-ros2/workspace/install/tello_msg/include/tello_msg/tello_msg/srv/detail/drone_mode__functions.h
[2.492s] -- Up-to-date symlink: /home/alix.degironde/Public/tello-ros2/workspace/install/tello_msg/include/tello_msg/tello_msg/srv/detail/drone_mode__struct.h
[2.493s] -- Up-to-date symlink: /home/alix.degironde/Public/tello-ros2/workspace/install/tello_msg/include/tello_msg/tello_msg/srv/detail/drone_mode__type_support.h
[2.493s] -- Up-to-date symlink: /home/alix.degironde/Public/tello-ros2/workspace/install/tello_msg/include/tello_msg/tello_msg/srv/detail/surveillance__functions.h
[2.493s] -- Up-to-date symlink: /home/alix.degironde/Public/tello-ros2/workspace/install/tello_msg/include/tello_msg/tello_msg/srv/detail/surveillance__struct.h
[2.493s] -- Up-to-date symlink: /home/alix.degironde/Public/tello-ros2/workspace/install/tello_msg/include/tello_msg/tello_msg/srv/detail/surveillance__type_support.h
[2.493s] -- Up-to-date symlink: /home/alix.degironde/Public/tello-ros2/workspace/install/tello_msg/include/tello_msg/tello_msg/srv/drone_mode.h
[2.493s] -- Up-to-date symlink: /home/alix.degironde/Public/tello-ros2/workspace/install/tello_msg/include/tello_msg/tello_msg/srv/surveillance.h
[2.494s] -- Up-to-date symlink: /home/alix.degironde/Public/tello-ros2/workspace/install/tello_msg/share/tello_msg/environment/library_path.sh
[2.494s] -- Up-to-date symlink: /home/alix.degironde/Public/tello-ros2/workspace/install/tello_msg/share/tello_msg/environment/library_path.dsv
[2.494s] -- Up-to-date symlink: /home/alix.degironde/Public/tello-ros2/workspace/install/tello_msg/include/tello_msg/tello_msg/action/detail/spielberg__rosidl_typesupport_fastrtps_c.h
[2.495s] -- Up-to-date symlink: /home/alix.degironde/Public/tello-ros2/workspace/install/tello_msg/include/tello_msg/tello_msg/msg/detail/tello_id__rosidl_typesupport_fastrtps_c.h
[2.495s] -- Up-to-date symlink: /home/alix.degironde/Public/tello-ros2/workspace/install/tello_msg/include/tello_msg/tello_msg/msg/detail/tello_status__rosidl_typesupport_fastrtps_c.h
[2.495s] -- Up-to-date symlink: /home/alix.degironde/Public/tello-ros2/workspace/install/tello_msg/include/tello_msg/tello_msg/msg/detail/tello_wifi_config__rosidl_typesupport_fastrtps_c.h
[2.495s] -- Up-to-date symlink: /home/alix.degironde/Public/tello-ros2/workspace/install/tello_msg/include/tello_msg/tello_msg/msg/rosidl_typesupport_fastrtps_c__visibility_control.h
[2.495s] -- Up-to-date symlink: /home/alix.degironde/Public/tello-ros2/workspace/install/tello_msg/include/tello_msg/tello_msg/srv/detail/drone_mode__rosidl_typesupport_fastrtps_c.h
[2.495s] -- Up-to-date symlink: /home/alix.degironde/Public/tello-ros2/workspace/install/tello_msg/include/tello_msg/tello_msg/srv/detail/surveillance__rosidl_typesupport_fastrtps_c.h
[2.496s] -- Up-to-date symlink: /home/alix.degironde/Public/tello-ros2/workspace/install/tello_msg/include/tello_msg/tello_msg/action/detail/spielberg__rosidl_typesupport_introspection_c.h
[2.496s] -- Up-to-date symlink: /home/alix.degironde/Public/tello-ros2/workspace/install/tello_msg/include/tello_msg/tello_msg/msg/detail/tello_id__rosidl_typesupport_introspection_c.h
[2.496s] -- Up-to-date symlink: /home/alix.degironde/Public/tello-ros2/workspace/install/tello_msg/include/tello_msg/tello_msg/msg/detail/tello_status__rosidl_typesupport_introspection_c.h
[2.497s] -- Up-to-date symlink: /home/alix.degironde/Public/tello-ros2/workspace/install/tello_msg/include/tello_msg/tello_msg/msg/detail/tello_wifi_config__rosidl_typesupport_introspection_c.h
[2.497s] -- Up-to-date symlink: /home/alix.degironde/Public/tello-ros2/workspace/install/tello_msg/include/tello_msg/tello_msg/msg/rosidl_typesupport_introspection_c__visibility_control.h
[2.497s] -- Up-to-date symlink: /home/alix.degironde/Public/tello-ros2/workspace/install/tello_msg/include/tello_msg/tello_msg/srv/detail/drone_mode__rosidl_typesupport_introspection_c.h
[2.497s] -- Up-to-date symlink: /home/alix.degironde/Public/tello-ros2/workspace/install/tello_msg/include/tello_msg/tello_msg/srv/detail/surveillance__rosidl_typesupport_introspection_c.h
[2.498s] -- Up-to-date symlink: /home/alix.degironde/Public/tello-ros2/workspace/install/tello_msg/include/tello_msg/tello_msg/action/detail/spielberg__builder.hpp
[2.498s] -- Up-to-date symlink: /home/alix.degironde/Public/tello-ros2/workspace/install/tello_msg/include/tello_msg/tello_msg/action/detail/spielberg__struct.hpp
[2.498s] -- Up-to-date symlink: /home/alix.degironde/Public/tello-ros2/workspace/install/tello_msg/include/tello_msg/tello_msg/action/detail/spielberg__traits.hpp
[2.498s] -- Up-to-date symlink: /home/alix.degironde/Public/tello-ros2/workspace/install/tello_msg/include/tello_msg/tello_msg/action/detail/spielberg__type_support.hpp
[2.499s] -- Up-to-date symlink: /home/alix.degironde/Public/tello-ros2/workspace/install/tello_msg/include/tello_msg/tello_msg/action/spielberg.hpp
[2.499s] -- Up-to-date symlink: /home/alix.degironde/Public/tello-ros2/workspace/install/tello_msg/include/tello_msg/tello_msg/msg/detail/tello_id__builder.hpp
[2.499s] -- Up-to-date symlink: /home/alix.degironde/Public/tello-ros2/workspace/install/tello_msg/include/tello_msg/tello_msg/msg/detail/tello_id__struct.hpp
[2.499s] -- Up-to-date symlink: /home/alix.degironde/Public/tello-ros2/workspace/install/tello_msg/include/tello_msg/tello_msg/msg/detail/tello_id__traits.hpp
[2.499s] -- Up-to-date symlink: /home/alix.degironde/Public/tello-ros2/workspace/install/tello_msg/include/tello_msg/tello_msg/msg/detail/tello_id__type_support.hpp
[2.500s] -- Up-to-date symlink: /home/alix.degironde/Public/tello-ros2/workspace/install/tello_msg/include/tello_msg/tello_msg/msg/detail/tello_status__builder.hpp
[2.500s] -- Up-to-date symlink: /home/alix.degironde/Public/tello-ros2/workspace/install/tello_msg/include/tello_msg/tello_msg/msg/detail/tello_status__struct.hpp
[2.500s] -- Up-to-date symlink: /home/alix.degironde/Public/tello-ros2/workspace/install/tello_msg/include/tello_msg/tello_msg/msg/detail/tello_status__traits.hpp
[2.500s] -- Up-to-date symlink: /home/alix.degironde/Public/tello-ros2/workspace/install/tello_msg/include/tello_msg/tello_msg/msg/detail/tello_status__type_support.hpp
[2.500s] -- Up-to-date symlink: /home/alix.degironde/Public/tello-ros2/workspace/install/tello_msg/include/tello_msg/tello_msg/msg/detail/tello_wifi_config__builder.hpp
[2.500s] -- Up-to-date symlink: /home/alix.degironde/Public/tello-ros2/workspace/install/tello_msg/include/tello_msg/tello_msg/msg/detail/tello_wifi_config__struct.hpp
[2.501s] -- Up-to-date symlink: /home/alix.degironde/Public/tello-ros2/workspace/install/tello_msg/include/tello_msg/tello_msg/msg/detail/tello_wifi_config__traits.hpp
[2.501s] -- Up-to-date symlink: /home/alix.degironde/Public/tello-ros2/workspace/install/tello_msg/include/tello_msg/tello_msg/msg/detail/tello_wifi_config__type_support.hpp
[2.501s] -- Up-to-date symlink: /home/alix.degironde/Public/tello-ros2/workspace/install/tello_msg/include/tello_msg/tello_msg/msg/rosidl_generator_cpp__visibility_control.hpp
[2.501s] -- Up-to-date symlink: /home/alix.degironde/Public/tello-ros2/workspace/install/tello_msg/include/tello_msg/tello_msg/msg/tello_id.hpp
[2.501s] -- Up-to-date symlink: /home/alix.degironde/Public/tello-ros2/workspace/install/tello_msg/include/tello_msg/tello_msg/msg/tello_status.hpp
[2.501s] -- Up-to-date symlink: /home/alix.degironde/Public/tello-ros2/workspace/install/tello_msg/include/tello_msg/tello_msg/msg/tello_wifi_config.hpp
[2.501s] -- Up-to-date symlink: /home/alix.degironde/Public/tello-ros2/workspace/install/tello_msg/include/tello_msg/tello_msg/srv/detail/drone_mode__builder.hpp
[2.502s] -- Up-to-date symlink: /home/alix.degironde/Public/tello-ros2/workspace/install/tello_msg/include/tello_msg/tello_msg/srv/detail/drone_mode__struct.hpp
[2.502s] -- Up-to-date symlink: /home/alix.degironde/Public/tello-ros2/workspace/install/tello_msg/include/tello_msg/tello_msg/srv/detail/drone_mode__traits.hpp
[2.502s] -- Up-to-date symlink: /home/alix.degironde/Public/tello-ros2/workspace/install/tello_msg/include/tello_msg/tello_msg/srv/detail/drone_mode__type_support.hpp
[2.502s] -- Up-to-date symlink: /home/alix.degironde/Public/tello-ros2/workspace/install/tello_msg/include/tello_msg/tello_msg/srv/detail/surveillance__builder.hpp
[2.502s] -- Up-to-date symlink: /home/alix.degironde/Public/tello-ros2/workspace/install/tello_msg/include/tello_msg/tello_msg/srv/detail/surveillance__struct.hpp
[2.503s] -- Up-to-date symlink: /home/alix.degironde/Public/tello-ros2/workspace/install/tello_msg/include/tello_msg/tello_msg/srv/detail/surveillance__traits.hpp
[2.503s] -- Up-to-date symlink: /home/alix.degironde/Public/tello-ros2/workspace/install/tello_msg/include/tello_msg/tello_msg/srv/detail/surveillance__type_support.hpp
[2.503s] -- Up-to-date symlink: /home/alix.degironde/Public/tello-ros2/workspace/install/tello_msg/include/tello_msg/tello_msg/srv/drone_mode.hpp
[2.503s] -- Up-to-date symlink: /home/alix.degironde/Public/tello-ros2/workspace/install/tello_msg/include/tello_msg/tello_msg/srv/surveillance.hpp
[2.504s] -- Up-to-date symlink: /home/alix.degironde/Public/tello-ros2/workspace/install/tello_msg/include/tello_msg/tello_msg/action/detail/spielberg__rosidl_typesupport_fastrtps_cpp.hpp
[2.504s] -- Up-to-date symlink: /home/alix.degironde/Public/tello-ros2/workspace/install/tello_msg/include/tello_msg/tello_msg/msg/detail/tello_id__rosidl_typesupport_fastrtps_cpp.hpp
[2.505s] -- Up-to-date symlink: /home/alix.degironde/Public/tello-ros2/workspace/install/tello_msg/include/tello_msg/tello_msg/msg/detail/tello_status__rosidl_typesupport_fastrtps_cpp.hpp
[2.505s] -- Up-to-date symlink: /home/alix.degironde/Public/tello-ros2/workspace/install/tello_msg/include/tello_msg/tello_msg/msg/detail/tello_wifi_config__rosidl_typesupport_fastrtps_cpp.hpp
[2.505s] -- Up-to-date symlink: /home/alix.degironde/Public/tello-ros2/workspace/install/tello_msg/include/tello_msg/tello_msg/msg/rosidl_typesupport_fastrtps_cpp__visibility_control.h
[2.506s] -- Up-to-date symlink: /home/alix.degironde/Public/tello-ros2/workspace/install/tello_msg/include/tello_msg/tello_msg/srv/detail/drone_mode__rosidl_typesupport_fastrtps_cpp.hpp
[2.507s] -- Up-to-date symlink: /home/alix.degironde/Public/tello-ros2/workspace/install/tello_msg/include/tello_msg/tello_msg/srv/detail/surveillance__rosidl_typesupport_fastrtps_cpp.hpp
[2.507s] -- Up-to-date symlink: /home/alix.degironde/Public/tello-ros2/workspace/install/tello_msg/include/tello_msg/tello_msg/action/detail/spielberg__rosidl_typesupport_introspection_cpp.hpp
[2.507s] -- Up-to-date symlink: /home/alix.degironde/Public/tello-ros2/workspace/install/tello_msg/include/tello_msg/tello_msg/msg/detail/tello_id__rosidl_typesupport_introspection_cpp.hpp
[2.507s] -- Up-to-date symlink: /home/alix.degironde/Public/tello-ros2/workspace/install/tello_msg/include/tello_msg/tello_msg/msg/detail/tello_status__rosidl_typesupport_introspection_cpp.hpp
[2.507s] -- Up-to-date symlink: /home/alix.degironde/Public/tello-ros2/workspace/install/tello_msg/include/tello_msg/tello_msg/msg/detail/tello_wifi_config__rosidl_typesupport_introspection_cpp.hpp
[2.507s] -- Up-to-date symlink: /home/alix.degironde/Public/tello-ros2/workspace/install/tello_msg/include/tello_msg/tello_msg/srv/detail/drone_mode__rosidl_typesupport_introspection_cpp.hpp
[2.507s] -- Up-to-date symlink: /home/alix.degironde/Public/tello-ros2/workspace/install/tello_msg/include/tello_msg/tello_msg/srv/detail/surveillance__rosidl_typesupport_introspection_cpp.hpp
[2.508s] -- Up-to-date symlink: /home/alix.degironde/Public/tello-ros2/workspace/install/tello_msg/share/tello_msg/environment/pythonpath.sh
[2.508s] -- Up-to-date symlink: /home/alix.degironde/Public/tello-ros2/workspace/install/tello_msg/share/tello_msg/environment/pythonpath.dsv
[2.508s] -- Up-to-date symlink: /home/alix.degironde/Public/tello-ros2/workspace/install/tello_msg/lib/python3.12/site-packages/tello_msg-0.0.1-py3.12.egg-info/PKG-INFO
[2.508s] -- Up-to-date symlink: /home/alix.degironde/Public/tello-ros2/workspace/install/tello_msg/lib/python3.12/site-packages/tello_msg-0.0.1-py3.12.egg-info/SOURCES.txt
[2.508s] -- Up-to-date symlink: /home/alix.degironde/Public/tello-ros2/workspace/install/tello_msg/lib/python3.12/site-packages/tello_msg-0.0.1-py3.12.egg-info/dependency_links.txt
[2.508s] -- Up-to-date symlink: /home/alix.degironde/Public/tello-ros2/workspace/install/tello_msg/lib/python3.12/site-packages/tello_msg-0.0.1-py3.12.egg-info/top_level.txt
[2.511s] -- Up-to-date symlink: /home/alix.degironde/Public/tello-ros2/workspace/install/tello_msg/lib/python3.12/site-packages/tello_msg/__init__.py
[2.511s] -- Up-to-date symlink: /home/alix.degironde/Public/tello-ros2/workspace/install/tello_msg/lib/python3.12/site-packages/tello_msg/_tello_msg_s.ep.rosidl_typesupport_c.c
[2.511s] -- Up-to-date symlink: /home/alix.degironde/Public/tello-ros2/workspace/install/tello_msg/lib/python3.12/site-packages/tello_msg/_tello_msg_s.ep.rosidl_typesupport_fastrtps_c.c
[2.512s] -- Up-to-date symlink: /home/alix.degironde/Public/tello-ros2/workspace/install/tello_msg/lib/python3.12/site-packages/tello_msg/_tello_msg_s.ep.rosidl_typesupport_introspection_c.c
[2.512s] -- Up-to-date symlink: /home/alix.degironde/Public/tello-ros2/workspace/install/tello_msg/lib/python3.12/site-packages/tello_msg/action/__init__.py
[2.512s] -- Up-to-date symlink: /home/alix.degironde/Public/tello-ros2/workspace/install/tello_msg/lib/python3.12/site-packages/tello_msg/action/_spielberg.py
[2.512s] -- Up-to-date symlink: /home/alix.degironde/Public/tello-ros2/workspace/install/tello_msg/lib/python3.12/site-packages/tello_msg/action/_spielberg_s.c
[2.512s] -- Up-to-date symlink: /home/alix.degironde/Public/tello-ros2/workspace/install/tello_msg/lib/python3.12/site-packages/tello_msg/msg/__init__.py
[2.513s] -- Up-to-date symlink: /home/alix.degironde/Public/tello-ros2/workspace/install/tello_msg/lib/python3.12/site-packages/tello_msg/msg/_tello_id.py
[2.513s] -- Up-to-date symlink: /home/alix.degironde/Public/tello-ros2/workspace/install/tello_msg/lib/python3.12/site-packages/tello_msg/msg/_tello_id_s.c
[2.513s] -- Up-to-date symlink: /home/alix.degironde/Public/tello-ros2/workspace/install/tello_msg/lib/python3.12/site-packages/tello_msg/msg/_tello_status.py
[2.513s] -- Up-to-date symlink: /home/alix.degironde/Public/tello-ros2/workspace/install/tello_msg/lib/python3.12/site-packages/tello_msg/msg/_tello_status_s.c
[2.513s] -- Up-to-date symlink: /home/alix.degironde/Public/tello-ros2/workspace/install/tello_msg/lib/python3.12/site-packages/tello_msg/msg/_tello_wifi_config.py
[2.513s] -- Up-to-date symlink: /home/alix.degironde/Public/tello-ros2/workspace/install/tello_msg/lib/python3.12/site-packages/tello_msg/msg/_tello_wifi_config_s.c
[2.513s] -- Up-to-date symlink: /home/alix.degironde/Public/tello-ros2/workspace/install/tello_msg/lib/python3.12/site-packages/tello_msg/srv/__init__.py
[2.513s] -- Up-to-date symlink: /home/alix.degironde/Public/tello-ros2/workspace/install/tello_msg/lib/python3.12/site-packages/tello_msg/srv/_drone_mode.py
[2.514s] -- Up-to-date symlink: /home/alix.degironde/Public/tello-ros2/workspace/install/tello_msg/lib/python3.12/site-packages/tello_msg/srv/_drone_mode_s.c
[2.514s] -- Up-to-date symlink: /home/alix.degironde/Public/tello-ros2/workspace/install/tello_msg/lib/python3.12/site-packages/tello_msg/srv/_surveillance.py
[2.514s] -- Up-to-date symlink: /home/alix.degironde/Public/tello-ros2/workspace/install/tello_msg/lib/python3.12/site-packages/tello_msg/srv/_surveillance_s.c
[2.514s] -- Up-to-date symlink: /home/alix.degironde/Public/tello-ros2/workspace/install/tello_msg/lib/python3.12/site-packages/tello_msg/tello_msg_s__rosidl_typesupport_c.so
[2.514s] -- Up-to-date symlink: /home/alix.degironde/Public/tello-ros2/workspace/install/tello_msg/lib/python3.12/site-packages/tello_msg/tello_msg_s__rosidl_typesupport_fastrtps_c.so
[2.514s] -- Up-to-date symlink: /home/alix.degironde/Public/tello-ros2/workspace/install/tello_msg/lib/python3.12/site-packages/tello_msg/tello_msg_s__rosidl_typesupport_introspection_c.so
[2.515s] -- Up-to-date symlink: /home/alix.degironde/Public/tello-ros2/workspace/install/tello_msg/lib/python3.12/site-packages/tello_msg/tello_msg_s__rosidl_typesupport_fastrtps_c.so
[2.515s] -- Up-to-date symlink: /home/alix.degironde/Public/tello-ros2/workspace/install/tello_msg/lib/python3.12/site-packages/tello_msg/tello_msg_s__rosidl_typesupport_introspection_c.so
[2.515s] -- Up-to-date symlink: /home/alix.degironde/Public/tello-ros2/workspace/install/tello_msg/lib/python3.12/site-packages/tello_msg/tello_msg_s__rosidl_typesupport_c.so
[2.515s] -- Up-to-date symlink: /home/alix.degironde/Public/tello-ros2/workspace/install/tello_msg/share/tello_msg/msg/TelloStatus.idl
[2.515s] -- Up-to-date symlink: /home/alix.degironde/Public/tello-ros2/workspace/install/tello_msg/share/tello_msg/msg/TelloID.idl
[2.515s] -- Up-to-date symlink: /home/alix.degironde/Public/tello-ros2/workspace/install/tello_msg/share/tello_msg/msg/TelloWifiConfig.idl
[2.515s] -- Up-to-date symlink: /home/alix.degironde/Public/tello-ros2/workspace/install/tello_msg/share/tello_msg/srv/DroneMode.idl
[2.516s] -- Up-to-date symlink: /home/alix.degironde/Public/tello-ros2/workspace/install/tello_msg/share/tello_msg/srv/Surveillance.idl
[2.516s] -- Up-to-date symlink: /home/alix.degironde/Public/tello-ros2/workspace/install/tello_msg/share/tello_msg/action/Spielberg.idl
[2.516s] -- Up-to-date symlink: /home/alix.degironde/Public/tello-ros2/workspace/install/tello_msg/share/tello_msg/msg/TelloStatus.msg
[2.516s] -- Up-to-date symlink: /home/alix.degironde/Public/tello-ros2/workspace/install/tello_msg/share/tello_msg/msg/TelloID.msg
[2.516s] -- Up-to-date symlink: /home/alix.degironde/Public/tello-ros2/workspace/install/tello_msg/share/tello_msg/msg/TelloWifiConfig.msg
[2.517s] -- Up-to-date symlink: /home/alix.degironde/Public/tello-ros2/workspace/install/tello_msg/share/tello_msg/srv/DroneMode.srv
[2.517s] -- Up-to-date symlink: /home/alix.degironde/Public/tello-ros2/workspace/install/tello_msg/share/tello_msg/srv/Surveillance.srv
[2.517s] -- Up-to-date symlink: /home/alix.degironde/Public/tello-ros2/workspace/install/tello_msg/share/tello_msg/action/Spielberg.action
[2.517s] -- Up-to-date symlink: /home/alix.degironde/Public/tello-ros2/workspace/install/tello_msg/share/ament_index/resource_index/package_run_dependencies/tello_msg
[2.518s] -- Up-to-date symlink: /home/alix.degironde/Public/tello-ros2/workspace/install/tello_msg/share/ament_index/resource_index/parent_prefix_path/tello_msg
[2.518s] -- Up-to-date symlink: /home/alix.degironde/Public/tello-ros2/workspace/install/tello_msg/share/tello_msg/environment/ament_prefix_path.sh
[2.518s] -- Up-to-date symlink: /home/alix.degironde/Public/tello-ros2/workspace/install/tello_msg/share/tello_msg/environment/ament_prefix_path.dsv
[2.518s] -- Up-to-date symlink: /home/alix.degironde/Public/tello-ros2/workspace/install/tello_msg/share/tello_msg/environment/path.sh
[2.519s] -- Up-to-date symlink: /home/alix.degironde/Public/tello-ros2/workspace/install/tello_msg/share/tello_msg/environment/path.dsv
[2.519s] -- Up-to-date symlink: /home/alix.degironde/Public/tello-ros2/workspace/install/tello_msg/share/tello_msg/local_setup.bash
[2.519s] -- Up-to-date symlink: /home/alix.degironde/Public/tello-ros2/workspace/install/tello_msg/share/tello_msg/local_setup.sh
[2.519s] -- Up-to-date symlink: /home/alix.degironde/Public/tello-ros2/workspace/install/tello_msg/share/tello_msg/local_setup.zsh
[2.520s] -- Up-to-date symlink: /home/alix.degironde/Public/tello-ros2/workspace/install/tello_msg/share/tello_msg/local_setup.dsv
[2.520s] -- Symlinking: /home/alix.degironde/Public/tello-ros2/workspace/install/tello_msg/share/tello_msg/package.dsv
[2.532s] -- Up-to-date symlink: /home/alix.degironde/Public/tello-ros2/workspace/install/tello_msg/share/ament_index/resource_index/packages/tello_msg
[2.532s] -- Up-to-date symlink: /home/alix.degironde/Public/tello-ros2/workspace/install/tello_msg/share/tello_msg/cmake/rosidl_cmake-extras.cmake
[2.532s] -- Up-to-date symlink: /home/alix.degironde/Public/tello-ros2/workspace/install/tello_msg/share/tello_msg/cmake/ament_cmake_export_dependencies-extras.cmake
[2.533s] -- Up-to-date symlink: /home/alix.degironde/Public/tello-ros2/workspace/install/tello_msg/share/tello_msg/cmake/ament_cmake_export_include_directories-extras.cmake
[2.533s] -- Up-to-date symlink: /home/alix.degironde/Public/tello-ros2/workspace/install/tello_msg/share/tello_msg/cmake/ament_cmake_export_libraries-extras.cmake
[2.533s] -- Up-to-date symlink: /home/alix.degironde/Public/tello-ros2/workspace/install/tello_msg/share/tello_msg/cmake/ament_cmake_export_targets-extras.cmake
[2.533s] -- Up-to-date symlink: /home/alix.degironde/Public/tello-ros2/workspace/install/tello_msg/share/tello_msg/cmake/rosidl_cmake_export_typesupport_targets-extras.cmake
[2.534s] -- Up-to-date symlink: /home/alix.degironde/Public/tello-ros2/workspace/install/tello_msg/share/tello_msg/cmake/rosidl_cmake_export_typesupport_libraries-extras.cmake
[2.534s] -- Up-to-date symlink: /home/alix.degironde/Public/tello-ros2/workspace/install/tello_msg/share/tello_msg/cmake/tello_msgConfig.cmake
[2.534s] -- Up-to-date symlink: /home/alix.degironde/Public/tello-ros2/workspace/install/tello_msg/share/tello_msg/cmake/tello_msgConfig-version.cmake
[2.534s] -- Up-to-date symlink: /home/alix.degironde/Public/tello-ros2/workspace/install/tello_msg/share/tello_msg/package.xml
[2.534s] -- Up-to-date: /home/alix.degironde/Public/tello-ros2/workspace/install/tello_msg/lib/libtello_msg__rosidl_generator_c.so
[2.535s] -- Up-to-date: /home/alix.degironde/Public/tello-ros2/workspace/install/tello_msg/lib/libtello_msg__rosidl_typesupport_fastrtps_c.so
[2.535s] -- Up-to-date: /home/alix.degironde/Public/tello-ros2/workspace/install/tello_msg/lib/libtello_msg__rosidl_typesupport_introspection_c.so
[2.536s] -- Up-to-date: /home/alix.degironde/Public/tello-ros2/workspace/install/tello_msg/lib/libtello_msg__rosidl_typesupport_c.so
[2.536s] -- Up-to-date: /home/alix.degironde/Public/tello-ros2/workspace/install/tello_msg/lib/libtello_msg__rosidl_typesupport_fastrtps_cpp.so
[2.536s] -- Up-to-date: /home/alix.degironde/Public/tello-ros2/workspace/install/tello_msg/lib/libtello_msg__rosidl_typesupport_introspection_cpp.so
[2.537s] -- Up-to-date: /home/alix.degironde/Public/tello-ros2/workspace/install/tello_msg/lib/libtello_msg__rosidl_typesupport_cpp.so
[2.577s] Listing '/home/alix.degironde/Public/tello-ros2/workspace/install/tello_msg/lib/python3.12/site-packages/tello_msg'...
[2.577s] Compiling '/home/alix.degironde/Public/tello-ros2/workspace/install/tello_msg/lib/python3.12/site-packages/tello_msg/__init__.py'...
[2.577s] Listing '/home/alix.degironde/Public/tello-ros2/workspace/install/tello_msg/lib/python3.12/site-packages/tello_msg/action'...
[2.577s] Listing '/home/alix.degironde/Public/tello-ros2/workspace/install/tello_msg/lib/python3.12/site-packages/tello_msg/msg'...
[2.577s] Listing '/home/alix.degironde/Public/tello-ros2/workspace/install/tello_msg/lib/python3.12/site-packages/tello_msg/srv'...
[2.583s] -- Up-to-date: /home/alix.degironde/Public/tello-ros2/workspace/install/tello_msg/lib/libtello_msg__rosidl_generator_py.so
[2.583s] -- Up-to-date: /home/alix.degironde/Public/tello-ros2/workspace/install/tello_msg/share/tello_msg/cmake/export_tello_msg__rosidl_generator_cExport.cmake
[2.584s] -- Up-to-date: /home/alix.degironde/Public/tello-ros2/workspace/install/tello_msg/share/tello_msg/cmake/export_tello_msg__rosidl_generator_cExport-noconfig.cmake
[2.584s] -- Up-to-date: /home/alix.degironde/Public/tello-ros2/workspace/install/tello_msg/share/tello_msg/cmake/export_tello_msg__rosidl_typesupport_fastrtps_cExport.cmake
[2.584s] -- Up-to-date: /home/alix.degironde/Public/tello-ros2/workspace/install/tello_msg/share/tello_msg/cmake/export_tello_msg__rosidl_typesupport_fastrtps_cExport-noconfig.cmake
[2.584s] -- Up-to-date: /home/alix.degironde/Public/tello-ros2/workspace/install/tello_msg/share/tello_msg/cmake/tello_msg__rosidl_typesupport_introspection_cExport.cmake
[2.584s] -- Up-to-date: /home/alix.degironde/Public/tello-ros2/workspace/install/tello_msg/share/tello_msg/cmake/tello_msg__rosidl_typesupport_introspection_cExport-noconfig.cmake
[2.584s] -- Up-to-date: /home/alix.degironde/Public/tello-ros2/workspace/install/tello_msg/share/tello_msg/cmake/tello_msg__rosidl_typesupport_cExport.cmake
[2.585s] -- Up-to-date: /home/alix.degironde/Public/tello-ros2/workspace/install/tello_msg/share/tello_msg/cmake/tello_msg__rosidl_typesupport_cExport-noconfig.cmake
[2.585s] -- Up-to-date: /home/alix.degironde/Public/tello-ros2/workspace/install/tello_msg/share/tello_msg/cmake/export_tello_msg__rosidl_generator_cppExport.cmake
[2.585s] -- Up-to-date: /home/alix.degironde/Public/tello-ros2/workspace/install/tello_msg/share/tello_msg/cmake/export_tello_msg__rosidl_typesupport_fastrtps_cppExport.cmake
[2.585s] -- Up-to-date: /home/alix.degironde/Public/tello-ros2/workspace/install/tello_msg/share/tello_msg/cmake/export_tello_msg__rosidl_typesupport_fastrtps_cppExport-noconfig.cmake
[2.585s] -- Up-to-date: /home/alix.degironde/Public/tello-ros2/workspace/install/tello_msg/share/tello_msg/cmake/tello_msg__rosidl_typesupport_introspection_cppExport.cmake
[2.585s] -- Up-to-date: /home/alix.degironde/Public/tello-ros2/workspace/install/tello_msg/share/tello_msg/cmake/tello_msg__rosidl_typesupport_introspection_cppExport-noconfig.cmake
[2.585s] -- Up-to-date: /home/alix.degironde/Public/tello-ros2/workspace/install/tello_msg/share/tello_msg/cmake/tello_msg__rosidl_typesupport_cppExport.cmake
[2.585s] -- Up-to-date: /home/alix.degironde/Public/tello-ros2/workspace/install/tello_msg/share/tello_msg/cmake/tello_msg__rosidl_typesupport_cppExport-noconfig.cmake
[2.586s] -- Up-to-date: /home/alix.degironde/Public/tello-ros2/workspace/install/tello_msg/share/tello_msg/cmake/export_tello_msg__rosidl_generator_pyExport.cmake
[2.586s] -- Up-to-date: /home/alix.degironde/Public/tello-ros2/workspace/install/tello_msg/share/tello_msg/cmake/export_tello_msg__rosidl_generator_pyExport-noconfig.cmake
[2.588s] Invoked command in '/home/alix.degironde/Public/tello-ros2/workspace/build/tello_msg' returned '0': CMAKE_PREFIX_PATH=${CMAKE_PREFIX_PATH}:/opt/ros/jazzy DEBUGINFOD_URLS=https://debuginfod.ubuntu.com HISTTIMEFORMAT=%F %T PS1=(ven_IROS) \[\e]0;\u@\h: \w\a\]${debian_chroot:+($debian_chroot)}\[\033[01;32m\]\u@\h\[\033[00m\]:\[\033[01;34m\]\w\[\033[00m\]\$ VIRTUAL_ENV_PROMPT=(ven_IROS) /usr/bin/cmake --install /home/alix.degironde/Public/tello-ros2/workspace/build/tello_msg
