[0.157s] DEBUG:colcon:Command line arguments: ['/usr/bin/colcon', 'build', '--packages-select', 'controller', 'tello_msg']
[0.158s] DEBUG:colcon:Parsed command line arguments: Namespace(log_base=None, log_level=None, verb_name='build', build_base='build', install_base='install', merge_install=False, symlink_install=False, test_result_base=None, continue_on_error=False, executor='parallel', parallel_workers=4, event_handlers=None, ignore_user_meta=False, metas=['./colcon.meta'], base_paths=['.'], packages_ignore=None, packages_ignore_regex=None, paths=None, packages_up_to=None, packages_up_to_regex=None, packages_above=None, packages_above_and_dependencies=None, packages_above_depth=None, packages_select_by_dep=None, packages_skip_by_dep=None, packages_skip_up_to=None, packages_select_build_failed=False, packages_skip_build_finished=False, packages_select_test_failures=False, packages_skip_test_passed=False, packages_select=['controller', 'tello_msg'], packages_skip=None, packages_select_regex=None, packages_skip_regex=None, packages_start=None, packages_end=None, allow_overriding=[], cmake_args=None, cmake_target=None, cmake_target_skip_unavailable=False, cmake_clean_cache=False, cmake_clean_first=False, cmake_force_configure=False, ament_cmake_args=None, catkin_cmake_args=None, catkin_skip_building_tests=False, mixin_files=None, mixin=None, verb_parser=<colcon_mixin.mixin.mixin_argument.MixinArgumentDecorator object at 0x7bbcb47ec8f0>, verb_extension=<colcon_core.verb.build.BuildVerb object at 0x7bbcb47ec680>, main=<bound method BuildVerb.main of <colcon_core.verb.build.BuildVerb object at 0x7bbcb47ec680>>, mixin_verb=('build',))
[0.204s] Level 1:colcon.colcon_core.package_discovery:discover_packages(colcon_meta) check parameters
[0.205s] Level 1:colcon.colcon_core.package_discovery:discover_packages(recursive) check parameters
[0.205s] Level 1:colcon.colcon_core.package_discovery:discover_packages(ignore) check parameters
[0.205s] Level 1:colcon.colcon_core.package_discovery:discover_packages(path) check parameters
[0.205s] Level 1:colcon.colcon_core.package_discovery:discover_packages(colcon_meta) discover
[0.205s] Level 1:colcon.colcon_core.package_discovery:discover_packages(recursive) discover
[0.205s] INFO:colcon.colcon_core.package_discovery:Crawling recursively for packages in '/home/alix.degironde/Public/tello-ros2/workspace'
[0.205s] Level 1:colcon.colcon_core.package_identification:_identify(.) by extensions ['ignore', 'ignore_ament_install']
[0.205s] Level 1:colcon.colcon_core.package_identification:_identify(.) by extension 'ignore'
[0.205s] Level 1:colcon.colcon_core.package_identification:_identify(.) by extension 'ignore_ament_install'
[0.205s] Level 1:colcon.colcon_core.package_identification:_identify(.) by extensions ['colcon_pkg']
[0.205s] Level 1:colcon.colcon_core.package_identification:_identify(.) by extension 'colcon_pkg'
[0.205s] Level 1:colcon.colcon_core.package_identification:_identify(.) by extensions ['colcon_meta']
[0.205s] Level 1:colcon.colcon_core.package_identification:_identify(.) by extension 'colcon_meta'
[0.205s] Level 1:colcon.colcon_core.package_identification:_identify(.) by extensions ['ros']
[0.205s] Level 1:colcon.colcon_core.package_identification:_identify(.) by extension 'ros'
[0.236s] Level 1:colcon.colcon_core.package_identification:_identify(.) by extensions ['cmake', 'python']
[0.236s] Level 1:colcon.colcon_core.package_identification:_identify(.) by extension 'cmake'
[0.236s] Level 1:colcon.colcon_core.package_identification:_identify(.) by extension 'python'
[0.236s] Level 1:colcon.colcon_core.package_identification:_identify(.) by extensions ['python_setup_py']
[0.236s] Level 1:colcon.colcon_core.package_identification:_identify(.) by extension 'python_setup_py'
[0.236s] Level 1:colcon.colcon_core.package_identification:_identify(build) by extensions ['ignore', 'ignore_ament_install']
[0.236s] Level 1:colcon.colcon_core.package_identification:_identify(build) by extension 'ignore'
[0.236s] Level 1:colcon.colcon_core.package_identification:_identify(build) ignored
[0.236s] Level 1:colcon.colcon_core.package_identification:_identify(install) by extensions ['ignore', 'ignore_ament_install']
[0.237s] Level 1:colcon.colcon_core.package_identification:_identify(install) by extension 'ignore'
[0.237s] Level 1:colcon.colcon_core.package_identification:_identify(install) ignored
[0.237s] Level 1:colcon.colcon_core.package_identification:_identify(log) by extensions ['ignore', 'ignore_ament_install']
[0.237s] Level 1:colcon.colcon_core.package_identification:_identify(log) by extension 'ignore'
[0.237s] Level 1:colcon.colcon_core.package_identification:_identify(log) ignored
[0.237s] Level 1:colcon.colcon_core.package_identification:_identify(src) by extensions ['ignore', 'ignore_ament_install']
[0.237s] Level 1:colcon.colcon_core.package_identification:_identify(src) by extension 'ignore'
[0.237s] Level 1:colcon.colcon_core.package_identification:_identify(src) by extension 'ignore_ament_install'
[0.237s] Level 1:colcon.colcon_core.package_identification:_identify(src) by extensions ['colcon_pkg']
[0.237s] Level 1:colcon.colcon_core.package_identification:_identify(src) by extension 'colcon_pkg'
[0.237s] Level 1:colcon.colcon_core.package_identification:_identify(src) by extensions ['colcon_meta']
[0.238s] Level 1:colcon.colcon_core.package_identification:_identify(src) by extension 'colcon_meta'
[0.238s] Level 1:colcon.colcon_core.package_identification:_identify(src) by extensions ['ros']
[0.238s] Level 1:colcon.colcon_core.package_identification:_identify(src) by extension 'ros'
[0.238s] Level 1:colcon.colcon_core.package_identification:_identify(src) by extensions ['cmake', 'python']
[0.238s] Level 1:colcon.colcon_core.package_identification:_identify(src) by extension 'cmake'
[0.238s] Level 1:colcon.colcon_core.package_identification:_identify(src) by extension 'python'
[0.238s] Level 1:colcon.colcon_core.package_identification:_identify(src) by extensions ['python_setup_py']
[0.238s] Level 1:colcon.colcon_core.package_identification:_identify(src) by extension 'python_setup_py'
[0.238s] Level 1:colcon.colcon_core.package_identification:_identify(src/build) by extensions ['ignore', 'ignore_ament_install']
[0.238s] Level 1:colcon.colcon_core.package_identification:_identify(src/build) by extension 'ignore'
[0.238s] Level 1:colcon.colcon_core.package_identification:_identify(src/build) ignored
[0.238s] Level 1:colcon.colcon_core.package_identification:_identify(src/controller) by extensions ['ignore', 'ignore_ament_install']
[0.238s] Level 1:colcon.colcon_core.package_identification:_identify(src/controller) by extension 'ignore'
[0.238s] Level 1:colcon.colcon_core.package_identification:_identify(src/controller) by extension 'ignore_ament_install'
[0.239s] Level 1:colcon.colcon_core.package_identification:_identify(src/controller) by extensions ['colcon_pkg']
[0.239s] Level 1:colcon.colcon_core.package_identification:_identify(src/controller) by extension 'colcon_pkg'
[0.239s] Level 1:colcon.colcon_core.package_identification:_identify(src/controller) by extensions ['colcon_meta']
[0.239s] Level 1:colcon.colcon_core.package_identification:_identify(src/controller) by extension 'colcon_meta'
[0.239s] Level 1:colcon.colcon_core.package_identification:_identify(src/controller) by extensions ['ros']
[0.239s] Level 1:colcon.colcon_core.package_identification:_identify(src/controller) by extension 'ros'
[0.240s] DEBUG:colcon.colcon_core.package_identification:Failed to parse potential ROS package manifest in'src/controller': Error(s) in package 'src/controller/package.xml':
The manifest contains invalid XML:
not well-formed (invalid token): line 24, column 1
[0.240s] Level 1:colcon.colcon_core.package_identification:_identify(src/controller) by extensions ['cmake', 'python']
[0.240s] Level 1:colcon.colcon_core.package_identification:_identify(src/controller) by extension 'cmake'
[0.240s] Level 1:colcon.colcon_core.package_identification:_identify(src/controller) by extension 'python'
[0.241s] DEBUG:colcon.colcon_core.package_identification:Python package in 'src/controller' passes arguments to the setup() function which requires a different identification extension than 'python'
[0.241s] Level 1:colcon.colcon_core.package_identification:_identify(src/controller) by extensions ['python_setup_py']
[0.241s] Level 1:colcon.colcon_core.package_identification:_identify(src/controller) by extension 'python_setup_py'
[0.596s] DEBUG:colcon.colcon_core.package_identification:Package 'src/controller' with type 'python' and name 'controller'
[0.597s] Level 1:colcon.colcon_core.package_identification:_identify(src/install) by extensions ['ignore', 'ignore_ament_install']
[0.597s] Level 1:colcon.colcon_core.package_identification:_identify(src/install) by extension 'ignore'
[0.597s] Level 1:colcon.colcon_core.package_identification:_identify(src/install) ignored
[0.597s] Level 1:colcon.colcon_core.package_identification:_identify(src/log) by extensions ['ignore', 'ignore_ament_install']
[0.597s] Level 1:colcon.colcon_core.package_identification:_identify(src/log) by extension 'ignore'
[0.597s] Level 1:colcon.colcon_core.package_identification:_identify(src/log) ignored
[0.597s] Level 1:colcon.colcon_core.package_identification:_identify(src/tello) by extensions ['ignore', 'ignore_ament_install']
[0.597s] Level 1:colcon.colcon_core.package_identification:_identify(src/tello) by extension 'ignore'
[0.598s] Level 1:colcon.colcon_core.package_identification:_identify(src/tello) ignored
[0.598s] Level 1:colcon.colcon_core.package_identification:_identify(src/tello_control) by extensions ['ignore', 'ignore_ament_install']
[0.598s] Level 1:colcon.colcon_core.package_identification:_identify(src/tello_control) by extension 'ignore'
[0.598s] Level 1:colcon.colcon_core.package_identification:_identify(src/tello_control) by extension 'ignore_ament_install'
[0.598s] Level 1:colcon.colcon_core.package_identification:_identify(src/tello_control) by extensions ['colcon_pkg']
[0.598s] Level 1:colcon.colcon_core.package_identification:_identify(src/tello_control) by extension 'colcon_pkg'
[0.598s] Level 1:colcon.colcon_core.package_identification:_identify(src/tello_control) by extensions ['colcon_meta']
[0.598s] Level 1:colcon.colcon_core.package_identification:_identify(src/tello_control) by extension 'colcon_meta'
[0.598s] Level 1:colcon.colcon_core.package_identification:_identify(src/tello_control) by extensions ['ros']
[0.598s] Level 1:colcon.colcon_core.package_identification:_identify(src/tello_control) by extension 'ros'
[0.600s] DEBUG:colcon.colcon_core.package_identification:Package 'src/tello_control' with type 'ros.ament_cmake' and name 'tello_control'
[0.600s] Level 1:colcon.colcon_core.package_identification:_identify(src/tello_msg) by extensions ['ignore', 'ignore_ament_install']
[0.600s] Level 1:colcon.colcon_core.package_identification:_identify(src/tello_msg) by extension 'ignore'
[0.600s] Level 1:colcon.colcon_core.package_identification:_identify(src/tello_msg) by extension 'ignore_ament_install'
[0.600s] Level 1:colcon.colcon_core.package_identification:_identify(src/tello_msg) by extensions ['colcon_pkg']
[0.600s] Level 1:colcon.colcon_core.package_identification:_identify(src/tello_msg) by extension 'colcon_pkg'
[0.601s] Level 1:colcon.colcon_core.package_identification:_identify(src/tello_msg) by extensions ['colcon_meta']
[0.601s] Level 1:colcon.colcon_core.package_identification:_identify(src/tello_msg) by extension 'colcon_meta'
[0.601s] Level 1:colcon.colcon_core.package_identification:_identify(src/tello_msg) by extensions ['ros']
[0.601s] Level 1:colcon.colcon_core.package_identification:_identify(src/tello_msg) by extension 'ros'
[0.601s] DEBUG:colcon.colcon_core.package_identification:Package 'src/tello_msg' with type 'ros.ament_cmake' and name 'tello_msg'
[0.601s] Level 1:colcon.colcon_core.package_discovery:discover_packages(recursive) using defaults
[0.602s] Level 1:colcon.colcon_core.package_discovery:discover_packages(ignore) discover
[0.602s] Level 1:colcon.colcon_core.package_discovery:discover_packages(ignore) using defaults
[0.602s] Level 1:colcon.colcon_core.package_discovery:discover_packages(path) discover
[0.602s] Level 1:colcon.colcon_core.package_discovery:discover_packages(path) using defaults
[0.623s] INFO:colcon.colcon_core.package_selection:Skipping not selected package 'tello_control' in 'src/tello_control'
[0.624s] Level 1:colcon.colcon_core.package_discovery:discover_packages(prefix_path) check parameters
[0.624s] Level 1:colcon.colcon_core.package_discovery:discover_packages(prefix_path) discover
[0.626s] DEBUG:colcon.colcon_installed_package_information.package_discovery:Found 4 installed packages in /home/alix.degironde/Public/tello-ros2/workspace/install
[0.630s] DEBUG:colcon.colcon_installed_package_information.package_discovery:Found 480 installed packages in /opt/ros/jazzy
[0.632s] Level 1:colcon.colcon_core.package_discovery:discover_packages(prefix_path) using defaults
[0.736s] WARNING:colcon.colcon_core.package_selection:Some selected packages are already built in one or more underlay workspaces:
	'tello_msg' is in: /home/alix.degironde/Public/tello-ros2/workspace/install/tello_msg
If a package in a merged underlay workspace is overridden and it installs headers, then all packages in the overlay must sort their include directories by workspace order. Failure to do so may result in build failures or undefined behavior at run time.
If the overridden package is used by another package in any underlay, then the overriding package in the overlay must be API and ABI compatible or undefined behavior at run time may occur.

If you understand the risks and want to override a package anyways, add the following to the command line:
	--allow-overriding tello_msg

This may be promoted to an error in a future release of colcon-override-check.
[0.738s] Level 5:colcon.colcon_core.verb:set package 'controller' build argument 'cmake_args' from command line to 'None'
[0.739s] Level 5:colcon.colcon_core.verb:set package 'controller' build argument 'cmake_target' from command line to 'None'
[0.739s] Level 5:colcon.colcon_core.verb:set package 'controller' build argument 'cmake_target_skip_unavailable' from command line to 'False'
[0.739s] Level 5:colcon.colcon_core.verb:set package 'controller' build argument 'cmake_clean_cache' from command line to 'False'
[0.739s] Level 5:colcon.colcon_core.verb:set package 'controller' build argument 'cmake_clean_first' from command line to 'False'
[0.739s] Level 5:colcon.colcon_core.verb:set package 'controller' build argument 'cmake_force_configure' from command line to 'False'
[0.739s] Level 5:colcon.colcon_core.verb:set package 'controller' build argument 'ament_cmake_args' from command line to 'None'
[0.739s] Level 5:colcon.colcon_core.verb:set package 'controller' build argument 'catkin_cmake_args' from command line to 'None'
[0.739s] Level 5:colcon.colcon_core.verb:set package 'controller' build argument 'catkin_skip_building_tests' from command line to 'False'
[0.739s] DEBUG:colcon.colcon_core.verb:Building package 'controller' with the following arguments: {'ament_cmake_args': None, 'build_base': '/home/alix.degironde/Public/tello-ros2/workspace/build/controller', 'catkin_cmake_args': None, 'catkin_skip_building_tests': False, 'cmake_args': None, 'cmake_clean_cache': False, 'cmake_clean_first': False, 'cmake_force_configure': False, 'cmake_target': None, 'cmake_target_skip_unavailable': False, 'install_base': '/home/alix.degironde/Public/tello-ros2/workspace/install/controller', 'merge_install': False, 'path': '/home/alix.degironde/Public/tello-ros2/workspace/src/controller', 'symlink_install': False, 'test_result_base': None}
[0.739s] Level 5:colcon.colcon_core.verb:set package 'tello_msg' build argument 'cmake_args' from command line to 'None'
[0.739s] Level 5:colcon.colcon_core.verb:set package 'tello_msg' build argument 'cmake_target' from command line to 'None'
[0.739s] Level 5:colcon.colcon_core.verb:set package 'tello_msg' build argument 'cmake_target_skip_unavailable' from command line to 'False'
[0.740s] Level 5:colcon.colcon_core.verb:set package 'tello_msg' build argument 'cmake_clean_cache' from command line to 'False'
[0.740s] Level 5:colcon.colcon_core.verb:set package 'tello_msg' build argument 'cmake_clean_first' from command line to 'False'
[0.740s] Level 5:colcon.colcon_core.verb:set package 'tello_msg' build argument 'cmake_force_configure' from command line to 'False'
[0.740s] Level 5:colcon.colcon_core.verb:set package 'tello_msg' build argument 'ament_cmake_args' from command line to 'None'
[0.740s] Level 5:colcon.colcon_core.verb:set package 'tello_msg' build argument 'catkin_cmake_args' from command line to 'None'
[0.740s] Level 5:colcon.colcon_core.verb:set package 'tello_msg' build argument 'catkin_skip_building_tests' from command line to 'False'
[0.740s] DEBUG:colcon.colcon_core.verb:Building package 'tello_msg' with the following arguments: {'ament_cmake_args': None, 'build_base': '/home/alix.degironde/Public/tello-ros2/workspace/build/tello_msg', 'catkin_cmake_args': None, 'catkin_skip_building_tests': False, 'cmake_args': None, 'cmake_clean_cache': False, 'cmake_clean_first': False, 'cmake_force_configure': False, 'cmake_target': None, 'cmake_target_skip_unavailable': False, 'install_base': '/home/alix.degironde/Public/tello-ros2/workspace/install/tello_msg', 'merge_install': False, 'path': '/home/alix.degironde/Public/tello-ros2/workspace/src/tello_msg', 'symlink_install': False, 'test_result_base': None}
[0.740s] INFO:colcon.colcon_core.executor:Executing jobs using 'parallel' executor
[0.741s] DEBUG:colcon.colcon_parallel_executor.executor.parallel:run_until_complete
[0.742s] INFO:colcon.colcon_core.task.python.build:Building Python package in '/home/alix.degironde/Public/tello-ros2/workspace/src/controller'
[0.744s] INFO:colcon.colcon_core.plugin_system:Skipping extension 'colcon_core.shell.bat': Not used on non-Windows systems
[0.745s] INFO:colcon.colcon_core.shell:Skip shell extension 'powershell' for command environment: Not usable outside of PowerShell
[0.745s] DEBUG:colcon.colcon_core.shell:Skip shell extension 'dsv' for command environment
[0.752s] INFO:colcon.colcon_ros.task.ament_cmake.build:Building ROS package in '/home/alix.degironde/Public/tello-ros2/workspace/src/tello_msg' with build type 'ament_cmake'
[0.752s] INFO:colcon.colcon_cmake.task.cmake.build:Building CMake package in '/home/alix.degironde/Public/tello-ros2/workspace/src/tello_msg'
[0.752s] INFO:colcon.colcon_core.shell:Skip shell extension 'powershell' for command environment: Not usable outside of PowerShell
[0.753s] DEBUG:colcon.colcon_core.shell:Skip shell extension 'dsv' for command environment
[1.152s] DEBUG:colcon.colcon_core.event_handler.log_command:Invoking command in '/home/alix.degironde/Public/tello-ros2/workspace/build/tello_msg': CMAKE_PREFIX_PATH=${CMAKE_PREFIX_PATH}:/home/alix.degironde/Public/tello-ros2/workspace/install/tello:/home/alix.degironde/Public/tello-ros2/workspace/install/controller:/opt/ros/jazzy DEBUGINFOD_URLS=https://debuginfod.ubuntu.com HISTTIMEFORMAT=%F %T PS1=(ven_IROS) \[\e]0;\u@\h: \w\a\]${debian_chroot:+($debian_chroot)}\[\033[01;32m\]\u@\h\[\033[00m\]:\[\033[01;34m\]\w\[\033[00m\]\$ VIRTUAL_ENV_PROMPT=(ven_IROS) /usr/bin/cmake --build /home/alix.degironde/Public/tello-ros2/workspace/build/tello_msg -- -j4 -l4
[2.360s] DEBUG:colcon.colcon_core.event_handler.log_command:Invoking command in '/home/alix.degironde/Public/tello-ros2/workspace/src/controller': DEBUGINFOD_URLS=https://debuginfod.ubuntu.com HISTTIMEFORMAT=%F %T PS1=(ven_IROS) \[\e]0;\u@\h: \w\a\]${debian_chroot:+($debian_chroot)}\[\033[01;32m\]\u@\h\[\033[00m\]:\[\033[01;34m\]\w\[\033[00m\]\$ PYTHONPATH=/home/alix.degironde/Public/tello-ros2/workspace/build/controller/prefix_override:/usr/lib/python3/dist-packages/colcon_core/task/python/colcon_distutils_commands:/home/alix.degironde/Public/tello-ros2/workspace/install/controller/lib/python3.12/site-packages:${PYTHONPATH} VIRTUAL_ENV_PROMPT=(ven_IROS) /usr/bin/python3 -W ignore:setup.py install is deprecated -W ignore:easy_install command is deprecated setup.py egg_info --egg-base ../../build/controller build --build-base /home/alix.degironde/Public/tello-ros2/workspace/build/controller/build install --record /home/alix.degironde/Public/tello-ros2/workspace/build/controller/install.log --single-version-externally-managed install_data
[3.527s] DEBUG:colcon.colcon_core.event_handler.log_command:Invoked command in '/home/alix.degironde/Public/tello-ros2/workspace/src/controller' returned '0': DEBUGINFOD_URLS=https://debuginfod.ubuntu.com HISTTIMEFORMAT=%F %T PS1=(ven_IROS) \[\e]0;\u@\h: \w\a\]${debian_chroot:+($debian_chroot)}\[\033[01;32m\]\u@\h\[\033[00m\]:\[\033[01;34m\]\w\[\033[00m\]\$ PYTHONPATH=/home/alix.degironde/Public/tello-ros2/workspace/build/controller/prefix_override:/usr/lib/python3/dist-packages/colcon_core/task/python/colcon_distutils_commands:/home/alix.degironde/Public/tello-ros2/workspace/install/controller/lib/python3.12/site-packages:${PYTHONPATH} VIRTUAL_ENV_PROMPT=(ven_IROS) /usr/bin/python3 -W ignore:setup.py install is deprecated -W ignore:easy_install command is deprecated setup.py egg_info --egg-base ../../build/controller build --build-base /home/alix.degironde/Public/tello-ros2/workspace/build/controller/build install --record /home/alix.degironde/Public/tello-ros2/workspace/build/controller/install.log --single-version-externally-managed install_data
[3.529s] Level 1:colcon.colcon_core.environment:checking '/home/alix.degironde/Public/tello-ros2/workspace/install/controller' for CMake module files
[3.529s] Level 1:colcon.colcon_core.environment:checking '/home/alix.degironde/Public/tello-ros2/workspace/install/controller' for CMake config files
[3.530s] Level 1:colcon.colcon_core.environment:checking '/home/alix.degironde/Public/tello-ros2/workspace/install/controller/lib'
[3.530s] Level 1:colcon.colcon_core.environment:checking '/home/alix.degironde/Public/tello-ros2/workspace/install/controller/bin'
[3.530s] Level 1:colcon.colcon_core.environment:checking '/home/alix.degironde/Public/tello-ros2/workspace/install/controller/lib/pkgconfig/controller.pc'
[3.531s] Level 1:colcon.colcon_core.environment:checking '/home/alix.degironde/Public/tello-ros2/workspace/install/controller/lib/python3.12/site-packages'
[3.531s] Level 1:colcon.colcon_core.shell:create_environment_hook('controller', 'pythonpath')
[3.531s] INFO:colcon.colcon_core.shell:Creating environment hook '/home/alix.degironde/Public/tello-ros2/workspace/install/controller/share/controller/hook/pythonpath.ps1'
[3.532s] INFO:colcon.colcon_core.shell:Creating environment descriptor '/home/alix.degironde/Public/tello-ros2/workspace/install/controller/share/controller/hook/pythonpath.dsv'
[3.532s] INFO:colcon.colcon_core.shell:Creating environment hook '/home/alix.degironde/Public/tello-ros2/workspace/install/controller/share/controller/hook/pythonpath.sh'
[3.534s] Level 1:colcon.colcon_core.environment:checking '/home/alix.degironde/Public/tello-ros2/workspace/install/controller/bin'
[3.534s] Level 1:colcon.colcon_core.environment:create_environment_scripts_only(controller)
[3.534s] INFO:colcon.colcon_core.shell:Creating package script '/home/alix.degironde/Public/tello-ros2/workspace/install/controller/share/controller/package.ps1'
[3.536s] INFO:colcon.colcon_core.shell:Creating package descriptor '/home/alix.degironde/Public/tello-ros2/workspace/install/controller/share/controller/package.dsv'
[3.536s] INFO:colcon.colcon_core.shell:Creating package script '/home/alix.degironde/Public/tello-ros2/workspace/install/controller/share/controller/package.sh'
[3.537s] INFO:colcon.colcon_core.shell:Creating package script '/home/alix.degironde/Public/tello-ros2/workspace/install/controller/share/controller/package.bash'
[3.538s] INFO:colcon.colcon_core.shell:Creating package script '/home/alix.degironde/Public/tello-ros2/workspace/install/controller/share/controller/package.zsh'
[3.539s] Level 1:colcon.colcon_core.environment:create_file_with_runtime_dependencies(/home/alix.degironde/Public/tello-ros2/workspace/install/controller/share/colcon-core/packages/controller)
[18.581s] DEBUG:colcon.colcon_core.event_handler.log_command:Invoked command in '/home/alix.degironde/Public/tello-ros2/workspace/build/tello_msg' returned '0': CMAKE_PREFIX_PATH=${CMAKE_PREFIX_PATH}:/home/alix.degironde/Public/tello-ros2/workspace/install/tello:/home/alix.degironde/Public/tello-ros2/workspace/install/controller:/opt/ros/jazzy DEBUGINFOD_URLS=https://debuginfod.ubuntu.com HISTTIMEFORMAT=%F %T PS1=(ven_IROS) \[\e]0;\u@\h: \w\a\]${debian_chroot:+($debian_chroot)}\[\033[01;32m\]\u@\h\[\033[00m\]:\[\033[01;34m\]\w\[\033[00m\]\$ VIRTUAL_ENV_PROMPT=(ven_IROS) /usr/bin/cmake --build /home/alix.degironde/Public/tello-ros2/workspace/build/tello_msg -- -j4 -l4
[18.595s] DEBUG:colcon.colcon_core.event_handler.log_command:Invoking command in '/home/alix.degironde/Public/tello-ros2/workspace/build/tello_msg': CMAKE_PREFIX_PATH=${CMAKE_PREFIX_PATH}:/home/alix.degironde/Public/tello-ros2/workspace/install/tello:/home/alix.degironde/Public/tello-ros2/workspace/install/controller:/opt/ros/jazzy DEBUGINFOD_URLS=https://debuginfod.ubuntu.com HISTTIMEFORMAT=%F %T PS1=(ven_IROS) \[\e]0;\u@\h: \w\a\]${debian_chroot:+($debian_chroot)}\[\033[01;32m\]\u@\h\[\033[00m\]:\[\033[01;34m\]\w\[\033[00m\]\$ VIRTUAL_ENV_PROMPT=(ven_IROS) /usr/bin/cmake --install /home/alix.degironde/Public/tello-ros2/workspace/build/tello_msg
[18.863s] Level 1:colcon.colcon_core.environment:create_environment_scripts_only(tello_msg)
[18.864s] Level 1:colcon.colcon_core.environment:checking '/home/alix.degironde/Public/tello-ros2/workspace/install/tello_msg' for CMake module files
[18.865s] Level 1:colcon.colcon_core.environment:checking '/home/alix.degironde/Public/tello-ros2/workspace/install/tello_msg' for CMake config files
[18.866s] Level 1:colcon.colcon_core.shell:create_environment_hook('tello_msg', 'cmake_prefix_path')
[18.876s] INFO:colcon.colcon_core.shell:Creating environment hook '/home/alix.degironde/Public/tello-ros2/workspace/install/tello_msg/share/tello_msg/hook/cmake_prefix_path.ps1'
[18.876s] INFO:colcon.colcon_core.shell:Creating environment descriptor '/home/alix.degironde/Public/tello-ros2/workspace/install/tello_msg/share/tello_msg/hook/cmake_prefix_path.dsv'
[18.877s] INFO:colcon.colcon_core.shell:Creating environment hook '/home/alix.degironde/Public/tello-ros2/workspace/install/tello_msg/share/tello_msg/hook/cmake_prefix_path.sh'
[18.877s] Level 1:colcon.colcon_core.environment:checking '/home/alix.degironde/Public/tello-ros2/workspace/install/tello_msg/lib'
[18.877s] Level 1:colcon.colcon_core.shell:create_environment_hook('tello_msg', 'ld_library_path_lib')
[18.878s] INFO:colcon.colcon_core.shell:Creating environment hook '/home/alix.degironde/Public/tello-ros2/workspace/install/tello_msg/share/tello_msg/hook/ld_library_path_lib.ps1'
[18.878s] DEBUG:colcon.colcon_core.event_handler.log_command:Invoked command in '/home/alix.degironde/Public/tello-ros2/workspace/build/tello_msg' returned '0': CMAKE_PREFIX_PATH=${CMAKE_PREFIX_PATH}:/home/alix.degironde/Public/tello-ros2/workspace/install/tello:/home/alix.degironde/Public/tello-ros2/workspace/install/controller:/opt/ros/jazzy DEBUGINFOD_URLS=https://debuginfod.ubuntu.com HISTTIMEFORMAT=%F %T PS1=(ven_IROS) \[\e]0;\u@\h: \w\a\]${debian_chroot:+($debian_chroot)}\[\033[01;32m\]\u@\h\[\033[00m\]:\[\033[01;34m\]\w\[\033[00m\]\$ VIRTUAL_ENV_PROMPT=(ven_IROS) /usr/bin/cmake --install /home/alix.degironde/Public/tello-ros2/workspace/build/tello_msg
[18.890s] INFO:colcon.colcon_core.shell:Creating environment descriptor '/home/alix.degironde/Public/tello-ros2/workspace/install/tello_msg/share/tello_msg/hook/ld_library_path_lib.dsv'
[18.891s] INFO:colcon.colcon_core.shell:Creating environment hook '/home/alix.degironde/Public/tello-ros2/workspace/install/tello_msg/share/tello_msg/hook/ld_library_path_lib.sh'
[18.891s] Level 1:colcon.colcon_core.environment:checking '/home/alix.degironde/Public/tello-ros2/workspace/install/tello_msg/bin'
[18.891s] Level 1:colcon.colcon_core.environment:checking '/home/alix.degironde/Public/tello-ros2/workspace/install/tello_msg/lib/pkgconfig/tello_msg.pc'
[18.892s] Level 1:colcon.colcon_core.environment:checking '/home/alix.degironde/Public/tello-ros2/workspace/install/tello_msg/lib/python3.12/site-packages'
[18.892s] Level 1:colcon.colcon_core.shell:create_environment_hook('tello_msg', 'pythonpath')
[18.892s] INFO:colcon.colcon_core.shell:Creating environment hook '/home/alix.degironde/Public/tello-ros2/workspace/install/tello_msg/share/tello_msg/hook/pythonpath.ps1'
[18.893s] INFO:colcon.colcon_core.shell:Creating environment descriptor '/home/alix.degironde/Public/tello-ros2/workspace/install/tello_msg/share/tello_msg/hook/pythonpath.dsv'
[18.893s] INFO:colcon.colcon_core.shell:Creating environment hook '/home/alix.degironde/Public/tello-ros2/workspace/install/tello_msg/share/tello_msg/hook/pythonpath.sh'
[18.906s] Level 1:colcon.colcon_core.environment:checking '/home/alix.degironde/Public/tello-ros2/workspace/install/tello_msg/bin'
[18.907s] INFO:colcon.colcon_core.shell:Creating package script '/home/alix.degironde/Public/tello-ros2/workspace/install/tello_msg/share/tello_msg/package.ps1'
[18.907s] INFO:colcon.colcon_core.shell:Creating package descriptor '/home/alix.degironde/Public/tello-ros2/workspace/install/tello_msg/share/tello_msg/package.dsv'
[18.908s] INFO:colcon.colcon_core.shell:Creating package script '/home/alix.degironde/Public/tello-ros2/workspace/install/tello_msg/share/tello_msg/package.sh'
[18.921s] INFO:colcon.colcon_core.shell:Creating package script '/home/alix.degironde/Public/tello-ros2/workspace/install/tello_msg/share/tello_msg/package.bash'
[18.922s] INFO:colcon.colcon_core.shell:Creating package script '/home/alix.degironde/Public/tello-ros2/workspace/install/tello_msg/share/tello_msg/package.zsh'
[18.930s] Level 1:colcon.colcon_core.environment:create_file_with_runtime_dependencies(/home/alix.degironde/Public/tello-ros2/workspace/install/tello_msg/share/colcon-core/packages/tello_msg)
[18.935s] Level 1:colcon.colcon_core.environment:create_environment_scripts_only(tello_msg)
[18.941s] Level 1:colcon.colcon_core.environment:checking '/home/alix.degironde/Public/tello-ros2/workspace/install/tello_msg' for CMake module files
[18.944s] Level 1:colcon.colcon_core.environment:checking '/home/alix.degironde/Public/tello-ros2/workspace/install/tello_msg' for CMake config files
[18.944s] Level 1:colcon.colcon_core.shell:create_environment_hook('tello_msg', 'cmake_prefix_path')
[18.945s] INFO:colcon.colcon_core.shell:Creating environment hook '/home/alix.degironde/Public/tello-ros2/workspace/install/tello_msg/share/tello_msg/hook/cmake_prefix_path.ps1'
[18.955s] INFO:colcon.colcon_core.shell:Creating environment descriptor '/home/alix.degironde/Public/tello-ros2/workspace/install/tello_msg/share/tello_msg/hook/cmake_prefix_path.dsv'
[18.957s] INFO:colcon.colcon_core.shell:Creating environment hook '/home/alix.degironde/Public/tello-ros2/workspace/install/tello_msg/share/tello_msg/hook/cmake_prefix_path.sh'
[18.959s] Level 1:colcon.colcon_core.environment:checking '/home/alix.degironde/Public/tello-ros2/workspace/install/tello_msg/lib'
[18.959s] Level 1:colcon.colcon_core.shell:create_environment_hook('tello_msg', 'ld_library_path_lib')
[18.960s] INFO:colcon.colcon_core.shell:Creating environment hook '/home/alix.degironde/Public/tello-ros2/workspace/install/tello_msg/share/tello_msg/hook/ld_library_path_lib.ps1'
[18.961s] INFO:colcon.colcon_core.shell:Creating environment descriptor '/home/alix.degironde/Public/tello-ros2/workspace/install/tello_msg/share/tello_msg/hook/ld_library_path_lib.dsv'
[18.967s] INFO:colcon.colcon_core.shell:Creating environment hook '/home/alix.degironde/Public/tello-ros2/workspace/install/tello_msg/share/tello_msg/hook/ld_library_path_lib.sh'
[18.973s] Level 1:colcon.colcon_core.environment:checking '/home/alix.degironde/Public/tello-ros2/workspace/install/tello_msg/bin'
[18.973s] Level 1:colcon.colcon_core.environment:checking '/home/alix.degironde/Public/tello-ros2/workspace/install/tello_msg/lib/pkgconfig/tello_msg.pc'
[18.973s] Level 1:colcon.colcon_core.environment:checking '/home/alix.degironde/Public/tello-ros2/workspace/install/tello_msg/lib/python3.12/site-packages'
[18.973s] Level 1:colcon.colcon_core.shell:create_environment_hook('tello_msg', 'pythonpath')
[18.974s] INFO:colcon.colcon_core.shell:Creating environment hook '/home/alix.degironde/Public/tello-ros2/workspace/install/tello_msg/share/tello_msg/hook/pythonpath.ps1'
[18.977s] INFO:colcon.colcon_core.shell:Creating environment descriptor '/home/alix.degironde/Public/tello-ros2/workspace/install/tello_msg/share/tello_msg/hook/pythonpath.dsv'
[18.977s] INFO:colcon.colcon_core.shell:Creating environment hook '/home/alix.degironde/Public/tello-ros2/workspace/install/tello_msg/share/tello_msg/hook/pythonpath.sh'
[18.983s] Level 1:colcon.colcon_core.environment:checking '/home/alix.degironde/Public/tello-ros2/workspace/install/tello_msg/bin'
[18.990s] INFO:colcon.colcon_core.shell:Creating package script '/home/alix.degironde/Public/tello-ros2/workspace/install/tello_msg/share/tello_msg/package.ps1'
[18.993s] INFO:colcon.colcon_core.shell:Creating package descriptor '/home/alix.degironde/Public/tello-ros2/workspace/install/tello_msg/share/tello_msg/package.dsv'
[18.994s] INFO:colcon.colcon_core.shell:Creating package script '/home/alix.degironde/Public/tello-ros2/workspace/install/tello_msg/share/tello_msg/package.sh'
[18.995s] INFO:colcon.colcon_core.shell:Creating package script '/home/alix.degironde/Public/tello-ros2/workspace/install/tello_msg/share/tello_msg/package.bash'
[19.004s] INFO:colcon.colcon_core.shell:Creating package script '/home/alix.degironde/Public/tello-ros2/workspace/install/tello_msg/share/tello_msg/package.zsh'
[19.006s] Level 1:colcon.colcon_core.environment:create_file_with_runtime_dependencies(/home/alix.degironde/Public/tello-ros2/workspace/install/tello_msg/share/colcon-core/packages/tello_msg)
[19.012s] DEBUG:colcon.colcon_parallel_executor.executor.parallel:closing loop
[19.012s] DEBUG:colcon.colcon_parallel_executor.executor.parallel:loop closed
[19.012s] DEBUG:colcon.colcon_parallel_executor.executor.parallel:run_until_complete finished with '0'
[19.012s] DEBUG:colcon.colcon_core.event_reactor:joining thread
[19.025s] INFO:colcon.colcon_core.plugin_system:Skipping extension 'colcon_notification.desktop_notification.terminal_notifier': Not used on non-Darwin systems
[19.026s] INFO:colcon.colcon_core.plugin_system:Skipping extension 'colcon_notification.desktop_notification.win32': Not used on non-Windows systems
[19.027s] INFO:colcon.colcon_notification.desktop_notification:Sending desktop notification using 'notify2'
[19.065s] DEBUG:colcon.colcon_core.event_reactor:joined thread
[19.066s] INFO:colcon.colcon_core.shell:Creating prefix script '/home/alix.degironde/Public/tello-ros2/workspace/install/local_setup.ps1'
[19.071s] INFO:colcon.colcon_core.shell:Creating prefix util module '/home/alix.degironde/Public/tello-ros2/workspace/install/_local_setup_util_ps1.py'
[19.077s] INFO:colcon.colcon_core.shell:Creating prefix chain script '/home/alix.degironde/Public/tello-ros2/workspace/install/setup.ps1'
[19.088s] INFO:colcon.colcon_core.shell:Creating prefix script '/home/alix.degironde/Public/tello-ros2/workspace/install/local_setup.sh'
[19.096s] INFO:colcon.colcon_core.shell:Creating prefix util module '/home/alix.degironde/Public/tello-ros2/workspace/install/_local_setup_util_sh.py'
[19.097s] INFO:colcon.colcon_core.shell:Creating prefix chain script '/home/alix.degironde/Public/tello-ros2/workspace/install/setup.sh'
[19.098s] INFO:colcon.colcon_core.shell:Creating prefix script '/home/alix.degironde/Public/tello-ros2/workspace/install/local_setup.bash'
[19.099s] INFO:colcon.colcon_core.shell:Creating prefix chain script '/home/alix.degironde/Public/tello-ros2/workspace/install/setup.bash'
[19.101s] INFO:colcon.colcon_core.shell:Creating prefix script '/home/alix.degironde/Public/tello-ros2/workspace/install/local_setup.zsh'
[19.102s] INFO:colcon.colcon_core.shell:Creating prefix chain script '/home/alix.degironde/Public/tello-ros2/workspace/install/setup.zsh'
