[1.706s] Invoking command in '/home/alix.degironde/Public/tello-ros2/workspace/src/controller': DEBUGINFOD_URLS=https://debuginfod.ubuntu.com HISTTIMEFORMAT=%F %T PS1=(ven_IROS) \[\e]0;\u@\h: \w\a\]${debian_chroot:+($debian_chroot)}\[\033[01;32m\]\u@\h\[\033[00m\]:\[\033[01;34m\]\w\[\033[00m\]\$ PYTHONPATH=/home/alix.degironde/Public/tello-ros2/workspace/src/build/controller/prefix_override:/usr/lib/python3/dist-packages/colcon_core/task/python/colcon_distutils_commands:/home/alix.degironde/Public/tello-ros2/workspace/src/install/controller/lib/python3.12/site-packages:${PYTHONPATH} VIRTUAL_ENV_PROMPT=(ven_IROS) /usr/bin/python3 -W ignore:setup.py install is deprecated -W ignore:easy_install command is deprecated setup.py egg_info --egg-base ../build/controller build --build-base /home/alix.degironde/Public/tello-ros2/workspace/src/build/controller/build install --record /home/alix.degironde/Public/tello-ros2/workspace/src/build/controller/install.log --single-version-externally-managed install_data
[2.216s] running egg_info
[2.217s] creating ../build/controller/controller.egg-info
[2.262s] writing ../build/controller/controller.egg-info/PKG-INFO
[2.262s] writing dependency_links to ../build/controller/controller.egg-info/dependency_links.txt
[2.262s] writing entry points to ../build/controller/controller.egg-info/entry_points.txt
[2.263s] writing requirements to ../build/controller/controller.egg-info/requires.txt
[2.263s] writing top-level names to ../build/controller/controller.egg-info/top_level.txt
[2.263s] writing manifest file '../build/controller/controller.egg-info/SOURCES.txt'
[2.355s] reading manifest file '../build/controller/controller.egg-info/SOURCES.txt'
[2.355s] adding license file 'LICENSE'
[2.356s] writing manifest file '../build/controller/controller.egg-info/SOURCES.txt'
[2.356s] running build
[2.356s] running build_py
[2.356s] creating /home/alix.degironde/Public/tello-ros2/workspace/src/build/controller/build
[2.356s] creating /home/alix.degironde/Public/tello-ros2/workspace/src/build/controller/build/lib
[2.357s] creating /home/alix.degironde/Public/tello-ros2/workspace/src/build/controller/build/lib/controller
[2.357s] copying controller/tello_behaviour.py -> /home/alix.degironde/Public/tello-ros2/workspace/src/build/controller/build/lib/controller
[2.357s] copying controller/surveillance.py -> /home/alix.degironde/Public/tello-ros2/workspace/src/build/controller/build/lib/controller
[2.357s] copying controller/__init__.py -> /home/alix.degironde/Public/tello-ros2/workspace/src/build/controller/build/lib/controller
[2.357s] copying controller/spielberg.py -> /home/alix.degironde/Public/tello-ros2/workspace/src/build/controller/build/lib/controller
[2.357s] copying controller/manual_control.py -> /home/alix.degironde/Public/tello-ros2/workspace/src/build/controller/build/lib/controller
[2.357s] running install
[2.366s] running install_lib
[2.413s] creating /home/alix.degironde/Public/tello-ros2/workspace/src/install/controller/lib/python3.12/site-packages/controller
[2.413s] copying /home/alix.degironde/Public/tello-ros2/workspace/src/build/controller/build/lib/controller/tello_behaviour.py -> /home/alix.degironde/Public/tello-ros2/workspace/src/install/controller/lib/python3.12/site-packages/controller
[2.413s] copying /home/alix.degironde/Public/tello-ros2/workspace/src/build/controller/build/lib/controller/surveillance.py -> /home/alix.degironde/Public/tello-ros2/workspace/src/install/controller/lib/python3.12/site-packages/controller
[2.413s] copying /home/alix.degironde/Public/tello-ros2/workspace/src/build/controller/build/lib/controller/__init__.py -> /home/alix.degironde/Public/tello-ros2/workspace/src/install/controller/lib/python3.12/site-packages/controller
[2.414s] copying /home/alix.degironde/Public/tello-ros2/workspace/src/build/controller/build/lib/controller/spielberg.py -> /home/alix.degironde/Public/tello-ros2/workspace/src/install/controller/lib/python3.12/site-packages/controller
[2.414s] copying /home/alix.degironde/Public/tello-ros2/workspace/src/build/controller/build/lib/controller/manual_control.py -> /home/alix.degironde/Public/tello-ros2/workspace/src/install/controller/lib/python3.12/site-packages/controller
[2.414s] byte-compiling /home/alix.degironde/Public/tello-ros2/workspace/src/install/controller/lib/python3.12/site-packages/controller/tello_behaviour.py to tello_behaviour.cpython-312.pyc
[2.417s] byte-compiling /home/alix.degironde/Public/tello-ros2/workspace/src/install/controller/lib/python3.12/site-packages/controller/surveillance.py to surveillance.cpython-312.pyc
[2.417s] byte-compiling /home/alix.degironde/Public/tello-ros2/workspace/src/install/controller/lib/python3.12/site-packages/controller/__init__.py to __init__.cpython-312.pyc
[2.417s] byte-compiling /home/alix.degironde/Public/tello-ros2/workspace/src/install/controller/lib/python3.12/site-packages/controller/spielberg.py to spielberg.cpython-312.pyc
[2.418s] byte-compiling /home/alix.degironde/Public/tello-ros2/workspace/src/install/controller/lib/python3.12/site-packages/controller/manual_control.py to manual_control.cpython-312.pyc
[2.420s] running install_data
[2.420s] creating /home/alix.degironde/Public/tello-ros2/workspace/src/install/controller/share/ament_index
[2.420s] creating /home/alix.degironde/Public/tello-ros2/workspace/src/install/controller/share/ament_index/resource_index
[2.420s] creating /home/alix.degironde/Public/tello-ros2/workspace/src/install/controller/share/ament_index/resource_index/packages
[2.420s] copying resource/controller -> /home/alix.degironde/Public/tello-ros2/workspace/src/install/controller/share/ament_index/resource_index/packages
[2.421s] copying package.xml -> /home/alix.degironde/Public/tello-ros2/workspace/src/install/controller/share/controller
[2.421s] running install_egg_info
[2.468s] Copying ../build/controller/controller.egg-info to /home/alix.degironde/Public/tello-ros2/workspace/src/install/controller/lib/python3.12/site-packages/controller-0.0.0-py3.12.egg-info
[2.469s] running install_scripts
[2.748s] Installing manual_control script to /home/alix.degironde/Public/tello-ros2/workspace/src/install/controller/lib/controller
[2.749s] Installing spielberg script to /home/alix.degironde/Public/tello-ros2/workspace/src/install/controller/lib/controller
[2.749s] Installing tello_behaviour script to /home/alix.degironde/Public/tello-ros2/workspace/src/install/controller/lib/controller
[2.749s] writing list of installed files to '/home/alix.degironde/Public/tello-ros2/workspace/src/build/controller/install.log'
[2.786s] Invoked command in '/home/alix.degironde/Public/tello-ros2/workspace/src/controller' returned '0': DEBUGINFOD_URLS=https://debuginfod.ubuntu.com HISTTIMEFORMAT=%F %T PS1=(ven_IROS) \[\e]0;\u@\h: \w\a\]${debian_chroot:+($debian_chroot)}\[\033[01;32m\]\u@\h\[\033[00m\]:\[\033[01;34m\]\w\[\033[00m\]\$ PYTHONPATH=/home/alix.degironde/Public/tello-ros2/workspace/src/build/controller/prefix_override:/usr/lib/python3/dist-packages/colcon_core/task/python/colcon_distutils_commands:/home/alix.degironde/Public/tello-ros2/workspace/src/install/controller/lib/python3.12/site-packages:${PYTHONPATH} VIRTUAL_ENV_PROMPT=(ven_IROS) /usr/bin/python3 -W ignore:setup.py install is deprecated -W ignore:easy_install command is deprecated setup.py egg_info --egg-base ../build/controller build --build-base /home/alix.degironde/Public/tello-ros2/workspace/src/build/controller/build install --record /home/alix.degironde/Public/tello-ros2/workspace/src/build/controller/install.log --single-version-externally-managed install_data
