[1.695s] Invoking command in '/home/alix.degironde/Public/tello-ros2/workspace/src/controller': DEBUGINFOD_URLS=https://debuginfod.ubuntu.com HISTTIMEFORMAT=%F %T PS1=(ven_IROS) \[\e]0;\u@\h: \w\a\]${debian_chroot:+($debian_chroot)}\[\033[01;32m\]\u@\h\[\033[00m\]:\[\033[01;34m\]\w\[\033[00m\]\$ PYTHONPATH=/home/alix.degironde/Public/tello-ros2/workspace/src/build/controller/prefix_override:/usr/lib/python3/dist-packages/colcon_core/task/python/colcon_distutils_commands:/home/alix.degironde/Public/tello-ros2/workspace/src/install/controller/lib/python3.12/site-packages:${PYTHONPATH} VIRTUAL_ENV_PROMPT=(ven_IROS) /usr/bin/python3 -W ignore:setup.py install is deprecated -W ignore:easy_install command is deprecated setup.py egg_info --egg-base ../build/controller build --build-base /home/alix.degironde/Public/tello-ros2/workspace/src/build/controller/build install --record /home/alix.degironde/Public/tello-ros2/workspace/src/build/controller/install.log --single-version-externally-managed install_data
[2.238s] running egg_info
[2.286s] writing ../build/controller/controller.egg-info/PKG-INFO
[2.286s] writing dependency_links to ../build/controller/controller.egg-info/dependency_links.txt
[2.287s] writing entry points to ../build/controller/controller.egg-info/entry_points.txt
[2.288s] writing requirements to ../build/controller/controller.egg-info/requires.txt
[2.288s] writing top-level names to ../build/controller/controller.egg-info/top_level.txt
[2.390s] reading manifest file '../build/controller/controller.egg-info/SOURCES.txt'
[2.390s] adding license file 'LICENSE'
[2.391s] writing manifest file '../build/controller/controller.egg-info/SOURCES.txt'
[2.391s] running build
[2.391s] running build_py
[2.392s] copying controller/surveillance.py -> /home/alix.degironde/Public/tello-ros2/workspace/src/build/controller/build/lib/controller
[2.393s] running install
[2.401s] running install_lib
[2.450s] copying /home/alix.degironde/Public/tello-ros2/workspace/src/build/controller/build/lib/controller/surveillance.py -> /home/alix.degironde/Public/tello-ros2/workspace/src/install/controller/lib/python3.12/site-packages/controller
[2.451s] byte-compiling /home/alix.degironde/Public/tello-ros2/workspace/src/install/controller/lib/python3.12/site-packages/controller/surveillance.py to surveillance.cpython-312.pyc
[2.452s] running install_data
[2.452s] running install_egg_info
[2.505s] removing '/home/alix.degironde/Public/tello-ros2/workspace/src/install/controller/lib/python3.12/site-packages/controller-0.0.0-py3.12.egg-info' (and everything under it)
[2.505s] Copying ../build/controller/controller.egg-info to /home/alix.degironde/Public/tello-ros2/workspace/src/install/controller/lib/python3.12/site-packages/controller-0.0.0-py3.12.egg-info
[2.507s] running install_scripts
[2.803s] Installing manual_control script to /home/alix.degironde/Public/tello-ros2/workspace/src/install/controller/lib/controller
[2.803s] Installing spielberg script to /home/alix.degironde/Public/tello-ros2/workspace/src/install/controller/lib/controller
[2.803s] Installing surveillance script to /home/alix.degironde/Public/tello-ros2/workspace/src/install/controller/lib/controller
[2.804s] Installing tello_behaviour script to /home/alix.degironde/Public/tello-ros2/workspace/src/install/controller/lib/controller
[2.804s] writing list of installed files to '/home/alix.degironde/Public/tello-ros2/workspace/src/build/controller/install.log'
[2.847s] Invoked command in '/home/alix.degironde/Public/tello-ros2/workspace/src/controller' returned '0': DEBUGINFOD_URLS=https://debuginfod.ubuntu.com HISTTIMEFORMAT=%F %T PS1=(ven_IROS) \[\e]0;\u@\h: \w\a\]${debian_chroot:+($debian_chroot)}\[\033[01;32m\]\u@\h\[\033[00m\]:\[\033[01;34m\]\w\[\033[00m\]\$ PYTHONPATH=/home/alix.degironde/Public/tello-ros2/workspace/src/build/controller/prefix_override:/usr/lib/python3/dist-packages/colcon_core/task/python/colcon_distutils_commands:/home/alix.degironde/Public/tello-ros2/workspace/src/install/controller/lib/python3.12/site-packages:${PYTHONPATH} VIRTUAL_ENV_PROMPT=(ven_IROS) /usr/bin/python3 -W ignore:setup.py install is deprecated -W ignore:easy_install command is deprecated setup.py egg_info --egg-base ../build/controller build --build-base /home/alix.degironde/Public/tello-ros2/workspace/src/build/controller/build install --record /home/alix.degironde/Public/tello-ros2/workspace/src/build/controller/install.log --single-version-externally-managed install_data
