[0.017s] Invoking command in '/home/alix.degironde/Public/tello-ros2/workspace/build/tello_msg': CMAKE_PREFIX_PATH=${CMAKE_PREFIX_PATH}:/opt/ros/jazzy DEBUGINFOD_URLS=https://debuginfod.ubuntu.com HISTTIMEFORMAT=%F %T /usr/bin/cmake /home/alix.degironde/Public/tello-ros2/workspace/src/tello_msg -DCMAKE_INSTALL_PREFIX=/home/alix.degironde/Public/tello-ros2/workspace/install/tello_msg
[0.092s] -- The C compiler identification is GNU 13.3.0
[0.163s] -- The CXX compiler identification is GNU 13.3.0
[0.184s] -- Detecting C compiler ABI info
[0.289s] -- Detecting C compiler ABI info - done
[0.302s] -- Check for working C compiler: /usr/bin/cc - skipped
[0.302s] -- Detecting C compile features
[0.303s] -- Detecting C compile features - done
[0.314s] -- Detecting CXX compiler ABI info
[0.432s] -- Detecting CXX compiler ABI info - done
[0.446s] -- Check for working CXX compiler: /usr/bin/c++ - skipped
[0.447s] -- Detecting CXX compile features
[0.447s] -- Detecting CXX compile features - done
[0.453s] -- Found ament_cmake: 2.5.4 (/opt/ros/jazzy/share/ament_cmake/cmake)
[0.673s] -- Found Python3: /usr/bin/python3 (found version "3.12.3") found components: Interpreter 
[0.855s] -- Found rosidl_default_generators: 1.6.0 (/opt/ros/jazzy/share/rosidl_default_generators/cmake)
[0.868s] -- Using all available rosidl_typesupport_c: rosidl_typesupport_fastrtps_c;rosidl_typesupport_introspection_c
[0.964s] -- Using all available rosidl_typesupport_cpp: rosidl_typesupport_fastrtps_cpp;rosidl_typesupport_introspection_cpp
[1.043s] -- Found rosidl_adapter: 4.6.6 (/opt/ros/jazzy/share/rosidl_adapter/cmake)
[1.050s] -- Found std_msgs: 5.3.6 (/opt/ros/jazzy/share/std_msgs/cmake)
[1.103s] -- Found geometry_msgs: 5.3.6 (/opt/ros/jazzy/share/geometry_msgs/cmake)
[1.934s] -- Found ament_cmake_cppcheck: 0.17.3 (/opt/ros/jazzy/share/ament_cmake_cppcheck/cmake)
[1.939s] -- Found ament_cmake_cpplint: 0.17.3 (/opt/ros/jazzy/share/ament_cmake_cpplint/cmake)
[1.945s] -- Found ament_cmake_uncrustify: 0.17.3 (/opt/ros/jazzy/share/ament_cmake_uncrustify/cmake)
[1.950s] -- Found ament_cmake_ros: 0.12.0 (/opt/ros/jazzy/share/ament_cmake_ros/cmake)
[2.628s] -- Using all available rosidl_typesupport_c: rosidl_typesupport_fastrtps_c;rosidl_typesupport_introspection_c
[3.518s] -- Using all available rosidl_typesupport_cpp: rosidl_typesupport_fastrtps_cpp;rosidl_typesupport_introspection_cpp
[3.528s] -- Found python_cmake_module: 0.11.1 (/opt/ros/jazzy/share/python_cmake_module/cmake)
[3.692s] -- Found PythonExtra: /usr/bin/python3  
[4.237s] -- Found Python3: /usr/bin/python3 (found version "3.12.3") found components: Interpreter Development NumPy Development.Module Development.Embed 
[4.333s] -- Found ament_cmake_flake8: 0.17.3 (/opt/ros/jazzy/share/ament_cmake_flake8/cmake)
[4.338s] -- Found ament_cmake_pep257: 0.17.3 (/opt/ros/jazzy/share/ament_cmake_pep257/cmake)
[4.348s] -- Configuring done (4.3s)
[4.401s] -- Generating done (0.0s)
[4.417s] -- Build files have been written to: /home/alix.degironde/Public/tello-ros2/workspace/build/tello_msg
[4.432s] Invoked command in '/home/alix.degironde/Public/tello-ros2/workspace/build/tello_msg' returned '0': CMAKE_PREFIX_PATH=${CMAKE_PREFIX_PATH}:/opt/ros/jazzy DEBUGINFOD_URLS=https://debuginfod.ubuntu.com HISTTIMEFORMAT=%F %T /usr/bin/cmake /home/alix.degironde/Public/tello-ros2/workspace/src/tello_msg -DCMAKE_INSTALL_PREFIX=/home/alix.degironde/Public/tello-ros2/workspace/install/tello_msg
[4.434s] Invoking command in '/home/alix.degironde/Public/tello-ros2/workspace/build/tello_msg': CMAKE_PREFIX_PATH=${CMAKE_PREFIX_PATH}:/opt/ros/jazzy DEBUGINFOD_URLS=https://debuginfod.ubuntu.com HISTTIMEFORMAT=%F %T /usr/bin/cmake --build /home/alix.degironde/Public/tello-ros2/workspace/build/tello_msg -- -j4 -l4
[4.498s] [  1%] [34m[1mGenerating type hashes for ROS interfaces[0m
[4.510s] [  1%] Built target ament_cmake_python_copy_tello_msg
[4.898s] running egg_info
[4.899s] creating tello_msg.egg-info
[4.948s] [  1%] Built target tello_msg__rosidl_generator_type_description
[4.948s] writing tello_msg.egg-info/PKG-INFO
[4.948s] writing dependency_links to tello_msg.egg-info/dependency_links.txt
[4.950s] writing top-level names to tello_msg.egg-info/top_level.txt
[4.950s] writing manifest file 'tello_msg.egg-info/SOURCES.txt'
[4.964s] [  3%] [34m[1mGenerating C code for ROS interfaces[0m
[4.982s] [  5%] [34m[1mGenerating C++ code for ROS interfaces[0m
[5.093s] reading manifest file 'tello_msg.egg-info/SOURCES.txt'
[5.093s] writing manifest file 'tello_msg.egg-info/SOURCES.txt'
[5.139s] [  5%] Built target ament_cmake_python_build_tello_msg_egg
[5.645s] [  5%] Built target tello_msg__cpp
[5.721s] [  7%] [32mBuilding C object CMakeFiles/tello_msg__rosidl_generator_c.dir/rosidl_generator_c/tello_msg/msg/detail/tello_status__functions.c.o[0m
[5.722s] [  9%] [32mBuilding C object CMakeFiles/tello_msg__rosidl_generator_c.dir/rosidl_generator_c/tello_msg/msg/detail/tello_status__type_support.c.o[0m
[5.728s] [ 11%] [32mBuilding C object CMakeFiles/tello_msg__rosidl_generator_c.dir/rosidl_generator_c/tello_msg/msg/detail/tello_status__description.c.o[0m
[5.732s] [ 12%] [32mBuilding C object CMakeFiles/tello_msg__rosidl_generator_c.dir/rosidl_generator_c/tello_msg/msg/detail/tello_id__description.c.o[0m
[5.786s] [ 14%] [32mBuilding C object CMakeFiles/tello_msg__rosidl_generator_c.dir/rosidl_generator_c/tello_msg/msg/detail/tello_id__functions.c.o[0m
[5.791s] [ 18%] [32mBuilding C object CMakeFiles/tello_msg__rosidl_generator_c.dir/rosidl_generator_c/tello_msg/msg/detail/tello_id__type_support.c.o[0m
[5.791s] [ 18%] [32mBuilding C object CMakeFiles/tello_msg__rosidl_generator_c.dir/rosidl_generator_c/tello_msg/msg/detail/tello_wifi_config__description.c.o[0m
[5.811s] [ 20%] [32mBuilding C object CMakeFiles/tello_msg__rosidl_generator_c.dir/rosidl_generator_c/tello_msg/msg/detail/tello_wifi_config__functions.c.o[0m
[5.833s] [ 22%] [32mBuilding C object CMakeFiles/tello_msg__rosidl_generator_c.dir/rosidl_generator_c/tello_msg/msg/detail/tello_wifi_config__type_support.c.o[0m
[5.883s] [ 24%] [32m[1mLinking C shared library libtello_msg__rosidl_generator_c.so[0m
[5.932s] [ 24%] Built target tello_msg__rosidl_generator_c
[5.946s] [ 25%] [34m[1mGenerating C type support for eProsima Fast-RTPS[0m
[5.948s] [ 27%] [34m[1mGenerating C++ type support dispatch for ROS interfaces[0m
[5.948s] [ 29%] [34m[1mGenerating C introspection for ROS interfaces[0m
[5.957s] [ 31%] [34m[1mGenerating C type support dispatch for ROS interfaces[0m
[6.520s] [ 33%] [32mBuilding CXX object CMakeFiles/tello_msg__rosidl_typesupport_c.dir/rosidl_typesupport_c/tello_msg/msg/tello_status__type_support.cpp.o[0m
[6.592s] [ 35%] [32mBuilding CXX object CMakeFiles/tello_msg__rosidl_typesupport_c.dir/rosidl_typesupport_c/tello_msg/msg/tello_id__type_support.cpp.o[0m
[6.651s] [ 37%] [32mBuilding CXX object CMakeFiles/tello_msg__rosidl_typesupport_c.dir/rosidl_typesupport_c/tello_msg/msg/tello_wifi_config__type_support.cpp.o[0m
[6.729s] [ 38%] [32m[1mLinking CXX shared library libtello_msg__rosidl_typesupport_c.so[0m
[6.770s] [ 40%] [32mBuilding CXX object CMakeFiles/tello_msg__rosidl_typesupport_cpp.dir/rosidl_typesupport_cpp/tello_msg/msg/tello_status__type_support.cpp.o[0m
[6.813s] [ 40%] Built target tello_msg__rosidl_typesupport_c
[6.825s] [ 42%] [32mBuilding C object CMakeFiles/tello_msg__rosidl_typesupport_introspection_c.dir/rosidl_typesupport_introspection_c/tello_msg/msg/detail/tello_id__type_support.c.o[0m
[6.828s] [ 44%] [32mBuilding C object CMakeFiles/tello_msg__rosidl_typesupport_introspection_c.dir/rosidl_typesupport_introspection_c/tello_msg/msg/detail/tello_status__type_support.c.o[0m
[6.865s] [ 46%] [32mBuilding CXX object CMakeFiles/tello_msg__rosidl_typesupport_fastrtps_c.dir/rosidl_typesupport_fastrtps_c/tello_msg/msg/detail/tello_status__type_support_c.cpp.o[0m
[6.917s] [ 48%] [34m[1mGenerating C++ type support for eProsima Fast-RTPS[0m
[6.921s] [ 50%] [32mBuilding C object CMakeFiles/tello_msg__rosidl_typesupport_introspection_c.dir/rosidl_typesupport_introspection_c/tello_msg/msg/detail/tello_wifi_config__type_support.c.o[0m
[7.016s] [ 51%] [32m[1mLinking C shared library libtello_msg__rosidl_typesupport_introspection_c.so[0m
[7.102s] [ 51%] Built target tello_msg__rosidl_typesupport_introspection_c
[7.130s] [ 53%] [32mBuilding CXX object CMakeFiles/tello_msg__rosidl_typesupport_fastrtps_c.dir/rosidl_typesupport_fastrtps_c/tello_msg/msg/detail/tello_id__type_support_c.cpp.o[0m
[7.247s] [ 55%] [32mBuilding CXX object CMakeFiles/tello_msg__rosidl_typesupport_cpp.dir/rosidl_typesupport_cpp/tello_msg/msg/tello_id__type_support.cpp.o[0m
[7.608s] [ 57%] [32mBuilding CXX object CMakeFiles/tello_msg__rosidl_typesupport_fastrtps_cpp.dir/rosidl_typesupport_fastrtps_cpp/tello_msg/msg/detail/dds_fastrtps/tello_status__type_support.cpp.o[0m
[7.639s] [ 59%] [32mBuilding CXX object CMakeFiles/tello_msg__rosidl_typesupport_fastrtps_cpp.dir/rosidl_typesupport_fastrtps_cpp/tello_msg/msg/detail/dds_fastrtps/tello_id__type_support.cpp.o[0m
[7.873s] [ 61%] [32mBuilding CXX object CMakeFiles/tello_msg__rosidl_typesupport_cpp.dir/rosidl_typesupport_cpp/tello_msg/msg/tello_wifi_config__type_support.cpp.o[0m
[7.946s] [ 62%] [32mBuilding CXX object CMakeFiles/tello_msg__rosidl_typesupport_fastrtps_c.dir/rosidl_typesupport_fastrtps_c/tello_msg/msg/detail/tello_wifi_config__type_support_c.cpp.o[0m
[8.357s] [ 64%] [32m[1mLinking CXX shared library libtello_msg__rosidl_typesupport_cpp.so[0m
[8.369s] [ 66%] [32mBuilding CXX object CMakeFiles/tello_msg__rosidl_typesupport_fastrtps_cpp.dir/rosidl_typesupport_fastrtps_cpp/tello_msg/msg/detail/dds_fastrtps/tello_wifi_config__type_support.cpp.o[0m
[8.471s] [ 66%] Built target tello_msg__rosidl_typesupport_cpp
[8.484s] [ 68%] [34m[1mGenerating C++ introspection for ROS interfaces[0m
[8.703s] [ 70%] [32m[1mLinking CXX shared library libtello_msg__rosidl_typesupport_fastrtps_c.so[0m
[8.811s] [ 70%] Built target tello_msg__rosidl_typesupport_fastrtps_c
[9.053s] [ 72%] [32m[1mLinking CXX shared library libtello_msg__rosidl_typesupport_fastrtps_cpp.so[0m
[9.068s] [ 75%] [32mBuilding CXX object CMakeFiles/tello_msg__rosidl_typesupport_introspection_cpp.dir/rosidl_typesupport_introspection_cpp/tello_msg/msg/detail/tello_id__type_support.cpp.o[0m
[9.068s] [ 75%] [32mBuilding CXX object CMakeFiles/tello_msg__rosidl_typesupport_introspection_cpp.dir/rosidl_typesupport_introspection_cpp/tello_msg/msg/detail/tello_status__type_support.cpp.o[0m
[9.081s] [ 77%] [32mBuilding CXX object CMakeFiles/tello_msg__rosidl_typesupport_introspection_cpp.dir/rosidl_typesupport_introspection_cpp/tello_msg/msg/detail/tello_wifi_config__type_support.cpp.o[0m
[9.291s] [ 77%] Built target tello_msg__rosidl_typesupport_fastrtps_cpp
[9.559s] [ 79%] [32m[1mLinking CXX shared library libtello_msg__rosidl_typesupport_introspection_cpp.so[0m
[9.646s] [ 79%] Built target tello_msg__rosidl_typesupport_introspection_cpp
[9.676s] [ 79%] Built target tello_msg
[9.704s] [ 81%] [34m[1mGenerating Python code for ROS interfaces[0m
[10.601s] [ 81%] Built target tello_msg__py
[10.629s] [ 87%] [32mBuilding C object CMakeFiles/tello_msg__rosidl_generator_py.dir/rosidl_generator_py/tello_msg/msg/_tello_wifi_config_s.c.o[0m
[10.630s] [ 87%] [32mBuilding C object CMakeFiles/tello_msg__rosidl_generator_py.dir/rosidl_generator_py/tello_msg/msg/_tello_id_s.c.o[0m
[10.630s] [ 87%] [32mBuilding C object CMakeFiles/tello_msg__rosidl_generator_py.dir/rosidl_generator_py/tello_msg/msg/_tello_status_s.c.o[0m
[10.812s] [ 88%] [32m[1mLinking C shared library libtello_msg__rosidl_generator_py.so[0m
[10.870s] [ 88%] Built target tello_msg__rosidl_generator_py
[10.899s] [ 94%] [32mBuilding C object CMakeFiles/tello_msg_s__rosidl_typesupport_introspection_c.dir/rosidl_generator_py/tello_msg/_tello_msg_s.ep.rosidl_typesupport_introspection_c.c.o[0m
[10.900s] [ 94%] [32mBuilding C object CMakeFiles/tello_msg_s__rosidl_typesupport_c.dir/rosidl_generator_py/tello_msg/_tello_msg_s.ep.rosidl_typesupport_c.c.o[0m
[10.900s] [ 94%] [32mBuilding C object CMakeFiles/tello_msg_s__rosidl_typesupport_fastrtps_c.dir/rosidl_generator_py/tello_msg/_tello_msg_s.ep.rosidl_typesupport_fastrtps_c.c.o[0m
[11.038s] [ 96%] [32m[1mLinking C shared module rosidl_generator_py/tello_msg/tello_msg_s__rosidl_typesupport_c.so[0m
[11.042s] [ 98%] [32m[1mLinking C shared module rosidl_generator_py/tello_msg/tello_msg_s__rosidl_typesupport_introspection_c.so[0m
[11.049s] [100%] [32m[1mLinking C shared module rosidl_generator_py/tello_msg/tello_msg_s__rosidl_typesupport_fastrtps_c.so[0m
[11.087s] [100%] Built target tello_msg_s__rosidl_typesupport_introspection_c
[11.087s] [100%] Built target tello_msg_s__rosidl_typesupport_c
[11.099s] [100%] Built target tello_msg_s__rosidl_typesupport_fastrtps_c
[11.115s] Invoked command in '/home/alix.degironde/Public/tello-ros2/workspace/build/tello_msg' returned '0': CMAKE_PREFIX_PATH=${CMAKE_PREFIX_PATH}:/opt/ros/jazzy DEBUGINFOD_URLS=https://debuginfod.ubuntu.com HISTTIMEFORMAT=%F %T /usr/bin/cmake --build /home/alix.degironde/Public/tello-ros2/workspace/build/tello_msg -- -j4 -l4
[11.129s] Invoking command in '/home/alix.degironde/Public/tello-ros2/workspace/build/tello_msg': CMAKE_PREFIX_PATH=${CMAKE_PREFIX_PATH}:/opt/ros/jazzy DEBUGINFOD_URLS=https://debuginfod.ubuntu.com HISTTIMEFORMAT=%F %T /usr/bin/cmake --install /home/alix.degironde/Public/tello-ros2/workspace/build/tello_msg
[11.141s] -- Install configuration: ""
[11.141s] -- Installing: /home/alix.degironde/Public/tello-ros2/workspace/install/tello_msg/share/ament_index/resource_index/rosidl_interfaces/tello_msg
[11.141s] -- Installing: /home/alix.degironde/Public/tello-ros2/workspace/install/tello_msg/share/tello_msg/msg/TelloStatus.json
[11.141s] -- Installing: /home/alix.degironde/Public/tello-ros2/workspace/install/tello_msg/share/tello_msg/msg/TelloID.json
[11.141s] -- Installing: /home/alix.degironde/Public/tello-ros2/workspace/install/tello_msg/share/tello_msg/msg/TelloWifiConfig.json
[11.142s] -- Installing: /home/alix.degironde/Public/tello-ros2/workspace/install/tello_msg/include/tello_msg/tello_msg
[11.142s] -- Installing: /home/alix.degironde/Public/tello-ros2/workspace/install/tello_msg/include/tello_msg/tello_msg/msg
[11.142s] -- Installing: /home/alix.degironde/Public/tello-ros2/workspace/install/tello_msg/include/tello_msg/tello_msg/msg/rosidl_generator_c__visibility_control.h
[11.142s] -- Installing: /home/alix.degironde/Public/tello-ros2/workspace/install/tello_msg/include/tello_msg/tello_msg/msg/detail
[11.142s] -- Installing: /home/alix.degironde/Public/tello-ros2/workspace/install/tello_msg/include/tello_msg/tello_msg/msg/detail/tello_wifi_config__functions.c
[11.142s] -- Installing: /home/alix.degironde/Public/tello-ros2/workspace/install/tello_msg/include/tello_msg/tello_msg/msg/detail/tello_status__struct.h
[11.142s] -- Installing: /home/alix.degironde/Public/tello-ros2/workspace/install/tello_msg/include/tello_msg/tello_msg/msg/detail/tello_wifi_config__struct.h
[11.142s] -- Installing: /home/alix.degironde/Public/tello-ros2/workspace/install/tello_msg/include/tello_msg/tello_msg/msg/detail/tello_wifi_config__description.c
[11.143s] -- Installing: /home/alix.degironde/Public/tello-ros2/workspace/install/tello_msg/include/tello_msg/tello_msg/msg/detail/tello_status__type_support.c
[11.143s] -- Installing: /home/alix.degironde/Public/tello-ros2/workspace/install/tello_msg/include/tello_msg/tello_msg/msg/detail/tello_wifi_config__type_support.c
[11.143s] -- Installing: /home/alix.degironde/Public/tello-ros2/workspace/install/tello_msg/include/tello_msg/tello_msg/msg/detail/tello_status__functions.c
[11.143s] -- Installing: /home/alix.degironde/Public/tello-ros2/workspace/install/tello_msg/include/tello_msg/tello_msg/msg/detail/tello_status__type_support.h
[11.143s] -- Installing: /home/alix.degironde/Public/tello-ros2/workspace/install/tello_msg/include/tello_msg/tello_msg/msg/detail/tello_wifi_config__functions.h
[11.143s] -- Installing: /home/alix.degironde/Public/tello-ros2/workspace/install/tello_msg/include/tello_msg/tello_msg/msg/detail/tello_id__struct.h
[11.143s] -- Installing: /home/alix.degironde/Public/tello-ros2/workspace/install/tello_msg/include/tello_msg/tello_msg/msg/detail/tello_id__description.c
[11.143s] -- Installing: /home/alix.degironde/Public/tello-ros2/workspace/install/tello_msg/include/tello_msg/tello_msg/msg/detail/tello_id__type_support.h
[11.144s] -- Installing: /home/alix.degironde/Public/tello-ros2/workspace/install/tello_msg/include/tello_msg/tello_msg/msg/detail/tello_status__description.c
[11.144s] -- Installing: /home/alix.degironde/Public/tello-ros2/workspace/install/tello_msg/include/tello_msg/tello_msg/msg/detail/tello_status__functions.h
[11.144s] -- Installing: /home/alix.degironde/Public/tello-ros2/workspace/install/tello_msg/include/tello_msg/tello_msg/msg/detail/tello_id__functions.h
[11.144s] -- Installing: /home/alix.degironde/Public/tello-ros2/workspace/install/tello_msg/include/tello_msg/tello_msg/msg/detail/tello_wifi_config__type_support.h
[11.144s] -- Installing: /home/alix.degironde/Public/tello-ros2/workspace/install/tello_msg/include/tello_msg/tello_msg/msg/detail/tello_id__type_support.c
[11.144s] -- Installing: /home/alix.degironde/Public/tello-ros2/workspace/install/tello_msg/include/tello_msg/tello_msg/msg/detail/tello_id__functions.c
[11.144s] -- Installing: /home/alix.degironde/Public/tello-ros2/workspace/install/tello_msg/include/tello_msg/tello_msg/msg/tello_id.h
[11.144s] -- Installing: /home/alix.degironde/Public/tello-ros2/workspace/install/tello_msg/include/tello_msg/tello_msg/msg/tello_status.h
[11.145s] -- Installing: /home/alix.degironde/Public/tello-ros2/workspace/install/tello_msg/include/tello_msg/tello_msg/msg/tello_wifi_config.h
[11.145s] -- Installing: /home/alix.degironde/Public/tello-ros2/workspace/install/tello_msg/share/tello_msg/environment/library_path.sh
[11.145s] -- Installing: /home/alix.degironde/Public/tello-ros2/workspace/install/tello_msg/share/tello_msg/environment/library_path.dsv
[11.145s] -- Installing: /home/alix.degironde/Public/tello-ros2/workspace/install/tello_msg/lib/libtello_msg__rosidl_generator_c.so
[11.145s] -- Set non-toolchain portion of runtime path of "/home/alix.degironde/Public/tello-ros2/workspace/install/tello_msg/lib/libtello_msg__rosidl_generator_c.so" to ""
[11.146s] -- Up-to-date: /home/alix.degironde/Public/tello-ros2/workspace/install/tello_msg/include/tello_msg/tello_msg
[11.146s] -- Up-to-date: /home/alix.degironde/Public/tello-ros2/workspace/install/tello_msg/include/tello_msg/tello_msg/msg
[11.146s] -- Installing: /home/alix.degironde/Public/tello-ros2/workspace/install/tello_msg/include/tello_msg/tello_msg/msg/rosidl_typesupport_fastrtps_c__visibility_control.h
[11.146s] -- Up-to-date: /home/alix.degironde/Public/tello-ros2/workspace/install/tello_msg/include/tello_msg/tello_msg/msg/detail
[11.146s] -- Installing: /home/alix.degironde/Public/tello-ros2/workspace/install/tello_msg/include/tello_msg/tello_msg/msg/detail/tello_wifi_config__rosidl_typesupport_fastrtps_c.h
[11.146s] -- Installing: /home/alix.degironde/Public/tello-ros2/workspace/install/tello_msg/include/tello_msg/tello_msg/msg/detail/tello_id__rosidl_typesupport_fastrtps_c.h
[11.146s] -- Installing: /home/alix.degironde/Public/tello-ros2/workspace/install/tello_msg/include/tello_msg/tello_msg/msg/detail/tello_status__rosidl_typesupport_fastrtps_c.h
[11.146s] -- Installing: /home/alix.degironde/Public/tello-ros2/workspace/install/tello_msg/lib/libtello_msg__rosidl_typesupport_fastrtps_c.so
[11.147s] -- Set non-toolchain portion of runtime path of "/home/alix.degironde/Public/tello-ros2/workspace/install/tello_msg/lib/libtello_msg__rosidl_typesupport_fastrtps_c.so" to ""
[11.147s] -- Up-to-date: /home/alix.degironde/Public/tello-ros2/workspace/install/tello_msg/include/tello_msg/tello_msg
[11.147s] -- Up-to-date: /home/alix.degironde/Public/tello-ros2/workspace/install/tello_msg/include/tello_msg/tello_msg/msg
[11.147s] -- Up-to-date: /home/alix.degironde/Public/tello-ros2/workspace/install/tello_msg/include/tello_msg/tello_msg/msg/detail
[11.147s] -- Installing: /home/alix.degironde/Public/tello-ros2/workspace/install/tello_msg/include/tello_msg/tello_msg/msg/detail/tello_id__rosidl_typesupport_introspection_c.h
[11.147s] -- Installing: /home/alix.degironde/Public/tello-ros2/workspace/install/tello_msg/include/tello_msg/tello_msg/msg/detail/tello_status__type_support.c
[11.147s] -- Installing: /home/alix.degironde/Public/tello-ros2/workspace/install/tello_msg/include/tello_msg/tello_msg/msg/detail/tello_wifi_config__type_support.c
[11.147s] -- Installing: /home/alix.degironde/Public/tello-ros2/workspace/install/tello_msg/include/tello_msg/tello_msg/msg/detail/tello_status__rosidl_typesupport_introspection_c.h
[11.148s] -- Installing: /home/alix.degironde/Public/tello-ros2/workspace/install/tello_msg/include/tello_msg/tello_msg/msg/detail/tello_wifi_config__rosidl_typesupport_introspection_c.h
[11.148s] -- Installing: /home/alix.degironde/Public/tello-ros2/workspace/install/tello_msg/include/tello_msg/tello_msg/msg/detail/tello_id__type_support.c
[11.148s] -- Installing: /home/alix.degironde/Public/tello-ros2/workspace/install/tello_msg/include/tello_msg/tello_msg/msg/rosidl_typesupport_introspection_c__visibility_control.h
[11.148s] -- Installing: /home/alix.degironde/Public/tello-ros2/workspace/install/tello_msg/lib/libtello_msg__rosidl_typesupport_introspection_c.so
[11.148s] -- Set non-toolchain portion of runtime path of "/home/alix.degironde/Public/tello-ros2/workspace/install/tello_msg/lib/libtello_msg__rosidl_typesupport_introspection_c.so" to ""
[11.148s] -- Installing: /home/alix.degironde/Public/tello-ros2/workspace/install/tello_msg/lib/libtello_msg__rosidl_typesupport_c.so
[11.149s] -- Set non-toolchain portion of runtime path of "/home/alix.degironde/Public/tello-ros2/workspace/install/tello_msg/lib/libtello_msg__rosidl_typesupport_c.so" to ""
[11.149s] -- Up-to-date: /home/alix.degironde/Public/tello-ros2/workspace/install/tello_msg/include/tello_msg/tello_msg
[11.149s] -- Up-to-date: /home/alix.degironde/Public/tello-ros2/workspace/install/tello_msg/include/tello_msg/tello_msg/msg
[11.149s] -- Installing: /home/alix.degironde/Public/tello-ros2/workspace/install/tello_msg/include/tello_msg/tello_msg/msg/tello_wifi_config.hpp
[11.149s] -- Up-to-date: /home/alix.degironde/Public/tello-ros2/workspace/install/tello_msg/include/tello_msg/tello_msg/msg/detail
[11.149s] -- Installing: /home/alix.degironde/Public/tello-ros2/workspace/install/tello_msg/include/tello_msg/tello_msg/msg/detail/tello_wifi_config__struct.hpp
[11.149s] -- Installing: /home/alix.degironde/Public/tello-ros2/workspace/install/tello_msg/include/tello_msg/tello_msg/msg/detail/tello_id__builder.hpp
[11.149s] -- Installing: /home/alix.degironde/Public/tello-ros2/workspace/install/tello_msg/include/tello_msg/tello_msg/msg/detail/tello_status__struct.hpp
[11.150s] -- Installing: /home/alix.degironde/Public/tello-ros2/workspace/install/tello_msg/include/tello_msg/tello_msg/msg/detail/tello_id__struct.hpp
[11.150s] -- Installing: /home/alix.degironde/Public/tello-ros2/workspace/install/tello_msg/include/tello_msg/tello_msg/msg/detail/tello_status__type_support.hpp
[11.150s] -- Installing: /home/alix.degironde/Public/tello-ros2/workspace/install/tello_msg/include/tello_msg/tello_msg/msg/detail/tello_wifi_config__type_support.hpp
[11.150s] -- Installing: /home/alix.degironde/Public/tello-ros2/workspace/install/tello_msg/include/tello_msg/tello_msg/msg/detail/tello_id__traits.hpp
[11.150s] -- Installing: /home/alix.degironde/Public/tello-ros2/workspace/install/tello_msg/include/tello_msg/tello_msg/msg/detail/tello_status__builder.hpp
[11.150s] -- Installing: /home/alix.degironde/Public/tello-ros2/workspace/install/tello_msg/include/tello_msg/tello_msg/msg/detail/tello_status__traits.hpp
[11.150s] -- Installing: /home/alix.degironde/Public/tello-ros2/workspace/install/tello_msg/include/tello_msg/tello_msg/msg/detail/tello_id__type_support.hpp
[11.150s] -- Installing: /home/alix.degironde/Public/tello-ros2/workspace/install/tello_msg/include/tello_msg/tello_msg/msg/detail/tello_wifi_config__builder.hpp
[11.151s] -- Installing: /home/alix.degironde/Public/tello-ros2/workspace/install/tello_msg/include/tello_msg/tello_msg/msg/detail/tello_wifi_config__traits.hpp
[11.151s] -- Installing: /home/alix.degironde/Public/tello-ros2/workspace/install/tello_msg/include/tello_msg/tello_msg/msg/tello_id.hpp
[11.151s] -- Installing: /home/alix.degironde/Public/tello-ros2/workspace/install/tello_msg/include/tello_msg/tello_msg/msg/tello_status.hpp
[11.151s] -- Installing: /home/alix.degironde/Public/tello-ros2/workspace/install/tello_msg/include/tello_msg/tello_msg/msg/rosidl_generator_cpp__visibility_control.hpp
[11.151s] -- Up-to-date: /home/alix.degironde/Public/tello-ros2/workspace/install/tello_msg/include/tello_msg/tello_msg
[11.151s] -- Up-to-date: /home/alix.degironde/Public/tello-ros2/workspace/install/tello_msg/include/tello_msg/tello_msg/msg
[11.151s] -- Installing: /home/alix.degironde/Public/tello-ros2/workspace/install/tello_msg/include/tello_msg/tello_msg/msg/rosidl_typesupport_fastrtps_cpp__visibility_control.h
[11.151s] -- Up-to-date: /home/alix.degironde/Public/tello-ros2/workspace/install/tello_msg/include/tello_msg/tello_msg/msg/detail
[11.152s] -- Installing: /home/alix.degironde/Public/tello-ros2/workspace/install/tello_msg/include/tello_msg/tello_msg/msg/detail/tello_wifi_config__rosidl_typesupport_fastrtps_cpp.hpp
[11.152s] -- Installing: /home/alix.degironde/Public/tello-ros2/workspace/install/tello_msg/include/tello_msg/tello_msg/msg/detail/tello_status__rosidl_typesupport_fastrtps_cpp.hpp
[11.152s] -- Installing: /home/alix.degironde/Public/tello-ros2/workspace/install/tello_msg/include/tello_msg/tello_msg/msg/detail/tello_id__rosidl_typesupport_fastrtps_cpp.hpp
[11.152s] -- Installing: /home/alix.degironde/Public/tello-ros2/workspace/install/tello_msg/include/tello_msg/tello_msg/msg/detail/dds_fastrtps
[11.152s] -- Installing: /home/alix.degironde/Public/tello-ros2/workspace/install/tello_msg/lib/libtello_msg__rosidl_typesupport_fastrtps_cpp.so
[11.152s] -- Set non-toolchain portion of runtime path of "/home/alix.degironde/Public/tello-ros2/workspace/install/tello_msg/lib/libtello_msg__rosidl_typesupport_fastrtps_cpp.so" to ""
[11.153s] -- Up-to-date: /home/alix.degironde/Public/tello-ros2/workspace/install/tello_msg/include/tello_msg/tello_msg
[11.153s] -- Up-to-date: /home/alix.degironde/Public/tello-ros2/workspace/install/tello_msg/include/tello_msg/tello_msg/msg
[11.153s] -- Up-to-date: /home/alix.degironde/Public/tello-ros2/workspace/install/tello_msg/include/tello_msg/tello_msg/msg/detail
[11.153s] -- Installing: /home/alix.degironde/Public/tello-ros2/workspace/install/tello_msg/include/tello_msg/tello_msg/msg/detail/tello_wifi_config__rosidl_typesupport_introspection_cpp.hpp
[11.153s] -- Installing: /home/alix.degironde/Public/tello-ros2/workspace/install/tello_msg/include/tello_msg/tello_msg/msg/detail/tello_wifi_config__type_support.cpp
[11.153s] -- Installing: /home/alix.degironde/Public/tello-ros2/workspace/install/tello_msg/include/tello_msg/tello_msg/msg/detail/tello_status__type_support.cpp
[11.153s] -- Installing: /home/alix.degironde/Public/tello-ros2/workspace/install/tello_msg/include/tello_msg/tello_msg/msg/detail/tello_status__rosidl_typesupport_introspection_cpp.hpp
[11.153s] -- Installing: /home/alix.degironde/Public/tello-ros2/workspace/install/tello_msg/include/tello_msg/tello_msg/msg/detail/tello_id__rosidl_typesupport_introspection_cpp.hpp
[11.154s] -- Installing: /home/alix.degironde/Public/tello-ros2/workspace/install/tello_msg/include/tello_msg/tello_msg/msg/detail/tello_id__type_support.cpp
[11.154s] -- Installing: /home/alix.degironde/Public/tello-ros2/workspace/install/tello_msg/lib/libtello_msg__rosidl_typesupport_introspection_cpp.so
[11.154s] -- Set non-toolchain portion of runtime path of "/home/alix.degironde/Public/tello-ros2/workspace/install/tello_msg/lib/libtello_msg__rosidl_typesupport_introspection_cpp.so" to ""
[11.154s] -- Installing: /home/alix.degironde/Public/tello-ros2/workspace/install/tello_msg/lib/libtello_msg__rosidl_typesupport_cpp.so
[11.154s] -- Set non-toolchain portion of runtime path of "/home/alix.degironde/Public/tello-ros2/workspace/install/tello_msg/lib/libtello_msg__rosidl_typesupport_cpp.so" to ""
[11.154s] -- Installing: /home/alix.degironde/Public/tello-ros2/workspace/install/tello_msg/share/tello_msg/environment/pythonpath.sh
[11.155s] -- Installing: /home/alix.degironde/Public/tello-ros2/workspace/install/tello_msg/share/tello_msg/environment/pythonpath.dsv
[11.155s] -- Installing: /home/alix.degironde/Public/tello-ros2/workspace/install/tello_msg/lib/python3.12/site-packages/tello_msg-0.0.1-py3.12.egg-info
[11.155s] -- Installing: /home/alix.degironde/Public/tello-ros2/workspace/install/tello_msg/lib/python3.12/site-packages/tello_msg-0.0.1-py3.12.egg-info/dependency_links.txt
[11.155s] -- Installing: /home/alix.degironde/Public/tello-ros2/workspace/install/tello_msg/lib/python3.12/site-packages/tello_msg-0.0.1-py3.12.egg-info/SOURCES.txt
[11.155s] -- Installing: /home/alix.degironde/Public/tello-ros2/workspace/install/tello_msg/lib/python3.12/site-packages/tello_msg-0.0.1-py3.12.egg-info/top_level.txt
[11.155s] -- Installing: /home/alix.degironde/Public/tello-ros2/workspace/install/tello_msg/lib/python3.12/site-packages/tello_msg-0.0.1-py3.12.egg-info/PKG-INFO
[11.155s] -- Installing: /home/alix.degironde/Public/tello-ros2/workspace/install/tello_msg/lib/python3.12/site-packages/tello_msg
[11.156s] -- Installing: /home/alix.degironde/Public/tello-ros2/workspace/install/tello_msg/lib/python3.12/site-packages/tello_msg/_tello_msg_s.ep.rosidl_typesupport_introspection_c.c
[11.156s] -- Installing: /home/alix.degironde/Public/tello-ros2/workspace/install/tello_msg/lib/python3.12/site-packages/tello_msg/_tello_msg_s.ep.rosidl_typesupport_c.c
[11.156s] -- Installing: /home/alix.degironde/Public/tello-ros2/workspace/install/tello_msg/lib/python3.12/site-packages/tello_msg/msg
[11.156s] -- Installing: /home/alix.degironde/Public/tello-ros2/workspace/install/tello_msg/lib/python3.12/site-packages/tello_msg/msg/_tello_id.py
[11.156s] -- Installing: /home/alix.degironde/Public/tello-ros2/workspace/install/tello_msg/lib/python3.12/site-packages/tello_msg/msg/_tello_wifi_config.py
[11.156s] -- Installing: /home/alix.degironde/Public/tello-ros2/workspace/install/tello_msg/lib/python3.12/site-packages/tello_msg/msg/__init__.py
[11.156s] -- Installing: /home/alix.degironde/Public/tello-ros2/workspace/install/tello_msg/lib/python3.12/site-packages/tello_msg/msg/_tello_id_s.c
[11.156s] -- Installing: /home/alix.degironde/Public/tello-ros2/workspace/install/tello_msg/lib/python3.12/site-packages/tello_msg/msg/_tello_status.py
[11.157s] -- Installing: /home/alix.degironde/Public/tello-ros2/workspace/install/tello_msg/lib/python3.12/site-packages/tello_msg/msg/_tello_status_s.c
[11.157s] -- Installing: /home/alix.degironde/Public/tello-ros2/workspace/install/tello_msg/lib/python3.12/site-packages/tello_msg/msg/_tello_wifi_config_s.c
[11.157s] -- Installing: /home/alix.degironde/Public/tello-ros2/workspace/install/tello_msg/lib/python3.12/site-packages/tello_msg/tello_msg_s__rosidl_typesupport_fastrtps_c.so
[11.157s] -- Installing: /home/alix.degironde/Public/tello-ros2/workspace/install/tello_msg/lib/python3.12/site-packages/tello_msg/tello_msg_s__rosidl_typesupport_introspection_c.so
[11.157s] -- Installing: /home/alix.degironde/Public/tello-ros2/workspace/install/tello_msg/lib/python3.12/site-packages/tello_msg/tello_msg_s__rosidl_typesupport_c.so
[11.157s] -- Installing: /home/alix.degironde/Public/tello-ros2/workspace/install/tello_msg/lib/python3.12/site-packages/tello_msg/__init__.py
[11.157s] -- Installing: /home/alix.degironde/Public/tello-ros2/workspace/install/tello_msg/lib/python3.12/site-packages/tello_msg/_tello_msg_s.ep.rosidl_typesupport_fastrtps_c.c
[11.216s] Listing '/home/alix.degironde/Public/tello-ros2/workspace/install/tello_msg/lib/python3.12/site-packages/tello_msg'...
[11.216s] Compiling '/home/alix.degironde/Public/tello-ros2/workspace/install/tello_msg/lib/python3.12/site-packages/tello_msg/__init__.py'...
[11.216s] Listing '/home/alix.degironde/Public/tello-ros2/workspace/install/tello_msg/lib/python3.12/site-packages/tello_msg/msg'...
[11.216s] Compiling '/home/alix.degironde/Public/tello-ros2/workspace/install/tello_msg/lib/python3.12/site-packages/tello_msg/msg/__init__.py'...
[11.216s] Compiling '/home/alix.degironde/Public/tello-ros2/workspace/install/tello_msg/lib/python3.12/site-packages/tello_msg/msg/_tello_id.py'...
[11.216s] Compiling '/home/alix.degironde/Public/tello-ros2/workspace/install/tello_msg/lib/python3.12/site-packages/tello_msg/msg/_tello_status.py'...
[11.216s] Compiling '/home/alix.degironde/Public/tello-ros2/workspace/install/tello_msg/lib/python3.12/site-packages/tello_msg/msg/_tello_wifi_config.py'...
[11.225s] -- Installing: /home/alix.degironde/Public/tello-ros2/workspace/install/tello_msg/lib/python3.12/site-packages/tello_msg/tello_msg_s__rosidl_typesupport_fastrtps_c.so
[11.225s] -- Set non-toolchain portion of runtime path of "/home/alix.degironde/Public/tello-ros2/workspace/install/tello_msg/lib/python3.12/site-packages/tello_msg/tello_msg_s__rosidl_typesupport_fastrtps_c.so" to ""
[11.225s] -- Installing: /home/alix.degironde/Public/tello-ros2/workspace/install/tello_msg/lib/python3.12/site-packages/tello_msg/tello_msg_s__rosidl_typesupport_introspection_c.so
[11.225s] -- Set non-toolchain portion of runtime path of "/home/alix.degironde/Public/tello-ros2/workspace/install/tello_msg/lib/python3.12/site-packages/tello_msg/tello_msg_s__rosidl_typesupport_introspection_c.so" to ""
[11.225s] -- Installing: /home/alix.degironde/Public/tello-ros2/workspace/install/tello_msg/lib/python3.12/site-packages/tello_msg/tello_msg_s__rosidl_typesupport_c.so
[11.226s] -- Set non-toolchain portion of runtime path of "/home/alix.degironde/Public/tello-ros2/workspace/install/tello_msg/lib/python3.12/site-packages/tello_msg/tello_msg_s__rosidl_typesupport_c.so" to ""
[11.226s] -- Installing: /home/alix.degironde/Public/tello-ros2/workspace/install/tello_msg/lib/libtello_msg__rosidl_generator_py.so
[11.226s] -- Set non-toolchain portion of runtime path of "/home/alix.degironde/Public/tello-ros2/workspace/install/tello_msg/lib/libtello_msg__rosidl_generator_py.so" to ""
[11.226s] -- Installing: /home/alix.degironde/Public/tello-ros2/workspace/install/tello_msg/share/tello_msg/msg/TelloStatus.idl
[11.226s] -- Installing: /home/alix.degironde/Public/tello-ros2/workspace/install/tello_msg/share/tello_msg/msg/TelloID.idl
[11.226s] -- Installing: /home/alix.degironde/Public/tello-ros2/workspace/install/tello_msg/share/tello_msg/msg/TelloWifiConfig.idl
[11.226s] -- Installing: /home/alix.degironde/Public/tello-ros2/workspace/install/tello_msg/share/tello_msg/msg/TelloStatus.msg
[11.226s] -- Installing: /home/alix.degironde/Public/tello-ros2/workspace/install/tello_msg/share/tello_msg/msg/TelloID.msg
[11.227s] -- Installing: /home/alix.degironde/Public/tello-ros2/workspace/install/tello_msg/share/tello_msg/msg/TelloWifiConfig.msg
[11.227s] -- Installing: /home/alix.degironde/Public/tello-ros2/workspace/install/tello_msg/share/ament_index/resource_index/package_run_dependencies/tello_msg
[11.227s] -- Installing: /home/alix.degironde/Public/tello-ros2/workspace/install/tello_msg/share/ament_index/resource_index/parent_prefix_path/tello_msg
[11.227s] -- Installing: /home/alix.degironde/Public/tello-ros2/workspace/install/tello_msg/share/tello_msg/environment/ament_prefix_path.sh
[11.227s] -- Installing: /home/alix.degironde/Public/tello-ros2/workspace/install/tello_msg/share/tello_msg/environment/ament_prefix_path.dsv
[11.227s] -- Installing: /home/alix.degironde/Public/tello-ros2/workspace/install/tello_msg/share/tello_msg/environment/path.sh
[11.227s] -- Installing: /home/alix.degironde/Public/tello-ros2/workspace/install/tello_msg/share/tello_msg/environment/path.dsv
[11.227s] -- Installing: /home/alix.degironde/Public/tello-ros2/workspace/install/tello_msg/share/tello_msg/local_setup.bash
[11.228s] -- Installing: /home/alix.degironde/Public/tello-ros2/workspace/install/tello_msg/share/tello_msg/local_setup.sh
[11.228s] -- Installing: /home/alix.degironde/Public/tello-ros2/workspace/install/tello_msg/share/tello_msg/local_setup.zsh
[11.228s] -- Installing: /home/alix.degironde/Public/tello-ros2/workspace/install/tello_msg/share/tello_msg/local_setup.dsv
[11.228s] -- Installing: /home/alix.degironde/Public/tello-ros2/workspace/install/tello_msg/share/tello_msg/package.dsv
[11.228s] -- Installing: /home/alix.degironde/Public/tello-ros2/workspace/install/tello_msg/share/ament_index/resource_index/packages/tello_msg
[11.228s] -- Installing: /home/alix.degironde/Public/tello-ros2/workspace/install/tello_msg/share/tello_msg/cmake/export_tello_msg__rosidl_generator_cExport.cmake
[11.228s] -- Installing: /home/alix.degironde/Public/tello-ros2/workspace/install/tello_msg/share/tello_msg/cmake/export_tello_msg__rosidl_generator_cExport-noconfig.cmake
[11.228s] -- Installing: /home/alix.degironde/Public/tello-ros2/workspace/install/tello_msg/share/tello_msg/cmake/export_tello_msg__rosidl_typesupport_fastrtps_cExport.cmake
[11.228s] -- Installing: /home/alix.degironde/Public/tello-ros2/workspace/install/tello_msg/share/tello_msg/cmake/export_tello_msg__rosidl_typesupport_fastrtps_cExport-noconfig.cmake
[11.229s] -- Installing: /home/alix.degironde/Public/tello-ros2/workspace/install/tello_msg/share/tello_msg/cmake/tello_msg__rosidl_typesupport_introspection_cExport.cmake
[11.229s] -- Installing: /home/alix.degironde/Public/tello-ros2/workspace/install/tello_msg/share/tello_msg/cmake/tello_msg__rosidl_typesupport_introspection_cExport-noconfig.cmake
[11.229s] -- Installing: /home/alix.degironde/Public/tello-ros2/workspace/install/tello_msg/share/tello_msg/cmake/tello_msg__rosidl_typesupport_cExport.cmake
[11.229s] -- Installing: /home/alix.degironde/Public/tello-ros2/workspace/install/tello_msg/share/tello_msg/cmake/tello_msg__rosidl_typesupport_cExport-noconfig.cmake
[11.229s] -- Installing: /home/alix.degironde/Public/tello-ros2/workspace/install/tello_msg/share/tello_msg/cmake/export_tello_msg__rosidl_generator_cppExport.cmake
[11.230s] -- Installing: /home/alix.degironde/Public/tello-ros2/workspace/install/tello_msg/share/tello_msg/cmake/export_tello_msg__rosidl_typesupport_fastrtps_cppExport.cmake
[11.230s] -- Installing: /home/alix.degironde/Public/tello-ros2/workspace/install/tello_msg/share/tello_msg/cmake/export_tello_msg__rosidl_typesupport_fastrtps_cppExport-noconfig.cmake
[11.230s] -- Installing: /home/alix.degironde/Public/tello-ros2/workspace/install/tello_msg/share/tello_msg/cmake/tello_msg__rosidl_typesupport_introspection_cppExport.cmake
[11.230s] -- Installing: /home/alix.degironde/Public/tello-ros2/workspace/install/tello_msg/share/tello_msg/cmake/tello_msg__rosidl_typesupport_introspection_cppExport-noconfig.cmake
[11.230s] -- Installing: /home/alix.degironde/Public/tello-ros2/workspace/install/tello_msg/share/tello_msg/cmake/tello_msg__rosidl_typesupport_cppExport.cmake
[11.230s] -- Installing: /home/alix.degironde/Public/tello-ros2/workspace/install/tello_msg/share/tello_msg/cmake/tello_msg__rosidl_typesupport_cppExport-noconfig.cmake
[11.231s] -- Installing: /home/alix.degironde/Public/tello-ros2/workspace/install/tello_msg/share/tello_msg/cmake/export_tello_msg__rosidl_generator_pyExport.cmake
[11.231s] -- Installing: /home/alix.degironde/Public/tello-ros2/workspace/install/tello_msg/share/tello_msg/cmake/export_tello_msg__rosidl_generator_pyExport-noconfig.cmake
[11.231s] -- Installing: /home/alix.degironde/Public/tello-ros2/workspace/install/tello_msg/share/tello_msg/cmake/rosidl_cmake-extras.cmake
[11.231s] -- Installing: /home/alix.degironde/Public/tello-ros2/workspace/install/tello_msg/share/tello_msg/cmake/ament_cmake_export_dependencies-extras.cmake
[11.231s] -- Installing: /home/alix.degironde/Public/tello-ros2/workspace/install/tello_msg/share/tello_msg/cmake/ament_cmake_export_include_directories-extras.cmake
[11.231s] -- Installing: /home/alix.degironde/Public/tello-ros2/workspace/install/tello_msg/share/tello_msg/cmake/ament_cmake_export_libraries-extras.cmake
[11.232s] -- Installing: /home/alix.degironde/Public/tello-ros2/workspace/install/tello_msg/share/tello_msg/cmake/ament_cmake_export_targets-extras.cmake
[11.232s] -- Installing: /home/alix.degironde/Public/tello-ros2/workspace/install/tello_msg/share/tello_msg/cmake/rosidl_cmake_export_typesupport_targets-extras.cmake
[11.232s] -- Installing: /home/alix.degironde/Public/tello-ros2/workspace/install/tello_msg/share/tello_msg/cmake/rosidl_cmake_export_typesupport_libraries-extras.cmake
[11.232s] -- Installing: /home/alix.degironde/Public/tello-ros2/workspace/install/tello_msg/share/tello_msg/cmake/tello_msgConfig.cmake
[11.232s] -- Installing: /home/alix.degironde/Public/tello-ros2/workspace/install/tello_msg/share/tello_msg/cmake/tello_msgConfig-version.cmake
[11.232s] -- Installing: /home/alix.degironde/Public/tello-ros2/workspace/install/tello_msg/share/tello_msg/package.xml
[11.235s] Invoked command in '/home/alix.degironde/Public/tello-ros2/workspace/build/tello_msg' returned '0': CMAKE_PREFIX_PATH=${CMAKE_PREFIX_PATH}:/opt/ros/jazzy DEBUGINFOD_URLS=https://debuginfod.ubuntu.com HISTTIMEFORMAT=%F %T /usr/bin/cmake --install /home/alix.degironde/Public/tello-ros2/workspace/build/tello_msg
