-- Found ament_cmake: 2.5.4 (/opt/ros/jazzy/share/ament_cmake/cmake)
-- Found Python3: /usr/bin/python3 (found version "3.12.3") found components: Interpreter 
-- Found rosidl_default_generators: 1.6.0 (/opt/ros/jazzy/share/rosidl_default_generators/cmake)
-- Using all available rosidl_typesupport_c: rosidl_typesupport_fastrtps_c;rosidl_typesupport_introspection_c
-- Using all available rosidl_typesupport_cpp: rosidl_typesupport_fastrtps_cpp;rosidl_typesupport_introspection_cpp
-- Found rosidl_adapter: 4.6.6 (/opt/ros/jazzy/share/rosidl_adapter/cmake)
-- Found std_msgs: 5.3.6 (/opt/ros/jazzy/share/std_msgs/cmake)
-- Found geometry_msgs: 5.3.6 (/opt/ros/jazzy/share/geometry_msgs/cmake)
-- Found action_msgs: 2.0.3 (/opt/ros/jazzy/share/action_msgs/cmake)
-- Found ament_cmake_cppcheck: 0.17.3 (/opt/ros/jazzy/share/ament_cmake_cppcheck/cmake)
-- Found ament_cmake_cpplint: 0.17.3 (/opt/ros/jazzy/share/ament_cmake_cpplint/cmake)
-- Found ament_cmake_uncrustify: 0.17.3 (/opt/ros/jazzy/share/ament_cmake_uncrustify/cmake)
-- Found ament_cmake_ros: 0.12.0 (/opt/ros/jazzy/share/ament_cmake_ros/cmake)
-- Using all available rosidl_typesupport_c: rosidl_typesupport_fastrtps_c;rosidl_typesupport_introspection_c
-- Using all available rosidl_typesupport_cpp: rosidl_typesupport_fastrtps_cpp;rosidl_typesupport_introspection_cpp
-- Found python_cmake_module: 0.11.1 (/opt/ros/jazzy/share/python_cmake_module/cmake)
-- Found Python3: /usr/bin/python3 (found version "3.12.3") found components: Interpreter Development NumPy Development.Module Development.Embed 
-- Found ament_cmake_flake8: 0.17.3 (/opt/ros/jazzy/share/ament_cmake_flake8/cmake)
-- Found ament_cmake_pep257: 0.17.3 (/opt/ros/jazzy/share/ament_cmake_pep257/cmake)
-- Configuring done (2.3s)
-- Generating done (0.1s)
-- Build files have been written to: /home/alix.degironde/Public/tello-ros2/workspace/build/tello_msg
[  1%] [34m[1mGenerating type hashes for ROS interfaces[0m
[  1%] Built target ament_cmake_python_copy_tello_msg
running egg_info
writing tello_msg.egg-info/PKG-INFO
writing dependency_links to tello_msg.egg-info/dependency_links.txt
writing top-level names to tello_msg.egg-info/top_level.txt
[  1%] Built target tello_msg__rosidl_generator_type_description
[  2%] [34m[1mGenerating C code for ROS interfaces[0m
[  4%] [34m[1mGenerating C++ code for ROS interfaces[0m
reading manifest file 'tello_msg.egg-info/SOURCES.txt'
writing manifest file 'tello_msg.egg-info/SOURCES.txt'
[  4%] Built target ament_cmake_python_build_tello_msg_egg
[  4%] Built target tello_msg__cpp
[  5%] [32mBuilding C object CMakeFiles/tello_msg__rosidl_generator_c.dir/rosidl_generator_c/tello_msg/msg/detail/tello_status__description.c.o[0m
[  6%] [32mBuilding C object CMakeFiles/tello_msg__rosidl_generator_c.dir/rosidl_generator_c/tello_msg/msg/detail/tello_status__functions.c.o[0m
[  8%] [32mBuilding C object CMakeFiles/tello_msg__rosidl_generator_c.dir/rosidl_generator_c/tello_msg/msg/detail/tello_status__type_support.c.o[0m
[  9%] [32mBuilding C object CMakeFiles/tello_msg__rosidl_generator_c.dir/rosidl_generator_c/tello_msg/msg/detail/tello_id__description.c.o[0m
[ 10%] [32mBuilding C object CMakeFiles/tello_msg__rosidl_generator_c.dir/rosidl_generator_c/tello_msg/msg/detail/tello_id__functions.c.o[0m
[ 12%] [32mBuilding C object CMakeFiles/tello_msg__rosidl_generator_c.dir/rosidl_generator_c/tello_msg/msg/detail/tello_id__type_support.c.o[0m
[ 13%] [32mBuilding C object CMakeFiles/tello_msg__rosidl_generator_c.dir/rosidl_generator_c/tello_msg/msg/detail/tello_wifi_config__description.c.o[0m
[ 14%] [32mBuilding C object CMakeFiles/tello_msg__rosidl_generator_c.dir/rosidl_generator_c/tello_msg/msg/detail/tello_wifi_config__functions.c.o[0m
[ 16%] [32mBuilding C object CMakeFiles/tello_msg__rosidl_generator_c.dir/rosidl_generator_c/tello_msg/msg/detail/tello_wifi_config__type_support.c.o[0m
[ 17%] [32mBuilding C object CMakeFiles/tello_msg__rosidl_generator_c.dir/rosidl_generator_c/tello_msg/srv/detail/drone_mode__description.c.o[0m
[ 18%] [32mBuilding C object CMakeFiles/tello_msg__rosidl_generator_c.dir/rosidl_generator_c/tello_msg/srv/detail/drone_mode__functions.c.o[0m
[ 20%] [32mBuilding C object CMakeFiles/tello_msg__rosidl_generator_c.dir/rosidl_generator_c/tello_msg/srv/detail/drone_mode__type_support.c.o[0m
[ 21%] [32mBuilding C object CMakeFiles/tello_msg__rosidl_generator_c.dir/rosidl_generator_c/tello_msg/action/detail/spielberg__description.c.o[0m
In file included from [01m[K/home/alix.degironde/Public/tello-ros2/workspace/build/tello_msg/rosidl_generator_c/tello_msg/action/detail/spielberg__functions.h:28[m[K,
                 from [01m[K/home/alix.degironde/Public/tello-ros2/workspace/build/tello_msg/rosidl_generator_c/tello_msg/action/detail/spielberg__description.c:5[m[K:
[01m[K/home/alix.degironde/Public/tello-ros2/workspace/build/tello_msg/rosidl_generator_c/tello_msg/action/detail/spielberg__struct.h:26:8:[m[K [01;31m[Kerror: [m[Kexpected identifier or ‘[01m[K([m[K’ before ‘[01m[Kdo[m[K’
   26 |   bool [01;31m[Kdo[m[K;
      |        [01;31m[K^~[m[K
[01m[K/home/alix.degironde/Public/tello-ros2/workspace/build/tello_msg/rosidl_generator_c/tello_msg/action/detail/spielberg__struct.h:27:1:[m[K [01;35m[Kwarning: [m[Kno semicolon at end of struct or union
   27 | [01;35m[K}[m[K tello_msg__action__Spielberg_Goal;
      | [01;35m[K^[m[K
[ 22%] [32mBuilding C object CMakeFiles/tello_msg__rosidl_generator_c.dir/rosidl_generator_c/tello_msg/action/detail/spielberg__functions.c.o[0m
gmake[2]: *** [CMakeFiles/tello_msg__rosidl_generator_c.dir/build.make:443 : CMakeFiles/tello_msg__rosidl_generator_c.dir/rosidl_generator_c/tello_msg/action/detail/spielberg__description.c.o] Erreur 1
gmake[2]: *** Attente des tâches non terminées....
[ 24%] [32mBuilding C object CMakeFiles/tello_msg__rosidl_generator_c.dir/rosidl_generator_c/tello_msg/action/detail/spielberg__type_support.c.o[0m
In file included from [01m[K/home/alix.degironde/Public/tello-ros2/workspace/build/tello_msg/rosidl_generator_c/tello_msg/action/detail/spielberg__functions.h:28[m[K,
                 from [01m[K/home/alix.degironde/Public/tello-ros2/workspace/build/tello_msg/rosidl_generator_c/tello_msg/action/detail/spielberg__functions.c:4[m[K:
[01m[K/home/alix.degironde/Public/tello-ros2/workspace/build/tello_msg/rosidl_generator_c/tello_msg/action/detail/spielberg__struct.h:26:8:[m[K [01;31m[Kerror: [m[Kexpected identifier or ‘[01m[K([m[K’ before ‘[01m[Kdo[m[K’
   26 |   bool [01;31m[Kdo[m[K;
      |        [01;31m[K^~[m[K
[01m[K/home/alix.degironde/Public/tello-ros2/workspace/build/tello_msg/rosidl_generator_c/tello_msg/action/detail/spielberg__struct.h:27:1:[m[K [01;35m[Kwarning: [m[Kno semicolon at end of struct or union
   27 | [01;35m[K}[m[K tello_msg__action__Spielberg_Goal;
      | [01;35m[K^[m[K
[01m[K/home/alix.degironde/Public/tello-ros2/workspace/build/tello_msg/rosidl_generator_c/tello_msg/action/detail/spielberg__functions.c:[m[K In function ‘[01m[Ktello_msg__action__Spielberg_Goal__are_equal[m[K’:
[01m[K/home/alix.degironde/Public/tello-ros2/workspace/build/tello_msg/rosidl_generator_c/tello_msg/action/detail/spielberg__functions.c:40:12:[m[K [01;31m[Kerror: [m[Kexpected identifier before ‘[01m[Kdo[m[K’
   40 |   if (lhs->[01;31m[Kdo[m[K != rhs->do) {
      |            [01;31m[K^~[m[K
[01m[K/home/alix.degironde/Public/tello-ros2/workspace/build/tello_msg/rosidl_generator_c/tello_msg/action/detail/spielberg__functions.c:[m[K In function ‘[01m[Ktello_msg__action__Spielberg_Goal__copy[m[K’:
[01m[K/home/alix.degironde/Public/tello-ros2/workspace/build/tello_msg/rosidl_generator_c/tello_msg/action/detail/spielberg__functions.c:55:11:[m[K [01;31m[Kerror: [m[Kexpected identifier before ‘[01m[Kdo[m[K’
   55 |   output->[01;31m[Kdo[m[K = input->do;
      |           [01;31m[K^~[m[K
In file included from [01m[K/home/alix.degironde/Public/tello-ros2/workspace/build/tello_msg/rosidl_generator_c/tello_msg/action/detail/spielberg__functions.h:28[m[K,
                 from [01m[K/home/alix.degironde/Public/tello-ros2/workspace/build/tello_msg/rosidl_generator_c/tello_msg/action/detail/spielberg__type_support.c:8[m[K:
[01m[K/home/alix.degironde/Public/tello-ros2/workspace/build/tello_msg/rosidl_generator_c/tello_msg/action/detail/spielberg__struct.h:26:8:[m[K [01;31m[Kerror: [m[Kexpected identifier or ‘[01m[K([m[K’ before ‘[01m[Kdo[m[K’
   26 |   bool [01;31m[Kdo[m[K;
      |        [01;31m[K^~[m[K
[01m[K/home/alix.degironde/Public/tello-ros2/workspace/build/tello_msg/rosidl_generator_c/tello_msg/action/detail/spielberg__struct.h:27:1:[m[K [01;35m[Kwarning: [m[Kno semicolon at end of struct or union
   27 | [01;35m[K}[m[K tello_msg__action__Spielberg_Goal;
      | [01;35m[K^[m[K
gmake[2]: *** [CMakeFiles/tello_msg__rosidl_generator_c.dir/build.make:457 : CMakeFiles/tello_msg__rosidl_generator_c.dir/rosidl_generator_c/tello_msg/action/detail/spielberg__functions.c.o] Erreur 1
gmake[2]: *** [CMakeFiles/tello_msg__rosidl_generator_c.dir/build.make:471 : CMakeFiles/tello_msg__rosidl_generator_c.dir/rosidl_generator_c/tello_msg/action/detail/spielberg__type_support.c.o] Erreur 1
gmake[1]: *** [CMakeFiles/Makefile2:241 : CMakeFiles/tello_msg__rosidl_generator_c.dir/all] Erreur 2
gmake: *** [Makefile:146 : all] Erreur 2
