[0.156s] DEBUG:colcon:Command line arguments: ['/usr/bin/colcon', 'build', '--packages-select', 'con']
[0.156s] DEBUG:colcon:Parsed command line arguments: Namespace(log_base=None, log_level=None, verb_name='build', build_base='build', install_base='install', merge_install=False, symlink_install=False, test_result_base=None, continue_on_error=False, executor='parallel', parallel_workers=4, event_handlers=None, ignore_user_meta=False, metas=['./colcon.meta'], base_paths=['.'], packages_ignore=None, packages_ignore_regex=None, paths=None, packages_up_to=None, packages_up_to_regex=None, packages_above=None, packages_above_and_dependencies=None, packages_above_depth=None, packages_select_by_dep=None, packages_skip_by_dep=None, packages_skip_up_to=None, packages_select_build_failed=False, packages_skip_build_finished=False, packages_select_test_failures=False, packages_skip_test_passed=False, packages_select=['con'], packages_skip=None, packages_select_regex=None, packages_skip_regex=None, packages_start=None, packages_end=None, allow_overriding=[], cmake_args=None, cmake_target=None, cmake_target_skip_unavailable=False, cmake_clean_cache=False, cmake_clean_first=False, cmake_force_configure=False, ament_cmake_args=None, catkin_cmake_args=None, catkin_skip_building_tests=False, mixin_files=None, mixin=None, verb_parser=<colcon_mixin.mixin.mixin_argument.MixinArgumentDecorator object at 0x730d782f4bc0>, verb_extension=<colcon_core.verb.build.BuildVerb object at 0x730d782f4920>, main=<bound method BuildVerb.main of <colcon_core.verb.build.BuildVerb object at 0x730d782f4920>>, mixin_verb=('build',))
[0.202s] Level 1:colcon.colcon_core.package_discovery:discover_packages(colcon_meta) check parameters
[0.202s] Level 1:colcon.colcon_core.package_discovery:discover_packages(recursive) check parameters
[0.202s] Level 1:colcon.colcon_core.package_discovery:discover_packages(ignore) check parameters
[0.202s] Level 1:colcon.colcon_core.package_discovery:discover_packages(path) check parameters
[0.202s] Level 1:colcon.colcon_core.package_discovery:discover_packages(colcon_meta) discover
[0.203s] Level 1:colcon.colcon_core.package_discovery:discover_packages(recursive) discover
[0.203s] INFO:colcon.colcon_core.package_discovery:Crawling recursively for packages in '/home/alix.degironde/Public/tello-ros2/workspace/src'
[0.203s] Level 1:colcon.colcon_core.package_identification:_identify(.) by extensions ['ignore', 'ignore_ament_install']
[0.203s] Level 1:colcon.colcon_core.package_identification:_identify(.) by extension 'ignore'
[0.203s] Level 1:colcon.colcon_core.package_identification:_identify(.) by extension 'ignore_ament_install'
[0.203s] Level 1:colcon.colcon_core.package_identification:_identify(.) by extensions ['colcon_pkg']
[0.203s] Level 1:colcon.colcon_core.package_identification:_identify(.) by extension 'colcon_pkg'
[0.203s] Level 1:colcon.colcon_core.package_identification:_identify(.) by extensions ['colcon_meta']
[0.203s] Level 1:colcon.colcon_core.package_identification:_identify(.) by extension 'colcon_meta'
[0.203s] Level 1:colcon.colcon_core.package_identification:_identify(.) by extensions ['ros']
[0.203s] Level 1:colcon.colcon_core.package_identification:_identify(.) by extension 'ros'
[0.233s] Level 1:colcon.colcon_core.package_identification:_identify(.) by extensions ['cmake', 'python']
[0.233s] Level 1:colcon.colcon_core.package_identification:_identify(.) by extension 'cmake'
[0.233s] Level 1:colcon.colcon_core.package_identification:_identify(.) by extension 'python'
[0.233s] Level 1:colcon.colcon_core.package_identification:_identify(.) by extensions ['python_setup_py']
[0.233s] Level 1:colcon.colcon_core.package_identification:_identify(.) by extension 'python_setup_py'
[0.233s] Level 1:colcon.colcon_core.package_identification:_identify(build) by extensions ['ignore', 'ignore_ament_install']
[0.234s] Level 1:colcon.colcon_core.package_identification:_identify(build) by extension 'ignore'
[0.234s] Level 1:colcon.colcon_core.package_identification:_identify(build) ignored
[0.234s] Level 1:colcon.colcon_core.package_identification:_identify(controller) by extensions ['ignore', 'ignore_ament_install']
[0.234s] Level 1:colcon.colcon_core.package_identification:_identify(controller) by extension 'ignore'
[0.234s] Level 1:colcon.colcon_core.package_identification:_identify(controller) by extension 'ignore_ament_install'
[0.234s] Level 1:colcon.colcon_core.package_identification:_identify(controller) by extensions ['colcon_pkg']
[0.234s] Level 1:colcon.colcon_core.package_identification:_identify(controller) by extension 'colcon_pkg'
[0.234s] Level 1:colcon.colcon_core.package_identification:_identify(controller) by extensions ['colcon_meta']
[0.234s] Level 1:colcon.colcon_core.package_identification:_identify(controller) by extension 'colcon_meta'
[0.234s] Level 1:colcon.colcon_core.package_identification:_identify(controller) by extensions ['ros']
[0.234s] Level 1:colcon.colcon_core.package_identification:_identify(controller) by extension 'ros'
[0.237s] DEBUG:colcon.colcon_core.package_identification:Package 'controller' with type 'ros.ament_python' and name 'controller'
[0.237s] Level 1:colcon.colcon_core.package_identification:_identify(install) by extensions ['ignore', 'ignore_ament_install']
[0.237s] Level 1:colcon.colcon_core.package_identification:_identify(install) by extension 'ignore'
[0.237s] Level 1:colcon.colcon_core.package_identification:_identify(install) ignored
[0.237s] Level 1:colcon.colcon_core.package_identification:_identify(log) by extensions ['ignore', 'ignore_ament_install']
[0.237s] Level 1:colcon.colcon_core.package_identification:_identify(log) by extension 'ignore'
[0.237s] Level 1:colcon.colcon_core.package_identification:_identify(log) ignored
[0.238s] Level 1:colcon.colcon_core.package_identification:_identify(tello) by extensions ['ignore', 'ignore_ament_install']
[0.238s] Level 1:colcon.colcon_core.package_identification:_identify(tello) by extension 'ignore'
[0.238s] Level 1:colcon.colcon_core.package_identification:_identify(tello) ignored
[0.238s] Level 1:colcon.colcon_core.package_identification:_identify(tello_control) by extensions ['ignore', 'ignore_ament_install']
[0.238s] Level 1:colcon.colcon_core.package_identification:_identify(tello_control) by extension 'ignore'
[0.238s] Level 1:colcon.colcon_core.package_identification:_identify(tello_control) by extension 'ignore_ament_install'
[0.238s] Level 1:colcon.colcon_core.package_identification:_identify(tello_control) by extensions ['colcon_pkg']
[0.238s] Level 1:colcon.colcon_core.package_identification:_identify(tello_control) by extension 'colcon_pkg'
[0.238s] Level 1:colcon.colcon_core.package_identification:_identify(tello_control) by extensions ['colcon_meta']
[0.238s] Level 1:colcon.colcon_core.package_identification:_identify(tello_control) by extension 'colcon_meta'
[0.238s] Level 1:colcon.colcon_core.package_identification:_identify(tello_control) by extensions ['ros']
[0.238s] Level 1:colcon.colcon_core.package_identification:_identify(tello_control) by extension 'ros'
[0.239s] DEBUG:colcon.colcon_core.package_identification:Package 'tello_control' with type 'ros.ament_cmake' and name 'tello_control'
[0.239s] Level 1:colcon.colcon_core.package_identification:_identify(tello_msg) by extensions ['ignore', 'ignore_ament_install']
[0.239s] Level 1:colcon.colcon_core.package_identification:_identify(tello_msg) by extension 'ignore'
[0.239s] Level 1:colcon.colcon_core.package_identification:_identify(tello_msg) by extension 'ignore_ament_install'
[0.239s] Level 1:colcon.colcon_core.package_identification:_identify(tello_msg) by extensions ['colcon_pkg']
[0.239s] Level 1:colcon.colcon_core.package_identification:_identify(tello_msg) by extension 'colcon_pkg'
[0.239s] Level 1:colcon.colcon_core.package_identification:_identify(tello_msg) by extensions ['colcon_meta']
[0.239s] Level 1:colcon.colcon_core.package_identification:_identify(tello_msg) by extension 'colcon_meta'
[0.239s] Level 1:colcon.colcon_core.package_identification:_identify(tello_msg) by extensions ['ros']
[0.239s] Level 1:colcon.colcon_core.package_identification:_identify(tello_msg) by extension 'ros'
[0.240s] DEBUG:colcon.colcon_core.package_identification:Package 'tello_msg' with type 'ros.ament_cmake' and name 'tello_msg'
[0.240s] Level 1:colcon.colcon_core.package_discovery:discover_packages(recursive) using defaults
[0.240s] Level 1:colcon.colcon_core.package_discovery:discover_packages(ignore) discover
[0.240s] Level 1:colcon.colcon_core.package_discovery:discover_packages(ignore) using defaults
[0.240s] Level 1:colcon.colcon_core.package_discovery:discover_packages(path) discover
[0.240s] Level 1:colcon.colcon_core.package_discovery:discover_packages(path) using defaults
[0.240s] WARNING:colcon.colcon_core.package_selection:ignoring unknown package 'con' in --packages-select
[0.262s] INFO:colcon.colcon_core.package_selection:Skipping not selected package 'controller' in 'controller'
[0.263s] INFO:colcon.colcon_core.package_selection:Skipping not selected package 'tello_control' in 'tello_control'
[0.263s] INFO:colcon.colcon_core.package_selection:Skipping not selected package 'tello_msg' in 'tello_msg'
[0.263s] Level 1:colcon.colcon_core.package_discovery:discover_packages(prefix_path) check parameters
[0.263s] Level 1:colcon.colcon_core.package_discovery:discover_packages(prefix_path) discover
[0.265s] DEBUG:colcon.colcon_installed_package_information.package_discovery:Found 1 installed packages in /home/alix.degironde/Public/tello-ros2/workspace/src/install
[0.266s] DEBUG:colcon.colcon_installed_package_information.package_discovery:Found 4 installed packages in /home/alix.degironde/Public/tello-ros2/workspace/install
[0.269s] DEBUG:colcon.colcon_installed_package_information.package_discovery:Found 480 installed packages in /opt/ros/jazzy
[0.272s] Level 1:colcon.colcon_core.package_discovery:discover_packages(prefix_path) using defaults
[0.359s] INFO:colcon.colcon_core.executor:Executing jobs using 'parallel' executor
[0.360s] DEBUG:colcon.colcon_parallel_executor.executor.parallel:run_until_complete
[0.360s] DEBUG:colcon.colcon_parallel_executor.executor.parallel:closing loop
[0.361s] DEBUG:colcon.colcon_parallel_executor.executor.parallel:loop closed
[0.361s] DEBUG:colcon.colcon_parallel_executor.executor.parallel:run_until_complete finished with '0'
[0.361s] DEBUG:colcon.colcon_core.event_reactor:joining thread
[0.391s] INFO:colcon.colcon_core.plugin_system:Skipping extension 'colcon_notification.desktop_notification.terminal_notifier': Not used on non-Darwin systems
[0.392s] INFO:colcon.colcon_core.plugin_system:Skipping extension 'colcon_notification.desktop_notification.win32': Not used on non-Windows systems
[0.392s] INFO:colcon.colcon_notification.desktop_notification:Sending desktop notification using 'notify2'
[0.407s] DEBUG:colcon.colcon_core.event_reactor:joined thread
[0.409s] INFO:colcon.colcon_core.plugin_system:Skipping extension 'colcon_core.shell.bat': Not used on non-Windows systems
[0.410s] INFO:colcon.colcon_core.shell:Creating prefix script '/home/alix.degironde/Public/tello-ros2/workspace/src/install/local_setup.ps1'
[0.411s] INFO:colcon.colcon_core.shell:Creating prefix util module '/home/alix.degironde/Public/tello-ros2/workspace/src/install/_local_setup_util_ps1.py'
[0.412s] INFO:colcon.colcon_core.shell:Creating prefix chain script '/home/alix.degironde/Public/tello-ros2/workspace/src/install/setup.ps1'
[0.414s] INFO:colcon.colcon_core.shell:Creating prefix script '/home/alix.degironde/Public/tello-ros2/workspace/src/install/local_setup.sh'
[0.415s] INFO:colcon.colcon_core.shell:Creating prefix util module '/home/alix.degironde/Public/tello-ros2/workspace/src/install/_local_setup_util_sh.py'
[0.416s] INFO:colcon.colcon_core.shell:Creating prefix chain script '/home/alix.degironde/Public/tello-ros2/workspace/src/install/setup.sh'
[0.417s] INFO:colcon.colcon_core.shell:Creating prefix script '/home/alix.degironde/Public/tello-ros2/workspace/src/install/local_setup.bash'
[0.418s] INFO:colcon.colcon_core.shell:Creating prefix chain script '/home/alix.degironde/Public/tello-ros2/workspace/src/install/setup.bash'
[0.419s] INFO:colcon.colcon_core.shell:Creating prefix script '/home/alix.degironde/Public/tello-ros2/workspace/src/install/local_setup.zsh'
[0.420s] INFO:colcon.colcon_core.shell:Creating prefix chain script '/home/alix.degironde/Public/tello-ros2/workspace/src/install/setup.zsh'
