[1.894s] Invoking command in '/home/alix.degironde/Public/tello-ros2/workspace/src/controller': DEBUGINFOD_URLS=https://debuginfod.ubuntu.com HISTTIMEFORMAT=%F %T PS1=(ven_IROS) \[\e]0;\u@\h: \w\a\]${debian_chroot:+($debian_chroot)}\[\033[01;32m\]\u@\h\[\033[00m\]:\[\033[01;34m\]\w\[\033[00m\]\$ PYTHONPATH=/home/alix.degironde/Public/tello-ros2/workspace/build/controller/prefix_override:/usr/lib/python3/dist-packages/colcon_core/task/python/colcon_distutils_commands:/home/alix.degironde/Public/tello-ros2/workspace/install/controller/lib/python3.12/site-packages:${PYTHONPATH} VIRTUAL_ENV_PROMPT=(ven_IROS) /usr/bin/python3 -W ignore:setup.py install is deprecated -W ignore:easy_install command is deprecated setup.py egg_info --egg-base ../../build/controller build --build-base /home/alix.degironde/Public/tello-ros2/workspace/build/controller/build install --record /home/alix.degironde/Public/tello-ros2/workspace/build/controller/install.log --single-version-externally-managed install_data
[2.504s] running egg_info
[2.557s] writing ../../build/controller/controller.egg-info/PKG-INFO
[2.558s] writing dependency_links to ../../build/controller/controller.egg-info/dependency_links.txt
[2.559s] writing entry points to ../../build/controller/controller.egg-info/entry_points.txt
[2.559s] writing requirements to ../../build/controller/controller.egg-info/requires.txt
[2.559s] writing top-level names to ../../build/controller/controller.egg-info/top_level.txt
[2.663s] reading manifest file '../../build/controller/controller.egg-info/SOURCES.txt'
[2.664s] adding license file 'LICENSE'
[2.665s] writing manifest file '../../build/controller/controller.egg-info/SOURCES.txt'
[2.665s] running build
[2.665s] running build_py
[2.665s] copying controller/tello_behaviour.py -> /home/alix.degironde/Public/tello-ros2/workspace/build/controller/build/lib/controller
[2.666s] copying controller/spielberg.py -> /home/alix.degironde/Public/tello-ros2/workspace/build/controller/build/lib/controller
[2.666s] running install
[2.675s] running install_lib
[2.727s] copying /home/alix.degironde/Public/tello-ros2/workspace/build/controller/build/lib/controller/tello_behaviour.py -> /home/alix.degironde/Public/tello-ros2/workspace/install/controller/lib/python3.12/site-packages/controller
[2.728s] copying /home/alix.degironde/Public/tello-ros2/workspace/build/controller/build/lib/controller/spielberg.py -> /home/alix.degironde/Public/tello-ros2/workspace/install/controller/lib/python3.12/site-packages/controller
[2.729s] byte-compiling /home/alix.degironde/Public/tello-ros2/workspace/install/controller/lib/python3.12/site-packages/controller/tello_behaviour.py to tello_behaviour.cpython-312.pyc
[2.733s] byte-compiling /home/alix.degironde/Public/tello-ros2/workspace/install/controller/lib/python3.12/site-packages/controller/spielberg.py to spielberg.cpython-312.pyc
[2.735s] running install_data
[2.735s] copying package.xml -> /home/alix.degironde/Public/tello-ros2/workspace/install/controller/share/controller
[2.735s] running install_egg_info
[2.792s] removing '/home/alix.degironde/Public/tello-ros2/workspace/install/controller/lib/python3.12/site-packages/controller-0.0.0-py3.12.egg-info' (and everything under it)
[2.792s] Copying ../../build/controller/controller.egg-info to /home/alix.degironde/Public/tello-ros2/workspace/install/controller/lib/python3.12/site-packages/controller-0.0.0-py3.12.egg-info
[2.796s] running install_scripts
[3.153s] Installing manual_control script to /home/alix.degironde/Public/tello-ros2/workspace/install/controller/lib/controller
[3.155s] Installing qr_code_follower script to /home/alix.degironde/Public/tello-ros2/workspace/install/controller/lib/controller
[3.155s] Installing qr_code_reader script to /home/alix.degironde/Public/tello-ros2/workspace/install/controller/lib/controller
[3.155s] Installing spielberg script to /home/alix.degironde/Public/tello-ros2/workspace/install/controller/lib/controller
[3.155s] Installing surveillance script to /home/alix.degironde/Public/tello-ros2/workspace/install/controller/lib/controller
[3.156s] Installing tello_behaviour script to /home/alix.degironde/Public/tello-ros2/workspace/install/controller/lib/controller
[3.160s] writing list of installed files to '/home/alix.degironde/Public/tello-ros2/workspace/build/controller/install.log'
[3.263s] Invoked command in '/home/alix.degironde/Public/tello-ros2/workspace/src/controller' returned '0': DEBUGINFOD_URLS=https://debuginfod.ubuntu.com HISTTIMEFORMAT=%F %T PS1=(ven_IROS) \[\e]0;\u@\h: \w\a\]${debian_chroot:+($debian_chroot)}\[\033[01;32m\]\u@\h\[\033[00m\]:\[\033[01;34m\]\w\[\033[00m\]\$ PYTHONPATH=/home/alix.degironde/Public/tello-ros2/workspace/build/controller/prefix_override:/usr/lib/python3/dist-packages/colcon_core/task/python/colcon_distutils_commands:/home/alix.degironde/Public/tello-ros2/workspace/install/controller/lib/python3.12/site-packages:${PYTHONPATH} VIRTUAL_ENV_PROMPT=(ven_IROS) /usr/bin/python3 -W ignore:setup.py install is deprecated -W ignore:easy_install command is deprecated setup.py egg_info --egg-base ../../build/controller build --build-base /home/alix.degironde/Public/tello-ros2/workspace/build/controller/build install --record /home/alix.degironde/Public/tello-ros2/workspace/build/controller/install.log --single-version-externally-managed install_data
