[0.013s] Invoking command in '/home/alix.degironde/Public/tello-ros2/workspace/build/tello_control': CMAKE_PREFIX_PATH=${CMAKE_PREFIX_PATH}:/opt/ros/jazzy DEBUGINFOD_URLS=https://debuginfod.ubuntu.com HISTTIMEFORMAT=%F %T PS1=(ven_IROS) \[\e]0;\u@\h: \w\a\]${debian_chroot:+($debian_chroot)}\[\033[01;32m\]\u@\h\[\033[00m\]:\[\033[01;34m\]\w\[\033[00m\]\$ VIRTUAL_ENV_PROMPT=(ven_IROS) /usr/bin/cmake /home/alix.degironde/Public/tello-ros2/workspace/src/tello_control -DCMAKE_INSTALL_PREFIX=/home/alix.degironde/Public/tello-ros2/workspace/install/tello_control
[0.043s] -- Found OpenCV version 4.6.0
[0.044s] -- Found ament_cmake: 2.5.4 (/opt/ros/jazzy/share/ament_cmake/cmake)
[0.261s] -- Override CMake install command with custom implementation using symlinks instead of copying resources
[0.270s] -- Found rclcpp: 28.1.13 (/opt/ros/jazzy/share/rclcpp/cmake)
[0.311s] -- Found rosidl_generator_c: 4.6.6 (/opt/ros/jazzy/share/rosidl_generator_c/cmake)
[0.324s] -- Found rosidl_generator_cpp: 4.6.6 (/opt/ros/jazzy/share/rosidl_generator_cpp/cmake)
[0.340s] -- Using all available rosidl_typesupport_c: rosidl_typesupport_fastrtps_c;rosidl_typesupport_introspection_c
[0.360s] -- Using all available rosidl_typesupport_cpp: rosidl_typesupport_fastrtps_cpp;rosidl_typesupport_introspection_cpp
[0.458s] -- Found rmw_implementation_cmake: 7.3.2 (/opt/ros/jazzy/share/rmw_implementation_cmake/cmake)
[0.460s] -- Found rmw_cyclonedds_cpp: 2.2.3 (/opt/ros/jazzy/share/rmw_cyclonedds_cpp/cmake)
[0.505s] -- Using RMW implementation 'rmw_cyclonedds_cpp' as default
[0.592s] -- Found std_msgs: 5.3.6 (/opt/ros/jazzy/share/std_msgs/cmake)
[0.610s] -- Found geometry_msgs: 5.3.6 (/opt/ros/jazzy/share/geometry_msgs/cmake)
[0.750s] -- Configuring done (0.7s)
[0.769s] -- Generating done (0.0s)
[0.774s] -- Build files have been written to: /home/alix.degironde/Public/tello-ros2/workspace/build/tello_control
[0.783s] Invoked command in '/home/alix.degironde/Public/tello-ros2/workspace/build/tello_control' returned '0': CMAKE_PREFIX_PATH=${CMAKE_PREFIX_PATH}:/opt/ros/jazzy DEBUGINFOD_URLS=https://debuginfod.ubuntu.com HISTTIMEFORMAT=%F %T PS1=(ven_IROS) \[\e]0;\u@\h: \w\a\]${debian_chroot:+($debian_chroot)}\[\033[01;32m\]\u@\h\[\033[00m\]:\[\033[01;34m\]\w\[\033[00m\]\$ VIRTUAL_ENV_PROMPT=(ven_IROS) /usr/bin/cmake /home/alix.degironde/Public/tello-ros2/workspace/src/tello_control -DCMAKE_INSTALL_PREFIX=/home/alix.degironde/Public/tello-ros2/workspace/install/tello_control
[0.785s] Invoking command in '/home/alix.degironde/Public/tello-ros2/workspace/build/tello_control': CMAKE_PREFIX_PATH=${CMAKE_PREFIX_PATH}:/opt/ros/jazzy DEBUGINFOD_URLS=https://debuginfod.ubuntu.com HISTTIMEFORMAT=%F %T PS1=(ven_IROS) \[\e]0;\u@\h: \w\a\]${debian_chroot:+($debian_chroot)}\[\033[01;32m\]\u@\h\[\033[00m\]:\[\033[01;34m\]\w\[\033[00m\]\$ VIRTUAL_ENV_PROMPT=(ven_IROS) /usr/bin/cmake --build /home/alix.degironde/Public/tello-ros2/workspace/build/tello_control -- -j4 -l4
[0.862s] [100%] Built target tello_control
[0.876s] Invoked command in '/home/alix.degironde/Public/tello-ros2/workspace/build/tello_control' returned '0': CMAKE_PREFIX_PATH=${CMAKE_PREFIX_PATH}:/opt/ros/jazzy DEBUGINFOD_URLS=https://debuginfod.ubuntu.com HISTTIMEFORMAT=%F %T PS1=(ven_IROS) \[\e]0;\u@\h: \w\a\]${debian_chroot:+($debian_chroot)}\[\033[01;32m\]\u@\h\[\033[00m\]:\[\033[01;34m\]\w\[\033[00m\]\$ VIRTUAL_ENV_PROMPT=(ven_IROS) /usr/bin/cmake --build /home/alix.degironde/Public/tello-ros2/workspace/build/tello_control -- -j4 -l4
[0.889s] Invoking command in '/home/alix.degironde/Public/tello-ros2/workspace/build/tello_control': CMAKE_PREFIX_PATH=${CMAKE_PREFIX_PATH}:/opt/ros/jazzy DEBUGINFOD_URLS=https://debuginfod.ubuntu.com HISTTIMEFORMAT=%F %T PS1=(ven_IROS) \[\e]0;\u@\h: \w\a\]${debian_chroot:+($debian_chroot)}\[\033[01;32m\]\u@\h\[\033[00m\]:\[\033[01;34m\]\w\[\033[00m\]\$ VIRTUAL_ENV_PROMPT=(ven_IROS) /usr/bin/cmake --install /home/alix.degironde/Public/tello-ros2/workspace/build/tello_control
[0.899s] -- Install configuration: ""
[0.899s] -- Execute custom install script
[0.900s] -- Up-to-date symlink: /home/alix.degironde/Public/tello-ros2/workspace/install/tello_control/lib/tello_control/tello_control
[0.900s] -- Up-to-date symlink: /home/alix.degironde/Public/tello-ros2/workspace/install/tello_control/share/ament_index/resource_index/package_run_dependencies/tello_control
[0.900s] -- Up-to-date symlink: /home/alix.degironde/Public/tello-ros2/workspace/install/tello_control/share/ament_index/resource_index/parent_prefix_path/tello_control
[0.901s] -- Up-to-date symlink: /home/alix.degironde/Public/tello-ros2/workspace/install/tello_control/share/tello_control/environment/ament_prefix_path.sh
[0.901s] -- Up-to-date symlink: /home/alix.degironde/Public/tello-ros2/workspace/install/tello_control/share/tello_control/environment/ament_prefix_path.dsv
[0.901s] -- Up-to-date symlink: /home/alix.degironde/Public/tello-ros2/workspace/install/tello_control/share/tello_control/environment/path.sh
[0.901s] -- Up-to-date symlink: /home/alix.degironde/Public/tello-ros2/workspace/install/tello_control/share/tello_control/environment/path.dsv
[0.901s] -- Up-to-date symlink: /home/alix.degironde/Public/tello-ros2/workspace/install/tello_control/share/tello_control/local_setup.bash
[0.902s] -- Up-to-date symlink: /home/alix.degironde/Public/tello-ros2/workspace/install/tello_control/share/tello_control/local_setup.sh
[0.902s] -- Up-to-date symlink: /home/alix.degironde/Public/tello-ros2/workspace/install/tello_control/share/tello_control/local_setup.zsh
[0.902s] -- Up-to-date symlink: /home/alix.degironde/Public/tello-ros2/workspace/install/tello_control/share/tello_control/local_setup.dsv
[0.902s] -- Symlinking: /home/alix.degironde/Public/tello-ros2/workspace/install/tello_control/share/tello_control/package.dsv
[0.914s] -- Up-to-date symlink: /home/alix.degironde/Public/tello-ros2/workspace/install/tello_control/share/ament_index/resource_index/packages/tello_control
[0.915s] -- Up-to-date symlink: /home/alix.degironde/Public/tello-ros2/workspace/install/tello_control/share/tello_control/cmake/tello_controlConfig.cmake
[0.915s] -- Up-to-date symlink: /home/alix.degironde/Public/tello-ros2/workspace/install/tello_control/share/tello_control/cmake/tello_controlConfig-version.cmake
[0.915s] -- Up-to-date symlink: /home/alix.degironde/Public/tello-ros2/workspace/install/tello_control/share/tello_control/package.xml
[0.917s] Invoked command in '/home/alix.degironde/Public/tello-ros2/workspace/build/tello_control' returned '0': CMAKE_PREFIX_PATH=${CMAKE_PREFIX_PATH}:/opt/ros/jazzy DEBUGINFOD_URLS=https://debuginfod.ubuntu.com HISTTIMEFORMAT=%F %T PS1=(ven_IROS) \[\e]0;\u@\h: \w\a\]${debian_chroot:+($debian_chroot)}\[\033[01;32m\]\u@\h\[\033[00m\]:\[\033[01;34m\]\w\[\033[00m\]\$ VIRTUAL_ENV_PROMPT=(ven_IROS) /usr/bin/cmake --install /home/alix.degironde/Public/tello-ros2/workspace/build/tello_control
