[0.020s] Invoking command in '/home/alix.degironde/Public/tello-ros2/workspace/build/tello_msg': CMAKE_PREFIX_PATH=${CMAKE_PREFIX_PATH}:/home/alix.degironde/Public/tello-ros2/workspace/install/controller:/opt/ros/jazzy DEBUGINFOD_URLS=https://debuginfod.ubuntu.com HISTTIMEFORMAT=%F %T PS1=(ven_IROS) \[\e]0;\u@\h: \w\a\]${debian_chroot:+($debian_chroot)}\[\033[01;32m\]\u@\h\[\033[00m\]:\[\033[01;34m\]\w\[\033[00m\]\$ VIRTUAL_ENV_PROMPT=(ven_IROS) /usr/bin/cmake /home/alix.degironde/Public/tello-ros2/workspace/src/tello_msg -DCMAKE_INSTALL_PREFIX=/home/alix.degironde/Public/tello-ros2/workspace/install/tello_msg
[0.044s] -- Found ament_cmake: 2.5.4 (/opt/ros/jazzy/share/ament_cmake/cmake)
[0.067s] -- Found Python3: /home/alix.degironde/Public/ven_IROS/bin/python3 (found version "3.12.3") found components: Interpreter 
[0.166s] -- Override CMake install command with custom implementation using symlinks instead of copying resources
[0.176s] -- Found rosidl_default_generators: 1.6.0 (/opt/ros/jazzy/share/rosidl_default_generators/cmake)
[0.180s] -- Using all available rosidl_typesupport_c: rosidl_typesupport_fastrtps_c;rosidl_typesupport_introspection_c
[0.236s] -- Using all available rosidl_typesupport_cpp: rosidl_typesupport_fastrtps_cpp;rosidl_typesupport_introspection_cpp
[0.277s] -- Found rosidl_adapter: 4.6.6 (/opt/ros/jazzy/share/rosidl_adapter/cmake)
[0.279s] -- Found std_msgs: 5.3.6 (/opt/ros/jazzy/share/std_msgs/cmake)
[0.319s] -- Found geometry_msgs: 5.3.6 (/opt/ros/jazzy/share/geometry_msgs/cmake)
[0.339s] -- Found action_msgs: 2.0.3 (/opt/ros/jazzy/share/action_msgs/cmake)
[0.924s] -- Found ament_cmake_cppcheck: 0.17.3 (/opt/ros/jazzy/share/ament_cmake_cppcheck/cmake)
[0.925s] -- Found ament_cmake_cpplint: 0.17.3 (/opt/ros/jazzy/share/ament_cmake_cpplint/cmake)
[0.926s] -- Found ament_cmake_uncrustify: 0.17.3 (/opt/ros/jazzy/share/ament_cmake_uncrustify/cmake)
[0.928s] -- Found ament_cmake_ros: 0.12.0 (/opt/ros/jazzy/share/ament_cmake_ros/cmake)
[1.181s] -- Using all available rosidl_typesupport_c: rosidl_typesupport_fastrtps_c;rosidl_typesupport_introspection_c
[1.543s] -- Using all available rosidl_typesupport_cpp: rosidl_typesupport_fastrtps_cpp;rosidl_typesupport_introspection_cpp
[1.547s] -- Found python_cmake_module: 0.11.1 (/opt/ros/jazzy/share/python_cmake_module/cmake)
[1.858s] -- Found Python3: /home/alix.degironde/Public/ven_IROS/bin/python3 (found version "3.12.3") found components: Interpreter Development NumPy Development.Module Development.Embed 
[1.924s] -- Found ament_cmake_flake8: 0.17.3 (/opt/ros/jazzy/share/ament_cmake_flake8/cmake)
[1.925s] -- Found ament_cmake_pep257: 0.17.3 (/opt/ros/jazzy/share/ament_cmake_pep257/cmake)
[1.939s] -- Configuring done (1.9s)
[2.006s] -- Generating done (0.1s)
[2.024s] -- Build files have been written to: /home/alix.degironde/Public/tello-ros2/workspace/build/tello_msg
[2.036s] Invoked command in '/home/alix.degironde/Public/tello-ros2/workspace/build/tello_msg' returned '0': CMAKE_PREFIX_PATH=${CMAKE_PREFIX_PATH}:/home/alix.degironde/Public/tello-ros2/workspace/install/controller:/opt/ros/jazzy DEBUGINFOD_URLS=https://debuginfod.ubuntu.com HISTTIMEFORMAT=%F %T PS1=(ven_IROS) \[\e]0;\u@\h: \w\a\]${debian_chroot:+($debian_chroot)}\[\033[01;32m\]\u@\h\[\033[00m\]:\[\033[01;34m\]\w\[\033[00m\]\$ VIRTUAL_ENV_PROMPT=(ven_IROS) /usr/bin/cmake /home/alix.degironde/Public/tello-ros2/workspace/src/tello_msg -DCMAKE_INSTALL_PREFIX=/home/alix.degironde/Public/tello-ros2/workspace/install/tello_msg
[2.038s] Invoking command in '/home/alix.degironde/Public/tello-ros2/workspace/build/tello_msg': CMAKE_PREFIX_PATH=${CMAKE_PREFIX_PATH}:/home/alix.degironde/Public/tello-ros2/workspace/install/controller:/opt/ros/jazzy DEBUGINFOD_URLS=https://debuginfod.ubuntu.com HISTTIMEFORMAT=%F %T PS1=(ven_IROS) \[\e]0;\u@\h: \w\a\]${debian_chroot:+($debian_chroot)}\[\033[01;32m\]\u@\h\[\033[00m\]:\[\033[01;34m\]\w\[\033[00m\]\$ VIRTUAL_ENV_PROMPT=(ven_IROS) /usr/bin/cmake --build /home/alix.degironde/Public/tello-ros2/workspace/build/tello_msg -- -j4 -l4
[2.108s] [  1%] Built target tello_msg__rosidl_generator_type_description
[2.121s] [  1%] Built target ament_cmake_python_symlink_tello_msg
[2.136s] [  2%] Built target tello_msg__cpp
[2.146s] [ 26%] Built target tello_msg__rosidl_generator_c
[2.191s] [ 35%] Built target tello_msg__rosidl_typesupport_cpp
[2.194s] [ 45%] Built target tello_msg__rosidl_typesupport_introspection_c
[2.199s] [ 54%] Built target tello_msg__rosidl_typesupport_fastrtps_c
[2.222s] [ 64%] Built target tello_msg__rosidl_typesupport_c
[2.238s] [ 73%] Built target tello_msg__rosidl_typesupport_fastrtps_cpp
[2.249s] [ 83%] Built target tello_msg__rosidl_typesupport_introspection_cpp
[2.276s] [ 83%] Built target tello_msg
[2.306s] [ 84%] Built target tello_msg__py
[2.343s] [ 92%] Built target tello_msg__rosidl_generator_py
[2.376s] [ 95%] Built target tello_msg_s__rosidl_typesupport_c
[2.387s] [100%] Built target tello_msg_s__rosidl_typesupport_introspection_c
[2.388s] [100%] Built target tello_msg_s__rosidl_typesupport_fastrtps_c
[2.405s] running egg_info
[2.426s] writing tello_msg.egg-info/PKG-INFO
[2.427s] writing dependency_links to tello_msg.egg-info/dependency_links.txt
[2.427s] writing top-level names to tello_msg.egg-info/top_level.txt
[2.489s] reading manifest file 'tello_msg.egg-info/SOURCES.txt'
[2.490s] writing manifest file 'tello_msg.egg-info/SOURCES.txt'
[2.539s] [100%] Built target ament_cmake_python_build_tello_msg_egg
[2.556s] Invoked command in '/home/alix.degironde/Public/tello-ros2/workspace/build/tello_msg' returned '0': CMAKE_PREFIX_PATH=${CMAKE_PREFIX_PATH}:/home/alix.degironde/Public/tello-ros2/workspace/install/controller:/opt/ros/jazzy DEBUGINFOD_URLS=https://debuginfod.ubuntu.com HISTTIMEFORMAT=%F %T PS1=(ven_IROS) \[\e]0;\u@\h: \w\a\]${debian_chroot:+($debian_chroot)}\[\033[01;32m\]\u@\h\[\033[00m\]:\[\033[01;34m\]\w\[\033[00m\]\$ VIRTUAL_ENV_PROMPT=(ven_IROS) /usr/bin/cmake --build /home/alix.degironde/Public/tello-ros2/workspace/build/tello_msg -- -j4 -l4
[2.557s] Invoking command in '/home/alix.degironde/Public/tello-ros2/workspace/build/tello_msg': CMAKE_PREFIX_PATH=${CMAKE_PREFIX_PATH}:/home/alix.degironde/Public/tello-ros2/workspace/install/controller:/opt/ros/jazzy DEBUGINFOD_URLS=https://debuginfod.ubuntu.com HISTTIMEFORMAT=%F %T PS1=(ven_IROS) \[\e]0;\u@\h: \w\a\]${debian_chroot:+($debian_chroot)}\[\033[01;32m\]\u@\h\[\033[00m\]:\[\033[01;34m\]\w\[\033[00m\]\$ VIRTUAL_ENV_PROMPT=(ven_IROS) /usr/bin/cmake --install /home/alix.degironde/Public/tello-ros2/workspace/build/tello_msg
[2.571s] -- Install configuration: ""
[2.572s] -- Execute custom install script
[2.572s] -- Up-to-date symlink: /home/alix.degironde/Public/tello-ros2/workspace/install/tello_msg/share/ament_index/resource_index/rosidl_interfaces/tello_msg
[2.572s] -- Up-to-date symlink: /home/alix.degironde/Public/tello-ros2/workspace/install/tello_msg/share/tello_msg/msg/TelloStatus.json
[2.572s] -- Up-to-date symlink: /home/alix.degironde/Public/tello-ros2/workspace/install/tello_msg/share/tello_msg/msg/TelloID.json
[2.572s] -- Up-to-date symlink: /home/alix.degironde/Public/tello-ros2/workspace/install/tello_msg/share/tello_msg/msg/TelloWifiConfig.json
[2.572s] -- Up-to-date symlink: /home/alix.degironde/Public/tello-ros2/workspace/install/tello_msg/share/tello_msg/srv/DroneMode.json
[2.572s] -- Up-to-date symlink: /home/alix.degironde/Public/tello-ros2/workspace/install/tello_msg/share/tello_msg/srv/Surveillance.json
[2.573s] -- Up-to-date symlink: /home/alix.degironde/Public/tello-ros2/workspace/install/tello_msg/share/tello_msg/action/Spielberg.json
[2.574s] -- Up-to-date symlink: /home/alix.degironde/Public/tello-ros2/workspace/install/tello_msg/include/tello_msg/tello_msg/action/detail/spielberg__functions.h
[2.576s] -- Up-to-date symlink: /home/alix.degironde/Public/tello-ros2/workspace/install/tello_msg/include/tello_msg/tello_msg/action/detail/spielberg__struct.h
[2.576s] -- Up-to-date symlink: /home/alix.degironde/Public/tello-ros2/workspace/install/tello_msg/include/tello_msg/tello_msg/action/detail/spielberg__type_support.h
[2.577s] -- Up-to-date symlink: /home/alix.degironde/Public/tello-ros2/workspace/install/tello_msg/include/tello_msg/tello_msg/action/spielberg.h
[2.577s] -- Up-to-date symlink: /home/alix.degironde/Public/tello-ros2/workspace/install/tello_msg/include/tello_msg/tello_msg/msg/detail/tello_id__functions.h
[2.577s] -- Up-to-date symlink: /home/alix.degironde/Public/tello-ros2/workspace/install/tello_msg/include/tello_msg/tello_msg/msg/detail/tello_id__struct.h
[2.577s] -- Up-to-date symlink: /home/alix.degironde/Public/tello-ros2/workspace/install/tello_msg/include/tello_msg/tello_msg/msg/detail/tello_id__type_support.h
[2.577s] -- Up-to-date symlink: /home/alix.degironde/Public/tello-ros2/workspace/install/tello_msg/include/tello_msg/tello_msg/msg/detail/tello_status__functions.h
[2.577s] -- Up-to-date symlink: /home/alix.degironde/Public/tello-ros2/workspace/install/tello_msg/include/tello_msg/tello_msg/msg/detail/tello_status__struct.h
[2.577s] -- Up-to-date symlink: /home/alix.degironde/Public/tello-ros2/workspace/install/tello_msg/include/tello_msg/tello_msg/msg/detail/tello_status__type_support.h
[2.578s] -- Up-to-date symlink: /home/alix.degironde/Public/tello-ros2/workspace/install/tello_msg/include/tello_msg/tello_msg/msg/detail/tello_wifi_config__functions.h
[2.578s] -- Up-to-date symlink: /home/alix.degironde/Public/tello-ros2/workspace/install/tello_msg/include/tello_msg/tello_msg/msg/detail/tello_wifi_config__struct.h
[2.578s] -- Up-to-date symlink: /home/alix.degironde/Public/tello-ros2/workspace/install/tello_msg/include/tello_msg/tello_msg/msg/detail/tello_wifi_config__type_support.h
[2.579s] -- Up-to-date symlink: /home/alix.degironde/Public/tello-ros2/workspace/install/tello_msg/include/tello_msg/tello_msg/msg/rosidl_generator_c__visibility_control.h
[2.579s] -- Up-to-date symlink: /home/alix.degironde/Public/tello-ros2/workspace/install/tello_msg/include/tello_msg/tello_msg/msg/tello_id.h
[2.579s] -- Up-to-date symlink: /home/alix.degironde/Public/tello-ros2/workspace/install/tello_msg/include/tello_msg/tello_msg/msg/tello_status.h
[2.579s] -- Up-to-date symlink: /home/alix.degironde/Public/tello-ros2/workspace/install/tello_msg/include/tello_msg/tello_msg/msg/tello_wifi_config.h
[2.579s] -- Up-to-date symlink: /home/alix.degironde/Public/tello-ros2/workspace/install/tello_msg/include/tello_msg/tello_msg/srv/detail/drone_mode__functions.h
[2.579s] -- Up-to-date symlink: /home/alix.degironde/Public/tello-ros2/workspace/install/tello_msg/include/tello_msg/tello_msg/srv/detail/drone_mode__struct.h
[2.580s] -- Up-to-date symlink: /home/alix.degironde/Public/tello-ros2/workspace/install/tello_msg/include/tello_msg/tello_msg/srv/detail/drone_mode__type_support.h
[2.580s] -- Up-to-date symlink: /home/alix.degironde/Public/tello-ros2/workspace/install/tello_msg/include/tello_msg/tello_msg/srv/detail/surveillance__functions.h
[2.580s] -- Up-to-date symlink: /home/alix.degironde/Public/tello-ros2/workspace/install/tello_msg/include/tello_msg/tello_msg/srv/detail/surveillance__struct.h
[2.580s] -- Up-to-date symlink: /home/alix.degironde/Public/tello-ros2/workspace/install/tello_msg/include/tello_msg/tello_msg/srv/detail/surveillance__type_support.h
[2.580s] -- Up-to-date symlink: /home/alix.degironde/Public/tello-ros2/workspace/install/tello_msg/include/tello_msg/tello_msg/srv/drone_mode.h
[2.580s] -- Up-to-date symlink: /home/alix.degironde/Public/tello-ros2/workspace/install/tello_msg/include/tello_msg/tello_msg/srv/surveillance.h
[2.581s] -- Up-to-date symlink: /home/alix.degironde/Public/tello-ros2/workspace/install/tello_msg/share/tello_msg/environment/library_path.sh
[2.581s] -- Up-to-date symlink: /home/alix.degironde/Public/tello-ros2/workspace/install/tello_msg/share/tello_msg/environment/library_path.dsv
[2.582s] -- Up-to-date symlink: /home/alix.degironde/Public/tello-ros2/workspace/install/tello_msg/include/tello_msg/tello_msg/action/detail/spielberg__rosidl_typesupport_fastrtps_c.h
[2.582s] -- Up-to-date symlink: /home/alix.degironde/Public/tello-ros2/workspace/install/tello_msg/include/tello_msg/tello_msg/msg/detail/tello_id__rosidl_typesupport_fastrtps_c.h
[2.582s] -- Up-to-date symlink: /home/alix.degironde/Public/tello-ros2/workspace/install/tello_msg/include/tello_msg/tello_msg/msg/detail/tello_status__rosidl_typesupport_fastrtps_c.h
[2.582s] -- Up-to-date symlink: /home/alix.degironde/Public/tello-ros2/workspace/install/tello_msg/include/tello_msg/tello_msg/msg/detail/tello_wifi_config__rosidl_typesupport_fastrtps_c.h
[2.583s] -- Up-to-date symlink: /home/alix.degironde/Public/tello-ros2/workspace/install/tello_msg/include/tello_msg/tello_msg/msg/rosidl_typesupport_fastrtps_c__visibility_control.h
[2.583s] -- Up-to-date symlink: /home/alix.degironde/Public/tello-ros2/workspace/install/tello_msg/include/tello_msg/tello_msg/srv/detail/drone_mode__rosidl_typesupport_fastrtps_c.h
[2.583s] -- Up-to-date symlink: /home/alix.degironde/Public/tello-ros2/workspace/install/tello_msg/include/tello_msg/tello_msg/srv/detail/surveillance__rosidl_typesupport_fastrtps_c.h
[2.583s] -- Up-to-date symlink: /home/alix.degironde/Public/tello-ros2/workspace/install/tello_msg/include/tello_msg/tello_msg/action/detail/spielberg__rosidl_typesupport_introspection_c.h
[2.589s] -- Up-to-date symlink: /home/alix.degironde/Public/tello-ros2/workspace/install/tello_msg/include/tello_msg/tello_msg/msg/detail/tello_id__rosidl_typesupport_introspection_c.h
[2.590s] -- Up-to-date symlink: /home/alix.degironde/Public/tello-ros2/workspace/install/tello_msg/include/tello_msg/tello_msg/msg/detail/tello_status__rosidl_typesupport_introspection_c.h
[2.590s] -- Up-to-date symlink: /home/alix.degironde/Public/tello-ros2/workspace/install/tello_msg/include/tello_msg/tello_msg/msg/detail/tello_wifi_config__rosidl_typesupport_introspection_c.h
[2.590s] -- Up-to-date symlink: /home/alix.degironde/Public/tello-ros2/workspace/install/tello_msg/include/tello_msg/tello_msg/msg/rosidl_typesupport_introspection_c__visibility_control.h
[2.590s] -- Up-to-date symlink: /home/alix.degironde/Public/tello-ros2/workspace/install/tello_msg/include/tello_msg/tello_msg/srv/detail/drone_mode__rosidl_typesupport_introspection_c.h
[2.590s] -- Up-to-date symlink: /home/alix.degironde/Public/tello-ros2/workspace/install/tello_msg/include/tello_msg/tello_msg/srv/detail/surveillance__rosidl_typesupport_introspection_c.h
[2.590s] -- Up-to-date symlink: /home/alix.degironde/Public/tello-ros2/workspace/install/tello_msg/include/tello_msg/tello_msg/action/detail/spielberg__builder.hpp
[2.590s] -- Up-to-date symlink: /home/alix.degironde/Public/tello-ros2/workspace/install/tello_msg/include/tello_msg/tello_msg/action/detail/spielberg__struct.hpp
[2.590s] -- Up-to-date symlink: /home/alix.degironde/Public/tello-ros2/workspace/install/tello_msg/include/tello_msg/tello_msg/action/detail/spielberg__traits.hpp
[2.591s] -- Up-to-date symlink: /home/alix.degironde/Public/tello-ros2/workspace/install/tello_msg/include/tello_msg/tello_msg/action/detail/spielberg__type_support.hpp
[2.591s] -- Up-to-date symlink: /home/alix.degironde/Public/tello-ros2/workspace/install/tello_msg/include/tello_msg/tello_msg/action/spielberg.hpp
[2.591s] -- Up-to-date symlink: /home/alix.degironde/Public/tello-ros2/workspace/install/tello_msg/include/tello_msg/tello_msg/msg/detail/tello_id__builder.hpp
[2.591s] -- Up-to-date symlink: /home/alix.degironde/Public/tello-ros2/workspace/install/tello_msg/include/tello_msg/tello_msg/msg/detail/tello_id__struct.hpp
[2.591s] -- Up-to-date symlink: /home/alix.degironde/Public/tello-ros2/workspace/install/tello_msg/include/tello_msg/tello_msg/msg/detail/tello_id__traits.hpp
[2.591s] -- Up-to-date symlink: /home/alix.degironde/Public/tello-ros2/workspace/install/tello_msg/include/tello_msg/tello_msg/msg/detail/tello_id__type_support.hpp
[2.591s] -- Up-to-date symlink: /home/alix.degironde/Public/tello-ros2/workspace/install/tello_msg/include/tello_msg/tello_msg/msg/detail/tello_status__builder.hpp
[2.591s] -- Up-to-date symlink: /home/alix.degironde/Public/tello-ros2/workspace/install/tello_msg/include/tello_msg/tello_msg/msg/detail/tello_status__struct.hpp
[2.591s] -- Up-to-date symlink: /home/alix.degironde/Public/tello-ros2/workspace/install/tello_msg/include/tello_msg/tello_msg/msg/detail/tello_status__traits.hpp
[2.592s] -- Up-to-date symlink: /home/alix.degironde/Public/tello-ros2/workspace/install/tello_msg/include/tello_msg/tello_msg/msg/detail/tello_status__type_support.hpp
[2.592s] -- Up-to-date symlink: /home/alix.degironde/Public/tello-ros2/workspace/install/tello_msg/include/tello_msg/tello_msg/msg/detail/tello_wifi_config__builder.hpp
[2.592s] -- Up-to-date symlink: /home/alix.degironde/Public/tello-ros2/workspace/install/tello_msg/include/tello_msg/tello_msg/msg/detail/tello_wifi_config__struct.hpp
[2.592s] -- Up-to-date symlink: /home/alix.degironde/Public/tello-ros2/workspace/install/tello_msg/include/tello_msg/tello_msg/msg/detail/tello_wifi_config__traits.hpp
[2.592s] -- Up-to-date symlink: /home/alix.degironde/Public/tello-ros2/workspace/install/tello_msg/include/tello_msg/tello_msg/msg/detail/tello_wifi_config__type_support.hpp
[2.592s] -- Up-to-date symlink: /home/alix.degironde/Public/tello-ros2/workspace/install/tello_msg/include/tello_msg/tello_msg/msg/rosidl_generator_cpp__visibility_control.hpp
[2.592s] -- Up-to-date symlink: /home/alix.degironde/Public/tello-ros2/workspace/install/tello_msg/include/tello_msg/tello_msg/msg/tello_id.hpp
[2.592s] -- Up-to-date symlink: /home/alix.degironde/Public/tello-ros2/workspace/install/tello_msg/include/tello_msg/tello_msg/msg/tello_status.hpp
[2.593s] -- Up-to-date symlink: /home/alix.degironde/Public/tello-ros2/workspace/install/tello_msg/include/tello_msg/tello_msg/msg/tello_wifi_config.hpp
[2.593s] -- Up-to-date symlink: /home/alix.degironde/Public/tello-ros2/workspace/install/tello_msg/include/tello_msg/tello_msg/srv/detail/drone_mode__builder.hpp
[2.593s] -- Up-to-date symlink: /home/alix.degironde/Public/tello-ros2/workspace/install/tello_msg/include/tello_msg/tello_msg/srv/detail/drone_mode__struct.hpp
[2.593s] -- Up-to-date symlink: /home/alix.degironde/Public/tello-ros2/workspace/install/tello_msg/include/tello_msg/tello_msg/srv/detail/drone_mode__traits.hpp
[2.593s] -- Up-to-date symlink: /home/alix.degironde/Public/tello-ros2/workspace/install/tello_msg/include/tello_msg/tello_msg/srv/detail/drone_mode__type_support.hpp
[2.593s] -- Up-to-date symlink: /home/alix.degironde/Public/tello-ros2/workspace/install/tello_msg/include/tello_msg/tello_msg/srv/detail/surveillance__builder.hpp
[2.593s] -- Up-to-date symlink: /home/alix.degironde/Public/tello-ros2/workspace/install/tello_msg/include/tello_msg/tello_msg/srv/detail/surveillance__struct.hpp
[2.593s] -- Up-to-date symlink: /home/alix.degironde/Public/tello-ros2/workspace/install/tello_msg/include/tello_msg/tello_msg/srv/detail/surveillance__traits.hpp
[2.593s] -- Up-to-date symlink: /home/alix.degironde/Public/tello-ros2/workspace/install/tello_msg/include/tello_msg/tello_msg/srv/detail/surveillance__type_support.hpp
[2.594s] -- Up-to-date symlink: /home/alix.degironde/Public/tello-ros2/workspace/install/tello_msg/include/tello_msg/tello_msg/srv/drone_mode.hpp
[2.594s] -- Up-to-date symlink: /home/alix.degironde/Public/tello-ros2/workspace/install/tello_msg/include/tello_msg/tello_msg/srv/surveillance.hpp
[2.594s] -- Up-to-date symlink: /home/alix.degironde/Public/tello-ros2/workspace/install/tello_msg/include/tello_msg/tello_msg/action/detail/spielberg__rosidl_typesupport_fastrtps_cpp.hpp
[2.594s] -- Up-to-date symlink: /home/alix.degironde/Public/tello-ros2/workspace/install/tello_msg/include/tello_msg/tello_msg/msg/detail/tello_id__rosidl_typesupport_fastrtps_cpp.hpp
[2.594s] -- Up-to-date symlink: /home/alix.degironde/Public/tello-ros2/workspace/install/tello_msg/include/tello_msg/tello_msg/msg/detail/tello_status__rosidl_typesupport_fastrtps_cpp.hpp
[2.594s] -- Up-to-date symlink: /home/alix.degironde/Public/tello-ros2/workspace/install/tello_msg/include/tello_msg/tello_msg/msg/detail/tello_wifi_config__rosidl_typesupport_fastrtps_cpp.hpp
[2.594s] -- Up-to-date symlink: /home/alix.degironde/Public/tello-ros2/workspace/install/tello_msg/include/tello_msg/tello_msg/msg/rosidl_typesupport_fastrtps_cpp__visibility_control.h
[2.594s] -- Up-to-date symlink: /home/alix.degironde/Public/tello-ros2/workspace/install/tello_msg/include/tello_msg/tello_msg/srv/detail/drone_mode__rosidl_typesupport_fastrtps_cpp.hpp
[2.595s] -- Up-to-date symlink: /home/alix.degironde/Public/tello-ros2/workspace/install/tello_msg/include/tello_msg/tello_msg/srv/detail/surveillance__rosidl_typesupport_fastrtps_cpp.hpp
[2.595s] -- Up-to-date symlink: /home/alix.degironde/Public/tello-ros2/workspace/install/tello_msg/include/tello_msg/tello_msg/action/detail/spielberg__rosidl_typesupport_introspection_cpp.hpp
[2.595s] -- Up-to-date symlink: /home/alix.degironde/Public/tello-ros2/workspace/install/tello_msg/include/tello_msg/tello_msg/msg/detail/tello_id__rosidl_typesupport_introspection_cpp.hpp
[2.595s] -- Up-to-date symlink: /home/alix.degironde/Public/tello-ros2/workspace/install/tello_msg/include/tello_msg/tello_msg/msg/detail/tello_status__rosidl_typesupport_introspection_cpp.hpp
[2.595s] -- Up-to-date symlink: /home/alix.degironde/Public/tello-ros2/workspace/install/tello_msg/include/tello_msg/tello_msg/msg/detail/tello_wifi_config__rosidl_typesupport_introspection_cpp.hpp
[2.595s] -- Up-to-date symlink: /home/alix.degironde/Public/tello-ros2/workspace/install/tello_msg/include/tello_msg/tello_msg/srv/detail/drone_mode__rosidl_typesupport_introspection_cpp.hpp
[2.595s] -- Up-to-date symlink: /home/alix.degironde/Public/tello-ros2/workspace/install/tello_msg/include/tello_msg/tello_msg/srv/detail/surveillance__rosidl_typesupport_introspection_cpp.hpp
[2.595s] -- Up-to-date symlink: /home/alix.degironde/Public/tello-ros2/workspace/install/tello_msg/share/tello_msg/environment/pythonpath.sh
[2.596s] -- Up-to-date symlink: /home/alix.degironde/Public/tello-ros2/workspace/install/tello_msg/share/tello_msg/environment/pythonpath.dsv
[2.596s] -- Up-to-date symlink: /home/alix.degironde/Public/tello-ros2/workspace/install/tello_msg/lib/python3.12/site-packages/tello_msg-0.0.1-py3.12.egg-info/PKG-INFO
[2.596s] -- Up-to-date symlink: /home/alix.degironde/Public/tello-ros2/workspace/install/tello_msg/lib/python3.12/site-packages/tello_msg-0.0.1-py3.12.egg-info/SOURCES.txt
[2.596s] -- Up-to-date symlink: /home/alix.degironde/Public/tello-ros2/workspace/install/tello_msg/lib/python3.12/site-packages/tello_msg-0.0.1-py3.12.egg-info/dependency_links.txt
[2.596s] -- Up-to-date symlink: /home/alix.degironde/Public/tello-ros2/workspace/install/tello_msg/lib/python3.12/site-packages/tello_msg-0.0.1-py3.12.egg-info/top_level.txt
[2.596s] -- Up-to-date symlink: /home/alix.degironde/Public/tello-ros2/workspace/install/tello_msg/lib/python3.12/site-packages/tello_msg/__init__.py
[2.596s] -- Up-to-date symlink: /home/alix.degironde/Public/tello-ros2/workspace/install/tello_msg/lib/python3.12/site-packages/tello_msg/_tello_msg_s.ep.rosidl_typesupport_c.c
[2.597s] -- Up-to-date symlink: /home/alix.degironde/Public/tello-ros2/workspace/install/tello_msg/lib/python3.12/site-packages/tello_msg/_tello_msg_s.ep.rosidl_typesupport_fastrtps_c.c
[2.597s] -- Up-to-date symlink: /home/alix.degironde/Public/tello-ros2/workspace/install/tello_msg/lib/python3.12/site-packages/tello_msg/_tello_msg_s.ep.rosidl_typesupport_introspection_c.c
[2.597s] -- Up-to-date symlink: /home/alix.degironde/Public/tello-ros2/workspace/install/tello_msg/lib/python3.12/site-packages/tello_msg/action/__init__.py
[2.597s] -- Up-to-date symlink: /home/alix.degironde/Public/tello-ros2/workspace/install/tello_msg/lib/python3.12/site-packages/tello_msg/action/_spielberg.py
[2.597s] -- Up-to-date symlink: /home/alix.degironde/Public/tello-ros2/workspace/install/tello_msg/lib/python3.12/site-packages/tello_msg/action/_spielberg_s.c
[2.597s] -- Up-to-date symlink: /home/alix.degironde/Public/tello-ros2/workspace/install/tello_msg/lib/python3.12/site-packages/tello_msg/msg/__init__.py
[2.598s] -- Up-to-date symlink: /home/alix.degironde/Public/tello-ros2/workspace/install/tello_msg/lib/python3.12/site-packages/tello_msg/msg/_tello_id.py
[2.598s] -- Up-to-date symlink: /home/alix.degironde/Public/tello-ros2/workspace/install/tello_msg/lib/python3.12/site-packages/tello_msg/msg/_tello_id_s.c
[2.598s] -- Up-to-date symlink: /home/alix.degironde/Public/tello-ros2/workspace/install/tello_msg/lib/python3.12/site-packages/tello_msg/msg/_tello_status.py
[2.598s] -- Up-to-date symlink: /home/alix.degironde/Public/tello-ros2/workspace/install/tello_msg/lib/python3.12/site-packages/tello_msg/msg/_tello_status_s.c
[2.598s] -- Up-to-date symlink: /home/alix.degironde/Public/tello-ros2/workspace/install/tello_msg/lib/python3.12/site-packages/tello_msg/msg/_tello_wifi_config.py
[2.598s] -- Up-to-date symlink: /home/alix.degironde/Public/tello-ros2/workspace/install/tello_msg/lib/python3.12/site-packages/tello_msg/msg/_tello_wifi_config_s.c
[2.599s] -- Up-to-date symlink: /home/alix.degironde/Public/tello-ros2/workspace/install/tello_msg/lib/python3.12/site-packages/tello_msg/srv/__init__.py
[2.599s] -- Up-to-date symlink: /home/alix.degironde/Public/tello-ros2/workspace/install/tello_msg/lib/python3.12/site-packages/tello_msg/srv/_drone_mode.py
[2.599s] -- Up-to-date symlink: /home/alix.degironde/Public/tello-ros2/workspace/install/tello_msg/lib/python3.12/site-packages/tello_msg/srv/_drone_mode_s.c
[2.599s] -- Up-to-date symlink: /home/alix.degironde/Public/tello-ros2/workspace/install/tello_msg/lib/python3.12/site-packages/tello_msg/srv/_surveillance.py
[2.599s] -- Up-to-date symlink: /home/alix.degironde/Public/tello-ros2/workspace/install/tello_msg/lib/python3.12/site-packages/tello_msg/srv/_surveillance_s.c
[2.599s] -- Up-to-date symlink: /home/alix.degironde/Public/tello-ros2/workspace/install/tello_msg/lib/python3.12/site-packages/tello_msg/tello_msg_s__rosidl_typesupport_c.so
[2.600s] -- Up-to-date symlink: /home/alix.degironde/Public/tello-ros2/workspace/install/tello_msg/lib/python3.12/site-packages/tello_msg/tello_msg_s__rosidl_typesupport_fastrtps_c.so
[2.600s] -- Up-to-date symlink: /home/alix.degironde/Public/tello-ros2/workspace/install/tello_msg/lib/python3.12/site-packages/tello_msg/tello_msg_s__rosidl_typesupport_introspection_c.so
[2.600s] -- Up-to-date symlink: /home/alix.degironde/Public/tello-ros2/workspace/install/tello_msg/lib/python3.12/site-packages/tello_msg/tello_msg_s__rosidl_typesupport_fastrtps_c.so
[2.600s] -- Up-to-date symlink: /home/alix.degironde/Public/tello-ros2/workspace/install/tello_msg/lib/python3.12/site-packages/tello_msg/tello_msg_s__rosidl_typesupport_introspection_c.so
[2.601s] -- Up-to-date symlink: /home/alix.degironde/Public/tello-ros2/workspace/install/tello_msg/lib/python3.12/site-packages/tello_msg/tello_msg_s__rosidl_typesupport_c.so
[2.601s] -- Up-to-date symlink: /home/alix.degironde/Public/tello-ros2/workspace/install/tello_msg/share/tello_msg/msg/TelloStatus.idl
[2.601s] -- Up-to-date symlink: /home/alix.degironde/Public/tello-ros2/workspace/install/tello_msg/share/tello_msg/msg/TelloID.idl
[2.602s] -- Up-to-date symlink: /home/alix.degironde/Public/tello-ros2/workspace/install/tello_msg/share/tello_msg/msg/TelloWifiConfig.idl
[2.602s] -- Up-to-date symlink: /home/alix.degironde/Public/tello-ros2/workspace/install/tello_msg/share/tello_msg/srv/DroneMode.idl
[2.602s] -- Up-to-date symlink: /home/alix.degironde/Public/tello-ros2/workspace/install/tello_msg/share/tello_msg/srv/Surveillance.idl
[2.602s] -- Up-to-date symlink: /home/alix.degironde/Public/tello-ros2/workspace/install/tello_msg/share/tello_msg/action/Spielberg.idl
[2.602s] -- Up-to-date symlink: /home/alix.degironde/Public/tello-ros2/workspace/install/tello_msg/share/tello_msg/msg/TelloStatus.msg
[2.603s] -- Up-to-date symlink: /home/alix.degironde/Public/tello-ros2/workspace/install/tello_msg/share/tello_msg/msg/TelloID.msg
[2.603s] -- Up-to-date symlink: /home/alix.degironde/Public/tello-ros2/workspace/install/tello_msg/share/tello_msg/msg/TelloWifiConfig.msg
[2.603s] -- Up-to-date symlink: /home/alix.degironde/Public/tello-ros2/workspace/install/tello_msg/share/tello_msg/srv/DroneMode.srv
[2.603s] -- Up-to-date symlink: /home/alix.degironde/Public/tello-ros2/workspace/install/tello_msg/share/tello_msg/srv/Surveillance.srv
[2.604s] -- Up-to-date symlink: /home/alix.degironde/Public/tello-ros2/workspace/install/tello_msg/share/tello_msg/action/Spielberg.action
[2.604s] -- Up-to-date symlink: /home/alix.degironde/Public/tello-ros2/workspace/install/tello_msg/share/ament_index/resource_index/package_run_dependencies/tello_msg
[2.604s] -- Up-to-date symlink: /home/alix.degironde/Public/tello-ros2/workspace/install/tello_msg/share/ament_index/resource_index/parent_prefix_path/tello_msg
[2.604s] -- Up-to-date symlink: /home/alix.degironde/Public/tello-ros2/workspace/install/tello_msg/share/tello_msg/environment/ament_prefix_path.sh
[2.605s] -- Up-to-date symlink: /home/alix.degironde/Public/tello-ros2/workspace/install/tello_msg/share/tello_msg/environment/ament_prefix_path.dsv
[2.605s] -- Up-to-date symlink: /home/alix.degironde/Public/tello-ros2/workspace/install/tello_msg/share/tello_msg/environment/path.sh
[2.605s] -- Up-to-date symlink: /home/alix.degironde/Public/tello-ros2/workspace/install/tello_msg/share/tello_msg/environment/path.dsv
[2.605s] -- Up-to-date symlink: /home/alix.degironde/Public/tello-ros2/workspace/install/tello_msg/share/tello_msg/local_setup.bash
[2.605s] -- Up-to-date symlink: /home/alix.degironde/Public/tello-ros2/workspace/install/tello_msg/share/tello_msg/local_setup.sh
[2.606s] -- Up-to-date symlink: /home/alix.degironde/Public/tello-ros2/workspace/install/tello_msg/share/tello_msg/local_setup.zsh
[2.606s] -- Up-to-date symlink: /home/alix.degironde/Public/tello-ros2/workspace/install/tello_msg/share/tello_msg/local_setup.dsv
[2.606s] -- Symlinking: /home/alix.degironde/Public/tello-ros2/workspace/install/tello_msg/share/tello_msg/package.dsv
[2.622s] -- Up-to-date symlink: /home/alix.degironde/Public/tello-ros2/workspace/install/tello_msg/share/ament_index/resource_index/packages/tello_msg
[2.622s] -- Up-to-date symlink: /home/alix.degironde/Public/tello-ros2/workspace/install/tello_msg/share/tello_msg/cmake/rosidl_cmake-extras.cmake
[2.623s] -- Up-to-date symlink: /home/alix.degironde/Public/tello-ros2/workspace/install/tello_msg/share/tello_msg/cmake/ament_cmake_export_dependencies-extras.cmake
[2.623s] -- Up-to-date symlink: /home/alix.degironde/Public/tello-ros2/workspace/install/tello_msg/share/tello_msg/cmake/ament_cmake_export_include_directories-extras.cmake
[2.623s] -- Up-to-date symlink: /home/alix.degironde/Public/tello-ros2/workspace/install/tello_msg/share/tello_msg/cmake/ament_cmake_export_libraries-extras.cmake
[2.623s] -- Up-to-date symlink: /home/alix.degironde/Public/tello-ros2/workspace/install/tello_msg/share/tello_msg/cmake/ament_cmake_export_targets-extras.cmake
[2.623s] -- Up-to-date symlink: /home/alix.degironde/Public/tello-ros2/workspace/install/tello_msg/share/tello_msg/cmake/rosidl_cmake_export_typesupport_targets-extras.cmake
[2.624s] -- Up-to-date symlink: /home/alix.degironde/Public/tello-ros2/workspace/install/tello_msg/share/tello_msg/cmake/rosidl_cmake_export_typesupport_libraries-extras.cmake
[2.624s] -- Up-to-date symlink: /home/alix.degironde/Public/tello-ros2/workspace/install/tello_msg/share/tello_msg/cmake/tello_msgConfig.cmake
[2.624s] -- Up-to-date symlink: /home/alix.degironde/Public/tello-ros2/workspace/install/tello_msg/share/tello_msg/cmake/tello_msgConfig-version.cmake
[2.624s] -- Up-to-date symlink: /home/alix.degironde/Public/tello-ros2/workspace/install/tello_msg/share/tello_msg/package.xml
[2.633s] -- Up-to-date: /home/alix.degironde/Public/tello-ros2/workspace/install/tello_msg/lib/libtello_msg__rosidl_generator_c.so
[2.633s] -- Up-to-date: /home/alix.degironde/Public/tello-ros2/workspace/install/tello_msg/lib/libtello_msg__rosidl_typesupport_fastrtps_c.so
[2.634s] -- Up-to-date: /home/alix.degironde/Public/tello-ros2/workspace/install/tello_msg/lib/libtello_msg__rosidl_typesupport_introspection_c.so
[2.634s] -- Up-to-date: /home/alix.degironde/Public/tello-ros2/workspace/install/tello_msg/lib/libtello_msg__rosidl_typesupport_c.so
[2.635s] -- Up-to-date: /home/alix.degironde/Public/tello-ros2/workspace/install/tello_msg/lib/libtello_msg__rosidl_typesupport_fastrtps_cpp.so
[2.635s] -- Up-to-date: /home/alix.degironde/Public/tello-ros2/workspace/install/tello_msg/lib/libtello_msg__rosidl_typesupport_introspection_cpp.so
[2.635s] -- Up-to-date: /home/alix.degironde/Public/tello-ros2/workspace/install/tello_msg/lib/libtello_msg__rosidl_typesupport_cpp.so
[2.676s] Listing '/home/alix.degironde/Public/tello-ros2/workspace/install/tello_msg/lib/python3.12/site-packages/tello_msg'...
[2.676s] Compiling '/home/alix.degironde/Public/tello-ros2/workspace/install/tello_msg/lib/python3.12/site-packages/tello_msg/__init__.py'...
[2.676s] Listing '/home/alix.degironde/Public/tello-ros2/workspace/install/tello_msg/lib/python3.12/site-packages/tello_msg/action'...
[2.677s] Listing '/home/alix.degironde/Public/tello-ros2/workspace/install/tello_msg/lib/python3.12/site-packages/tello_msg/msg'...
[2.677s] Listing '/home/alix.degironde/Public/tello-ros2/workspace/install/tello_msg/lib/python3.12/site-packages/tello_msg/srv'...
[2.683s] -- Up-to-date: /home/alix.degironde/Public/tello-ros2/workspace/install/tello_msg/lib/libtello_msg__rosidl_generator_py.so
[2.683s] -- Up-to-date: /home/alix.degironde/Public/tello-ros2/workspace/install/tello_msg/share/tello_msg/cmake/export_tello_msg__rosidl_generator_cExport.cmake
[2.683s] -- Up-to-date: /home/alix.degironde/Public/tello-ros2/workspace/install/tello_msg/share/tello_msg/cmake/export_tello_msg__rosidl_generator_cExport-noconfig.cmake
[2.683s] -- Up-to-date: /home/alix.degironde/Public/tello-ros2/workspace/install/tello_msg/share/tello_msg/cmake/export_tello_msg__rosidl_typesupport_fastrtps_cExport.cmake
[2.683s] -- Up-to-date: /home/alix.degironde/Public/tello-ros2/workspace/install/tello_msg/share/tello_msg/cmake/export_tello_msg__rosidl_typesupport_fastrtps_cExport-noconfig.cmake
[2.683s] -- Up-to-date: /home/alix.degironde/Public/tello-ros2/workspace/install/tello_msg/share/tello_msg/cmake/tello_msg__rosidl_typesupport_introspection_cExport.cmake
[2.684s] -- Up-to-date: /home/alix.degironde/Public/tello-ros2/workspace/install/tello_msg/share/tello_msg/cmake/tello_msg__rosidl_typesupport_introspection_cExport-noconfig.cmake
[2.684s] -- Up-to-date: /home/alix.degironde/Public/tello-ros2/workspace/install/tello_msg/share/tello_msg/cmake/tello_msg__rosidl_typesupport_cExport.cmake
[2.684s] -- Up-to-date: /home/alix.degironde/Public/tello-ros2/workspace/install/tello_msg/share/tello_msg/cmake/tello_msg__rosidl_typesupport_cExport-noconfig.cmake
[2.684s] -- Up-to-date: /home/alix.degironde/Public/tello-ros2/workspace/install/tello_msg/share/tello_msg/cmake/export_tello_msg__rosidl_generator_cppExport.cmake
[2.684s] -- Up-to-date: /home/alix.degironde/Public/tello-ros2/workspace/install/tello_msg/share/tello_msg/cmake/export_tello_msg__rosidl_typesupport_fastrtps_cppExport.cmake
[2.684s] -- Up-to-date: /home/alix.degironde/Public/tello-ros2/workspace/install/tello_msg/share/tello_msg/cmake/export_tello_msg__rosidl_typesupport_fastrtps_cppExport-noconfig.cmake
[2.684s] -- Up-to-date: /home/alix.degironde/Public/tello-ros2/workspace/install/tello_msg/share/tello_msg/cmake/tello_msg__rosidl_typesupport_introspection_cppExport.cmake
[2.684s] -- Up-to-date: /home/alix.degironde/Public/tello-ros2/workspace/install/tello_msg/share/tello_msg/cmake/tello_msg__rosidl_typesupport_introspection_cppExport-noconfig.cmake
[2.685s] -- Up-to-date: /home/alix.degironde/Public/tello-ros2/workspace/install/tello_msg/share/tello_msg/cmake/tello_msg__rosidl_typesupport_cppExport.cmake
[2.685s] -- Up-to-date: /home/alix.degironde/Public/tello-ros2/workspace/install/tello_msg/share/tello_msg/cmake/tello_msg__rosidl_typesupport_cppExport-noconfig.cmake
[2.685s] -- Up-to-date: /home/alix.degironde/Public/tello-ros2/workspace/install/tello_msg/share/tello_msg/cmake/export_tello_msg__rosidl_generator_pyExport.cmake
[2.685s] -- Up-to-date: /home/alix.degironde/Public/tello-ros2/workspace/install/tello_msg/share/tello_msg/cmake/export_tello_msg__rosidl_generator_pyExport-noconfig.cmake
[2.687s] Invoked command in '/home/alix.degironde/Public/tello-ros2/workspace/build/tello_msg' returned '0': CMAKE_PREFIX_PATH=${CMAKE_PREFIX_PATH}:/home/alix.degironde/Public/tello-ros2/workspace/install/controller:/opt/ros/jazzy DEBUGINFOD_URLS=https://debuginfod.ubuntu.com HISTTIMEFORMAT=%F %T PS1=(ven_IROS) \[\e]0;\u@\h: \w\a\]${debian_chroot:+($debian_chroot)}\[\033[01;32m\]\u@\h\[\033[00m\]:\[\033[01;34m\]\w\[\033[00m\]\$ VIRTUAL_ENV_PROMPT=(ven_IROS) /usr/bin/cmake --install /home/alix.degironde/Public/tello-ros2/workspace/build/tello_msg
