[0.190s] DEBUG:colcon:Command line arguments: ['/usr/bin/colcon', 'build', '--symlink-install']
[0.190s] DEBUG:colcon:Parsed command line arguments: Namespace(log_base=None, log_level=None, verb_name='build', build_base='build', install_base='install', merge_install=False, symlink_install=True, test_result_base=None, continue_on_error=False, executor='parallel', parallel_workers=4, event_handlers=None, ignore_user_meta=False, metas=['./colcon.meta'], base_paths=['.'], packages_ignore=None, packages_ignore_regex=None, paths=None, packages_up_to=None, packages_up_to_regex=None, packages_above=None, packages_above_and_dependencies=None, packages_above_depth=None, packages_select_by_dep=None, packages_skip_by_dep=None, packages_skip_up_to=None, packages_select_build_failed=False, packages_skip_build_finished=False, packages_select_test_failures=False, packages_skip_test_passed=False, packages_select=None, packages_skip=None, packages_select_regex=None, packages_skip_regex=None, packages_start=None, packages_end=None, allow_overriding=[], cmake_args=None, cmake_target=None, cmake_target_skip_unavailable=False, cmake_clean_cache=False, cmake_clean_first=False, cmake_force_configure=False, ament_cmake_args=None, catkin_cmake_args=None, catkin_skip_building_tests=False, mixin_files=None, mixin=None, verb_parser=<colcon_mixin.mixin.mixin_argument.MixinArgumentDecorator object at 0x7bd057600d70>, verb_extension=<colcon_core.verb.build.BuildVerb object at 0x7bd057600a40>, main=<bound method BuildVerb.main of <colcon_core.verb.build.BuildVerb object at 0x7bd057600a40>>, mixin_verb=('build',))
[0.247s] Level 1:colcon.colcon_core.package_discovery:discover_packages(colcon_meta) check parameters
[0.247s] Level 1:colcon.colcon_core.package_discovery:discover_packages(recursive) check parameters
[0.247s] Level 1:colcon.colcon_core.package_discovery:discover_packages(ignore) check parameters
[0.247s] Level 1:colcon.colcon_core.package_discovery:discover_packages(path) check parameters
[0.247s] Level 1:colcon.colcon_core.package_discovery:discover_packages(colcon_meta) discover
[0.247s] Level 1:colcon.colcon_core.package_discovery:discover_packages(recursive) discover
[0.247s] INFO:colcon.colcon_core.package_discovery:Crawling recursively for packages in '/home/alix.degironde/Public/tello-ros2/workspace'
[0.247s] Level 1:colcon.colcon_core.package_identification:_identify(.) by extensions ['ignore', 'ignore_ament_install']
[0.247s] Level 1:colcon.colcon_core.package_identification:_identify(.) by extension 'ignore'
[0.248s] Level 1:colcon.colcon_core.package_identification:_identify(.) by extension 'ignore_ament_install'
[0.248s] Level 1:colcon.colcon_core.package_identification:_identify(.) by extensions ['colcon_pkg']
[0.248s] Level 1:colcon.colcon_core.package_identification:_identify(.) by extension 'colcon_pkg'
[0.248s] Level 1:colcon.colcon_core.package_identification:_identify(.) by extensions ['colcon_meta']
[0.248s] Level 1:colcon.colcon_core.package_identification:_identify(.) by extension 'colcon_meta'
[0.248s] Level 1:colcon.colcon_core.package_identification:_identify(.) by extensions ['ros']
[0.248s] Level 1:colcon.colcon_core.package_identification:_identify(.) by extension 'ros'
[0.285s] Level 1:colcon.colcon_core.package_identification:_identify(.) by extensions ['cmake', 'python']
[0.285s] Level 1:colcon.colcon_core.package_identification:_identify(.) by extension 'cmake'
[0.286s] Level 1:colcon.colcon_core.package_identification:_identify(.) by extension 'python'
[0.286s] Level 1:colcon.colcon_core.package_identification:_identify(.) by extensions ['python_setup_py']
[0.286s] Level 1:colcon.colcon_core.package_identification:_identify(.) by extension 'python_setup_py'
[0.286s] Level 1:colcon.colcon_core.package_identification:_identify(build) by extensions ['ignore', 'ignore_ament_install']
[0.286s] Level 1:colcon.colcon_core.package_identification:_identify(build) by extension 'ignore'
[0.286s] Level 1:colcon.colcon_core.package_identification:_identify(build) ignored
[0.286s] Level 1:colcon.colcon_core.package_identification:_identify(install) by extensions ['ignore', 'ignore_ament_install']
[0.287s] Level 1:colcon.colcon_core.package_identification:_identify(install) by extension 'ignore'
[0.287s] Level 1:colcon.colcon_core.package_identification:_identify(install) ignored
[0.287s] Level 1:colcon.colcon_core.package_identification:_identify(log) by extensions ['ignore', 'ignore_ament_install']
[0.287s] Level 1:colcon.colcon_core.package_identification:_identify(log) by extension 'ignore'
[0.287s] Level 1:colcon.colcon_core.package_identification:_identify(log) ignored
[0.287s] Level 1:colcon.colcon_core.package_identification:_identify(src) by extensions ['ignore', 'ignore_ament_install']
[0.287s] Level 1:colcon.colcon_core.package_identification:_identify(src) by extension 'ignore'
[0.287s] Level 1:colcon.colcon_core.package_identification:_identify(src) by extension 'ignore_ament_install'
[0.287s] Level 1:colcon.colcon_core.package_identification:_identify(src) by extensions ['colcon_pkg']
[0.287s] Level 1:colcon.colcon_core.package_identification:_identify(src) by extension 'colcon_pkg'
[0.288s] Level 1:colcon.colcon_core.package_identification:_identify(src) by extensions ['colcon_meta']
[0.288s] Level 1:colcon.colcon_core.package_identification:_identify(src) by extension 'colcon_meta'
[0.288s] Level 1:colcon.colcon_core.package_identification:_identify(src) by extensions ['ros']
[0.288s] Level 1:colcon.colcon_core.package_identification:_identify(src) by extension 'ros'
[0.288s] Level 1:colcon.colcon_core.package_identification:_identify(src) by extensions ['cmake', 'python']
[0.288s] Level 1:colcon.colcon_core.package_identification:_identify(src) by extension 'cmake'
[0.288s] Level 1:colcon.colcon_core.package_identification:_identify(src) by extension 'python'
[0.288s] Level 1:colcon.colcon_core.package_identification:_identify(src) by extensions ['python_setup_py']
[0.288s] Level 1:colcon.colcon_core.package_identification:_identify(src) by extension 'python_setup_py'
[0.288s] Level 1:colcon.colcon_core.package_identification:_identify(src/controller) by extensions ['ignore', 'ignore_ament_install']
[0.288s] Level 1:colcon.colcon_core.package_identification:_identify(src/controller) by extension 'ignore'
[0.289s] Level 1:colcon.colcon_core.package_identification:_identify(src/controller) by extension 'ignore_ament_install'
[0.289s] Level 1:colcon.colcon_core.package_identification:_identify(src/controller) by extensions ['colcon_pkg']
[0.289s] Level 1:colcon.colcon_core.package_identification:_identify(src/controller) by extension 'colcon_pkg'
[0.289s] Level 1:colcon.colcon_core.package_identification:_identify(src/controller) by extensions ['colcon_meta']
[0.289s] Level 1:colcon.colcon_core.package_identification:_identify(src/controller) by extension 'colcon_meta'
[0.289s] Level 1:colcon.colcon_core.package_identification:_identify(src/controller) by extensions ['ros']
[0.289s] Level 1:colcon.colcon_core.package_identification:_identify(src/controller) by extension 'ros'
[0.293s] DEBUG:colcon.colcon_core.package_identification:Package 'src/controller' with type 'ros.ament_python' and name 'controller'
[0.293s] Level 1:colcon.colcon_core.package_identification:_identify(src/tello) by extensions ['ignore', 'ignore_ament_install']
[0.294s] Level 1:colcon.colcon_core.package_identification:_identify(src/tello) by extension 'ignore'
[0.294s] Level 1:colcon.colcon_core.package_identification:_identify(src/tello) ignored
[0.294s] Level 1:colcon.colcon_core.package_identification:_identify(src/tello_control) by extensions ['ignore', 'ignore_ament_install']
[0.294s] Level 1:colcon.colcon_core.package_identification:_identify(src/tello_control) by extension 'ignore'
[0.294s] Level 1:colcon.colcon_core.package_identification:_identify(src/tello_control) by extension 'ignore_ament_install'
[0.294s] Level 1:colcon.colcon_core.package_identification:_identify(src/tello_control) by extensions ['colcon_pkg']
[0.294s] Level 1:colcon.colcon_core.package_identification:_identify(src/tello_control) by extension 'colcon_pkg'
[0.294s] Level 1:colcon.colcon_core.package_identification:_identify(src/tello_control) by extensions ['colcon_meta']
[0.294s] Level 1:colcon.colcon_core.package_identification:_identify(src/tello_control) by extension 'colcon_meta'
[0.294s] Level 1:colcon.colcon_core.package_identification:_identify(src/tello_control) by extensions ['ros']
[0.294s] Level 1:colcon.colcon_core.package_identification:_identify(src/tello_control) by extension 'ros'
[0.295s] DEBUG:colcon.colcon_core.package_identification:Package 'src/tello_control' with type 'ros.ament_cmake' and name 'tello_control'
[0.295s] Level 1:colcon.colcon_core.package_identification:_identify(src/tello_msg) by extensions ['ignore', 'ignore_ament_install']
[0.295s] Level 1:colcon.colcon_core.package_identification:_identify(src/tello_msg) by extension 'ignore'
[0.295s] Level 1:colcon.colcon_core.package_identification:_identify(src/tello_msg) by extension 'ignore_ament_install'
[0.295s] Level 1:colcon.colcon_core.package_identification:_identify(src/tello_msg) by extensions ['colcon_pkg']
[0.296s] Level 1:colcon.colcon_core.package_identification:_identify(src/tello_msg) by extension 'colcon_pkg'
[0.296s] Level 1:colcon.colcon_core.package_identification:_identify(src/tello_msg) by extensions ['colcon_meta']
[0.296s] Level 1:colcon.colcon_core.package_identification:_identify(src/tello_msg) by extension 'colcon_meta'
[0.296s] Level 1:colcon.colcon_core.package_identification:_identify(src/tello_msg) by extensions ['ros']
[0.296s] Level 1:colcon.colcon_core.package_identification:_identify(src/tello_msg) by extension 'ros'
[0.297s] DEBUG:colcon.colcon_core.package_identification:Package 'src/tello_msg' with type 'ros.ament_cmake' and name 'tello_msg'
[0.297s] Level 1:colcon.colcon_core.package_discovery:discover_packages(recursive) using defaults
[0.297s] Level 1:colcon.colcon_core.package_discovery:discover_packages(ignore) discover
[0.297s] Level 1:colcon.colcon_core.package_discovery:discover_packages(ignore) using defaults
[0.297s] Level 1:colcon.colcon_core.package_discovery:discover_packages(path) discover
[0.297s] Level 1:colcon.colcon_core.package_discovery:discover_packages(path) using defaults
[0.322s] Level 1:colcon.colcon_core.package_discovery:discover_packages(prefix_path) check parameters
[0.322s] Level 1:colcon.colcon_core.package_discovery:discover_packages(prefix_path) discover
[0.324s] WARNING:colcon.colcon_ros.prefix_path.ament:The path '/home/alix.degironde/Public/tello-ros2/workspace/install/tello' in the environment variable AMENT_PREFIX_PATH doesn't exist
[0.326s] DEBUG:colcon.colcon_installed_package_information.package_discovery:Found 3 installed packages in /home/alix.degironde/Public/tello-ros2/workspace/install
[0.329s] DEBUG:colcon.colcon_installed_package_information.package_discovery:Found 481 installed packages in /opt/ros/jazzy
[0.333s] Level 1:colcon.colcon_core.package_discovery:discover_packages(prefix_path) using defaults
[0.432s] Level 5:colcon.colcon_core.verb:set package 'tello_control' build argument 'cmake_args' from command line to 'None'
[0.432s] Level 5:colcon.colcon_core.verb:set package 'tello_control' build argument 'cmake_target' from command line to 'None'
[0.432s] Level 5:colcon.colcon_core.verb:set package 'tello_control' build argument 'cmake_target_skip_unavailable' from command line to 'False'
[0.433s] Level 5:colcon.colcon_core.verb:set package 'tello_control' build argument 'cmake_clean_cache' from command line to 'False'
[0.433s] Level 5:colcon.colcon_core.verb:set package 'tello_control' build argument 'cmake_clean_first' from command line to 'False'
[0.433s] Level 5:colcon.colcon_core.verb:set package 'tello_control' build argument 'cmake_force_configure' from command line to 'False'
[0.433s] Level 5:colcon.colcon_core.verb:set package 'tello_control' build argument 'ament_cmake_args' from command line to 'None'
[0.433s] Level 5:colcon.colcon_core.verb:set package 'tello_control' build argument 'catkin_cmake_args' from command line to 'None'
[0.433s] Level 5:colcon.colcon_core.verb:set package 'tello_control' build argument 'catkin_skip_building_tests' from command line to 'False'
[0.433s] DEBUG:colcon.colcon_core.verb:Building package 'tello_control' with the following arguments: {'ament_cmake_args': None, 'build_base': '/home/alix.degironde/Public/tello-ros2/workspace/build/tello_control', 'catkin_cmake_args': None, 'catkin_skip_building_tests': False, 'cmake_args': None, 'cmake_clean_cache': False, 'cmake_clean_first': False, 'cmake_force_configure': False, 'cmake_target': None, 'cmake_target_skip_unavailable': False, 'install_base': '/home/alix.degironde/Public/tello-ros2/workspace/install/tello_control', 'merge_install': False, 'path': '/home/alix.degironde/Public/tello-ros2/workspace/src/tello_control', 'symlink_install': True, 'test_result_base': None}
[0.433s] Level 5:colcon.colcon_core.verb:set package 'tello_msg' build argument 'cmake_args' from command line to 'None'
[0.433s] Level 5:colcon.colcon_core.verb:set package 'tello_msg' build argument 'cmake_target' from command line to 'None'
[0.433s] Level 5:colcon.colcon_core.verb:set package 'tello_msg' build argument 'cmake_target_skip_unavailable' from command line to 'False'
[0.433s] Level 5:colcon.colcon_core.verb:set package 'tello_msg' build argument 'cmake_clean_cache' from command line to 'False'
[0.433s] Level 5:colcon.colcon_core.verb:set package 'tello_msg' build argument 'cmake_clean_first' from command line to 'False'
[0.433s] Level 5:colcon.colcon_core.verb:set package 'tello_msg' build argument 'cmake_force_configure' from command line to 'False'
[0.433s] Level 5:colcon.colcon_core.verb:set package 'tello_msg' build argument 'ament_cmake_args' from command line to 'None'
[0.433s] Level 5:colcon.colcon_core.verb:set package 'tello_msg' build argument 'catkin_cmake_args' from command line to 'None'
[0.433s] Level 5:colcon.colcon_core.verb:set package 'tello_msg' build argument 'catkin_skip_building_tests' from command line to 'False'
[0.434s] DEBUG:colcon.colcon_core.verb:Building package 'tello_msg' with the following arguments: {'ament_cmake_args': None, 'build_base': '/home/alix.degironde/Public/tello-ros2/workspace/build/tello_msg', 'catkin_cmake_args': None, 'catkin_skip_building_tests': False, 'cmake_args': None, 'cmake_clean_cache': False, 'cmake_clean_first': False, 'cmake_force_configure': False, 'cmake_target': None, 'cmake_target_skip_unavailable': False, 'install_base': '/home/alix.degironde/Public/tello-ros2/workspace/install/tello_msg', 'merge_install': False, 'path': '/home/alix.degironde/Public/tello-ros2/workspace/src/tello_msg', 'symlink_install': True, 'test_result_base': None}
[0.434s] Level 5:colcon.colcon_core.verb:set package 'controller' build argument 'cmake_args' from command line to 'None'
[0.434s] Level 5:colcon.colcon_core.verb:set package 'controller' build argument 'cmake_target' from command line to 'None'
[0.434s] Level 5:colcon.colcon_core.verb:set package 'controller' build argument 'cmake_target_skip_unavailable' from command line to 'False'
[0.434s] Level 5:colcon.colcon_core.verb:set package 'controller' build argument 'cmake_clean_cache' from command line to 'False'
[0.434s] Level 5:colcon.colcon_core.verb:set package 'controller' build argument 'cmake_clean_first' from command line to 'False'
[0.434s] Level 5:colcon.colcon_core.verb:set package 'controller' build argument 'cmake_force_configure' from command line to 'False'
[0.434s] Level 5:colcon.colcon_core.verb:set package 'controller' build argument 'ament_cmake_args' from command line to 'None'
[0.434s] Level 5:colcon.colcon_core.verb:set package 'controller' build argument 'catkin_cmake_args' from command line to 'None'
[0.434s] Level 5:colcon.colcon_core.verb:set package 'controller' build argument 'catkin_skip_building_tests' from command line to 'False'
[0.434s] DEBUG:colcon.colcon_core.verb:Building package 'controller' with the following arguments: {'ament_cmake_args': None, 'build_base': '/home/alix.degironde/Public/tello-ros2/workspace/build/controller', 'catkin_cmake_args': None, 'catkin_skip_building_tests': False, 'cmake_args': None, 'cmake_clean_cache': False, 'cmake_clean_first': False, 'cmake_force_configure': False, 'cmake_target': None, 'cmake_target_skip_unavailable': False, 'install_base': '/home/alix.degironde/Public/tello-ros2/workspace/install/controller', 'merge_install': False, 'path': '/home/alix.degironde/Public/tello-ros2/workspace/src/controller', 'symlink_install': True, 'test_result_base': None}
[0.434s] INFO:colcon.colcon_core.executor:Executing jobs using 'parallel' executor
[0.436s] DEBUG:colcon.colcon_parallel_executor.executor.parallel:run_until_complete
[0.436s] INFO:colcon.colcon_ros.task.ament_cmake.build:Building ROS package in '/home/alix.degironde/Public/tello-ros2/workspace/src/tello_msg' with build type 'ament_cmake'
[0.437s] INFO:colcon.colcon_cmake.task.cmake.build:Building CMake package in '/home/alix.degironde/Public/tello-ros2/workspace/src/tello_msg'
[0.440s] INFO:colcon.colcon_core.plugin_system:Skipping extension 'colcon_core.shell.bat': Not used on non-Windows systems
[0.440s] INFO:colcon.colcon_core.shell:Skip shell extension 'powershell' for command environment: Not usable outside of PowerShell
[0.440s] DEBUG:colcon.colcon_core.shell:Skip shell extension 'dsv' for command environment
[0.448s] INFO:colcon.colcon_ros.task.ament_cmake.build:Building ROS package in '/home/alix.degironde/Public/tello-ros2/workspace/src/tello_control' with build type 'ament_cmake'
[0.448s] INFO:colcon.colcon_cmake.task.cmake.build:Building CMake package in '/home/alix.degironde/Public/tello-ros2/workspace/src/tello_control'
[0.448s] INFO:colcon.colcon_core.shell:Skip shell extension 'powershell' for command environment: Not usable outside of PowerShell
[0.448s] DEBUG:colcon.colcon_core.shell:Skip shell extension 'dsv' for command environment
[0.462s] DEBUG:colcon.colcon_core.event_handler.log_command:Invoking command in '/home/alix.degironde/Public/tello-ros2/workspace/build/tello_msg': CMAKE_PREFIX_PATH=${CMAKE_PREFIX_PATH}:/home/alix.degironde/Public/tello-ros2/workspace/install/controller:/home/alix.degironde/Public/tello-ros2/workspace/install/tello:/opt/ros/jazzy DEBUGINFOD_URLS=https://debuginfod.ubuntu.com HISTTIMEFORMAT=%F %T VIRTUAL_ENV_PROMPT=(ven_IROS) /usr/bin/cmake /home/alix.degironde/Public/tello-ros2/workspace/src/tello_msg -DAMENT_CMAKE_SYMLINK_INSTALL=1 -DCMAKE_INSTALL_PREFIX=/home/alix.degironde/Public/tello-ros2/workspace/install/tello_msg
[0.494s] DEBUG:colcon.colcon_core.event_handler.log_command:Invoking command in '/home/alix.degironde/Public/tello-ros2/workspace/build/tello_control': CMAKE_PREFIX_PATH=${CMAKE_PREFIX_PATH}:/home/alix.degironde/Public/tello-ros2/workspace/install/controller:/home/alix.degironde/Public/tello-ros2/workspace/install/tello:/opt/ros/jazzy DEBUGINFOD_URLS=https://debuginfod.ubuntu.com HISTTIMEFORMAT=%F %T VIRTUAL_ENV_PROMPT=(ven_IROS) /usr/bin/cmake /home/alix.degironde/Public/tello-ros2/workspace/src/tello_control -DAMENT_CMAKE_SYMLINK_INSTALL=1 -DCMAKE_INSTALL_PREFIX=/home/alix.degironde/Public/tello-ros2/workspace/install/tello_control
[1.524s] DEBUG:colcon.colcon_core.event_handler.log_command:Invoked command in '/home/alix.degironde/Public/tello-ros2/workspace/build/tello_control' returned '0': CMAKE_PREFIX_PATH=${CMAKE_PREFIX_PATH}:/home/alix.degironde/Public/tello-ros2/workspace/install/controller:/home/alix.degironde/Public/tello-ros2/workspace/install/tello:/opt/ros/jazzy DEBUGINFOD_URLS=https://debuginfod.ubuntu.com HISTTIMEFORMAT=%F %T VIRTUAL_ENV_PROMPT=(ven_IROS) /usr/bin/cmake /home/alix.degironde/Public/tello-ros2/workspace/src/tello_control -DAMENT_CMAKE_SYMLINK_INSTALL=1 -DCMAKE_INSTALL_PREFIX=/home/alix.degironde/Public/tello-ros2/workspace/install/tello_control
[1.524s] DEBUG:colcon.colcon_core.event_handler.log_command:Invoking command in '/home/alix.degironde/Public/tello-ros2/workspace/build/tello_control': CMAKE_PREFIX_PATH=${CMAKE_PREFIX_PATH}:/home/alix.degironde/Public/tello-ros2/workspace/install/controller:/home/alix.degironde/Public/tello-ros2/workspace/install/tello:/opt/ros/jazzy DEBUGINFOD_URLS=https://debuginfod.ubuntu.com HISTTIMEFORMAT=%F %T VIRTUAL_ENV_PROMPT=(ven_IROS) /usr/bin/cmake --build /home/alix.degironde/Public/tello-ros2/workspace/build/tello_control -- -j4 -l4
[1.651s] DEBUG:colcon.colcon_core.event_handler.log_command:Invoked command in '/home/alix.degironde/Public/tello-ros2/workspace/build/tello_control' returned '0': CMAKE_PREFIX_PATH=${CMAKE_PREFIX_PATH}:/home/alix.degironde/Public/tello-ros2/workspace/install/controller:/home/alix.degironde/Public/tello-ros2/workspace/install/tello:/opt/ros/jazzy DEBUGINFOD_URLS=https://debuginfod.ubuntu.com HISTTIMEFORMAT=%F %T VIRTUAL_ENV_PROMPT=(ven_IROS) /usr/bin/cmake --build /home/alix.degironde/Public/tello-ros2/workspace/build/tello_control -- -j4 -l4
[1.669s] DEBUG:colcon.colcon_core.event_handler.log_command:Invoking command in '/home/alix.degironde/Public/tello-ros2/workspace/build/tello_control': CMAKE_PREFIX_PATH=${CMAKE_PREFIX_PATH}:/home/alix.degironde/Public/tello-ros2/workspace/install/controller:/home/alix.degironde/Public/tello-ros2/workspace/install/tello:/opt/ros/jazzy DEBUGINFOD_URLS=https://debuginfod.ubuntu.com HISTTIMEFORMAT=%F %T VIRTUAL_ENV_PROMPT=(ven_IROS) /usr/bin/cmake --install /home/alix.degironde/Public/tello-ros2/workspace/build/tello_control
[1.704s] Level 1:colcon.colcon_core.environment:create_environment_scripts_only(tello_control)
[1.706s] DEBUG:colcon.colcon_core.event_handler.log_command:Invoked command in '/home/alix.degironde/Public/tello-ros2/workspace/build/tello_control' returned '0': CMAKE_PREFIX_PATH=${CMAKE_PREFIX_PATH}:/home/alix.degironde/Public/tello-ros2/workspace/install/controller:/home/alix.degironde/Public/tello-ros2/workspace/install/tello:/opt/ros/jazzy DEBUGINFOD_URLS=https://debuginfod.ubuntu.com HISTTIMEFORMAT=%F %T VIRTUAL_ENV_PROMPT=(ven_IROS) /usr/bin/cmake --install /home/alix.degironde/Public/tello-ros2/workspace/build/tello_control
[1.709s] Level 1:colcon.colcon_core.environment:checking '/home/alix.degironde/Public/tello-ros2/workspace/install/tello_control' for CMake module files
[1.710s] Level 1:colcon.colcon_core.environment:checking '/home/alix.degironde/Public/tello-ros2/workspace/install/tello_control' for CMake config files
[1.711s] Level 1:colcon.colcon_core.shell:create_environment_hook('tello_control', 'cmake_prefix_path')
[1.711s] INFO:colcon.colcon_core.shell:Creating environment hook '/home/alix.degironde/Public/tello-ros2/workspace/install/tello_control/share/tello_control/hook/cmake_prefix_path.ps1'
[1.712s] INFO:colcon.colcon_core.shell:Creating environment descriptor '/home/alix.degironde/Public/tello-ros2/workspace/install/tello_control/share/tello_control/hook/cmake_prefix_path.dsv'
[1.713s] INFO:colcon.colcon_core.shell:Creating environment hook '/home/alix.degironde/Public/tello-ros2/workspace/install/tello_control/share/tello_control/hook/cmake_prefix_path.sh'
[1.714s] Level 1:colcon.colcon_core.environment:checking '/home/alix.degironde/Public/tello-ros2/workspace/install/tello_control/lib'
[1.714s] Level 1:colcon.colcon_core.environment:checking '/home/alix.degironde/Public/tello-ros2/workspace/install/tello_control/bin'
[1.714s] Level 1:colcon.colcon_core.environment:checking '/home/alix.degironde/Public/tello-ros2/workspace/install/tello_control/lib/pkgconfig/tello_control.pc'
[1.714s] Level 1:colcon.colcon_core.environment:checking '/home/alix.degironde/Public/tello-ros2/workspace/install/tello_control/lib/python3.12/site-packages'
[1.715s] Level 1:colcon.colcon_core.environment:checking '/home/alix.degironde/Public/tello-ros2/workspace/install/tello_control/bin'
[1.715s] INFO:colcon.colcon_core.shell:Creating package script '/home/alix.degironde/Public/tello-ros2/workspace/install/tello_control/share/tello_control/package.ps1'
[1.716s] INFO:colcon.colcon_core.shell:Creating package descriptor '/home/alix.degironde/Public/tello-ros2/workspace/install/tello_control/share/tello_control/package.dsv'
[1.717s] INFO:colcon.colcon_core.shell:Creating package script '/home/alix.degironde/Public/tello-ros2/workspace/install/tello_control/share/tello_control/package.sh'
[1.717s] INFO:colcon.colcon_core.shell:Creating package script '/home/alix.degironde/Public/tello-ros2/workspace/install/tello_control/share/tello_control/package.bash'
[1.718s] INFO:colcon.colcon_core.shell:Creating package script '/home/alix.degironde/Public/tello-ros2/workspace/install/tello_control/share/tello_control/package.zsh'
[1.719s] Level 1:colcon.colcon_core.environment:create_file_with_runtime_dependencies(/home/alix.degironde/Public/tello-ros2/workspace/install/tello_control/share/colcon-core/packages/tello_control)
[1.720s] Level 1:colcon.colcon_core.environment:create_environment_scripts_only(tello_control)
[1.720s] Level 1:colcon.colcon_core.environment:checking '/home/alix.degironde/Public/tello-ros2/workspace/install/tello_control' for CMake module files
[1.721s] Level 1:colcon.colcon_core.environment:checking '/home/alix.degironde/Public/tello-ros2/workspace/install/tello_control' for CMake config files
[1.721s] Level 1:colcon.colcon_core.shell:create_environment_hook('tello_control', 'cmake_prefix_path')
[1.722s] INFO:colcon.colcon_core.shell:Creating environment hook '/home/alix.degironde/Public/tello-ros2/workspace/install/tello_control/share/tello_control/hook/cmake_prefix_path.ps1'
[1.724s] INFO:colcon.colcon_core.shell:Creating environment descriptor '/home/alix.degironde/Public/tello-ros2/workspace/install/tello_control/share/tello_control/hook/cmake_prefix_path.dsv'
[1.724s] INFO:colcon.colcon_core.shell:Creating environment hook '/home/alix.degironde/Public/tello-ros2/workspace/install/tello_control/share/tello_control/hook/cmake_prefix_path.sh'
[1.725s] Level 1:colcon.colcon_core.environment:checking '/home/alix.degironde/Public/tello-ros2/workspace/install/tello_control/lib'
[1.725s] Level 1:colcon.colcon_core.environment:checking '/home/alix.degironde/Public/tello-ros2/workspace/install/tello_control/bin'
[1.726s] Level 1:colcon.colcon_core.environment:checking '/home/alix.degironde/Public/tello-ros2/workspace/install/tello_control/lib/pkgconfig/tello_control.pc'
[1.726s] Level 1:colcon.colcon_core.environment:checking '/home/alix.degironde/Public/tello-ros2/workspace/install/tello_control/lib/python3.12/site-packages'
[1.726s] Level 1:colcon.colcon_core.environment:checking '/home/alix.degironde/Public/tello-ros2/workspace/install/tello_control/bin'
[1.727s] INFO:colcon.colcon_core.shell:Creating package script '/home/alix.degironde/Public/tello-ros2/workspace/install/tello_control/share/tello_control/package.ps1'
[1.727s] INFO:colcon.colcon_core.shell:Creating package descriptor '/home/alix.degironde/Public/tello-ros2/workspace/install/tello_control/share/tello_control/package.dsv'
[1.728s] INFO:colcon.colcon_core.shell:Creating package script '/home/alix.degironde/Public/tello-ros2/workspace/install/tello_control/share/tello_control/package.sh'
[1.729s] INFO:colcon.colcon_core.shell:Creating package script '/home/alix.degironde/Public/tello-ros2/workspace/install/tello_control/share/tello_control/package.bash'
[1.730s] INFO:colcon.colcon_core.shell:Creating package script '/home/alix.degironde/Public/tello-ros2/workspace/install/tello_control/share/tello_control/package.zsh'
[1.730s] Level 1:colcon.colcon_core.environment:create_file_with_runtime_dependencies(/home/alix.degironde/Public/tello-ros2/workspace/install/tello_control/share/colcon-core/packages/tello_control)
[2.919s] DEBUG:colcon.colcon_core.event_handler.log_command:Invoked command in '/home/alix.degironde/Public/tello-ros2/workspace/build/tello_msg' returned '0': CMAKE_PREFIX_PATH=${CMAKE_PREFIX_PATH}:/home/alix.degironde/Public/tello-ros2/workspace/install/controller:/home/alix.degironde/Public/tello-ros2/workspace/install/tello:/opt/ros/jazzy DEBUGINFOD_URLS=https://debuginfod.ubuntu.com HISTTIMEFORMAT=%F %T VIRTUAL_ENV_PROMPT=(ven_IROS) /usr/bin/cmake /home/alix.degironde/Public/tello-ros2/workspace/src/tello_msg -DAMENT_CMAKE_SYMLINK_INSTALL=1 -DCMAKE_INSTALL_PREFIX=/home/alix.degironde/Public/tello-ros2/workspace/install/tello_msg
[2.921s] DEBUG:colcon.colcon_core.event_handler.log_command:Invoking command in '/home/alix.degironde/Public/tello-ros2/workspace/build/tello_msg': CMAKE_PREFIX_PATH=${CMAKE_PREFIX_PATH}:/home/alix.degironde/Public/tello-ros2/workspace/install/controller:/home/alix.degironde/Public/tello-ros2/workspace/install/tello:/opt/ros/jazzy DEBUGINFOD_URLS=https://debuginfod.ubuntu.com HISTTIMEFORMAT=%F %T VIRTUAL_ENV_PROMPT=(ven_IROS) /usr/bin/cmake --build /home/alix.degironde/Public/tello-ros2/workspace/build/tello_msg -- -j4 -l4
[3.566s] DEBUG:colcon.colcon_core.event_handler.log_command:Invoked command in '/home/alix.degironde/Public/tello-ros2/workspace/build/tello_msg' returned '0': CMAKE_PREFIX_PATH=${CMAKE_PREFIX_PATH}:/home/alix.degironde/Public/tello-ros2/workspace/install/controller:/home/alix.degironde/Public/tello-ros2/workspace/install/tello:/opt/ros/jazzy DEBUGINFOD_URLS=https://debuginfod.ubuntu.com HISTTIMEFORMAT=%F %T VIRTUAL_ENV_PROMPT=(ven_IROS) /usr/bin/cmake --build /home/alix.degironde/Public/tello-ros2/workspace/build/tello_msg -- -j4 -l4
[3.568s] DEBUG:colcon.colcon_core.event_handler.log_command:Invoking command in '/home/alix.degironde/Public/tello-ros2/workspace/build/tello_msg': CMAKE_PREFIX_PATH=${CMAKE_PREFIX_PATH}:/home/alix.degironde/Public/tello-ros2/workspace/install/controller:/home/alix.degironde/Public/tello-ros2/workspace/install/tello:/opt/ros/jazzy DEBUGINFOD_URLS=https://debuginfod.ubuntu.com HISTTIMEFORMAT=%F %T VIRTUAL_ENV_PROMPT=(ven_IROS) /usr/bin/cmake --install /home/alix.degironde/Public/tello-ros2/workspace/build/tello_msg
[3.705s] Level 1:colcon.colcon_core.environment:create_environment_scripts_only(tello_msg)
[3.705s] Level 1:colcon.colcon_core.environment:checking '/home/alix.degironde/Public/tello-ros2/workspace/install/tello_msg' for CMake module files
[3.707s] DEBUG:colcon.colcon_core.event_handler.log_command:Invoked command in '/home/alix.degironde/Public/tello-ros2/workspace/build/tello_msg' returned '0': CMAKE_PREFIX_PATH=${CMAKE_PREFIX_PATH}:/home/alix.degironde/Public/tello-ros2/workspace/install/controller:/home/alix.degironde/Public/tello-ros2/workspace/install/tello:/opt/ros/jazzy DEBUGINFOD_URLS=https://debuginfod.ubuntu.com HISTTIMEFORMAT=%F %T VIRTUAL_ENV_PROMPT=(ven_IROS) /usr/bin/cmake --install /home/alix.degironde/Public/tello-ros2/workspace/build/tello_msg
[3.707s] Level 1:colcon.colcon_core.environment:checking '/home/alix.degironde/Public/tello-ros2/workspace/install/tello_msg' for CMake config files
[3.709s] Level 1:colcon.colcon_core.shell:create_environment_hook('tello_msg', 'cmake_prefix_path')
[3.710s] INFO:colcon.colcon_core.shell:Creating environment hook '/home/alix.degironde/Public/tello-ros2/workspace/install/tello_msg/share/tello_msg/hook/cmake_prefix_path.ps1'
[3.710s] INFO:colcon.colcon_core.shell:Creating environment descriptor '/home/alix.degironde/Public/tello-ros2/workspace/install/tello_msg/share/tello_msg/hook/cmake_prefix_path.dsv'
[3.711s] INFO:colcon.colcon_core.shell:Creating environment hook '/home/alix.degironde/Public/tello-ros2/workspace/install/tello_msg/share/tello_msg/hook/cmake_prefix_path.sh'
[3.712s] Level 1:colcon.colcon_core.environment:checking '/home/alix.degironde/Public/tello-ros2/workspace/install/tello_msg/lib'
[3.712s] Level 1:colcon.colcon_core.shell:create_environment_hook('tello_msg', 'ld_library_path_lib')
[3.712s] INFO:colcon.colcon_core.shell:Creating environment hook '/home/alix.degironde/Public/tello-ros2/workspace/install/tello_msg/share/tello_msg/hook/ld_library_path_lib.ps1'
[3.713s] INFO:colcon.colcon_core.shell:Creating environment descriptor '/home/alix.degironde/Public/tello-ros2/workspace/install/tello_msg/share/tello_msg/hook/ld_library_path_lib.dsv'
[3.713s] INFO:colcon.colcon_core.shell:Creating environment hook '/home/alix.degironde/Public/tello-ros2/workspace/install/tello_msg/share/tello_msg/hook/ld_library_path_lib.sh'
[3.714s] Level 1:colcon.colcon_core.environment:checking '/home/alix.degironde/Public/tello-ros2/workspace/install/tello_msg/bin'
[3.714s] Level 1:colcon.colcon_core.environment:checking '/home/alix.degironde/Public/tello-ros2/workspace/install/tello_msg/lib/pkgconfig/tello_msg.pc'
[3.714s] Level 1:colcon.colcon_core.environment:checking '/home/alix.degironde/Public/tello-ros2/workspace/install/tello_msg/lib/python3.12/site-packages'
[3.714s] Level 1:colcon.colcon_core.shell:create_environment_hook('tello_msg', 'pythonpath')
[3.714s] INFO:colcon.colcon_core.shell:Creating environment hook '/home/alix.degironde/Public/tello-ros2/workspace/install/tello_msg/share/tello_msg/hook/pythonpath.ps1'
[3.715s] INFO:colcon.colcon_core.shell:Creating environment descriptor '/home/alix.degironde/Public/tello-ros2/workspace/install/tello_msg/share/tello_msg/hook/pythonpath.dsv'
[3.715s] INFO:colcon.colcon_core.shell:Creating environment hook '/home/alix.degironde/Public/tello-ros2/workspace/install/tello_msg/share/tello_msg/hook/pythonpath.sh'
[3.716s] Level 1:colcon.colcon_core.environment:checking '/home/alix.degironde/Public/tello-ros2/workspace/install/tello_msg/bin'
[3.716s] INFO:colcon.colcon_core.shell:Creating package script '/home/alix.degironde/Public/tello-ros2/workspace/install/tello_msg/share/tello_msg/package.ps1'
[3.717s] INFO:colcon.colcon_core.shell:Creating package descriptor '/home/alix.degironde/Public/tello-ros2/workspace/install/tello_msg/share/tello_msg/package.dsv'
[3.717s] INFO:colcon.colcon_core.shell:Creating package script '/home/alix.degironde/Public/tello-ros2/workspace/install/tello_msg/share/tello_msg/package.sh'
[3.718s] INFO:colcon.colcon_core.shell:Creating package script '/home/alix.degironde/Public/tello-ros2/workspace/install/tello_msg/share/tello_msg/package.bash'
[3.718s] INFO:colcon.colcon_core.shell:Creating package script '/home/alix.degironde/Public/tello-ros2/workspace/install/tello_msg/share/tello_msg/package.zsh'
[3.719s] Level 1:colcon.colcon_core.environment:create_file_with_runtime_dependencies(/home/alix.degironde/Public/tello-ros2/workspace/install/tello_msg/share/colcon-core/packages/tello_msg)
[3.720s] Level 1:colcon.colcon_core.environment:create_environment_scripts_only(tello_msg)
[3.720s] Level 1:colcon.colcon_core.environment:checking '/home/alix.degironde/Public/tello-ros2/workspace/install/tello_msg' for CMake module files
[3.721s] Level 1:colcon.colcon_core.environment:checking '/home/alix.degironde/Public/tello-ros2/workspace/install/tello_msg' for CMake config files
[3.723s] Level 1:colcon.colcon_core.shell:create_environment_hook('tello_msg', 'cmake_prefix_path')
[3.723s] INFO:colcon.colcon_core.shell:Creating environment hook '/home/alix.degironde/Public/tello-ros2/workspace/install/tello_msg/share/tello_msg/hook/cmake_prefix_path.ps1'
[3.724s] INFO:colcon.colcon_core.shell:Creating environment descriptor '/home/alix.degironde/Public/tello-ros2/workspace/install/tello_msg/share/tello_msg/hook/cmake_prefix_path.dsv'
[3.724s] INFO:colcon.colcon_core.shell:Creating environment hook '/home/alix.degironde/Public/tello-ros2/workspace/install/tello_msg/share/tello_msg/hook/cmake_prefix_path.sh'
[3.725s] Level 1:colcon.colcon_core.environment:checking '/home/alix.degironde/Public/tello-ros2/workspace/install/tello_msg/lib'
[3.725s] Level 1:colcon.colcon_core.shell:create_environment_hook('tello_msg', 'ld_library_path_lib')
[3.725s] INFO:colcon.colcon_core.shell:Creating environment hook '/home/alix.degironde/Public/tello-ros2/workspace/install/tello_msg/share/tello_msg/hook/ld_library_path_lib.ps1'
[3.726s] INFO:colcon.colcon_core.shell:Creating environment descriptor '/home/alix.degironde/Public/tello-ros2/workspace/install/tello_msg/share/tello_msg/hook/ld_library_path_lib.dsv'
[3.726s] INFO:colcon.colcon_core.shell:Creating environment hook '/home/alix.degironde/Public/tello-ros2/workspace/install/tello_msg/share/tello_msg/hook/ld_library_path_lib.sh'
[3.727s] Level 1:colcon.colcon_core.environment:checking '/home/alix.degironde/Public/tello-ros2/workspace/install/tello_msg/bin'
[3.727s] Level 1:colcon.colcon_core.environment:checking '/home/alix.degironde/Public/tello-ros2/workspace/install/tello_msg/lib/pkgconfig/tello_msg.pc'
[3.727s] Level 1:colcon.colcon_core.environment:checking '/home/alix.degironde/Public/tello-ros2/workspace/install/tello_msg/lib/python3.12/site-packages'
[3.728s] Level 1:colcon.colcon_core.shell:create_environment_hook('tello_msg', 'pythonpath')
[3.728s] INFO:colcon.colcon_core.shell:Creating environment hook '/home/alix.degironde/Public/tello-ros2/workspace/install/tello_msg/share/tello_msg/hook/pythonpath.ps1'
[3.728s] INFO:colcon.colcon_core.shell:Creating environment descriptor '/home/alix.degironde/Public/tello-ros2/workspace/install/tello_msg/share/tello_msg/hook/pythonpath.dsv'
[3.729s] INFO:colcon.colcon_core.shell:Creating environment hook '/home/alix.degironde/Public/tello-ros2/workspace/install/tello_msg/share/tello_msg/hook/pythonpath.sh'
[3.730s] Level 1:colcon.colcon_core.environment:checking '/home/alix.degironde/Public/tello-ros2/workspace/install/tello_msg/bin'
[3.730s] INFO:colcon.colcon_core.shell:Creating package script '/home/alix.degironde/Public/tello-ros2/workspace/install/tello_msg/share/tello_msg/package.ps1'
[3.731s] INFO:colcon.colcon_core.shell:Creating package descriptor '/home/alix.degironde/Public/tello-ros2/workspace/install/tello_msg/share/tello_msg/package.dsv'
[3.731s] INFO:colcon.colcon_core.shell:Creating package script '/home/alix.degironde/Public/tello-ros2/workspace/install/tello_msg/share/tello_msg/package.sh'
[3.732s] INFO:colcon.colcon_core.shell:Creating package script '/home/alix.degironde/Public/tello-ros2/workspace/install/tello_msg/share/tello_msg/package.bash'
[3.732s] INFO:colcon.colcon_core.shell:Creating package script '/home/alix.degironde/Public/tello-ros2/workspace/install/tello_msg/share/tello_msg/package.zsh'
[3.733s] Level 1:colcon.colcon_core.environment:create_file_with_runtime_dependencies(/home/alix.degironde/Public/tello-ros2/workspace/install/tello_msg/share/colcon-core/packages/tello_msg)
[3.733s] INFO:colcon.colcon_ros.task.ament_python.build:Building ROS package in '/home/alix.degironde/Public/tello-ros2/workspace/src/controller' with build type 'ament_python'
[3.733s] Level 1:colcon.colcon_core.shell:create_environment_hook('controller', 'ament_prefix_path')
[3.734s] INFO:colcon.colcon_core.shell:Creating environment hook '/home/alix.degironde/Public/tello-ros2/workspace/install/controller/share/controller/hook/ament_prefix_path.ps1'
[3.734s] INFO:colcon.colcon_core.shell:Creating environment descriptor '/home/alix.degironde/Public/tello-ros2/workspace/install/controller/share/controller/hook/ament_prefix_path.dsv'
[3.735s] INFO:colcon.colcon_core.shell:Creating environment hook '/home/alix.degironde/Public/tello-ros2/workspace/install/controller/share/controller/hook/ament_prefix_path.sh'
[3.736s] INFO:colcon.colcon_core.shell:Skip shell extension 'powershell' for command environment: Not usable outside of PowerShell
[3.736s] DEBUG:colcon.colcon_core.shell:Skip shell extension 'dsv' for command environment
[4.184s] INFO:colcon.colcon_core.task.python.build:Building Python package in '/home/alix.degironde/Public/tello-ros2/workspace/src/controller'
[4.184s] INFO:colcon.colcon_core.shell:Skip shell extension 'powershell' for command environment: Not usable outside of PowerShell
[4.184s] DEBUG:colcon.colcon_core.shell:Skip shell extension 'dsv' for command environment
[5.485s] DEBUG:colcon.colcon_core.event_handler.log_command:Invoking command in '/home/alix.degironde/Public/tello-ros2/workspace/build/controller': DEBUGINFOD_URLS=https://debuginfod.ubuntu.com HISTTIMEFORMAT=%F %T PYTHONPATH=/home/alix.degironde/Public/tello-ros2/workspace/build/controller/prefix_override:/usr/lib/python3/dist-packages/colcon_core/task/python/colcon_distutils_commands:/home/alix.degironde/Public/tello-ros2/workspace/install/controller/lib/python3.12/site-packages:/home/alix.degironde/Public/tello-ros2/workspace/install/tello_msg/lib/python3.12/site-packages:/home/alix.degironde/Public/tello-ros2/workspace/build/controller:/home/alix.degironde/Public/tello-ros2/workspace/install/tello/lib/python3.12/site-packages:/home/alix.degironde/Public/tello-ros2/workspace/install/controller/lib/python3.12/site-packages:/opt/ros/jazzy/lib/python3.12/site-packages VIRTUAL_ENV_PROMPT=(ven_IROS) /usr/bin/python3 -W ignore:setup.py install is deprecated -W ignore:easy_install command is deprecated setup.py develop --editable --build-directory /home/alix.degironde/Public/tello-ros2/workspace/build/controller/build --no-deps symlink_data
[7.020s] Level 1:colcon.colcon_core.shell:create_environment_hook('controller', 'pythonpath_develop')
[7.021s] INFO:colcon.colcon_core.shell:Creating environment hook '/home/alix.degironde/Public/tello-ros2/workspace/build/controller/share/controller/hook/pythonpath_develop.ps1'
[7.024s] DEBUG:colcon.colcon_core.event_handler.log_command:Invoked command in '/home/alix.degironde/Public/tello-ros2/workspace/build/controller' returned '0': DEBUGINFOD_URLS=https://debuginfod.ubuntu.com HISTTIMEFORMAT=%F %T PYTHONPATH=/home/alix.degironde/Public/tello-ros2/workspace/build/controller/prefix_override:/usr/lib/python3/dist-packages/colcon_core/task/python/colcon_distutils_commands:/home/alix.degironde/Public/tello-ros2/workspace/install/controller/lib/python3.12/site-packages:/home/alix.degironde/Public/tello-ros2/workspace/install/tello_msg/lib/python3.12/site-packages:/home/alix.degironde/Public/tello-ros2/workspace/build/controller:/home/alix.degironde/Public/tello-ros2/workspace/install/tello/lib/python3.12/site-packages:/home/alix.degironde/Public/tello-ros2/workspace/install/controller/lib/python3.12/site-packages:/opt/ros/jazzy/lib/python3.12/site-packages VIRTUAL_ENV_PROMPT=(ven_IROS) /usr/bin/python3 -W ignore:setup.py install is deprecated -W ignore:easy_install command is deprecated setup.py develop --editable --build-directory /home/alix.degironde/Public/tello-ros2/workspace/build/controller/build --no-deps symlink_data
[7.025s] INFO:colcon.colcon_core.shell:Creating environment descriptor '/home/alix.degironde/Public/tello-ros2/workspace/build/controller/share/controller/hook/pythonpath_develop.dsv'
[7.026s] INFO:colcon.colcon_core.shell:Creating environment hook '/home/alix.degironde/Public/tello-ros2/workspace/build/controller/share/controller/hook/pythonpath_develop.sh'
[7.026s] Level 1:colcon.colcon_core.environment:checking '/home/alix.degironde/Public/tello-ros2/workspace/install/controller' for CMake module files
[7.027s] Level 1:colcon.colcon_core.environment:checking '/home/alix.degironde/Public/tello-ros2/workspace/install/controller' for CMake config files
[7.028s] Level 1:colcon.colcon_core.environment:checking '/home/alix.degironde/Public/tello-ros2/workspace/install/controller/lib'
[7.028s] Level 1:colcon.colcon_core.environment:checking '/home/alix.degironde/Public/tello-ros2/workspace/install/controller/bin'
[7.028s] Level 1:colcon.colcon_core.environment:checking '/home/alix.degironde/Public/tello-ros2/workspace/install/controller/lib/pkgconfig/controller.pc'
[7.029s] Level 1:colcon.colcon_core.environment:checking '/home/alix.degironde/Public/tello-ros2/workspace/install/controller/lib/python3.12/site-packages'
[7.029s] Level 1:colcon.colcon_core.shell:create_environment_hook('controller', 'pythonpath')
[7.029s] INFO:colcon.colcon_core.shell:Creating environment hook '/home/alix.degironde/Public/tello-ros2/workspace/install/controller/share/controller/hook/pythonpath.ps1'
[7.030s] INFO:colcon.colcon_core.shell:Creating environment descriptor '/home/alix.degironde/Public/tello-ros2/workspace/install/controller/share/controller/hook/pythonpath.dsv'
[7.030s] INFO:colcon.colcon_core.shell:Creating environment hook '/home/alix.degironde/Public/tello-ros2/workspace/install/controller/share/controller/hook/pythonpath.sh'
[7.031s] Level 1:colcon.colcon_core.environment:checking '/home/alix.degironde/Public/tello-ros2/workspace/install/controller/bin'
[7.032s] Level 1:colcon.colcon_core.environment:create_environment_scripts_only(controller)
[7.032s] INFO:colcon.colcon_core.shell:Creating package script '/home/alix.degironde/Public/tello-ros2/workspace/install/controller/share/controller/package.ps1'
[7.033s] INFO:colcon.colcon_core.shell:Creating package descriptor '/home/alix.degironde/Public/tello-ros2/workspace/install/controller/share/controller/package.dsv'
[7.033s] INFO:colcon.colcon_core.shell:Creating package script '/home/alix.degironde/Public/tello-ros2/workspace/install/controller/share/controller/package.sh'
[7.034s] INFO:colcon.colcon_core.shell:Creating package script '/home/alix.degironde/Public/tello-ros2/workspace/install/controller/share/controller/package.bash'
[7.034s] INFO:colcon.colcon_core.shell:Creating package script '/home/alix.degironde/Public/tello-ros2/workspace/install/controller/share/controller/package.zsh'
[7.034s] Level 1:colcon.colcon_core.environment:create_file_with_runtime_dependencies(/home/alix.degironde/Public/tello-ros2/workspace/install/controller/share/colcon-core/packages/controller)
[7.035s] DEBUG:colcon.colcon_parallel_executor.executor.parallel:closing loop
[7.035s] DEBUG:colcon.colcon_parallel_executor.executor.parallel:loop closed
[7.035s] DEBUG:colcon.colcon_parallel_executor.executor.parallel:run_until_complete finished with '0'
[7.035s] DEBUG:colcon.colcon_core.event_reactor:joining thread
[7.048s] INFO:colcon.colcon_core.plugin_system:Skipping extension 'colcon_notification.desktop_notification.terminal_notifier': Not used on non-Darwin systems
[7.048s] INFO:colcon.colcon_core.plugin_system:Skipping extension 'colcon_notification.desktop_notification.win32': Not used on non-Windows systems
[7.048s] INFO:colcon.colcon_notification.desktop_notification:Sending desktop notification using 'notify2'
[7.070s] DEBUG:colcon.colcon_core.event_reactor:joined thread
[7.071s] INFO:colcon.colcon_core.shell:Creating prefix script '/home/alix.degironde/Public/tello-ros2/workspace/install/local_setup.ps1'
[7.072s] INFO:colcon.colcon_core.shell:Creating prefix util module '/home/alix.degironde/Public/tello-ros2/workspace/install/_local_setup_util_ps1.py'
[7.075s] INFO:colcon.colcon_core.shell:Creating prefix chain script '/home/alix.degironde/Public/tello-ros2/workspace/install/setup.ps1'
[7.077s] INFO:colcon.colcon_core.shell:Creating prefix script '/home/alix.degironde/Public/tello-ros2/workspace/install/local_setup.sh'
[7.078s] INFO:colcon.colcon_core.shell:Creating prefix util module '/home/alix.degironde/Public/tello-ros2/workspace/install/_local_setup_util_sh.py'
[7.079s] INFO:colcon.colcon_core.shell:Creating prefix chain script '/home/alix.degironde/Public/tello-ros2/workspace/install/setup.sh'
[7.082s] INFO:colcon.colcon_core.shell:Creating prefix script '/home/alix.degironde/Public/tello-ros2/workspace/install/local_setup.bash'
[7.083s] INFO:colcon.colcon_core.shell:Creating prefix chain script '/home/alix.degironde/Public/tello-ros2/workspace/install/setup.bash'
[7.085s] INFO:colcon.colcon_core.shell:Creating prefix script '/home/alix.degironde/Public/tello-ros2/workspace/install/local_setup.zsh'
[7.087s] INFO:colcon.colcon_core.shell:Creating prefix chain script '/home/alix.degironde/Public/tello-ros2/workspace/install/setup.zsh'
