[1.467s] Invoking command in '/home/alix.degironde/Public/tello-ros2/workspace/build/controller': AMENT_PREFIX_PATH=/home/alix.degironde/Public/tello-ros2/workspace/install/tello_msg:${AMENT_PREFIX_PATH} CMAKE_PREFIX_PATH=/home/alix.degironde/Public/tello-ros2/workspace/install/tello_msg:${CMAKE_PREFIX_PATH} DEBUGINFOD_URLS=https://debuginfod.ubuntu.com HISTTIMEFORMAT=%F %T LD_LIBRARY_PATH=/home/alix.degironde/Public/tello-ros2/workspace/install/tello_msg/lib:${LD_LIBRARY_PATH} PS1=(ven_IROS) \[\e]0;\u@\h: \w\a\]${debian_chroot:+($debian_chroot)}\[\033[01;32m\]\u@\h\[\033[00m\]:\[\033[01;34m\]\w\[\033[00m\]\$ PYTHONPATH=/home/alix.degironde/Public/tello-ros2/workspace/build/controller/prefix_override:/usr/lib/python3/dist-packages/colcon_core/task/python/colcon_distutils_commands:/home/alix.degironde/Public/tello-ros2/workspace/install/controller/lib/python3.12/site-packages:/home/alix.degironde/Public/tello-ros2/workspace/install/tello_msg/lib/python3.12/site-packages:${PYTHONPATH} VIRTUAL_ENV_PROMPT=(ven_IROS) /usr/bin/python3 -W ignore:setup.py install is deprecated -W ignore:easy_install command is deprecated setup.py develop --uninstall --editable --build-directory /home/alix.degironde/Public/tello-ros2/workspace/build/controller/build
[2.013s] running develop
[2.473s] Removing /home/alix.degironde/Public/tello-ros2/workspace/install/controller/lib/python3.12/site-packages/controller.egg-link (link to .)
[2.519s] Invoked command in '/home/alix.degironde/Public/tello-ros2/workspace/build/controller' returned '0': AMENT_PREFIX_PATH=/home/alix.degironde/Public/tello-ros2/workspace/install/tello_msg:${AMENT_PREFIX_PATH} CMAKE_PREFIX_PATH=/home/alix.degironde/Public/tello-ros2/workspace/install/tello_msg:${CMAKE_PREFIX_PATH} DEBUGINFOD_URLS=https://debuginfod.ubuntu.com HISTTIMEFORMAT=%F %T LD_LIBRARY_PATH=/home/alix.degironde/Public/tello-ros2/workspace/install/tello_msg/lib:${LD_LIBRARY_PATH} PS1=(ven_IROS) \[\e]0;\u@\h: \w\a\]${debian_chroot:+($debian_chroot)}\[\033[01;32m\]\u@\h\[\033[00m\]:\[\033[01;34m\]\w\[\033[00m\]\$ PYTHONPATH=/home/alix.degironde/Public/tello-ros2/workspace/build/controller/prefix_override:/usr/lib/python3/dist-packages/colcon_core/task/python/colcon_distutils_commands:/home/alix.degironde/Public/tello-ros2/workspace/install/controller/lib/python3.12/site-packages:/home/alix.degironde/Public/tello-ros2/workspace/install/tello_msg/lib/python3.12/site-packages:${PYTHONPATH} VIRTUAL_ENV_PROMPT=(ven_IROS) /usr/bin/python3 -W ignore:setup.py install is deprecated -W ignore:easy_install command is deprecated setup.py develop --uninstall --editable --build-directory /home/alix.degironde/Public/tello-ros2/workspace/build/controller/build
[2.522s] Invoking command in '/home/alix.degironde/Public/tello-ros2/workspace/src/controller': AMENT_PREFIX_PATH=/home/alix.degironde/Public/tello-ros2/workspace/install/tello_msg:${AMENT_PREFIX_PATH} CMAKE_PREFIX_PATH=/home/alix.degironde/Public/tello-ros2/workspace/install/tello_msg:${CMAKE_PREFIX_PATH} DEBUGINFOD_URLS=https://debuginfod.ubuntu.com HISTTIMEFORMAT=%F %T LD_LIBRARY_PATH=/home/alix.degironde/Public/tello-ros2/workspace/install/tello_msg/lib:${LD_LIBRARY_PATH} PS1=(ven_IROS) \[\e]0;\u@\h: \w\a\]${debian_chroot:+($debian_chroot)}\[\033[01;32m\]\u@\h\[\033[00m\]:\[\033[01;34m\]\w\[\033[00m\]\$ PYTHONPATH=/home/alix.degironde/Public/tello-ros2/workspace/build/controller/prefix_override:/usr/lib/python3/dist-packages/colcon_core/task/python/colcon_distutils_commands:/home/alix.degironde/Public/tello-ros2/workspace/install/controller/lib/python3.12/site-packages:/home/alix.degironde/Public/tello-ros2/workspace/install/tello_msg/lib/python3.12/site-packages:${PYTHONPATH} VIRTUAL_ENV_PROMPT=(ven_IROS) /usr/bin/python3 -W ignore:setup.py install is deprecated -W ignore:easy_install command is deprecated setup.py egg_info --egg-base ../../build/controller build --build-base /home/alix.degironde/Public/tello-ros2/workspace/build/controller/build install --record /home/alix.degironde/Public/tello-ros2/workspace/build/controller/install.log --single-version-externally-managed install_data --force
[3.020s] running egg_info
[3.066s] writing ../../build/controller/controller.egg-info/PKG-INFO
[3.066s] writing dependency_links to ../../build/controller/controller.egg-info/dependency_links.txt
[3.067s] writing entry points to ../../build/controller/controller.egg-info/entry_points.txt
[3.067s] writing requirements to ../../build/controller/controller.egg-info/requires.txt
[3.067s] writing top-level names to ../../build/controller/controller.egg-info/top_level.txt
[3.160s] reading manifest file '../../build/controller/controller.egg-info/SOURCES.txt'
[3.161s] adding license file 'LICENSE'
[3.161s] writing manifest file '../../build/controller/controller.egg-info/SOURCES.txt'
[3.162s] running build
[3.162s] running build_py
[3.162s] creating /home/alix.degironde/Public/tello-ros2/workspace/build/controller/build
[3.162s] creating /home/alix.degironde/Public/tello-ros2/workspace/build/controller/build/lib
[3.162s] creating /home/alix.degironde/Public/tello-ros2/workspace/build/controller/build/lib/controller
[3.162s] copying controller/qr_code_follower.py -> /home/alix.degironde/Public/tello-ros2/workspace/build/controller/build/lib/controller
[3.163s] copying controller/spielberg_old.py -> /home/alix.degironde/Public/tello-ros2/workspace/build/controller/build/lib/controller
[3.163s] copying controller/qr_code_reader.py -> /home/alix.degironde/Public/tello-ros2/workspace/build/controller/build/lib/controller
[3.163s] copying controller/tello_behaviour.py -> /home/alix.degironde/Public/tello-ros2/workspace/build/controller/build/lib/controller
[3.163s] copying controller/surveillance.py -> /home/alix.degironde/Public/tello-ros2/workspace/build/controller/build/lib/controller
[3.163s] copying controller/__init__.py -> /home/alix.degironde/Public/tello-ros2/workspace/build/controller/build/lib/controller
[3.163s] copying controller/spielberg.py -> /home/alix.degironde/Public/tello-ros2/workspace/build/controller/build/lib/controller
[3.163s] copying controller/manual_control.py -> /home/alix.degironde/Public/tello-ros2/workspace/build/controller/build/lib/controller
[3.163s] running install
[3.171s] running install_lib
[3.218s] creating /home/alix.degironde/Public/tello-ros2/workspace/install/controller/lib/python3.12/site-packages/controller
[3.218s] copying /home/alix.degironde/Public/tello-ros2/workspace/build/controller/build/lib/controller/qr_code_follower.py -> /home/alix.degironde/Public/tello-ros2/workspace/install/controller/lib/python3.12/site-packages/controller
[3.218s] copying /home/alix.degironde/Public/tello-ros2/workspace/build/controller/build/lib/controller/spielberg_old.py -> /home/alix.degironde/Public/tello-ros2/workspace/install/controller/lib/python3.12/site-packages/controller
[3.219s] copying /home/alix.degironde/Public/tello-ros2/workspace/build/controller/build/lib/controller/qr_code_reader.py -> /home/alix.degironde/Public/tello-ros2/workspace/install/controller/lib/python3.12/site-packages/controller
[3.219s] copying /home/alix.degironde/Public/tello-ros2/workspace/build/controller/build/lib/controller/tello_behaviour.py -> /home/alix.degironde/Public/tello-ros2/workspace/install/controller/lib/python3.12/site-packages/controller
[3.219s] copying /home/alix.degironde/Public/tello-ros2/workspace/build/controller/build/lib/controller/surveillance.py -> /home/alix.degironde/Public/tello-ros2/workspace/install/controller/lib/python3.12/site-packages/controller
[3.219s] copying /home/alix.degironde/Public/tello-ros2/workspace/build/controller/build/lib/controller/__init__.py -> /home/alix.degironde/Public/tello-ros2/workspace/install/controller/lib/python3.12/site-packages/controller
[3.219s] copying /home/alix.degironde/Public/tello-ros2/workspace/build/controller/build/lib/controller/spielberg.py -> /home/alix.degironde/Public/tello-ros2/workspace/install/controller/lib/python3.12/site-packages/controller
[3.219s] copying /home/alix.degironde/Public/tello-ros2/workspace/build/controller/build/lib/controller/manual_control.py -> /home/alix.degironde/Public/tello-ros2/workspace/install/controller/lib/python3.12/site-packages/controller
[3.220s] byte-compiling /home/alix.degironde/Public/tello-ros2/workspace/install/controller/lib/python3.12/site-packages/controller/qr_code_follower.py to qr_code_follower.cpython-312.pyc
[3.222s] byte-compiling /home/alix.degironde/Public/tello-ros2/workspace/install/controller/lib/python3.12/site-packages/controller/spielberg_old.py to spielberg_old.cpython-312.pyc
[3.224s] byte-compiling /home/alix.degironde/Public/tello-ros2/workspace/install/controller/lib/python3.12/site-packages/controller/qr_code_reader.py to qr_code_reader.cpython-312.pyc
[3.225s] byte-compiling /home/alix.degironde/Public/tello-ros2/workspace/install/controller/lib/python3.12/site-packages/controller/tello_behaviour.py to tello_behaviour.cpython-312.pyc
[3.227s] byte-compiling /home/alix.degironde/Public/tello-ros2/workspace/install/controller/lib/python3.12/site-packages/controller/surveillance.py to surveillance.cpython-312.pyc
[3.228s] byte-compiling /home/alix.degironde/Public/tello-ros2/workspace/install/controller/lib/python3.12/site-packages/controller/__init__.py to __init__.cpython-312.pyc
[3.229s] byte-compiling /home/alix.degironde/Public/tello-ros2/workspace/install/controller/lib/python3.12/site-packages/controller/spielberg.py to spielberg.cpython-312.pyc
[3.230s] byte-compiling /home/alix.degironde/Public/tello-ros2/workspace/install/controller/lib/python3.12/site-packages/controller/manual_control.py to manual_control.cpython-312.pyc
[3.232s] running install_data
[3.232s] copying resource/controller -> /home/alix.degironde/Public/tello-ros2/workspace/install/controller/share/ament_index/resource_index/packages
[3.232s] copying package.xml -> /home/alix.degironde/Public/tello-ros2/workspace/install/controller/share/controller
[3.232s] running install_egg_info
[3.279s] Copying ../../build/controller/controller.egg-info to /home/alix.degironde/Public/tello-ros2/workspace/install/controller/lib/python3.12/site-packages/controller-0.0.0-py3.12.egg-info
[3.280s] running install_scripts
[3.553s] Installing manual_control script to /home/alix.degironde/Public/tello-ros2/workspace/install/controller/lib/controller
[3.553s] Installing qr_code_follower script to /home/alix.degironde/Public/tello-ros2/workspace/install/controller/lib/controller
[3.554s] Installing qr_code_reader script to /home/alix.degironde/Public/tello-ros2/workspace/install/controller/lib/controller
[3.554s] Installing spielberg script to /home/alix.degironde/Public/tello-ros2/workspace/install/controller/lib/controller
[3.554s] Installing surveillance script to /home/alix.degironde/Public/tello-ros2/workspace/install/controller/lib/controller
[3.554s] Installing tello_behaviour script to /home/alix.degironde/Public/tello-ros2/workspace/install/controller/lib/controller
[3.554s] writing list of installed files to '/home/alix.degironde/Public/tello-ros2/workspace/build/controller/install.log'
[3.591s] Invoked command in '/home/alix.degironde/Public/tello-ros2/workspace/src/controller' returned '0': AMENT_PREFIX_PATH=/home/alix.degironde/Public/tello-ros2/workspace/install/tello_msg:${AMENT_PREFIX_PATH} CMAKE_PREFIX_PATH=/home/alix.degironde/Public/tello-ros2/workspace/install/tello_msg:${CMAKE_PREFIX_PATH} DEBUGINFOD_URLS=https://debuginfod.ubuntu.com HISTTIMEFORMAT=%F %T LD_LIBRARY_PATH=/home/alix.degironde/Public/tello-ros2/workspace/install/tello_msg/lib:${LD_LIBRARY_PATH} PS1=(ven_IROS) \[\e]0;\u@\h: \w\a\]${debian_chroot:+($debian_chroot)}\[\033[01;32m\]\u@\h\[\033[00m\]:\[\033[01;34m\]\w\[\033[00m\]\$ PYTHONPATH=/home/alix.degironde/Public/tello-ros2/workspace/build/controller/prefix_override:/usr/lib/python3/dist-packages/colcon_core/task/python/colcon_distutils_commands:/home/alix.degironde/Public/tello-ros2/workspace/install/controller/lib/python3.12/site-packages:/home/alix.degironde/Public/tello-ros2/workspace/install/tello_msg/lib/python3.12/site-packages:${PYTHONPATH} VIRTUAL_ENV_PROMPT=(ven_IROS) /usr/bin/python3 -W ignore:setup.py install is deprecated -W ignore:easy_install command is deprecated setup.py egg_info --egg-base ../../build/controller build --build-base /home/alix.degironde/Public/tello-ros2/workspace/build/controller/build install --record /home/alix.degironde/Public/tello-ros2/workspace/build/controller/install.log --single-version-externally-managed install_data --force
