/usr/lib/python3/dist-packages/setuptools/dist.py:744: SetuptoolsDeprecationWarning: Invalid dash-separated options
!!

        ********************************************************************************
        Usage of dash-separated 'script-dir' will not be supported in future
        versions. Please use the underscore name 'script_dir' instead.

        This deprecation is overdue, please update your project and remove deprecated
        calls to avoid build errors in the future.

        See https://setuptools.pypa.io/en/latest/userguide/declarative_config.html for details.
        ********************************************************************************

!!
  opt = self.warn_dash_deprecation(opt, section)
running egg_info
creating ../../build/tello/tello.egg-info
writing ../../build/tello/tello.egg-info/PKG-INFO
writing dependency_links to ../../build/tello/tello.egg-info/dependency_links.txt
writing entry points to ../../build/tello/tello.egg-info/entry_points.txt
writing requirements to ../../build/tello/tello.egg-info/requires.txt
writing top-level names to ../../build/tello/tello.egg-info/top_level.txt
writing manifest file '../../build/tello/tello.egg-info/SOURCES.txt'
reading manifest file '../../build/tello/tello.egg-info/SOURCES.txt'
adding license file 'LICENSE.txt'
writing manifest file '../../build/tello/tello.egg-info/SOURCES.txt'
running build
running build_py
creating /home/alix.degironde/Public/tello-ros2/workspace/build/tello/build
creating /home/alix.degironde/Public/tello-ros2/workspace/build/tello/build/lib
creating /home/alix.degironde/Public/tello-ros2/workspace/build/tello/build/lib/tello
copying tello/__init__.py -> /home/alix.degironde/Public/tello-ros2/workspace/build/tello/build/lib/tello
copying tello/node.py -> /home/alix.degironde/Public/tello-ros2/workspace/build/tello/build/lib/tello
running install
running install_lib
creating /home/alix.degironde/Public/tello-ros2/workspace/install/tello/lib/python3.12/site-packages/tello
copying /home/alix.degironde/Public/tello-ros2/workspace/build/tello/build/lib/tello/__init__.py -> /home/alix.degironde/Public/tello-ros2/workspace/install/tello/lib/python3.12/site-packages/tello
copying /home/alix.degironde/Public/tello-ros2/workspace/build/tello/build/lib/tello/node.py -> /home/alix.degironde/Public/tello-ros2/workspace/install/tello/lib/python3.12/site-packages/tello
byte-compiling /home/alix.degironde/Public/tello-ros2/workspace/install/tello/lib/python3.12/site-packages/tello/__init__.py to __init__.cpython-312.pyc
byte-compiling /home/alix.degironde/Public/tello-ros2/workspace/install/tello/lib/python3.12/site-packages/tello/node.py to node.cpython-312.pyc
running install_data
creating /home/alix.degironde/Public/tello-ros2/workspace/install/tello/share/ament_index
creating /home/alix.degironde/Public/tello-ros2/workspace/install/tello/share/ament_index/resource_index
creating /home/alix.degironde/Public/tello-ros2/workspace/install/tello/share/ament_index/resource_index/packages
copying resource/tello -> /home/alix.degironde/Public/tello-ros2/workspace/install/tello/share/ament_index/resource_index/packages
copying package.xml -> /home/alix.degironde/Public/tello-ros2/workspace/install/tello/share/tello
copying resource/ost.txt -> /home/alix.degironde/Public/tello-ros2/workspace/install/tello/share/tello
copying resource/ost.yaml -> /home/alix.degironde/Public/tello-ros2/workspace/install/tello/share/tello
running install_egg_info
Copying ../../build/tello/tello.egg-info to /home/alix.degironde/Public/tello-ros2/workspace/install/tello/lib/python3.12/site-packages/tello-0.1.0-py3.12.egg-info
running install_scripts
Installing tello script to /home/alix.degironde/Public/tello-ros2/workspace/install/tello/lib/tello
writing list of installed files to '/home/alix.degironde/Public/tello-ros2/workspace/build/tello/install.log'
