[1.488s] Invoking command in '/home/alix.degironde/Public/tello-ros2/workspace/src/tello': AMENT_PREFIX_PATH=/home/alix.degironde/Public/tello-ros2/workspace/install/tello_msg:${AMENT_PREFIX_PATH} CMAKE_PREFIX_PATH=/home/alix.degironde/Public/tello-ros2/workspace/install/tello_msg:${CMAKE_PREFIX_PATH} DEBUGINFOD_URLS=https://debuginfod.ubuntu.com HISTTIMEFORMAT=%F %T LD_LIBRARY_PATH=/home/alix.degironde/Public/tello-ros2/workspace/install/tello_msg/lib:${LD_LIBRARY_PATH} PYTHONPATH=/home/alix.degironde/Public/tello-ros2/workspace/build/tello/prefix_override:/usr/lib/python3/dist-packages/colcon_core/task/python/colcon_distutils_commands:/home/alix.degironde/Public/tello-ros2/workspace/install/tello/lib/python3.12/site-packages:/home/alix.degironde/Public/tello-ros2/workspace/install/tello_msg/lib/python3.12/site-packages:${PYTHONPATH} /usr/bin/python3 -W ignore:setup.py install is deprecated -W ignore:easy_install command is deprecated setup.py egg_info --egg-base ../../build/tello build --build-base /home/alix.degironde/Public/tello-ros2/workspace/build/tello/build install --record /home/alix.degironde/Public/tello-ros2/workspace/build/tello/install.log --install-scripts $base/lib/tello --single-version-externally-managed install_data
[1.658s] /usr/lib/python3/dist-packages/setuptools/dist.py:744: SetuptoolsDeprecationWarning: Invalid dash-separated options
[1.658s] !!
[1.658s] 
[1.658s]         ********************************************************************************
[1.658s]         Usage of dash-separated 'script-dir' will not be supported in future
[1.658s]         versions. Please use the underscore name 'script_dir' instead.
[1.658s] 
[1.658s]         This deprecation is overdue, please update your project and remove deprecated
[1.658s]         calls to avoid build errors in the future.
[1.659s] 
[1.659s]         See https://setuptools.pypa.io/en/latest/userguide/declarative_config.html for details.
[1.659s]         ********************************************************************************
[1.659s] 
[1.659s] !!
[1.659s]   opt = self.warn_dash_deprecation(opt, section)
[1.976s] running egg_info
[1.976s] creating ../../build/tello/tello.egg-info
[2.021s] writing ../../build/tello/tello.egg-info/PKG-INFO
[2.022s] writing dependency_links to ../../build/tello/tello.egg-info/dependency_links.txt
[2.022s] writing entry points to ../../build/tello/tello.egg-info/entry_points.txt
[2.022s] writing requirements to ../../build/tello/tello.egg-info/requires.txt
[2.022s] writing top-level names to ../../build/tello/tello.egg-info/top_level.txt
[2.022s] writing manifest file '../../build/tello/tello.egg-info/SOURCES.txt'
[2.112s] reading manifest file '../../build/tello/tello.egg-info/SOURCES.txt'
[2.112s] adding license file 'LICENSE.txt'
[2.113s] writing manifest file '../../build/tello/tello.egg-info/SOURCES.txt'
[2.113s] running build
[2.113s] running build_py
[2.114s] creating /home/alix.degironde/Public/tello-ros2/workspace/build/tello/build
[2.114s] creating /home/alix.degironde/Public/tello-ros2/workspace/build/tello/build/lib
[2.114s] creating /home/alix.degironde/Public/tello-ros2/workspace/build/tello/build/lib/tello
[2.114s] copying tello/__init__.py -> /home/alix.degironde/Public/tello-ros2/workspace/build/tello/build/lib/tello
[2.114s] copying tello/node.py -> /home/alix.degironde/Public/tello-ros2/workspace/build/tello/build/lib/tello
[2.114s] running install
[2.122s] running install_lib
[2.167s] creating /home/alix.degironde/Public/tello-ros2/workspace/install/tello/lib/python3.12/site-packages/tello
[2.167s] copying /home/alix.degironde/Public/tello-ros2/workspace/build/tello/build/lib/tello/__init__.py -> /home/alix.degironde/Public/tello-ros2/workspace/install/tello/lib/python3.12/site-packages/tello
[2.167s] copying /home/alix.degironde/Public/tello-ros2/workspace/build/tello/build/lib/tello/node.py -> /home/alix.degironde/Public/tello-ros2/workspace/install/tello/lib/python3.12/site-packages/tello
[2.168s] byte-compiling /home/alix.degironde/Public/tello-ros2/workspace/install/tello/lib/python3.12/site-packages/tello/__init__.py to __init__.cpython-312.pyc
[2.168s] byte-compiling /home/alix.degironde/Public/tello-ros2/workspace/install/tello/lib/python3.12/site-packages/tello/node.py to node.cpython-312.pyc
[2.172s] running install_data
[2.172s] creating /home/alix.degironde/Public/tello-ros2/workspace/install/tello/share/ament_index
[2.172s] creating /home/alix.degironde/Public/tello-ros2/workspace/install/tello/share/ament_index/resource_index
[2.172s] creating /home/alix.degironde/Public/tello-ros2/workspace/install/tello/share/ament_index/resource_index/packages
[2.172s] copying resource/tello -> /home/alix.degironde/Public/tello-ros2/workspace/install/tello/share/ament_index/resource_index/packages
[2.173s] copying package.xml -> /home/alix.degironde/Public/tello-ros2/workspace/install/tello/share/tello
[2.173s] copying resource/ost.txt -> /home/alix.degironde/Public/tello-ros2/workspace/install/tello/share/tello
[2.173s] copying resource/ost.yaml -> /home/alix.degironde/Public/tello-ros2/workspace/install/tello/share/tello
[2.173s] running install_egg_info
[2.219s] Copying ../../build/tello/tello.egg-info to /home/alix.degironde/Public/tello-ros2/workspace/install/tello/lib/python3.12/site-packages/tello-0.1.0-py3.12.egg-info
[2.220s] running install_scripts
[2.487s] Installing tello script to /home/alix.degironde/Public/tello-ros2/workspace/install/tello/lib/tello
[2.487s] writing list of installed files to '/home/alix.degironde/Public/tello-ros2/workspace/build/tello/install.log'
[2.526s] Invoked command in '/home/alix.degironde/Public/tello-ros2/workspace/src/tello' returned '0': AMENT_PREFIX_PATH=/home/alix.degironde/Public/tello-ros2/workspace/install/tello_msg:${AMENT_PREFIX_PATH} CMAKE_PREFIX_PATH=/home/alix.degironde/Public/tello-ros2/workspace/install/tello_msg:${CMAKE_PREFIX_PATH} DEBUGINFOD_URLS=https://debuginfod.ubuntu.com HISTTIMEFORMAT=%F %T LD_LIBRARY_PATH=/home/alix.degironde/Public/tello-ros2/workspace/install/tello_msg/lib:${LD_LIBRARY_PATH} PYTHONPATH=/home/alix.degironde/Public/tello-ros2/workspace/build/tello/prefix_override:/usr/lib/python3/dist-packages/colcon_core/task/python/colcon_distutils_commands:/home/alix.degironde/Public/tello-ros2/workspace/install/tello/lib/python3.12/site-packages:/home/alix.degironde/Public/tello-ros2/workspace/install/tello_msg/lib/python3.12/site-packages:${PYTHONPATH} /usr/bin/python3 -W ignore:setup.py install is deprecated -W ignore:easy_install command is deprecated setup.py egg_info --egg-base ../../build/tello build --build-base /home/alix.degironde/Public/tello-ros2/workspace/build/tello/build install --record /home/alix.degironde/Public/tello-ros2/workspace/build/tello/install.log --install-scripts $base/lib/tello --single-version-externally-managed install_data
